 Process in group number            0
 A PDF is used, so alpha_s(MZ) is going to be modified
 Old value of alpha_s from param_card:   0.11800000071525575     
  ****************************************
 
       NNPDFDriver version 1.0.3
   Grid: NNPDF23_lo_as_0130_qed_mem0.grid
  ****************************************
 New value of alpha_s from PDF nn23lo1:  0.13000000000000000     
 Warning! ptj set to xqcut=   20.000000000000000       to improve integration efficiency
 Note that this might affect non-radiated jets,
 e.g. from decays. Use cut_decays=F in run_card.
 Warning! mmjj set to xqcut=   20.000000000000000       to improve integration efficiency
 Note that this might affect non-radiated jets,
 e.g. from decays. Use cut_decays=F in run_card.
 Warning! drjl > 0 with xqcut > 0, set to 0
 *****************************************************
 *               MadGraph/MadEvent                   *
 *        --------------------------------           *
 *          http://madgraph.hep.uiuc.edu             *
 *          http://madgraph.phys.ucl.ac.be           *
 *          http://madgraph.roma2.infn.it            *
 *        --------------------------------           *
 *                                                   *
 *          PARAMETER AND COUPLING VALUES            *
 *                                                   *
 *****************************************************

  External Params
  ---------------------------------
  
 aEWM1 =    132.50697326660156     
 mdl_Gf =   1.16639000000000003E-005
 aS =   0.11800000071525575     
 mdl_ymb =    4.6999998092651367     
 mdl_ymt =    173.00000000000000     
 mdl_ymtau =    1.7769999504089355     
 mdl_MZ =    91.188003540039063     
 mdl_MT =    172.00000000000000     
 mdl_MB =    4.6999998092651367     
 mdl_MH =    120.00000000000000     
 mdl_MTA =    1.7769999504089355     
 mdl_WZ =    2.4414036273956299     
 mdl_WW =    2.0475995540618896     
 mdl_WT =    1.4394782781600952     
 mdl_WH =   5.75308827683329582E-003
  Internal Params
  ---------------------------------
  
 mdl_conjg__CKM3x3 =    1.0000000000000000     
 mdl_CKM3x3 =    1.0000000000000000     
 mdl_conjg__CKM1x1 =    1.0000000000000000     
 mdl_complexi =  (  0.0000000000000000     ,  1.0000000000000000     )
 mdl_MZ__exp__2 =    8315.2519896181766     
 mdl_MZ__exp__4 =    69143415.650849044     
 mdl_sqrt__2 =    1.4142135623730951     
 mdl_MH__exp__2 =    14400.000000000000     
 mdl_aEW =   7.54677263654659602E-003
 mdl_MW =    80.419003571204073     
 mdl_sqrt__aEW =   8.68721626100478483E-002
 mdl_ee =   0.30795379830933894     
 mdl_MW__exp__2 =    6467.2161353853335     
 mdl_sw2 =   0.22224652440361004     
 mdl_cw =   0.88190332553879736     
 mdl_sqrt__sw2 =   0.47143029644223128     
 mdl_sw =   0.47143029644223128     
 mdl_g1 =   0.34919224068147731     
 mdl_gw =   0.65323293948944450     
 mdl_vev =    246.21845810181637     
 mdl_vev__exp__2 =    60623.529110035903     
 mdl_lam =   0.11876576810517747     
 mdl_yb =   2.69955531549349870E-002
 mdl_yt =   0.99366614581500623     
 mdl_ytau =   1.02066167158167860E-002
 mdl_muH =    84.852813742385706     
 mdl_I1x33 =  ( 2.69955531549349870E-002,  0.0000000000000000     )
 mdl_I2x33 =  ( 0.99366614581500623     ,  0.0000000000000000     )
 mdl_I3x33 =  ( 0.99366614581500623     ,  0.0000000000000000     )
 mdl_I4x33 =  ( 2.69955531549349870E-002,  0.0000000000000000     )
 mdl_ee__exp__2 =   9.48355418931490085E-002
 mdl_sw__exp__2 =   0.22224652440361006     
 mdl_cw__exp__2 =   0.77775347559638996     
  Internal Params evaluated point by point
  ----------------------------------------
  
 mdl_sqrt__aS =   0.34351128178744839     
 mdl_G__exp__2 =    1.4828317414825511     
  Couplings of sm
  ---------------------------------
  
        GC_10 =  -0.12177E+01   0.00000E+00
        GC_11 =   0.00000E+00   0.12177E+01
       GC_100 =   0.00000E+00   0.46191E+00

 Collider parameters:
 --------------------

 Running at P P   machine @    13000.000000000000       GeV
 PDF set = nn23lo1
 alpha_s(Mz)= 0.1300 running at 2 loops.
 alpha_s(Mz)= 0.1300 running at 2 loops.
 Renormalization scale set on event-by-event basis
 Factorization   scale set on event-by-event basis


 getting user params
Enter number of events and max and min iterations: 
 Number of events and iterations         2000           9           3
Enter desired fractional accuracy: 
 Desired fractional accuracy:   -65.444000000000003     
Enter 0 for fixed, 2 for adjustable grid: 
Suppress amplitude (0 no, 1 yes)? 
 Using suppressed amplitude.
Exact helicity sum (0 yes, n = number/event)? 
 Explicitly summing over helicities
Enter Configuration Number: 
Running Configuration Number:    2
 Not subdividing B.W.
 Attempting mappinvarients           1           8
 Completed mapping           8
 about to integrate           16        2000           9           3          16           1
 Using non-zero grid deformation.
 16 dimensions   2000 events 16 invarients  9 iterations  1 config(s),  (0.99)
 Using h-tuple random number sequence.
 Error opening grid
 Using Uniform Grid!
 Using uniform alpha   1.0000000000000000     
 Grid defined OK
 Set CM energy to      13000.00
 Mapping Graph           2  to config           2
 Setting BW          -1           1   80.419003571204073     
 Setting BW          -2           2   172.00000000000000     
 Setting BW          -3           3   80.419003571204073     
 Setting BW          -4           4   172.00000000000000     
Setting grid   5    0.12786E-05   1
 Transforming s_hat 1/s           15  1.09391608200776463E-003
 Masses: 0.000E+00 0.000E+00 0.470E+01 0.470E+01 0.000E+00 0.000E+00 0.000E+00 0.000E+00
   2   1   2   3   4   5   6   7   8   9  10  11  12  13  14
  15  16
 Got moffset          21
Using random seed offsets     2 :      1
  with seed                    7
 Ranmar initialization seeds       10337       15516
  Particle       3       4       5       6       7       8
      Et >     0.0     0.0    10.0     0.0    20.0    20.0
       E >     0.0     0.0     0.0     0.0     0.0     0.0
     Eta <    -1.0    -1.0     2.5    -1.0     5.0     5.0
   xqcut:      0.0     0.0     0.0     0.0     0.0     0.0
d R # 3  >    -0.0     0.0     0.0     0.0     0.0     0.0
d R # 4  >    -0.0    -0.0     0.0     0.0     0.0     0.0
d R # 5  >    -0.0    -0.0    -0.0     0.0     0.0     0.0
d R # 6  >    -0.0    -0.0    -0.0    -0.0     0.0     0.0
d R # 7  >    -0.0    -0.0    -0.0    -0.0    -0.0     0.0
s min # 3>     0.0     0.0     0.0     0.0     0.0     0.0
s min # 4>     0.0     0.0     0.0     0.0     0.0     0.0
s min # 5>     0.0     0.0     0.0     0.0     0.0     0.0
s min # 6>     0.0     0.0     0.0     0.0     0.0     0.0
s min # 7>     0.0     0.0     0.0     0.0   400.0   400.0
xqcutij # 3>     0.0     0.0     0.0     0.0     0.0     0.0
xqcutij # 4>     0.0     0.0     0.0     0.0     0.0     0.0
xqcutij # 5>     0.0     0.0     0.0     0.0     0.0     0.0
xqcutij # 6>     0.0     0.0     0.0     0.0     0.0     0.0
xqcutij # 7>     0.0     0.0     0.0     0.0     0.0    20.0
 No cut BW           -1           1
 No cut BW           -2           2
 No cut BW           -3           3
 No cut BW           -4           4
 alpha_s for scale    516.28429061531801       is   0.10096137394755984     
 Added good helicity           10  3.15387478884466693E-002  in event            1
 Added good helicity           26   2.8938787184075760       in event            1
 Added good helicity           42  3.87776325801977013E-005  in event            1
 Added good helicity           58  3.55809197216640704E-003  in event            1
 Added good helicity           74   2.1337919909902152       in event            1
 Added good helicity           90   195.78885167147425       in event            1
 Added good helicity          106  2.62354745730085902E-003  in event            1
 Added good helicity          122  0.24072699969793224       in event            1
 Added good helicity          138  0.36552536437567029       in event            1
 Added good helicity          154   33.539253896392580       in event            1
 Added good helicity          170  4.49422035669807922E-004  in event            1
 Added good helicity          186  4.12373017853602600E-002  in event            1
 Added good helicity          202  0.22567511630330589       in event            1
 Added good helicity          218   20.707112998088590       in event            1
 Added good helicity          234  2.77472865234092560E-004  in event            1
 Added good helicity          250  2.54598826331549552E-002  in event            1
 Added good helicity            6  1.47239981801241780E-002  in event            1
 Added good helicity           22   14.287656568861356       in event            1
 Added good helicity           38  2.44517298929604367E-005  in event            1
 Added good helicity           54  2.37271096444969347E-002  in event            1
 Added good helicity           70  0.19821557241149465       in event            1
 Added good helicity           86   192.34150877842643       in event            1
 Added good helicity          102  3.29171029355799811E-004  in event            1
 Added good helicity          118  0.31941613699757232       in event            1
 Added good helicity          134  5.00008536140034432E-002  in event            1
 Added good helicity          150   48.519092154678816       in event            1
 Added good helicity          166  8.30350120959349108E-005  in event            1
 Added good helicity          182  8.05742924920628961E-002  in event            1
 Added good helicity          198  1.69220485922797723E-004  in event            1
 Added good helicity          214  0.16420568365356619       in event            1
 Added good helicity          246  2.72691763097755323E-004  in event            1
 Added good helicity          230  3.49080724867166330E-005  in event            2
 Iteration  1   Mean: 0.2719E+02 Abs mean: 0.2719E+02   Fluctuation:  0.105E+01   0.417E+03    31.8%
  1    0.2719E+02 0.2719E+02 +- 0.1053E+01      1.73
 Writing out events  4.75205724075252779E-003   1.7319712101034070     
 Relative summed weights:
  0.4971E+00  0.0000E+00  0.0000E+00  0.0000E+00
  0.0000E+00  0.0000E+00  0.5029E+00  0.0000E+00
 Relative number of events:
  0.4995E+00  0.0000E+00  0.0000E+00  0.0000E+00
  0.0000E+00  0.0000E+00  0.5005E+00  0.0000E+00
 Events:
         999           0           0           0
           0           0        1001           0
 Iteration  2   Mean: 0.2828E+02 Abs mean: 0.2828E+02   Fluctuation:  0.570E+00   0.344E+03    47.2%
  2    0.2828E+02 0.2828E+02 +- 0.5697E+00      1.27
 Relative summed weights:
  0.5208E+00  0.0000E+00  0.0000E+00  0.0000E+00
  0.0000E+00  0.0000E+00  0.4792E+00  0.0000E+00
 Relative number of events:
  0.5085E+00  0.0000E+00  0.0000E+00  0.0000E+00
  0.0000E+00  0.0000E+00  0.4915E+00  0.0000E+00
 Events:
        2034           0           0           0
           0           0        1966           0
 Iteration  3   Mean: 0.3939E+02 Abs mean: 0.3939E+02   Fluctuation:  0.581E+01   0.308E+05    53.7%
  3    0.3939E+02 0.3939E+02 +- 0.5813E+01     13.20
 Relative summed weights:
  0.4663E+00  0.0000E+00  0.0000E+00  0.0000E+00
  0.0000E+00  0.0000E+00  0.5337E+00  0.0000E+00
 Relative number of events:
  0.5001E+00  0.0000E+00  0.0000E+00  0.0000E+00
  0.0000E+00  0.0000E+00  0.4999E+00  0.0000E+00
 Events:
        4001           0           0           0
           0           0        3999           0
 Found         1486  events.
 Wrote            7  events.
 Actual xsec    28.213941935053800     
 Correct abs xsec    28.213941935053800     
 Event xsec    28.213941935053796     
 Events wgts > 1:            2
 % Cross section > 1:   0.18291239868468434       0.64830500858665485     
 Checking number of events   1846.4332159976609                7  chi2:    2.3304767924717167     
 Found         1486  events.
 Wrote            7  events.
 Actual xsec    28.213941935053800     
 Correct abs xsec    28.213941935053800     
 Event xsec    28.213941935053800     
 Events wgts > 1:            2
 % Cross section > 1:   0.18291239868468434       0.64830500858665485     
 Iteration  4   Mean: 0.3646E+02 Abs mean: 0.3646E+02   Fluctuation:  0.405E+01   0.544E+05    56.2%
  4    0.3646E+02 0.3646E+02 +- 0.4053E+01     14.06
 Relative summed weights:
  0.5839E+00  0.0000E+00  0.0000E+00  0.0000E+00
  0.0000E+00  0.0000E+00  0.4161E+00  0.0000E+00
 Relative number of events:
  0.4996E+00  0.0000E+00  0.0000E+00  0.0000E+00
  0.0000E+00  0.0000E+00  0.5004E+00  0.0000E+00
 Events:
        7993           0           0           0
           0           0        8007           0
 Found         2020  events.
 Wrote           12  events.
 Actual xsec    28.735149371319356     
 Correct abs xsec    28.735149371319356     
 Event xsec    28.735149371319356     
 Events wgts > 1:            0
 % Cross section > 1:    0.0000000000000000        0.0000000000000000     
 Checking number of events   1880.5431154566240               12  chi2:    3.8127813395017949     
 Found         2020  events.
 Wrote           13  events.
 Actual xsec    28.735149371319356     
 Correct abs xsec    28.735149371319356     
 Event xsec    28.735149371319356     
 Events wgts > 1:            0
 % Cross section > 1:    0.0000000000000000        0.0000000000000000     
 Iteration  5   Mean: 0.3462E+02 Abs mean: 0.3462E+02   Fluctuation:  0.111E+01   0.152E+05    57.1%
  5    0.3462E+02 0.3462E+02 +- 0.1114E+01      5.76
 Relative summed weights:
  0.4900E+00  0.0000E+00  0.0000E+00  0.0000E+00
  0.0000E+00  0.0000E+00  0.5100E+00  0.0000E+00
 Relative number of events:
  0.5010E+00  0.0000E+00  0.0000E+00  0.0000E+00
  0.0000E+00  0.0000E+00  0.4990E+00  0.0000E+00
 Events:
       16031           0           0           0
           0           0       15969           0
 Found         4238  events.
 Wrote          108  events.
 Actual xsec    34.953396809778276     
 Correct abs xsec    34.953396809778276     
 Event xsec    34.953396809778241     
 Events wgts > 1:            4
 % Cross section > 1:   0.31663373037700715       0.90587399015945891     
 Checking number of events   2287.4901008191296              108  chi2:   0.40675532409814519     
 Found         4238  events.
 Wrote          116  events.
 Actual xsec    34.953396809778276     
 Correct abs xsec    34.953396809778276     
 Event xsec    34.953396809778241     
 Events wgts > 1:            4
 % Cross section > 1:   0.29498120814690065       0.84392715750126868     
 Iteration  6   Mean: 0.3960E+02 Abs mean: 0.3960E+02   Fluctuation:  0.753E+00   0.108E+05    57.1%
  6    0.3960E+02 0.3960E+02 +- 0.7532E+00      4.81
 Relative summed weights:
  0.4969E+00  0.0000E+00  0.0000E+00  0.0000E+00
  0.0000E+00  0.0000E+00  0.5031E+00  0.0000E+00
 Relative number of events:
  0.4988E+00  0.0000E+00  0.0000E+00  0.0000E+00
  0.0000E+00  0.0000E+00  0.5012E+00  0.0000E+00
 Events:
       31926           0           0           0
           0           0       32074           0
 Found         9438  events.
 Wrote          433  events.
 Actual xsec    38.269895427756971     
 Correct abs xsec    38.269895427756971     
 Event xsec    38.269895427757021     
 Events wgts > 1:           14
 % Cross section > 1:   0.32700575821416045       0.85447256795215676     
 Checking number of events   2504.5350363741272              433  chi2:    7.0375834090802707     
 Found         9438  events.
 Wrote          447  events.
 Actual xsec    38.269895427756971     
 Correct abs xsec    38.269895427756971     
 Event xsec    38.269895427756524     
 Events wgts > 1:           14
 % Cross section > 1:   0.31684876220872699       0.82793213482083827     
 Iteration  7   Mean: 0.4126E+02 Abs mean: 0.4126E+02   Fluctuation:  0.336E+00   0.100E+05    57.3%
  7    0.4126E+02 0.4126E+02 +- 0.3358E+00      2.91
 Relative summed weights:
  0.4990E+00  0.0000E+00  0.0000E+00  0.0000E+00
  0.0000E+00  0.0000E+00  0.5010E+00  0.0000E+00
 Relative number of events:
  0.5019E+00  0.0000E+00  0.0000E+00  0.0000E+00
  0.0000E+00  0.0000E+00  0.4981E+00  0.0000E+00
 Events:
       64244           0           0           0
           0           0       63756           0
 Found        18484  events.
 Wrote         3086  events.
 Actual xsec    40.674910952370347     
 Correct abs xsec    40.674910952370347     
 Event xsec    40.674910952371775     
 Events wgts > 1:           93
 % Cross section > 1:   0.40474784075328291       0.99507984474070943     
 Checking number of events   2661.9288723669251             3086  chi2:    17.326140581897533     
 Found        18484  events.
 Wrote         3046  events.
 Actual xsec    40.674910952370347     
 Correct abs xsec    40.674910952370347     
 Event xsec    40.674910952374205     
 Events wgts > 1:           93
 % Cross section > 1:   0.41000940240565992        1.0080154886773698     
 Iteration  8   Mean: 0.4096E+02 Abs mean: 0.4096E+02   Fluctuation:  0.150E+00   0.751E+04    57.0%
  8    0.4096E+02 0.4096E+02 +- 0.1503E+00      1.86
 Exceeded boost           5          95   128000.00    
 Relative summed weights:
  0.5036E+00  0.0000E+00  0.0000E+00  0.0000E+00
  0.0000E+00  0.0000E+00  0.4964E+00  0.0000E+00
 Relative number of events:
  0.5005E+00  0.0000E+00  0.0000E+00  0.0000E+00
  0.0000E+00  0.0000E+00  0.4995E+00  0.0000E+00
 Events:
      128136           0           0           0
           0           0      127864           0
 Found        40433  events.
 Wrote        17743  events.
 Actual xsec    40.967359134056501     
 Correct abs xsec    40.967359134056501     
 Event xsec    40.967359134042916     
 Events wgts > 1:          614
 % Cross section > 1:   0.40979481434496567        1.0002959014373856     
 Checking number of events   2681.0678511691935            17743  chi2:    2.0283202091292147     

 -------------------------------------------------------------------------------
 Accumulated results:   Integral =  0.4048E+02
                        Std dev  =  0.1304E+00
                       Cross sec =  0.4772E+02
             Chi**2 per DoF.     =
-------------------------------------------------
---------------------------
 Results Last   3 iters: Integral =   0.4097E+02
                     Abs integral =   0.4097E+02
                          Std dev =   0.1350E+00
                  Chi**2 per DoF. =      2.0283
-------------------------------------------------
---------------------------
 Status  -65.444000000000003                9           9
 We found enough events       17743   2681.0678511691935     

ls status:
events.lhe
ftn25
ftn26
input_sg.txt
moffset.dat
results.dat
run1_app.log
