 Process in group number            0
 A PDF is used, so alpha_s(MZ) is going to be modified
 Old value of alpha_s from param_card:   0.11800000071525575     
  ****************************************
 
       NNPDFDriver version 1.0.3
   Grid: NNPDF23_lo_as_0130_qed_mem0.grid
  ****************************************
 New value of alpha_s from PDF nn23lo1:  0.13000000000000000     
 Warning! ptj set to xqcut=   20.000000000000000       to improve integration efficiency
 Note that this might affect non-radiated jets,
 e.g. from decays. Use cut_decays=F in run_card.
 Warning! mmjj set to xqcut=   20.000000000000000       to improve integration efficiency
 Note that this might affect non-radiated jets,
 e.g. from decays. Use cut_decays=F in run_card.
 Warning! drjl > 0 with xqcut > 0, set to 0
 *****************************************************
 *               MadGraph/MadEvent                   *
 *        --------------------------------           *
 *          http://madgraph.hep.uiuc.edu             *
 *          http://madgraph.phys.ucl.ac.be           *
 *          http://madgraph.roma2.infn.it            *
 *        --------------------------------           *
 *                                                   *
 *          PARAMETER AND COUPLING VALUES            *
 *                                                   *
 *****************************************************

  External Params
  ---------------------------------
  
 aEWM1 =    132.50697326660156     
 mdl_Gf =   1.16639000000000003E-005
 aS =   0.11800000071525575     
 mdl_ymb =    4.6999998092651367     
 mdl_ymt =    173.00000000000000     
 mdl_ymtau =    1.7769999504089355     
 mdl_MZ =    91.188003540039063     
 mdl_MT =    172.00000000000000     
 mdl_MB =    4.6999998092651367     
 mdl_MH =    120.00000000000000     
 mdl_MTA =    1.7769999504089355     
 mdl_WZ =    2.4414036273956299     
 mdl_WW =    2.0475995540618896     
 mdl_WT =    1.4394782781600952     
 mdl_WH =   5.75308827683329582E-003
  Internal Params
  ---------------------------------
  
 mdl_conjg__CKM3x3 =    1.0000000000000000     
 mdl_CKM3x3 =    1.0000000000000000     
 mdl_conjg__CKM1x1 =    1.0000000000000000     
 mdl_complexi =  (  0.0000000000000000     ,  1.0000000000000000     )
 mdl_MZ__exp__2 =    8315.2519896181766     
 mdl_MZ__exp__4 =    69143415.650849044     
 mdl_sqrt__2 =    1.4142135623730951     
 mdl_MH__exp__2 =    14400.000000000000     
 mdl_aEW =   7.54677263654659602E-003
 mdl_MW =    80.419003571204073     
 mdl_sqrt__aEW =   8.68721626100478483E-002
 mdl_ee =   0.30795379830933894     
 mdl_MW__exp__2 =    6467.2161353853335     
 mdl_sw2 =   0.22224652440361004     
 mdl_cw =   0.88190332553879736     
 mdl_sqrt__sw2 =   0.47143029644223128     
 mdl_sw =   0.47143029644223128     
 mdl_g1 =   0.34919224068147731     
 mdl_gw =   0.65323293948944450     
 mdl_vev =    246.21845810181637     
 mdl_vev__exp__2 =    60623.529110035903     
 mdl_lam =   0.11876576810517747     
 mdl_yb =   2.69955531549349870E-002
 mdl_yt =   0.99366614581500623     
 mdl_ytau =   1.02066167158167860E-002
 mdl_muH =    84.852813742385706     
 mdl_I1x33 =  ( 2.69955531549349870E-002,  0.0000000000000000     )
 mdl_I2x33 =  ( 0.99366614581500623     ,  0.0000000000000000     )
 mdl_I3x33 =  ( 0.99366614581500623     ,  0.0000000000000000     )
 mdl_I4x33 =  ( 2.69955531549349870E-002,  0.0000000000000000     )
 mdl_ee__exp__2 =   9.48355418931490085E-002
 mdl_sw__exp__2 =   0.22224652440361006     
 mdl_cw__exp__2 =   0.77775347559638996     
  Internal Params evaluated point by point
  ----------------------------------------
  
 mdl_sqrt__aS =   0.34351128178744839     
 mdl_G__exp__2 =    1.4828317414825511     
  Couplings of sm
  ---------------------------------
  
        GC_10 =  -0.12177E+01   0.00000E+00
        GC_11 =   0.00000E+00   0.12177E+01
       GC_100 =   0.00000E+00   0.46191E+00

 Collider parameters:
 --------------------

 Running at P P   machine @    13000.000000000000       GeV
 PDF set = nn23lo1
 alpha_s(Mz)= 0.1300 running at 2 loops.
 alpha_s(Mz)= 0.1300 running at 2 loops.
 Renormalization scale set on event-by-event basis
 Factorization   scale set on event-by-event basis


 getting user params
Enter number of events and max and min iterations: 
 Number of events and iterations         2000           9           3
Enter desired fractional accuracy: 
 Desired fractional accuracy:   -65.444000000000003     
Enter 0 for fixed, 2 for adjustable grid: 
Suppress amplitude (0 no, 1 yes)? 
 Using suppressed amplitude.
Exact helicity sum (0 yes, n = number/event)? 
 Explicitly summing over helicities
Enter Configuration Number: 
Running Configuration Number:    3
 Not subdividing B.W.
 Attempting mappinvarients           1           8
 Completed mapping           8
 about to integrate           16        2000           9           3          16           1
 Using non-zero grid deformation.
 16 dimensions   2000 events 16 invarients  9 iterations  1 config(s),  (0.99)
 Using h-tuple random number sequence.
 Error opening grid
 Using Uniform Grid!
 Using uniform alpha   1.0000000000000000     
 Grid defined OK
 Set CM energy to      13000.00
 Mapping Graph           3  to config           3
 Setting BW          -1           1   80.419003571204073     
 Setting BW          -2           2   172.00000000000000     
 Setting BW          -3           3   80.419003571204073     
 Setting BW          -4           4   172.00000000000000     
Setting grid   5    0.12786E-05   1
 Transforming s_hat 1/s           15  1.09391608200776463E-003
 Masses: 0.000E+00 0.000E+00 0.470E+01 0.470E+01 0.000E+00 0.000E+00 0.000E+00 0.000E+00
   3   1   2   3   4   5   6   7   8   9  10  11  12  13  14
  15  16
 Got moffset           4
Using random seed offsets     3 :      1
  with seed                    7
 Ranmar initialization seeds       10338       22009
  Particle       3       4       5       6       7       8
      Et >     0.0     0.0    10.0     0.0    20.0    20.0
       E >     0.0     0.0     0.0     0.0     0.0     0.0
     Eta <    -1.0    -1.0     2.5    -1.0     5.0     5.0
   xqcut:      0.0     0.0     0.0     0.0     0.0     0.0
d R # 3  >    -0.0     0.0     0.0     0.0     0.0     0.0
d R # 4  >    -0.0    -0.0     0.0     0.0     0.0     0.0
d R # 5  >    -0.0    -0.0    -0.0     0.0     0.0     0.0
d R # 6  >    -0.0    -0.0    -0.0    -0.0     0.0     0.0
d R # 7  >    -0.0    -0.0    -0.0    -0.0    -0.0     0.0
s min # 3>     0.0     0.0     0.0     0.0     0.0     0.0
s min # 4>     0.0     0.0     0.0     0.0     0.0     0.0
s min # 5>     0.0     0.0     0.0     0.0     0.0     0.0
s min # 6>     0.0     0.0     0.0     0.0     0.0     0.0
s min # 7>     0.0     0.0     0.0     0.0   400.0   400.0
xqcutij # 3>     0.0     0.0     0.0     0.0     0.0     0.0
xqcutij # 4>     0.0     0.0     0.0     0.0     0.0     0.0
xqcutij # 5>     0.0     0.0     0.0     0.0     0.0     0.0
xqcutij # 6>     0.0     0.0     0.0     0.0     0.0     0.0
xqcutij # 7>     0.0     0.0     0.0     0.0     0.0    20.0
 No cut BW           -1           1
 No cut BW           -2           2
 No cut BW           -3           3
 No cut BW           -4           4
 alpha_s for scale    214.93853665697927       is   0.11377137952520153     
 Added good helicity           10  0.10040162331608440       in event            1
 Added good helicity           26   90.431480100472314       in event            1
 Added good helicity           42  3.19019345920602902E-004  in event            1
 Added good helicity           58  0.28733989231888263       in event            1
 Added good helicity           74  0.12885753012930337       in event            1
 Added good helicity           90   116.06164110513264       in event            1
 Added good helicity          106  4.09436059110103966E-004  in event            1
 Added good helicity          122  0.36877798992618094       in event            1
 Added good helicity          138  2.23160820026228127E-002  in event            1
 Added good helicity          154   20.100036820992269       in event            1
 Added good helicity          170  7.09078364358154301E-005  in event            1
 Added good helicity          186  6.38665032279984585E-002  in event            1
 Added good helicity          202  3.14345154170362351E-002  in event            1
 Added good helicity          218   28.312986000778245       in event            1
 Added good helicity          234  9.98810399320254069E-005  in event            1
 Added good helicity          250  8.99625920050284994E-002  in event            1
 Added good helicity            6  4.38122187464810367E-002  in event            1
 Added good helicity           22   25.202625923016644       in event            1
 Added good helicity           38  3.19058839398850063E-005  in event            1
 Added good helicity           54  1.83536027319933862E-002  in event            1
 Added good helicity           70  3.40669148571025445E-003  in event            1
 Added good helicity           86   1.9596718359847363       in event            1
 Added good helicity          102  2.48089474288027986E-006  in event            1
 Added good helicity          118  1.42711471703797798E-003  in event            1
 Added good helicity          134  3.59148934368084399E-002  in event            1
 Added good helicity          150   20.659753152209166       in event            1
 Added good helicity          166  2.61547224608474101E-005  in event            1
 Added good helicity          182  1.50452934172388298E-002  in event            1
 Added good helicity          198  0.36080074162242842       in event            1
 Added good helicity          214   207.54772033971449       in event            1
 Added good helicity          230  2.62750139504273059E-004  in event            1
 Added good helicity          246  0.15114490127662178       in event            1
 Iteration  1   Mean: 0.1006E+03 Abs mean: 0.1006E+03   Fluctuation:  0.729E+02   0.146E+06    31.3%
  1    0.1006E+03 0.1006E+03 +- 0.7294E+02     32.42
 Writing out events  1.78420562693608793E-002   32.420334348771540     
 Relative summed weights:
  0.1343E+00  0.0000E+00  0.0000E+00  0.0000E+00
  0.0000E+00  0.0000E+00  0.8657E+00  0.0000E+00
 Relative number of events:
  0.4755E+00  0.0000E+00  0.0000E+00  0.0000E+00
  0.0000E+00  0.0000E+00  0.5245E+00  0.0000E+00
 Events:
         951           0           0           0
           0           0        1049           0
 Iteration  2   Mean: 0.2711E+02 Abs mean: 0.2711E+02   Fluctuation:  0.190E+01   0.270E+04    47.8%
  2    0.2711E+02 0.2711E+02 +- 0.1904E+01      4.44
 Relative summed weights:
  0.4679E+00  0.0000E+00  0.0000E+00  0.0000E+00
  0.0000E+00  0.0000E+00  0.5321E+00  0.0000E+00
 Relative number of events:
  0.4935E+00  0.0000E+00  0.0000E+00  0.0000E+00
  0.0000E+00  0.0000E+00  0.5065E+00  0.0000E+00
 Events:
        1974           0           0           0
           0           0        2026           0
 Iteration  3   Mean: 0.4785E+02 Abs mean: 0.4785E+02   Fluctuation:  0.804E+01   0.515E+05    52.7%
  3    0.4785E+02 0.4785E+02 +- 0.8043E+01     15.03
 Relative summed weights:
  0.4651E+00  0.0000E+00  0.0000E+00  0.0000E+00
  0.0000E+00  0.0000E+00  0.5349E+00  0.0000E+00
 Relative number of events:
  0.4935E+00  0.0000E+00  0.0000E+00  0.0000E+00
  0.0000E+00  0.0000E+00  0.5065E+00  0.0000E+00
 Events:
        3948           0           0           0
           0           0        4052           0
 Found         1351  events.
 Wrote            6  events.
 Actual xsec    30.754280053485036     
 Correct abs xsec    30.754280053485036     
 Event xsec    30.754280053485036     
 Events wgts > 1:            1
 % Cross section > 1:   6.59827856352990239E-007  2.14548301961703508E-006
 Checking number of events   2012.6831038202747                6  chi2:    4.5471932864861344     
 Found         1351  events.
 Wrote            4  events.
 Actual xsec    30.754280053485036     
 Correct abs xsec    30.754280053485036     
 Event xsec    30.754280053485040     
 Events wgts > 1:            1
 % Cross section > 1:   9.89741774759522741E-007  3.21822449765773737E-006
 Iteration  4   Mean: 0.4168E+02 Abs mean: 0.4168E+02   Fluctuation:  0.175E+01   0.100E+05    52.9%
  4    0.4168E+02 0.4168E+02 +- 0.1748E+01      5.31
 Relative summed weights:
  0.4835E+00  0.0000E+00  0.0000E+00  0.0000E+00
  0.0000E+00  0.0000E+00  0.5165E+00  0.0000E+00
 Relative number of events:
  0.5099E+00  0.0000E+00  0.0000E+00  0.0000E+00
  0.0000E+00  0.0000E+00  0.4901E+00  0.0000E+00
 Events:
        8159           0           0           0
           0           0        7841           0
 Found         1873  events.
 Wrote           84  events.
 Actual xsec    38.289401076256226     
 Correct abs xsec    38.289401076256226     
 Event xsec    38.289401076256233     
 Events wgts > 1:            4
 % Cross section > 1:   0.24838364933185964       0.64870079539030878     
 Checking number of events   2505.8115640345127               84  chi2:    19.814138629236211     
 Found         1873  events.
 Wrote           85  events.
 Actual xsec    38.289401076256226     
 Correct abs xsec    38.289401076256226     
 Event xsec    38.289401076256254     
 Events wgts > 1:            4
 % Cross section > 1:   0.24548022324749352       0.64111795000031724     
 Iteration  5   Mean: 0.3998E+02 Abs mean: 0.3998E+02   Fluctuation:  0.670E+00   0.992E+04    54.0%
  5    0.3998E+02 0.3998E+02 +- 0.6695E+00      3.00
 Relative summed weights:
  0.5126E+00  0.0000E+00  0.0000E+00  0.0000E+00
  0.0000E+00  0.0000E+00  0.4874E+00  0.0000E+00
 Relative number of events:
  0.5028E+00  0.0000E+00  0.0000E+00  0.0000E+00
  0.0000E+00  0.0000E+00  0.4973E+00  0.0000E+00
 Events:
       16088           0           0           0
           0           0       15912           0
 Found         4733  events.
 Wrote          537  events.
 Actual xsec    40.281234506464720     
 Correct abs xsec    40.281234506464720     
 Event xsec    40.281234506464777     
 Events wgts > 1:            8
 % Cross section > 1:   0.41564457381918851        1.0318565925592009     
 Checking number of events   2636.1651110410771              537  chi2:   0.86269796458864012     
 Found         4733  events.
 Wrote          563  events.
 Actual xsec    40.281234506464720     
 Correct abs xsec    40.281234506464720     
 Event xsec    40.281234506465282     
 Events wgts > 1:            8
 % Cross section > 1:   0.39663862775925884       0.98467346549569357     
 Iteration  6   Mean: 0.4075E+02 Abs mean: 0.4075E+02   Fluctuation:  0.293E+00   0.349E+04    54.5%
  6    0.4075E+02 0.4075E+02 +- 0.2930E+00      1.82
 Relative summed weights:
  0.5005E+00  0.0000E+00  0.0000E+00  0.0000E+00
  0.0000E+00  0.0000E+00  0.4995E+00  0.0000E+00
 Relative number of events:
  0.5005E+00  0.0000E+00  0.0000E+00  0.0000E+00
  0.0000E+00  0.0000E+00  0.4995E+00  0.0000E+00
 Events:
       32033           0           0           0
           0           0       31967           0
 Found        11005  events.
 Wrote         4314  events.
 Actual xsec    40.656768442028266     
 Correct abs xsec    40.656768442028266     
 Event xsec    40.656768442023910     
 Events wgts > 1:          114
 % Cross section > 1:   0.40583481738556626       0.99819742920365662     
 Checking number of events   2660.7415539200979             4314  chi2:   0.72920452774760125     

 -------------------------------------------------------------------------------
 Accumulated results:   Integral =  0.4056E+02
                        Std dev  =  0.2633E+00
                       Cross sec =  0.5838E+01
             Chi**2 per DoF.     =
-------------------------------------------------
---------------------------
 Results Last   3 iters: Integral =   0.4066E+02
                     Abs integral =   0.4066E+02
                          Std dev =   0.2653E+00
                  Chi**2 per DoF. =      0.7292
-------------------------------------------------
---------------------------
 Status  -65.444000000000003                7           9
 We found enough events        4314   2660.7415539200979     

ls status:
events.lhe
ftn25
ftn26
input_sg.txt
moffset.dat
results.dat
run1_app.log
