 Process in group number            0
 A PDF is used, so alpha_s(MZ) is going to be modified
 Old value of alpha_s from param_card:   0.11800000071525575     
  ****************************************
 
       NNPDFDriver version 1.0.3
   Grid: NNPDF23_lo_as_0130_qed_mem0.grid
  ****************************************
 New value of alpha_s from PDF nn23lo1:  0.13000000000000000     
 Warning! ptj set to xqcut=   20.000000000000000       to improve integration efficiency
 Note that this might affect non-radiated jets,
 e.g. from decays. Use cut_decays=F in run_card.
 Warning! mmjj set to xqcut=   20.000000000000000       to improve integration efficiency
 Note that this might affect non-radiated jets,
 e.g. from decays. Use cut_decays=F in run_card.
 Warning! drjl > 0 with xqcut > 0, set to 0
 *****************************************************
 *               MadGraph/MadEvent                   *
 *        --------------------------------           *
 *          http://madgraph.hep.uiuc.edu             *
 *          http://madgraph.phys.ucl.ac.be           *
 *          http://madgraph.roma2.infn.it            *
 *        --------------------------------           *
 *                                                   *
 *          PARAMETER AND COUPLING VALUES            *
 *                                                   *
 *****************************************************

  External Params
  ---------------------------------
  
 aEWM1 =    132.50697326660156     
 mdl_Gf =   1.16639000000000003E-005
 aS =   0.11800000071525575     
 mdl_ymb =    4.6999998092651367     
 mdl_ymt =    173.00000000000000     
 mdl_ymtau =    1.7769999504089355     
 mdl_MZ =    91.188003540039063     
 mdl_MT =    172.00000000000000     
 mdl_MB =    4.6999998092651367     
 mdl_MH =    120.00000000000000     
 mdl_MTA =    1.7769999504089355     
 mdl_WZ =    2.4414036273956299     
 mdl_WW =    2.0475995540618896     
 mdl_WT =    1.4394782781600952     
 mdl_WH =   5.75308827683329582E-003
  Internal Params
  ---------------------------------
  
 mdl_conjg__CKM3x3 =    1.0000000000000000     
 mdl_CKM3x3 =    1.0000000000000000     
 mdl_conjg__CKM1x1 =    1.0000000000000000     
 mdl_complexi =  (  0.0000000000000000     ,  1.0000000000000000     )
 mdl_MZ__exp__2 =    8315.2519896181766     
 mdl_MZ__exp__4 =    69143415.650849044     
 mdl_sqrt__2 =    1.4142135623730951     
 mdl_MH__exp__2 =    14400.000000000000     
 mdl_aEW =   7.54677263654659602E-003
 mdl_MW =    80.419003571204073     
 mdl_sqrt__aEW =   8.68721626100478483E-002
 mdl_ee =   0.30795379830933894     
 mdl_MW__exp__2 =    6467.2161353853335     
 mdl_sw2 =   0.22224652440361004     
 mdl_cw =   0.88190332553879736     
 mdl_sqrt__sw2 =   0.47143029644223128     
 mdl_sw =   0.47143029644223128     
 mdl_g1 =   0.34919224068147731     
 mdl_gw =   0.65323293948944450     
 mdl_vev =    246.21845810181637     
 mdl_vev__exp__2 =    60623.529110035903     
 mdl_lam =   0.11876576810517747     
 mdl_yb =   2.69955531549349870E-002
 mdl_yt =   0.99366614581500623     
 mdl_ytau =   1.02066167158167860E-002
 mdl_muH =    84.852813742385706     
 mdl_I1x33 =  ( 2.69955531549349870E-002,  0.0000000000000000     )
 mdl_I2x33 =  ( 0.99366614581500623     ,  0.0000000000000000     )
 mdl_I3x33 =  ( 0.99366614581500623     ,  0.0000000000000000     )
 mdl_I4x33 =  ( 2.69955531549349870E-002,  0.0000000000000000     )
 mdl_ee__exp__2 =   9.48355418931490085E-002
 mdl_sw__exp__2 =   0.22224652440361006     
 mdl_cw__exp__2 =   0.77775347559638996     
  Internal Params evaluated point by point
  ----------------------------------------
  
 mdl_sqrt__aS =   0.34351128178744839     
 mdl_G__exp__2 =    1.4828317414825511     
  Couplings of sm
  ---------------------------------
  
        GC_10 =  -0.12177E+01   0.00000E+00
        GC_11 =   0.00000E+00   0.12177E+01
       GC_100 =   0.00000E+00   0.46191E+00

 Collider parameters:
 --------------------

 Running at P P   machine @    13000.000000000000       GeV
 PDF set = nn23lo1
 alpha_s(Mz)= 0.1300 running at 2 loops.
 alpha_s(Mz)= 0.1300 running at 2 loops.
 Renormalization scale set on event-by-event basis
 Factorization   scale set on event-by-event basis


 getting user params
Enter number of events and max and min iterations: 
 Number of events and iterations         2000           9           3
Enter desired fractional accuracy: 
 Desired fractional accuracy:   -65.444000000000003     
Enter 0 for fixed, 2 for adjustable grid: 
Suppress amplitude (0 no, 1 yes)? 
 Using suppressed amplitude.
Exact helicity sum (0 yes, n = number/event)? 
 Explicitly summing over helicities
Enter Configuration Number: 
Running Configuration Number:    3
 Not subdividing B.W.
 Attempting mappinvarients           1           8
 Completed mapping           8
 about to integrate           16        2000           9           3          16           1
 Using non-zero grid deformation.
 16 dimensions   2000 events 16 invarients  9 iterations  1 config(s),  (0.99)
 Using h-tuple random number sequence.
 Error opening grid
 Using Uniform Grid!
 Using uniform alpha   1.0000000000000000     
 Grid defined OK
 Set CM energy to      13000.00
 Mapping Graph           3  to config           3
 Setting BW          -1           1   80.419003571204073     
 Setting BW          -2           2   172.00000000000000     
 Setting BW          -3           3   80.419003571204073     
 Setting BW          -4           4   172.00000000000000     
Setting grid   5    0.12786E-05   1
 Transforming s_hat 1/s           15  1.09391608200776463E-003
 Masses: 0.000E+00 0.000E+00 0.470E+01 0.470E+01 0.000E+00 0.000E+00 0.000E+00 0.000E+00
   3   1   2   3   4   5   6   7   8   9  10  11  12  13  14
  15  16
 Got moffset          17
Using random seed offsets     3 :      1
  with seed                    7
 Ranmar initialization seeds       10338        2888
  Particle       3       4       5       6       7       8
      Et >     0.0     0.0    10.0     0.0    20.0    20.0
       E >     0.0     0.0     0.0     0.0     0.0     0.0
     Eta <    -1.0    -1.0     2.5    -1.0     5.0     5.0
   xqcut:      0.0     0.0     0.0     0.0     0.0     0.0
d R # 3  >    -0.0     0.0     0.0     0.0     0.0     0.0
d R # 4  >    -0.0    -0.0     0.0     0.0     0.0     0.0
d R # 5  >    -0.0    -0.0    -0.0     0.0     0.0     0.0
d R # 6  >    -0.0    -0.0    -0.0    -0.0     0.0     0.0
d R # 7  >    -0.0    -0.0    -0.0    -0.0    -0.0     0.0
s min # 3>     0.0     0.0     0.0     0.0     0.0     0.0
s min # 4>     0.0     0.0     0.0     0.0     0.0     0.0
s min # 5>     0.0     0.0     0.0     0.0     0.0     0.0
s min # 6>     0.0     0.0     0.0     0.0     0.0     0.0
s min # 7>     0.0     0.0     0.0     0.0   400.0   400.0
xqcutij # 3>     0.0     0.0     0.0     0.0     0.0     0.0
xqcutij # 4>     0.0     0.0     0.0     0.0     0.0     0.0
xqcutij # 5>     0.0     0.0     0.0     0.0     0.0     0.0
xqcutij # 6>     0.0     0.0     0.0     0.0     0.0     0.0
xqcutij # 7>     0.0     0.0     0.0     0.0     0.0    20.0
 No cut BW           -1           1
 No cut BW           -2           2
 No cut BW           -3           3
 No cut BW           -4           4
 alpha_s for scale    172.38456868574255       is   0.11753836803960610     
 Added good helicity           10  0.30797324416104876       in event            1
 Added good helicity           26   69.596150562094650       in event            1
 Added good helicity           42  5.47139889255487938E-005  in event            1
 Added good helicity           58  1.23643306141361115E-002  in event            1
 Added good helicity           74  1.58852305013876677E-002  in event            1
 Added good helicity           90   3.5897627948161195       in event            1
 Added good helicity          106  2.82214231986403241E-006  in event            1
 Added good helicity          122  6.37750991440695246E-004  in event            1
 Added good helicity          138  8.47533765376121996E-003  in event            1
 Added good helicity          154   1.9152666233151860       in event            1
 Added good helicity          170  1.50571369208191587E-006  in event            1
 Added good helicity          186  3.40262924797263863E-004  in event            1
 Added good helicity          202  0.79531276874269619       in event            1
 Added good helicity          218   179.72570100417036       in event            1
 Added good helicity          234  1.41293878109035481E-004  in event            1
 Added good helicity          250  3.19297542913709320E-002  in event            1
 Added good helicity            6  1.57808217210560868E-002  in event            1
 Added good helicity           22   9.7968349028427362       in event            1
 Added good helicity           38  5.93270021321101348E-006  in event            1
 Added good helicity           54  3.68305817936827448E-003  in event            1
 Added good helicity           70  1.50622319381912111E-002  in event            1
 Added good helicity           86   9.3507297766309829       in event            1
 Added good helicity          102  5.66255092482982978E-006  in event            1
 Added good helicity          118  3.51534777593221198E-003  in event            1
 Added good helicity          134  1.96086072366513028E-002  in event            1
 Added good helicity          150   12.173148595667941       in event            1
 Added good helicity          166  7.37173199152439702E-006  in event            1
 Added good helicity          182  4.57641829719216027E-003  in event            1
 Added good helicity          198  0.36109733617574402       in event            1
 Added good helicity          214   224.17153231316800       in event            1
 Added good helicity          230  1.35752261902899295E-004  in event            1
 Added good helicity          246  8.42758711211883671E-002  in event            1
 Iteration  1   Mean: 0.2704E+02 Abs mean: 0.2704E+02   Fluctuation:  0.103E+01   0.274E+03    31.1%
  1    0.2704E+02 0.2704E+02 +- 0.1029E+01      1.70
 Writing out events  4.83140098818002697E-003   1.7024795422430192     
 Relative summed weights:
  0.4976E+00  0.0000E+00  0.0000E+00  0.0000E+00
  0.0000E+00  0.0000E+00  0.5024E+00  0.0000E+00
 Relative number of events:
  0.5105E+00  0.0000E+00  0.0000E+00  0.0000E+00
  0.0000E+00  0.0000E+00  0.4895E+00  0.0000E+00
 Events:
        1021           0           0           0
           0           0         979           0
 Iteration  2   Mean: 0.4735E+02 Abs mean: 0.4735E+02   Fluctuation:  0.192E+02   0.766E+05    47.3%
  2    0.4735E+02 0.4735E+02 +- 0.1915E+02     25.58
 Relative summed weights:
  0.3152E+00  0.0000E+00  0.0000E+00  0.0000E+00
  0.0000E+00  0.0000E+00  0.6848E+00  0.0000E+00
 Relative number of events:
  0.5185E+00  0.0000E+00  0.0000E+00  0.0000E+00
  0.0000E+00  0.0000E+00  0.4815E+00  0.0000E+00
 Events:
        2074           0           0           0
           0           0        1926           0
 Iteration  3   Mean: 0.3620E+02 Abs mean: 0.3620E+02   Fluctuation:  0.433E+01   0.311E+05    53.6%
  3    0.3620E+02 0.3620E+02 +- 0.4329E+01     10.70
 Relative summed weights:
  0.5853E+00  0.0000E+00  0.0000E+00  0.0000E+00
  0.0000E+00  0.0000E+00  0.4147E+00  0.0000E+00
 Relative number of events:
  0.5002E+00  0.0000E+00  0.0000E+00  0.0000E+00
  0.0000E+00  0.0000E+00  0.4998E+00  0.0000E+00
 Events:
        4002           0           0           0
           0           0        3998           0
 Found          874  events.
 Wrote            6  events.
 Actual xsec    28.036198331941087     
 Correct abs xsec    28.036198331941087     
 Event xsec    28.036198331941090     
 Events wgts > 1:            0
 % Cross section > 1:    0.0000000000000000        0.0000000000000000     
 Checking number of events   1834.8009636355525                6  chi2:    2.7594511535950406     
 Found          874  events.
 Wrote            8  events.
 Actual xsec    28.036198331941087     
 Correct abs xsec    28.036198331941087     
 Event xsec    28.036198331941087     
 Events wgts > 1:            0
 % Cross section > 1:    0.0000000000000000        0.0000000000000000     
 Iteration  4   Mean: 0.4203E+02 Abs mean: 0.4203E+02   Fluctuation:  0.284E+01   0.200E+05    54.5%
  4    0.4203E+02 0.4203E+02 +- 0.2845E+01      8.56
 Relative summed weights:
  0.5245E+00  0.0000E+00  0.0000E+00  0.0000E+00
  0.0000E+00  0.0000E+00  0.4755E+00  0.0000E+00
 Relative number of events:
  0.5069E+00  0.0000E+00  0.0000E+00  0.0000E+00
  0.0000E+00  0.0000E+00  0.4931E+00  0.0000E+00
 Events:
        8111           0           0           0
           0           0        7889           0
 Found         2260  events.
 Wrote           39  events.
 Actual xsec    40.756616727514512     
 Correct abs xsec    40.756616727514512     
 Event xsec    40.756616727514476     
 Events wgts > 1:            3
 % Cross section > 1:   0.39486146822956680       0.96882788595894154     
 Checking number of events   2667.2760251154600               39  chi2:   0.71249571513288568     
 Found         2260  events.
 Wrote           40  events.
 Actual xsec    40.756616727514512     
 Correct abs xsec    40.756616727514512     
 Event xsec    40.756616727514462     
 Events wgts > 1:            3
 % Cross section > 1:   0.38508320135980045       0.94483603468448329     
 Iteration  5   Mean: 0.4039E+02 Abs mean: 0.4039E+02   Fluctuation:  0.999E+00   0.955E+04    55.6%
  5    0.4039E+02 0.4039E+02 +- 0.9995E+00      4.43
 Relative summed weights:
  0.4971E+00  0.0000E+00  0.0000E+00  0.0000E+00
  0.0000E+00  0.0000E+00  0.5029E+00  0.0000E+00
 Relative number of events:
  0.5018E+00  0.0000E+00  0.0000E+00  0.0000E+00
  0.0000E+00  0.0000E+00  0.4982E+00  0.0000E+00
 Events:
       16058           0           0           0
           0           0       15942           0
 Found         4253  events.
 Wrote          239  events.
 Actual xsec    40.427432831296457     
 Correct abs xsec    40.427432831296457     
 Event xsec    40.427432831296386     
 Events wgts > 1:            8
 % Cross section > 1:   0.37191611287575677       0.91995975709801348     
 Checking number of events   2645.7329142113654              239  chi2:   0.63521166424508679     
 Found         4253  events.
 Wrote          245  events.
 Actual xsec    40.427432831296457     
 Correct abs xsec    40.427432831296457     
 Event xsec    40.427432831296457     
 Events wgts > 1:            8
 % Cross section > 1:   0.36288972087213833       0.89763236361427123     
 Iteration  6   Mean: 0.4025E+02 Abs mean: 0.4025E+02   Fluctuation:  0.375E+00   0.338E+04    55.9%
  6    0.4025E+02 0.4025E+02 +- 0.3751E+00      2.36
 Relative summed weights:
  0.4963E+00  0.0000E+00  0.0000E+00  0.0000E+00
  0.0000E+00  0.0000E+00  0.5037E+00  0.0000E+00
 Relative number of events:
  0.5011E+00  0.0000E+00  0.0000E+00  0.0000E+00
  0.0000E+00  0.0000E+00  0.4989E+00  0.0000E+00
 Events:
       32068           0           0           0
           0           0       31932           0
 Found         9588  events.
 Wrote         2264  events.
 Actual xsec    40.293738091237785     
 Correct abs xsec    40.293738091237785     
 Event xsec    40.293738091235667     
 Events wgts > 1:           76
 % Cross section > 1:   0.40365398047530021        1.0017784390252424     
 Checking number of events   2636.9833956429657             2264  chi2:   0.19930589845599728     
 Found         9588  events.
 Wrote         2266  events.
 Actual xsec    40.293738091237785     
 Correct abs xsec    40.293738091237785     
 Event xsec    40.293738091235326     
 Events wgts > 1:           76
 % Cross section > 1:   0.40330127633121809        1.0009031066267442     
 Iteration  7   Mean: 0.4063E+02 Abs mean: 0.4063E+02   Fluctuation:  0.184E+00   0.208E+04    56.1%
  7    0.4063E+02 0.4063E+02 +- 0.1844E+00      1.62
 Relative summed weights:
  0.5032E+00  0.0000E+00  0.0000E+00  0.0000E+00
  0.0000E+00  0.0000E+00  0.4968E+00  0.0000E+00
 Relative number of events:
  0.5003E+00  0.0000E+00  0.0000E+00  0.0000E+00
  0.0000E+00  0.0000E+00  0.4997E+00  0.0000E+00
 Events:
       64041           0           0           0
           0           0       63959           0
 Found        21802  events.
 Wrote        11506  events.
 Actual xsec    40.550637000450010     
 Correct abs xsec    40.550637000450010     
 Event xsec    40.550637000446990     
 Events wgts > 1:          326
 % Cross section > 1:   0.40490316798727932       0.99851247215380634     
 Checking number of events   2653.7958878574505            11506  chi2:   0.42879684102697974     

 -------------------------------------------------------------------------------
 Accumulated results:   Integral =  0.4040E+02
                        Std dev  =  0.1614E+00
                       Cross sec =  0.1308E+02
             Chi**2 per DoF.     =
-------------------------------------------------
---------------------------
 Results Last   3 iters: Integral =   0.4055E+02
                     Abs integral =   0.4055E+02
                          Std dev =   0.1633E+00
                  Chi**2 per DoF. =      0.4288
-------------------------------------------------
---------------------------
 Status  -65.444000000000003                8           9
 We found enough events       11506   2653.7958878574505     

ls status:
events.lhe
ftn25
ftn26
input_sg.txt
moffset.dat
results.dat
run1_app.log
