 Process in group number            0
 A PDF is used, so alpha_s(MZ) is going to be modified
 Old value of alpha_s from param_card:   0.11800000071525575     
  ****************************************
 
       NNPDFDriver version 1.0.3
   Grid: NNPDF23_lo_as_0130_qed_mem0.grid
  ****************************************
 New value of alpha_s from PDF nn23lo1:  0.13000000000000000     
 Warning! ptj set to xqcut=   20.000000000000000       to improve integration efficiency
 Note that this might affect non-radiated jets,
 e.g. from decays. Use cut_decays=F in run_card.
 Warning! mmjj set to xqcut=   20.000000000000000       to improve integration efficiency
 Note that this might affect non-radiated jets,
 e.g. from decays. Use cut_decays=F in run_card.
 Warning! drjl > 0 with xqcut > 0, set to 0
 *****************************************************
 *               MadGraph/MadEvent                   *
 *        --------------------------------           *
 *          http://madgraph.hep.uiuc.edu             *
 *          http://madgraph.phys.ucl.ac.be           *
 *          http://madgraph.roma2.infn.it            *
 *        --------------------------------           *
 *                                                   *
 *          PARAMETER AND COUPLING VALUES            *
 *                                                   *
 *****************************************************

  External Params
  ---------------------------------
  
 aEWM1 =    132.50697326660156     
 mdl_Gf =   1.16639000000000003E-005
 aS =   0.11800000071525575     
 mdl_ymb =    4.6999998092651367     
 mdl_ymt =    173.00000000000000     
 mdl_ymtau =    1.7769999504089355     
 mdl_MZ =    91.188003540039063     
 mdl_MT =    172.00000000000000     
 mdl_MB =    4.6999998092651367     
 mdl_MH =    120.00000000000000     
 mdl_MTA =    1.7769999504089355     
 mdl_WZ =    2.4414036273956299     
 mdl_WW =    2.0475995540618896     
 mdl_WT =    1.4394782781600952     
 mdl_WH =   5.75308827683329582E-003
  Internal Params
  ---------------------------------
  
 mdl_conjg__CKM3x3 =    1.0000000000000000     
 mdl_CKM3x3 =    1.0000000000000000     
 mdl_conjg__CKM1x1 =    1.0000000000000000     
 mdl_complexi =  (  0.0000000000000000     ,  1.0000000000000000     )
 mdl_MZ__exp__2 =    8315.2519896181766     
 mdl_MZ__exp__4 =    69143415.650849044     
 mdl_sqrt__2 =    1.4142135623730951     
 mdl_MH__exp__2 =    14400.000000000000     
 mdl_aEW =   7.54677263654659602E-003
 mdl_MW =    80.419003571204073     
 mdl_sqrt__aEW =   8.68721626100478483E-002
 mdl_ee =   0.30795379830933894     
 mdl_MW__exp__2 =    6467.2161353853335     
 mdl_sw2 =   0.22224652440361004     
 mdl_cw =   0.88190332553879736     
 mdl_sqrt__sw2 =   0.47143029644223128     
 mdl_sw =   0.47143029644223128     
 mdl_g1 =   0.34919224068147731     
 mdl_gw =   0.65323293948944450     
 mdl_vev =    246.21845810181637     
 mdl_vev__exp__2 =    60623.529110035903     
 mdl_lam =   0.11876576810517747     
 mdl_yb =   2.69955531549349870E-002
 mdl_yt =   0.99366614581500623     
 mdl_ytau =   1.02066167158167860E-002
 mdl_muH =    84.852813742385706     
 mdl_I1x33 =  ( 2.69955531549349870E-002,  0.0000000000000000     )
 mdl_I2x33 =  ( 0.99366614581500623     ,  0.0000000000000000     )
 mdl_I3x33 =  ( 0.99366614581500623     ,  0.0000000000000000     )
 mdl_I4x33 =  ( 2.69955531549349870E-002,  0.0000000000000000     )
 mdl_ee__exp__2 =   9.48355418931490085E-002
 mdl_sw__exp__2 =   0.22224652440361006     
 mdl_cw__exp__2 =   0.77775347559638996     
  Internal Params evaluated point by point
  ----------------------------------------
  
 mdl_sqrt__aS =   0.34351128178744839     
 mdl_G__exp__2 =    1.4828317414825511     
  Couplings of sm
  ---------------------------------
  
        GC_10 =  -0.12177E+01   0.00000E+00
        GC_11 =   0.00000E+00   0.12177E+01
       GC_100 =   0.00000E+00   0.46191E+00

 Collider parameters:
 --------------------

 Running at P P   machine @    13000.000000000000       GeV
 PDF set = nn23lo1
 alpha_s(Mz)= 0.1300 running at 2 loops.
 alpha_s(Mz)= 0.1300 running at 2 loops.
 Renormalization scale set on event-by-event basis
 Factorization   scale set on event-by-event basis


 getting user params
Enter number of events and max and min iterations: 
 Number of events and iterations         1000           5           3
Enter desired fractional accuracy: 
 Desired fractional accuracy:   0.10000000000000001     
Enter 0 for fixed, 2 for adjustable grid: 
Suppress amplitude (0 no, 1 yes)? 
 Using suppressed amplitude.
Exact helicity sum (0 yes, n = number/event)? 
 Explicitly summing over helicities
Enter Configuration Number: 
Running Configuration Number:    1
 Not subdividing B.W.
 Attempting mappinvarients           1           8
 Completed mapping           8
 about to integrate           16        1000           5           3          16           1
 Using non-zero grid deformation.
 16 dimensions   1000 events 16 invarients  5 iterations  1 config(s),  (0.99)
 Using h-tuple random number sequence.
 Error opening grid
 Using Uniform Grid!
 Using uniform alpha   1.0000000000000000     
 Grid defined OK
 Set CM energy to      13000.00
 Mapping Graph           1  to config           1
 Setting BW          -1           1   80.419003571204073     
 Setting BW          -2           2   172.00000000000000     
 Setting BW          -3           3   80.419003571204073     
 Setting BW          -4           4   172.00000000000000     
Setting grid   5    0.51146E-05   1
 Transforming s_hat 1/s           15  1.09391608200776463E-003
 Masses: 0.000E+00 0.000E+00 0.470E+01 0.470E+01 0.000E+00 0.000E+00 0.000E+00 0.000E+00
   1   1   2   3   4   5   6   7   8   9  10  11  12  13  14
  15  16
Using random seed offsets     1 :      1
  with seed                    4
 Ranmar initialization seeds        6679        9378
  Particle       3       4       5       6       7       8
      Et >     0.0     0.0    10.0     0.0    20.0    20.0
       E >     0.0     0.0     0.0     0.0     0.0     0.0
     Eta <    -1.0    -1.0     2.5    -1.0     5.0     5.0
   xqcut:      0.0     0.0     0.0     0.0     0.0     0.0
d R # 3  >    -0.0     0.0     0.0     0.0     0.0     0.0
d R # 4  >    -0.0    -0.0     0.0     0.0     0.0     0.0
d R # 5  >    -0.0    -0.0    -0.0     0.0     0.0     0.0
d R # 6  >    -0.0    -0.0    -0.0    -0.0     0.0     0.0
d R # 7  >    -0.0    -0.0    -0.0    -0.0    -0.0     0.0
s min # 3>     0.0     0.0     0.0     0.0     0.0     0.0
s min # 4>     0.0     0.0     0.0     0.0     0.0     0.0
s min # 5>     0.0     0.0     0.0     0.0     0.0     0.0
s min # 6>     0.0     0.0     0.0     0.0     0.0     0.0
s min # 7>     0.0     0.0     0.0     0.0   400.0   400.0
xqcutij # 3>     0.0     0.0     0.0     0.0     0.0     0.0
xqcutij # 4>     0.0     0.0     0.0     0.0     0.0     0.0
xqcutij # 5>     0.0     0.0     0.0     0.0     0.0     0.0
xqcutij # 6>     0.0     0.0     0.0     0.0     0.0     0.0
xqcutij # 7>     0.0     0.0     0.0     0.0     0.0    20.0
 No cut BW           -1           1
 No cut BW           -2           2
 No cut BW           -3           3
 No cut BW           -4           4
 alpha_s for scale    443.56239574403651       is   0.10296593517923060     
 Added good helicity            6  0.11050934790376588       in event            1
 Added good helicity           22   51.987357824391538       in event            1
 Added good helicity           38  1.38245673464871871E-004  in event            1
 Added good helicity           54  6.50354692197705753E-002  in event            1
 Added good helicity           70  0.42517486178017538       in event            1
 Added good helicity           86   200.01672344090565       in event            1
 Added good helicity          102  5.31887901087969091E-004  in event            1
 Added good helicity          118  0.25021816851552292       in event            1
 Added good helicity          134  3.84428875194236033E-003  in event            1
 Added good helicity          150   1.8084842478805354       in event            1
 Added good helicity          166  4.80915232590556738E-006  in event            1
 Added good helicity          182  2.26238890683325622E-003  in event            1
 Added good helicity          198  2.81705086877979526E-003  in event            1
 Added good helicity          214   1.3252365913180710       in event            1
 Added good helicity          230  3.52409187029501968E-006  in event            1
 Added good helicity          246  1.65785273863528620E-003  in event            1
 Added good helicity           10  0.53988427976176956       in event            1
 Added good helicity           26   108.11675549340438       in event            1
 Added good helicity           42  1.90931789823860850E-003  in event            1
 Added good helicity           58  0.38235833881685510       in event            1
 Added good helicity           74  0.54176877903846388       in event            1
 Added good helicity           90   108.49414367669385       in event            1
 Added good helicity          106  1.91598248976884863E-003  in event            1
 Added good helicity          122  0.38369298411020625       in event            1
 Added good helicity          138  8.14607257224102266E-002  in event            1
 Added good helicity          154   16.313253960888485       in event            1
 Added good helicity          170  2.88088443126989296E-004  in event            1
 Added good helicity          186  5.76923406248841947E-002  in event            1
 Added good helicity          202  0.10439561976114956       in event            1
 Added good helicity          218   20.906175859165820       in event            1
 Added good helicity          234  3.69198424143094722E-004  in event            1
 Added good helicity          250  7.39353547564727126E-002  in event            1
 Iteration  1   Mean: 0.4059E+01 Abs mean: 0.4059E+01   Fluctuation:  0.560E+00   0.241E+03    63.1%
  1    0.4059E+01 0.4059E+01 +- 0.5598E+00      4.36
 Writing out events  1.28658544900049784E-003   4.3618472212241484     
 Relative summed weights:
  0.5711E+00  0.0000E+00  0.0000E+00  0.0000E+00
  0.0000E+00  0.0000E+00  0.4289E+00  0.0000E+00
 Relative number of events:
  0.5200E+00  0.0000E+00  0.0000E+00  0.0000E+00
  0.0000E+00  0.0000E+00  0.4800E+00  0.0000E+00
 Events:
         520           0           0           0
           0           0         480           0
 Iteration  2   Mean: 0.4408E+01 Abs mean: 0.4408E+01   Fluctuation:  0.254E+00   0.234E+03    63.9%
  2    0.4408E+01 0.4408E+01 +- 0.2539E+00      2.58
 Relative summed weights:
  0.5053E+00  0.0000E+00  0.0000E+00  0.0000E+00
  0.0000E+00  0.0000E+00  0.4947E+00  0.0000E+00
 Relative number of events:
  0.5010E+00  0.0000E+00  0.0000E+00  0.0000E+00
  0.0000E+00  0.0000E+00  0.4990E+00  0.0000E+00
 Events:
        1002           0           0           0
           0           0         998           0
 Iteration  3   Mean: 0.9478E+01 Abs mean: 0.9478E+01   Fluctuation:  0.378E+01   0.147E+05    65.3%
  3    0.9478E+01 0.9478E+01 +- 0.3779E+01     25.22
 Relative summed weights:
  0.6537E+00  0.0000E+00  0.0000E+00  0.0000E+00
  0.0000E+00  0.0000E+00  0.3463E+00  0.0000E+00
 Relative number of events:
  0.5008E+00  0.0000E+00  0.0000E+00  0.0000E+00
  0.0000E+00  0.0000E+00  0.4993E+00  0.0000E+00
 Events:
        2003           0           0           0
           0           0        1997           0
 Accuracy:    0.108   0.100   0.053   4.240
 Found          605  events.
 Wrote            1  events.
 Actual xsec    4.4455187113885071     
 Correct abs xsec    4.4455187113885071     
 Event xsec    4.4455187113885071     
 Events wgts > 1:            0
 % Cross section > 1:    0.0000000000000000        0.0000000000000000     
 Iteration  4   Mean: 0.8059E+01 Abs mean: 0.8059E+01   Fluctuation:  0.136E+01   0.868E+04    65.3%
  4    0.8059E+01 0.8059E+01 +- 0.1356E+01     15.05
 Relative summed weights:
  0.5085E+00  0.0000E+00  0.0000E+00  0.0000E+00
  0.0000E+00  0.0000E+00  0.4915E+00  0.0000E+00
 Relative number of events:
  0.5050E+00  0.0000E+00  0.0000E+00  0.0000E+00
  0.0000E+00  0.0000E+00  0.4950E+00  0.0000E+00
 Events:
        4040           0           0           0
           0           0        3960           0
 Accuracy:    0.148   0.100   0.050   8.614
 Found          578  events.
 Wrote            9  events.
 Actual xsec    4.8768777835693431     
 Correct abs xsec    4.8768777835693431     
 Event xsec    4.8768777835693431     
 Events wgts > 1:            1
 % Cross section > 1:   7.20745886306772832E-008  1.47788383940034970E-006
 Iteration  5   Mean: 0.7653E+01 Abs mean: 0.7653E+01   Fluctuation:  0.434E+00   0.362E+04    65.4%
  5    0.7653E+01 0.7653E+01 +- 0.4336E+00      7.17
 Relative summed weights:
  0.5073E+00  0.0000E+00  0.0000E+00  0.0000E+00
  0.0000E+00  0.0000E+00  0.4927E+00  0.0000E+00
 Relative number of events:
  0.5043E+00  0.0000E+00  0.0000E+00  0.0000E+00
  0.0000E+00  0.0000E+00  0.4957E+00  0.0000E+00
 Events:
        8069           0           0           0
           0           0        7931           0
 Accuracy:    0.141   0.100   0.038  13.968
 Found         1513  events.
 Wrote           42  events.
 Actual xsec    7.7262167677429296     
 Correct abs xsec    7.7262167677429296     
 Event xsec    7.7262167677429394     
 Events wgts > 1:            1
 % Cross section > 1:   2.67674349352375884E-009  3.46449442720685697E-008

 -------------------------------------------------------------------------------
 Accumulated results:   Integral =  0.6039E+01
                        Std dev  =  0.2271E+00
                       Cross sec =  0.6039E+01
             Chi**2 per DoF.     =     13.9680
 -------------------------------------------------------------------------------
-------------------------------------------------
---------------------------
 Results Last   3 iters: Integral =   0.7726E+01
                     Abs integral =   0.7726E+01
                          Std dev =   0.4112E+00
                  Chi**2 per DoF. =      0.1518
-------------------------------------------------
---------------------------
 Status  0.10000000000000001                6           5

ls status:
events.lhe
input_app.txt
results.dat
run1_app.log
