 Process in group number            0
 A PDF is used, so alpha_s(MZ) is going to be modified
 Old value of alpha_s from param_card:   0.11800000071525575     
  ****************************************
 
       NNPDFDriver version 1.0.3
   Grid: NNPDF23_lo_as_0130_qed_mem0.grid
  ****************************************
 New value of alpha_s from PDF nn23lo1:  0.13000000000000000     
 Warning! ptj set to xqcut=   20.000000000000000       to improve integration efficiency
 Note that this might affect non-radiated jets,
 e.g. from decays. Use cut_decays=F in run_card.
 Warning! mmjj set to xqcut=   20.000000000000000       to improve integration efficiency
 Note that this might affect non-radiated jets,
 e.g. from decays. Use cut_decays=F in run_card.
 Warning! drjl > 0 with xqcut > 0, set to 0
 *****************************************************
 *               MadGraph/MadEvent                   *
 *        --------------------------------           *
 *          http://madgraph.hep.uiuc.edu             *
 *          http://madgraph.phys.ucl.ac.be           *
 *          http://madgraph.roma2.infn.it            *
 *        --------------------------------           *
 *                                                   *
 *          PARAMETER AND COUPLING VALUES            *
 *                                                   *
 *****************************************************

  External Params
  ---------------------------------
  
 aEWM1 =    132.50697326660156     
 mdl_Gf =   1.16639000000000003E-005
 aS =   0.11800000071525575     
 mdl_ymb =    4.6999998092651367     
 mdl_ymt =    173.00000000000000     
 mdl_ymtau =    1.7769999504089355     
 mdl_MZ =    91.188003540039063     
 mdl_MT =    172.00000000000000     
 mdl_MB =    4.6999998092651367     
 mdl_MH =    120.00000000000000     
 mdl_MTA =    1.7769999504089355     
 mdl_WZ =    2.4414036273956299     
 mdl_WW =    2.0475995540618896     
 mdl_WT =    1.4394782781600952     
 mdl_WH =   5.75308827683329582E-003
  Internal Params
  ---------------------------------
  
 mdl_conjg__CKM3x3 =    1.0000000000000000     
 mdl_CKM3x3 =    1.0000000000000000     
 mdl_conjg__CKM1x1 =    1.0000000000000000     
 mdl_complexi =  (  0.0000000000000000     ,  1.0000000000000000     )
 mdl_MZ__exp__2 =    8315.2519896181766     
 mdl_MZ__exp__4 =    69143415.650849044     
 mdl_sqrt__2 =    1.4142135623730951     
 mdl_MH__exp__2 =    14400.000000000000     
 mdl_aEW =   7.54677263654659602E-003
 mdl_MW =    80.419003571204073     
 mdl_sqrt__aEW =   8.68721626100478483E-002
 mdl_ee =   0.30795379830933894     
 mdl_MW__exp__2 =    6467.2161353853335     
 mdl_sw2 =   0.22224652440361004     
 mdl_cw =   0.88190332553879736     
 mdl_sqrt__sw2 =   0.47143029644223128     
 mdl_sw =   0.47143029644223128     
 mdl_g1 =   0.34919224068147731     
 mdl_gw =   0.65323293948944450     
 mdl_vev =    246.21845810181637     
 mdl_vev__exp__2 =    60623.529110035903     
 mdl_lam =   0.11876576810517747     
 mdl_yb =   2.69955531549349870E-002
 mdl_yt =   0.99366614581500623     
 mdl_ytau =   1.02066167158167860E-002
 mdl_muH =    84.852813742385706     
 mdl_I1x33 =  ( 2.69955531549349870E-002,  0.0000000000000000     )
 mdl_I2x33 =  ( 0.99366614581500623     ,  0.0000000000000000     )
 mdl_I3x33 =  ( 0.99366614581500623     ,  0.0000000000000000     )
 mdl_I4x33 =  ( 2.69955531549349870E-002,  0.0000000000000000     )
 mdl_ee__exp__2 =   9.48355418931490085E-002
 mdl_sw__exp__2 =   0.22224652440361006     
 mdl_cw__exp__2 =   0.77775347559638996     
  Internal Params evaluated point by point
  ----------------------------------------
  
 mdl_sqrt__aS =   0.34351128178744839     
 mdl_G__exp__2 =    1.4828317414825511     
  Couplings of sm
  ---------------------------------
  
        GC_10 =  -0.12177E+01   0.00000E+00
        GC_11 =   0.00000E+00   0.12177E+01
       GC_100 =   0.00000E+00   0.46191E+00

 Collider parameters:
 --------------------

 Running at P P   machine @    13000.000000000000       GeV
 PDF set = nn23lo1
 alpha_s(Mz)= 0.1300 running at 2 loops.
 alpha_s(Mz)= 0.1300 running at 2 loops.
 Renormalization scale set on event-by-event basis
 Factorization   scale set on event-by-event basis


 getting user params
Enter number of events and max and min iterations: 
 Number of events and iterations         2000           9           3
Enter desired fractional accuracy: 
 Desired fractional accuracy:   -65.444000000000003     
Enter 0 for fixed, 2 for adjustable grid: 
Suppress amplitude (0 no, 1 yes)? 
 Using suppressed amplitude.
Exact helicity sum (0 yes, n = number/event)? 
 Explicitly summing over helicities
Enter Configuration Number: 
Running Configuration Number:    3
 Not subdividing B.W.
 Attempting mappinvarients           1           8
 Completed mapping           8
 about to integrate           16        2000           9           3          16           1
 Using non-zero grid deformation.
 16 dimensions   2000 events 16 invarients  9 iterations  1 config(s),  (0.99)
 Using h-tuple random number sequence.
 Error opening grid
 Using Uniform Grid!
 Using uniform alpha   1.0000000000000000     
 Grid defined OK
 Set CM energy to      13000.00
 Mapping Graph           3  to config           3
 Setting BW          -1           1   80.419003571204073     
 Setting BW          -2           2   172.00000000000000     
 Setting BW          -3           3   80.419003571204073     
 Setting BW          -4           4   172.00000000000000     
Setting grid   5    0.12786E-05   1
 Transforming s_hat 1/s           15  1.09391608200776463E-003
 Masses: 0.000E+00 0.000E+00 0.470E+01 0.470E+01 0.000E+00 0.000E+00 0.000E+00 0.000E+00
   3   1   2   3   4   5   6   7   8   9  10  11  12  13  14
  15  16
 Got moffset           2
Using random seed offsets     3 :      1
  with seed                    7
 Ranmar initialization seeds       10338       15695
  Particle       3       4       5       6       7       8
      Et >     0.0     0.0    10.0     0.0    20.0    20.0
       E >     0.0     0.0     0.0     0.0     0.0     0.0
     Eta <    -1.0    -1.0     2.5    -1.0     5.0     5.0
   xqcut:      0.0     0.0     0.0     0.0     0.0     0.0
d R # 3  >    -0.0     0.0     0.0     0.0     0.0     0.0
d R # 4  >    -0.0    -0.0     0.0     0.0     0.0     0.0
d R # 5  >    -0.0    -0.0    -0.0     0.0     0.0     0.0
d R # 6  >    -0.0    -0.0    -0.0    -0.0     0.0     0.0
d R # 7  >    -0.0    -0.0    -0.0    -0.0    -0.0     0.0
s min # 3>     0.0     0.0     0.0     0.0     0.0     0.0
s min # 4>     0.0     0.0     0.0     0.0     0.0     0.0
s min # 5>     0.0     0.0     0.0     0.0     0.0     0.0
s min # 6>     0.0     0.0     0.0     0.0     0.0     0.0
s min # 7>     0.0     0.0     0.0     0.0   400.0   400.0
xqcutij # 3>     0.0     0.0     0.0     0.0     0.0     0.0
xqcutij # 4>     0.0     0.0     0.0     0.0     0.0     0.0
xqcutij # 5>     0.0     0.0     0.0     0.0     0.0     0.0
xqcutij # 6>     0.0     0.0     0.0     0.0     0.0     0.0
xqcutij # 7>     0.0     0.0     0.0     0.0     0.0    20.0
 No cut BW           -1           1
 No cut BW           -2           2
 No cut BW           -3           3
 No cut BW           -4           4
 alpha_s for scale    289.90442538614803       is   0.10903990360122581     
 Added good helicity           10  4.56977435205195830E-003  in event            1
 Added good helicity           26   12.960370268117849       in event            1
 Added good helicity           42  1.98183869564068905E-006  in event            1
 Added good helicity           58  5.62070713527760071E-003  in event            1
 Added good helicity           74  1.99774647054322532E-004  in event            1
 Added good helicity           90  0.56658232913490536       in event            1
 Added good helicity          122  2.45717774585869897E-004  in event            1
 Added good helicity          138  5.31358843782474416E-002  in event            1
 Added good helicity          154   150.69906805283648       in event            1
 Added good helicity          170  2.30441907357229328E-005  in event            1
 Added good helicity          186  6.53557969071257572E-002  in event            1
 Added good helicity          202  3.22882041962317123E-002  in event            1
 Added good helicity          218   91.572810698597209       in event            1
 Added good helicity          234  1.40028823217729836E-005  in event            1
 Added good helicity          250  3.97136763721316829E-002  in event            1
 Added good helicity            6  3.82980067796709431E-003  in event            1
 Added good helicity           22   15.278464192767098       in event            1
 Added good helicity           54  2.34770653217304540E-003  in event            1
 Added good helicity           70  8.17596436356331398E-003  in event            1
 Added good helicity           86   32.616887737444600       in event            1
 Added good helicity          102  1.25632816891625168E-006  in event            1
 Added good helicity          118  5.01194880808795030E-003  in event            1
 Added good helicity          134  2.22807861904307479E-002  in event            1
 Added good helicity          150   88.886138632648851       in event            1
 Added good helicity          166  3.42369145362060977E-006  in event            1
 Added good helicity          182  1.36583471777417254E-002  in event            1
 Added good helicity          198  2.98581605025907380E-002  in event            1
 Added good helicity          214   119.11503351210305       in event            1
 Added good helicity          230  4.58803958082307119E-006  in event            1
 Added good helicity          246  1.83033542329969073E-002  in event            1
 Added good helicity          106  6.13919557708827134E-003  in event            2
 Added good helicity           38  1.50751059872601136E-003  in event            2
 Iteration  1   Mean: 0.2785E+02 Abs mean: 0.2785E+02   Fluctuation:  0.106E+01   0.307E+03    31.4%
  1    0.2785E+02 0.2785E+02 +- 0.1059E+01      1.70
 Writing out events  4.92923109226251106E-003   1.7008009721544426     
 Relative summed weights:
  0.4819E+00  0.0000E+00  0.0000E+00  0.0000E+00
  0.0000E+00  0.0000E+00  0.5181E+00  0.0000E+00
 Relative number of events:
  0.5055E+00  0.0000E+00  0.0000E+00  0.0000E+00
  0.0000E+00  0.0000E+00  0.4945E+00  0.0000E+00
 Events:
        1011           0           0           0
           0           0         989           0
 Iteration  2   Mean: 0.7028E+02 Abs mean: 0.7028E+02   Fluctuation:  0.245E+02   0.679E+05    47.1%
  2    0.7028E+02 0.7028E+02 +- 0.2455E+02     22.09
 Relative summed weights:
  0.7961E+00  0.0000E+00  0.0000E+00  0.0000E+00
  0.0000E+00  0.0000E+00  0.2039E+00  0.0000E+00
 Relative number of events:
  0.4963E+00  0.0000E+00  0.0000E+00  0.0000E+00
  0.0000E+00  0.0000E+00  0.5038E+00  0.0000E+00
 Events:
        1985           0           0           0
           0           0        2015           0
 Iteration  3   Mean: 0.4092E+02 Abs mean: 0.4092E+02   Fluctuation:  0.803E+01   0.582E+05    53.7%
  3    0.4092E+02 0.4092E+02 +- 0.8033E+01     17.56
 Relative summed weights:
  0.4454E+00  0.0000E+00  0.0000E+00  0.0000E+00
  0.0000E+00  0.0000E+00  0.5546E+00  0.0000E+00
 Relative number of events:
  0.4933E+00  0.0000E+00  0.0000E+00  0.0000E+00
  0.0000E+00  0.0000E+00  0.5068E+00  0.0000E+00
 Events:
        3946           0           0           0
           0           0        4054           0
 Found          608  events.
 Wrote            4  events.
 Actual xsec    28.795873338679595     
 Correct abs xsec    28.795873338679595     
 Event xsec    28.795873338679591     
 Events wgts > 1:            1
 % Cross section > 1:   3.43464299668028161E-007  1.19275527999588493E-006
 Checking number of events   1884.5171347765474                4  chi2:    2.9675743118009561     
 Found          608  events.
 Wrote            3  events.
 Actual xsec    28.795873338679595     
 Correct abs xsec    28.795873338679595     
 Event xsec    28.795873338679598     
 Events wgts > 1:            1
 % Cross section > 1:   4.57952396004657203E-007  1.59034036099026719E-006
 Iteration  4   Mean: 0.4208E+02 Abs mean: 0.4208E+02   Fluctuation:  0.176E+01   0.967E+04    54.8%
  4    0.4208E+02 0.4208E+02 +- 0.1761E+01      5.29
 Relative summed weights:
  0.5164E+00  0.0000E+00  0.0000E+00  0.0000E+00
  0.0000E+00  0.0000E+00  0.4836E+00  0.0000E+00
 Relative number of events:
  0.5046E+00  0.0000E+00  0.0000E+00  0.0000E+00
  0.0000E+00  0.0000E+00  0.4954E+00  0.0000E+00
 Events:
        8073           0           0           0
           0           0        7927           0
 Found         2055  events.
 Wrote          104  events.
 Actual xsec    42.414268189822096     
 Correct abs xsec    42.414268189822096     
 Event xsec    42.414268189822245     
 Events wgts > 1:            5
 % Cross section > 1:   0.29296786706940364       0.69072951054641651     
 Checking number of events   2775.7593674147174              104  chi2:   0.67930848487521600     
 Found         2055  events.
 Wrote          100  events.
 Actual xsec    42.414268189822096     
 Correct abs xsec    42.414268189822096     
 Event xsec    42.414268189822238     
 Events wgts > 1:            5
 % Cross section > 1:   0.30460242259927028       0.71816026917178533     
 Iteration  5   Mean: 0.4098E+02 Abs mean: 0.4098E+02   Fluctuation:  0.650E+00   0.439E+04    56.0%
  5    0.4098E+02 0.4098E+02 +- 0.6500E+00      2.84
 Relative summed weights:
  0.4881E+00  0.0000E+00  0.0000E+00  0.0000E+00
  0.0000E+00  0.0000E+00  0.5119E+00  0.0000E+00
 Relative number of events:
  0.4979E+00  0.0000E+00  0.0000E+00  0.0000E+00
  0.0000E+00  0.0000E+00  0.5021E+00  0.0000E+00
 Events:
       15933           0           0           0
           0           0       16067           0
 Found         4563  events.
 Wrote          690  events.
 Actual xsec    41.118583164709392     
 Correct abs xsec    41.118583164709392     
 Event xsec    41.118583164710010     
 Events wgts > 1:           20
 % Cross section > 1:   0.36378889971459416       0.88473111599529941     
 Checking number of events   2690.9645566312415              690  chi2:   0.17216175046090365     
 Found         4563  events.
 Wrote          668  events.
 Actual xsec    41.118583164709392     
 Correct abs xsec    41.118583164709392     
 Event xsec    41.118583164709690     
 Events wgts > 1:           20
 % Cross section > 1:   0.37566051186139660       0.91360276290796383     
 Iteration  6   Mean: 0.4073E+02 Abs mean: 0.4073E+02   Fluctuation:  0.282E+00   0.134E+04    55.7%
  6    0.4073E+02 0.4073E+02 +- 0.2824E+00      1.75
 Relative summed weights:
  0.4993E+00  0.0000E+00  0.0000E+00  0.0000E+00
  0.0000E+00  0.0000E+00  0.5007E+00  0.0000E+00
 Relative number of events:
  0.4992E+00  0.0000E+00  0.0000E+00  0.0000E+00
  0.0000E+00  0.0000E+00  0.5008E+00  0.0000E+00
 Events:
       31949           0           0           0
           0           0       32051           0
 Found        10652  events.
 Wrote         4684  events.
 Actual xsec    40.799494331734927     
 Correct abs xsec    40.799494331734927     
 Event xsec    40.799494331731125     
 Events wgts > 1:          144
 % Cross section > 1:   0.40236517739241945       0.98620138308794336     
 Checking number of events   2670.0821070460606             4684  chi2:   0.33503866112670644     

 -------------------------------------------------------------------------------
 Accumulated results:   Integral =  0.4047E+02
                        Std dev  =  0.2506E+00
                       Cross sec =  0.1482E+02
             Chi**2 per DoF.     =
-------------------------------------------------
---------------------------
 Results Last   3 iters: Integral =   0.4080E+02
                     Abs integral =   0.4080E+02
                          Std dev =   0.2563E+00
                  Chi**2 per DoF. =      0.3350
-------------------------------------------------
---------------------------
 Status  -65.444000000000003                7           9
 We found enough events        4684   2670.0821070460606     

ls status:
events.lhe
ftn25
ftn26
input_sg.txt
moffset.dat
results.dat
run1_app.log
