 Process in group number            0
 A PDF is used, so alpha_s(MZ) is going to be modified
 Old value of alpha_s from param_card:   0.11800000071525575     
  ****************************************
 
       NNPDFDriver version 1.0.3
   Grid: NNPDF23_lo_as_0130_qed_mem0.grid
  ****************************************
 New value of alpha_s from PDF nn23lo1:  0.13000000000000000     
 Warning! ptj set to xqcut=   20.000000000000000       to improve integration efficiency
 Note that this might affect non-radiated jets,
 e.g. from decays. Use cut_decays=F in run_card.
 Warning! mmjj set to xqcut=   20.000000000000000       to improve integration efficiency
 Note that this might affect non-radiated jets,
 e.g. from decays. Use cut_decays=F in run_card.
 Warning! drjl > 0 with xqcut > 0, set to 0
 *****************************************************
 *               MadGraph/MadEvent                   *
 *        --------------------------------           *
 *          http://madgraph.hep.uiuc.edu             *
 *          http://madgraph.phys.ucl.ac.be           *
 *          http://madgraph.roma2.infn.it            *
 *        --------------------------------           *
 *                                                   *
 *          PARAMETER AND COUPLING VALUES            *
 *                                                   *
 *****************************************************

  External Params
  ---------------------------------
  
 aEWM1 =    132.50697326660156     
 mdl_Gf =   1.16639000000000003E-005
 aS =   0.11800000071525575     
 mdl_ymb =    4.6999998092651367     
 mdl_ymt =    173.00000000000000     
 mdl_ymtau =    1.7769999504089355     
 mdl_MZ =    91.188003540039063     
 mdl_MT =    172.00000000000000     
 mdl_MB =    4.6999998092651367     
 mdl_MH =    120.00000000000000     
 mdl_MTA =    1.7769999504089355     
 mdl_WZ =    2.4414036273956299     
 mdl_WW =    2.0475995540618896     
 mdl_WT =    1.4394782781600952     
 mdl_WH =   5.75308827683329582E-003
  Internal Params
  ---------------------------------
  
 mdl_conjg__CKM3x3 =    1.0000000000000000     
 mdl_CKM3x3 =    1.0000000000000000     
 mdl_conjg__CKM1x1 =    1.0000000000000000     
 mdl_complexi =  (  0.0000000000000000     ,  1.0000000000000000     )
 mdl_MZ__exp__2 =    8315.2519896181766     
 mdl_MZ__exp__4 =    69143415.650849044     
 mdl_sqrt__2 =    1.4142135623730951     
 mdl_MH__exp__2 =    14400.000000000000     
 mdl_aEW =   7.54677263654659602E-003
 mdl_MW =    80.419003571204073     
 mdl_sqrt__aEW =   8.68721626100478483E-002
 mdl_ee =   0.30795379830933894     
 mdl_MW__exp__2 =    6467.2161353853335     
 mdl_sw2 =   0.22224652440361004     
 mdl_cw =   0.88190332553879736     
 mdl_sqrt__sw2 =   0.47143029644223128     
 mdl_sw =   0.47143029644223128     
 mdl_g1 =   0.34919224068147731     
 mdl_gw =   0.65323293948944450     
 mdl_vev =    246.21845810181637     
 mdl_vev__exp__2 =    60623.529110035903     
 mdl_lam =   0.11876576810517747     
 mdl_yb =   2.69955531549349870E-002
 mdl_yt =   0.99366614581500623     
 mdl_ytau =   1.02066167158167860E-002
 mdl_muH =    84.852813742385706     
 mdl_I1x33 =  ( 2.69955531549349870E-002,  0.0000000000000000     )
 mdl_I2x33 =  ( 0.99366614581500623     ,  0.0000000000000000     )
 mdl_I3x33 =  ( 0.99366614581500623     ,  0.0000000000000000     )
 mdl_I4x33 =  ( 2.69955531549349870E-002,  0.0000000000000000     )
 mdl_ee__exp__2 =   9.48355418931490085E-002
 mdl_sw__exp__2 =   0.22224652440361006     
 mdl_cw__exp__2 =   0.77775347559638996     
  Internal Params evaluated point by point
  ----------------------------------------
  
 mdl_sqrt__aS =   0.34351128178744839     
 mdl_G__exp__2 =    1.4828317414825511     
  Couplings of sm
  ---------------------------------
  
        GC_10 =  -0.12177E+01   0.00000E+00
        GC_11 =   0.00000E+00   0.12177E+01
       GC_100 =   0.00000E+00   0.46191E+00

 Collider parameters:
 --------------------

 Running at P P   machine @    13000.000000000000       GeV
 PDF set = nn23lo1
 alpha_s(Mz)= 0.1300 running at 2 loops.
 alpha_s(Mz)= 0.1300 running at 2 loops.
 Renormalization scale set on event-by-event basis
 Factorization   scale set on event-by-event basis


 getting user params
Enter number of events and max and min iterations: 
 Number of events and iterations         2000           9           3
Enter desired fractional accuracy: 
 Desired fractional accuracy:   -121.54000000000001     
Enter 0 for fixed, 2 for adjustable grid: 
Suppress amplitude (0 no, 1 yes)? 
 Using suppressed amplitude.
Exact helicity sum (0 yes, n = number/event)? 
 Explicitly summing over helicities
Enter Configuration Number: 
Running Configuration Number:    1
 Not subdividing B.W.
 Attempting mappinvarients           1           8
 Completed mapping           8
 about to integrate           16        2000           9           3          16           1
 Using non-zero grid deformation.
 16 dimensions   2000 events 16 invarients  9 iterations  1 config(s),  (0.99)
 Using h-tuple random number sequence.
 Error opening grid
 Using Uniform Grid!
 Using uniform alpha   1.0000000000000000     
 Grid defined OK
 Set CM energy to      13000.00
 Mapping Graph           1  to config           1
 Setting BW          -1           1   80.419003571204073     
 Setting BW          -2           2   172.00000000000000     
 Setting BW          -3           3   80.419003571204073     
 Setting BW          -4           4   172.00000000000000     
Setting grid   5    0.51146E-05   1
 Transforming s_hat 1/s           15  1.09391608200776463E-003
 Masses: 0.000E+00 0.000E+00 0.470E+01 0.470E+01 0.000E+00 0.000E+00 0.000E+00 0.000E+00
   1   1   2   3   4   5   6   7   8   9  10  11  12  13  14
  15  16
 Got moffset           2
Using random seed offsets     1 :      1
  with seed                    7
 Ranmar initialization seeds       10336       15695
  Particle       3       4       5       6       7       8
      Et >     0.0     0.0    10.0     0.0    20.0    20.0
       E >     0.0     0.0     0.0     0.0     0.0     0.0
     Eta <    -1.0    -1.0     2.5    -1.0     5.0     5.0
   xqcut:      0.0     0.0     0.0     0.0     0.0     0.0
d R # 3  >    -0.0     0.0     0.0     0.0     0.0     0.0
d R # 4  >    -0.0    -0.0     0.0     0.0     0.0     0.0
d R # 5  >    -0.0    -0.0    -0.0     0.0     0.0     0.0
d R # 6  >    -0.0    -0.0    -0.0    -0.0     0.0     0.0
d R # 7  >    -0.0    -0.0    -0.0    -0.0    -0.0     0.0
s min # 3>     0.0     0.0     0.0     0.0     0.0     0.0
s min # 4>     0.0     0.0     0.0     0.0     0.0     0.0
s min # 5>     0.0     0.0     0.0     0.0     0.0     0.0
s min # 6>     0.0     0.0     0.0     0.0     0.0     0.0
s min # 7>     0.0     0.0     0.0     0.0   400.0   400.0
xqcutij # 3>     0.0     0.0     0.0     0.0     0.0     0.0
xqcutij # 4>     0.0     0.0     0.0     0.0     0.0     0.0
xqcutij # 5>     0.0     0.0     0.0     0.0     0.0     0.0
xqcutij # 6>     0.0     0.0     0.0     0.0     0.0     0.0
xqcutij # 7>     0.0     0.0     0.0     0.0     0.0    20.0
 No cut BW           -1           1
 No cut BW           -2           2
 No cut BW           -3           3
 No cut BW           -4           4
 alpha_s for scale    259.61914513712952       is   0.11073722526944506     
 Added good helicity            6  0.11680904036081693       in event            1
 Added good helicity           22   148.86632752872225       in event            1
 Added good helicity           38  3.35414064014612808E-004  in event            1
 Added good helicity           54  0.42746571461508737       in event            1
 Added good helicity           70  3.70873068458833291E-002  in event            1
 Added good helicity           86   47.265615324150048       in event            1
 Added good helicity          102  1.06495218812768431E-004  in event            1
 Added good helicity          118  0.13572196188799898       in event            1
 Added good helicity          134  3.85501556326722158E-002  in event            1
 Added good helicity          150   49.129931013641489       in event            1
 Added good helicity          166  1.10695750339267563E-004  in event            1
 Added good helicity          182  0.14107529498693527       in event            1
 Added good helicity          198  7.69355914764906137E-003  in event            1
 Added good helicity          214   9.8049936237616144       in event            1
 Added good helicity          230  2.20918512169833903E-005  in event            1
 Added good helicity          246  2.81547793631771216E-002  in event            1
 Added good helicity           10  1.54785084503827053E-002  in event            1
 Added good helicity           26   26.291180049951983       in event            1
 Added good helicity           42  7.16602811046259877E-005  in event            1
 Added good helicity           58  0.12171930900133404       in event            1
 Added good helicity           74  9.63450907789954736E-002  in event            1
 Added good helicity           90   163.64794687545691       in event            1
 Added good helicity          106  4.46045322157822828E-004  in event            1
 Added good helicity          122  0.75763487889559589       in event            1
 Added good helicity          138  2.74179812145228553E-002  in event            1
 Added good helicity          154   46.571094561724202       in event            1
 Added good helicity          170  1.26936018896929532E-004  in event            1
 Added good helicity          186  0.21560848310037023       in event            1
 Added good helicity          202  1.06914740528111021E-002  in event            1
 Added good helicity          218   18.160113438765936       in event            1
 Added good helicity          234  4.94979240734475328E-005  in event            1
 Added good helicity          250  8.40752090607081448E-002  in event            1
 Iteration  1   Mean: 0.4800E+01 Abs mean: 0.4800E+01   Fluctuation:  0.501E+00   0.363E+03    61.2%
  1    0.4800E+01 0.4800E+01 +- 0.5005E+00      4.66
 Writing out events  4.35734208315072832E-004   4.6635792788358010     
 Relative summed weights:
  0.5122E+00  0.0000E+00  0.0000E+00  0.0000E+00
  0.0000E+00  0.0000E+00  0.4878E+00  0.0000E+00
 Relative number of events:
  0.4800E+00  0.0000E+00  0.0000E+00  0.0000E+00
  0.0000E+00  0.0000E+00  0.5200E+00  0.0000E+00
 Events:
         960           0           0           0
           0           0        1040           0
 Iteration  2   Mean: 0.7395E+01 Abs mean: 0.7395E+01   Fluctuation:  0.262E+01   0.105E+05    63.9%
  2    0.7395E+01 0.7395E+01 +- 0.2621E+01     22.41
 Relative summed weights:
  0.3323E+00  0.0000E+00  0.0000E+00  0.0000E+00
  0.0000E+00  0.0000E+00  0.6677E+00  0.0000E+00
 Relative number of events:
  0.5108E+00  0.0000E+00  0.0000E+00  0.0000E+00
  0.0000E+00  0.0000E+00  0.4893E+00  0.0000E+00
 Events:
        2043           0           0           0
           0           0        1957           0
 Iteration  3   Mean: 0.6931E+01 Abs mean: 0.6931E+01   Fluctuation:  0.101E+01   0.558E+04    62.7%
  3    0.6931E+01 0.6931E+01 +- 0.1008E+01     13.01
 Relative summed weights:
  0.5446E+00  0.0000E+00  0.0000E+00  0.0000E+00
  0.0000E+00  0.0000E+00  0.4554E+00  0.0000E+00
 Relative number of events:
  0.5034E+00  0.0000E+00  0.0000E+00  0.0000E+00
  0.0000E+00  0.0000E+00  0.4966E+00  0.0000E+00
 Events:
        4027           0           0           0
           0           0        3973           0
 Found          789  events.
 Wrote            7  events.
 Actual xsec    5.6245473742363377     
 Correct abs xsec    5.6245473742363377     
 Event xsec    5.6245473742363368     
 Events wgts > 1:            0
 % Cross section > 1:    0.0000000000000000        0.0000000000000000     
 Checking number of events   683.60748786468446                7  chi2:    2.4242766823999977     
 Found          789  events.
 Wrote           10  events.
 Actual xsec    5.6245473742363377     
 Correct abs xsec    5.6245473742363377     
 Event xsec    5.6245473742363385     
 Events wgts > 1:            0
 % Cross section > 1:    0.0000000000000000        0.0000000000000000     
 Iteration  4   Mean: 0.7958E+01 Abs mean: 0.7958E+01   Fluctuation:  0.737E+00   0.800E+04    64.2%
  4    0.7958E+01 0.7958E+01 +- 0.7373E+00     11.72
 Relative summed weights:
  0.5719E+00  0.0000E+00  0.0000E+00  0.0000E+00
  0.0000E+00  0.0000E+00  0.4281E+00  0.0000E+00
 Relative number of events:
  0.5010E+00  0.0000E+00  0.0000E+00  0.0000E+00
  0.0000E+00  0.0000E+00  0.4990E+00  0.0000E+00
 Events:
        8016           0           0           0
           0           0        7984           0
 Found         1649  events.
 Wrote           17  events.
 Actual xsec    7.6490283639277781     
 Correct abs xsec    7.6490283639277781     
 Event xsec    7.6490283639277727     
 Events wgts > 1:            0
 % Cross section > 1:    0.0000000000000000        0.0000000000000000     
 Checking number of events   929.66290735178222               17  chi2:   0.34578575371373277     
 Found         1649  events.
 Wrote           13  events.
 Actual xsec    7.6490283639277781     
 Correct abs xsec    7.6490283639277781     
 Event xsec    7.6490283639277772     
 Events wgts > 1:            0
 % Cross section > 1:    0.0000000000000000        0.0000000000000000     
 Iteration  5   Mean: 0.8277E+01 Abs mean: 0.8277E+01   Fluctuation:  0.277E+00   0.257E+04    63.9%
  5    0.8277E+01 0.8277E+01 +- 0.2770E+00      5.99
 Relative summed weights:
  0.4766E+00  0.0000E+00  0.0000E+00  0.0000E+00
  0.0000E+00  0.0000E+00  0.5234E+00  0.0000E+00
 Relative number of events:
  0.4943E+00  0.0000E+00  0.0000E+00  0.0000E+00
  0.0000E+00  0.0000E+00  0.5057E+00  0.0000E+00
 Events:
       15817           0           0           0
           0           0       16183           0
 Found         3310  events.
 Wrote          162  events.
 Actual xsec    8.1817456693117805     
 Correct abs xsec    8.1817456693117805     
 Event xsec    8.1817456693118000     
 Events wgts > 1:            8
 % Cross section > 1:   7.95983126690131687E-002  0.97287688821190776     
 Checking number of events   994.40936864815387              162  chi2:   0.87469718091373805     
 Found         3310  events.
 Wrote          186  events.
 Actual xsec    8.1817456693117805     
 Correct abs xsec    8.1817456693117805     
 Event xsec    8.1817456693117556     
 Events wgts > 1:            8
 % Cross section > 1:   6.94147006574911962E-002  0.84840941607184328     
 Iteration  6   Mean: 0.8186E+01 Abs mean: 0.8186E+01   Fluctuation:  0.942E-01   0.826E+03    64.3%
  6    0.8186E+01 0.8186E+01 +- 0.9417E-01      2.91
 Relative summed weights:
  0.5055E+00  0.0000E+00  0.0000E+00  0.0000E+00
  0.0000E+00  0.0000E+00  0.4945E+00  0.0000E+00
 Relative number of events:
  0.5024E+00  0.0000E+00  0.0000E+00  0.0000E+00
  0.0000E+00  0.0000E+00  0.4976E+00  0.0000E+00
 Events:
       32154           0           0           0
           0           0       31846           0
 Found         7664  events.
 Wrote         1592  events.
 Actual xsec    8.1927921078330019     
 Correct abs xsec    8.1927921078330019     
 Event xsec    8.1927921078331103     
 Events wgts > 1:           50
 % Cross section > 1:   8.23526939585389195E-002   1.0051847144980244     
 Checking number of events   995.75195278602314             1592  chi2:   9.95025593634322886E-002

 -------------------------------------------------------------------------------
 Accumulated results:   Integral =  0.8149E+01
                        Std dev  =  0.8730E-01
                       Cross sec =  0.3420E+01
             Chi**2 per DoF.     =
-------------------------------------------------
---------------------------
 Results Last   3 iters: Integral =   0.8193E+01
                     Abs integral =   0.8193E+01
                          Std dev =   0.8851E-01
                  Chi**2 per DoF. =      0.0995
-------------------------------------------------
---------------------------
 Status  -121.54000000000001                7           9
 We found enough events        1592   995.75195278602314     

ls status:
events.lhe
ftn25
ftn26
input_sg.txt
moffset.dat
results.dat
run1_app.log
