 Process in group number            0
 A PDF is used, so alpha_s(MZ) is going to be modified
 Old value of alpha_s from param_card:   0.11800000071525575     
  ****************************************
 
       NNPDFDriver version 1.0.3
   Grid: NNPDF23_lo_as_0130_qed_mem0.grid
  ****************************************
 New value of alpha_s from PDF nn23lo1:  0.13000000000000000     
 Warning! ptj set to xqcut=   20.000000000000000       to improve integration efficiency
 Note that this might affect non-radiated jets,
 e.g. from decays. Use cut_decays=F in run_card.
 Warning! mmjj set to xqcut=   20.000000000000000       to improve integration efficiency
 Note that this might affect non-radiated jets,
 e.g. from decays. Use cut_decays=F in run_card.
 Warning! drjl > 0 with xqcut > 0, set to 0
 *****************************************************
 *               MadGraph/MadEvent                   *
 *        --------------------------------           *
 *          http://madgraph.hep.uiuc.edu             *
 *          http://madgraph.phys.ucl.ac.be           *
 *          http://madgraph.roma2.infn.it            *
 *        --------------------------------           *
 *                                                   *
 *          PARAMETER AND COUPLING VALUES            *
 *                                                   *
 *****************************************************

  External Params
  ---------------------------------
  
 aEWM1 =    132.50697326660156     
 mdl_Gf =   1.16639000000000003E-005
 aS =   0.11800000071525575     
 mdl_ymb =    4.6999998092651367     
 mdl_ymt =    173.00000000000000     
 mdl_ymtau =    1.7769999504089355     
 mdl_MZ =    91.188003540039063     
 mdl_MT =    172.00000000000000     
 mdl_MB =    4.6999998092651367     
 mdl_MH =    120.00000000000000     
 mdl_MTA =    1.7769999504089355     
 mdl_WZ =    2.4414036273956299     
 mdl_WW =    2.0475995540618896     
 mdl_WT =    1.4394782781600952     
 mdl_WH =   5.75308827683329582E-003
  Internal Params
  ---------------------------------
  
 mdl_conjg__CKM3x3 =    1.0000000000000000     
 mdl_CKM3x3 =    1.0000000000000000     
 mdl_conjg__CKM1x1 =    1.0000000000000000     
 mdl_complexi =  (  0.0000000000000000     ,  1.0000000000000000     )
 mdl_MZ__exp__2 =    8315.2519896181766     
 mdl_MZ__exp__4 =    69143415.650849044     
 mdl_sqrt__2 =    1.4142135623730951     
 mdl_MH__exp__2 =    14400.000000000000     
 mdl_aEW =   7.54677263654659602E-003
 mdl_MW =    80.419003571204073     
 mdl_sqrt__aEW =   8.68721626100478483E-002
 mdl_ee =   0.30795379830933894     
 mdl_MW__exp__2 =    6467.2161353853335     
 mdl_sw2 =   0.22224652440361004     
 mdl_cw =   0.88190332553879736     
 mdl_sqrt__sw2 =   0.47143029644223128     
 mdl_sw =   0.47143029644223128     
 mdl_g1 =   0.34919224068147731     
 mdl_gw =   0.65323293948944450     
 mdl_vev =    246.21845810181637     
 mdl_vev__exp__2 =    60623.529110035903     
 mdl_lam =   0.11876576810517747     
 mdl_yb =   2.69955531549349870E-002
 mdl_yt =   0.99366614581500623     
 mdl_ytau =   1.02066167158167860E-002
 mdl_muH =    84.852813742385706     
 mdl_I1x33 =  ( 2.69955531549349870E-002,  0.0000000000000000     )
 mdl_I2x33 =  ( 0.99366614581500623     ,  0.0000000000000000     )
 mdl_I3x33 =  ( 0.99366614581500623     ,  0.0000000000000000     )
 mdl_I4x33 =  ( 2.69955531549349870E-002,  0.0000000000000000     )
 mdl_ee__exp__2 =   9.48355418931490085E-002
 mdl_sw__exp__2 =   0.22224652440361006     
 mdl_cw__exp__2 =   0.77775347559638996     
  Internal Params evaluated point by point
  ----------------------------------------
  
 mdl_sqrt__aS =   0.34351128178744839     
 mdl_G__exp__2 =    1.4828317414825511     
  Couplings of sm
  ---------------------------------
  
        GC_10 =  -0.12177E+01   0.00000E+00
        GC_11 =   0.00000E+00   0.12177E+01
       GC_100 =   0.00000E+00   0.46191E+00

 Collider parameters:
 --------------------

 Running at P P   machine @    13000.000000000000       GeV
 PDF set = nn23lo1
 alpha_s(Mz)= 0.1300 running at 2 loops.
 alpha_s(Mz)= 0.1300 running at 2 loops.
 Renormalization scale set on event-by-event basis
 Factorization   scale set on event-by-event basis


 getting user params
Enter number of events and max and min iterations: 
 Number of events and iterations         2000           9           3
Enter desired fractional accuracy: 
 Desired fractional accuracy:   -130.88999999999999     
Enter 0 for fixed, 2 for adjustable grid: 
Suppress amplitude (0 no, 1 yes)? 
 Using suppressed amplitude.
Exact helicity sum (0 yes, n = number/event)? 
 Explicitly summing over helicities
Enter Configuration Number: 
Running Configuration Number:    1
 Not subdividing B.W.
 Attempting mappinvarients           1           8
 Completed mapping           8
 about to integrate           16        2000           9           3          16           1
 Using non-zero grid deformation.
 16 dimensions   2000 events 16 invarients  9 iterations  1 config(s),  (0.99)
 Using h-tuple random number sequence.
 Error opening grid
 Using Uniform Grid!
 Using uniform alpha   1.0000000000000000     
 Grid defined OK
 Set CM energy to      13000.00
 Mapping Graph           1  to config           1
 Setting BW          -1           1   80.419003571204073     
 Setting BW          -2           2   172.00000000000000     
 Setting BW          -3           3   80.419003571204073     
 Setting BW          -4           4   172.00000000000000     
Setting grid   5    0.51146E-05   1
 Transforming s_hat 1/s           15  1.09391608200776463E-003
 Masses: 0.000E+00 0.000E+00 0.470E+01 0.470E+01 0.000E+00 0.000E+00 0.000E+00 0.000E+00
   1   1   2   3   4   5   6   7   8   9  10  11  12  13  14
  15  16
 Got moffset           1
Using random seed offsets     1 :      2
  with seed                    7
 Ranmar initialization seeds       10336       12539
  Particle       3       4       5       6       7       8
      Et >     0.0     0.0    10.0     0.0    20.0    20.0
       E >     0.0     0.0     0.0     0.0     0.0     0.0
     Eta <    -1.0    -1.0     2.5    -1.0     5.0     5.0
   xqcut:      0.0     0.0     0.0     0.0     0.0     0.0
d R # 3  >    -0.0     0.0     0.0     0.0     0.0     0.0
d R # 4  >    -0.0    -0.0     0.0     0.0     0.0     0.0
d R # 5  >    -0.0    -0.0    -0.0     0.0     0.0     0.0
d R # 6  >    -0.0    -0.0    -0.0    -0.0     0.0     0.0
d R # 7  >    -0.0    -0.0    -0.0    -0.0    -0.0     0.0
s min # 3>     0.0     0.0     0.0     0.0     0.0     0.0
s min # 4>     0.0     0.0     0.0     0.0     0.0     0.0
s min # 5>     0.0     0.0     0.0     0.0     0.0     0.0
s min # 6>     0.0     0.0     0.0     0.0     0.0     0.0
s min # 7>     0.0     0.0     0.0     0.0   400.0   400.0
xqcutij # 3>     0.0     0.0     0.0     0.0     0.0     0.0
xqcutij # 4>     0.0     0.0     0.0     0.0     0.0     0.0
xqcutij # 5>     0.0     0.0     0.0     0.0     0.0     0.0
xqcutij # 6>     0.0     0.0     0.0     0.0     0.0     0.0
xqcutij # 7>     0.0     0.0     0.0     0.0     0.0    20.0
 No cut BW           -1           1
 No cut BW           -2           2
 No cut BW           -3           3
 No cut BW           -4           4
 alpha_s for scale    231.78132677645382       is   0.11253922125103487     
 Added good helicity           74  0.10950854272874490       in event            1
 Added good helicity           90   253.08101837313322       in event            1
 Added good helicity          106  2.10216258172394177E-005  in event            1
 Added good helicity          122  4.85822780316243694E-002  in event            1
 Added good helicity          138  1.19388668925290119E-003  in event            1
 Added good helicity          154   2.7591460137195432       in event            1
 Added good helicity          186  5.29654889292164818E-004  in event            1
 Added good helicity          170  1.72579213434644296E-004  in event            2
 Added good helicity           70  0.50591600936974035       in event            1
 Added good helicity           86   235.58580358045899       in event            1
 Added good helicity          102  1.10372583786905800E-004  in event            1
 Added good helicity          118  5.13963056379314054E-002  in event            1
 Added good helicity          134  4.25413842445880319E-002  in event            1
 Added good helicity          150   19.809901262408612       in event            1
 Added good helicity          166  9.28099212119454934E-006  in event            1
 Added good helicity          182  4.32180430427450864E-003  in event            1
 Added good helicity           70  0.18395470683710335       in event            1
 Added good helicity           86   182.52070715896897       in event            1
 Added good helicity          102  2.15737028503479832E-003  in event            1
 Added good helicity          118   2.1405527306076855       in event            1
 Added good helicity          134  7.08090176846734448E-002  in event            1
 Added good helicity          150   70.257033392916497       in event            1
 Added good helicity          166  8.30428714176322923E-004  in event            1
 Added good helicity          182  0.82395519398585082       in event            1
 Added good helicity           74  4.43688244648772281E-002  in event            1
 Added good helicity           90   154.55633435160482       in event            1
 Added good helicity          106  3.05885006577534651E-006  in event            1
 Added good helicity          122  1.06553342171967578E-002  in event            1
 Added good helicity          138  2.90954989052359114E-002  in event            1
 Added good helicity          154   101.35255353641806       in event            1
 Added good helicity          170  2.00588520911793976E-006  in event            1
 Added good helicity          186  6.98738965457126968E-003  in event            1
 Iteration  1   Mean: 0.7927E+01 Abs mean: 0.7927E+01   Fluctuation:  0.735E+00   0.453E+03    62.0%
  1    0.7927E+01 0.7927E+01 +- 0.7347E+00      4.14
 Writing out events  7.10152155580837411E-004   4.1446838864573117     
 Relative summed weights:
  0.2200E+00  0.2765E+00  0.0000E+00  0.0000E+00
  0.0000E+00  0.0000E+00  0.2880E+00  0.2155E+00
 Relative number of events:
  0.2400E+00  0.2480E+00  0.0000E+00  0.0000E+00
  0.0000E+00  0.0000E+00  0.2495E+00  0.2625E+00
 Events:
         480         496           0           0
           0           0         499         525
 Iteration  2   Mean: 0.7486E+01 Abs mean: 0.7486E+01   Fluctuation:  0.250E+00   0.285E+03    62.0%
  2    0.7486E+01 0.7486E+01 +- 0.2502E+00      2.11
 Relative summed weights:
  0.2545E+00  0.2529E+00  0.0000E+00  0.0000E+00
  0.0000E+00  0.0000E+00  0.2245E+00  0.2681E+00
 Relative number of events:
  0.2565E+00  0.2407E+00  0.0000E+00  0.0000E+00
  0.0000E+00  0.0000E+00  0.2412E+00  0.2615E+00
 Events:
        1026         963           0           0
           0           0         965        1046
 Iteration  3   Mean: 0.1362E+02 Abs mean: 0.1362E+02   Fluctuation:  0.509E+01   0.399E+05    62.8%
  3    0.1362E+02 0.1362E+02 +- 0.5091E+01     33.44
 Relative summed weights:
  0.4993E+00  0.2051E+00  0.0000E+00  0.0000E+00
  0.0000E+00  0.0000E+00  0.1370E+00  0.1585E+00
 Relative number of events:
  0.2432E+00  0.2532E+00  0.0000E+00  0.0000E+00
  0.0000E+00  0.0000E+00  0.2571E+00  0.2464E+00
 Events:
        1946        2026           0           0
           0           0        2057        1971
 Found         1253  events.
 Wrote            4  events.
 Actual xsec    7.5793860567036218     
 Correct abs xsec    7.5793860567036218     
 Event xsec    7.5793860567036218     
 Events wgts > 1:            0
 % Cross section > 1:    0.0000000000000000        0.0000000000000000     
 Checking number of events   992.06584096193694                4  chi2:   0.88508167100503821     
 Found         1253  events.
 Wrote            1  events.
 Actual xsec    7.5793860567036218     
 Correct abs xsec    7.5793860567036218     
 Event xsec    7.5793860567036218     
 Events wgts > 1:            0
 % Cross section > 1:    0.0000000000000000        0.0000000000000000     
 Iteration  4   Mean: 0.1335E+02 Abs mean: 0.1335E+02   Fluctuation:  0.153E+01   0.111E+05    60.9%
  4    0.1335E+02 0.1335E+02 +- 0.1530E+01     14.50
 Relative summed weights:
  0.2125E+00  0.2475E+00  0.0000E+00  0.0000E+00
  0.0000E+00  0.0000E+00  0.1756E+00  0.3644E+00
 Relative number of events:
  0.2585E+00  0.2453E+00  0.0000E+00  0.0000E+00
  0.0000E+00  0.0000E+00  0.2456E+00  0.2506E+00
 Events:
        4136        3925           0           0
           0           0        3930        4009
 Found         1404  events.
 Wrote           21  events.
 Actual xsec    7.9867583801291904     
 Correct abs xsec    7.9867583801291904     
 Event xsec    7.9867583801291886     
 Events wgts > 1:            3
 % Cross section > 1:   5.83807499017249820E-002  0.73096927593270511     
 Checking number of events   1045.3868043751097               21  chi2:    8.7547390525676896     
 Found         1404  events.
 Wrote           17  events.
 Actual xsec    7.9867583801291904     
 Correct abs xsec    7.9867583801291904     
 Event xsec    7.9867583801291877     
 Events wgts > 1:            3
 % Cross section > 1:   7.19935731960816283E-002  0.90141168380903391     
 Iteration  5   Mean: 0.1296E+02 Abs mean: 0.1296E+02   Fluctuation:  0.641E+00   0.843E+04    60.9%
  5    0.1296E+02 0.1296E+02 +- 0.6407E+00      8.84
 Relative summed weights:
  0.2509E+00  0.2487E+00  0.0000E+00  0.0000E+00
  0.0000E+00  0.0000E+00  0.2845E+00  0.2159E+00
 Relative number of events:
  0.2567E+00  0.2483E+00  0.0000E+00  0.0000E+00
  0.0000E+00  0.0000E+00  0.2509E+00  0.2441E+00
 Events:
        8215        7945           0           0
           0           0        8029        7811
 Found         3113  events.
 Wrote           75  events.
 Actual xsec    13.030263462108024     
 Correct abs xsec    13.030263462108024     
 Event xsec    13.030263462108028     
 Events wgts > 1:            3
 % Cross section > 1:   0.11368656190586826       0.87248091518999960     
 Checking number of events   1705.5311845553192               75  chi2:   3.41866027970525940E-002
 Found         3113  events.
 Wrote           87  events.
 Actual xsec    13.030263462108024     
 Correct abs xsec    13.030263462108024     
 Event xsec    13.030263462108062     
 Events wgts > 1:            3
 % Cross section > 1:   9.81237410794298104E-002  0.75304495081602252     
 Iteration  6   Mean: 0.1242E+02 Abs mean: 0.1242E+02   Fluctuation:  0.196E+00   0.140E+04    61.1%
  6    0.1242E+02 0.1242E+02 +- 0.1958E+00      3.99
 Relative summed weights:
  0.2505E+00  0.2434E+00  0.0000E+00  0.0000E+00
  0.0000E+00  0.0000E+00  0.2605E+00  0.2456E+00
 Relative number of events:
  0.2501E+00  0.2529E+00  0.0000E+00  0.0000E+00
  0.0000E+00  0.0000E+00  0.2507E+00  0.2463E+00
 Events:
       16009       16185           0           0
           0           0       16044       15762
 Found         7067  events.
 Wrote          924  events.
 Actual xsec    12.481543813425183     
 Correct abs xsec    12.481543813425183     
 Event xsec    12.481543813425322     
 Events wgts > 1:           48
 % Cross section > 1:   0.12216097333338885       0.97873288079949539     
 Checking number of events   1633.7092697392220              924  chi2:   0.49579848871010435     
 Found         7067  events.
 Wrote          897  events.
 Actual xsec    12.481543813425183     
 Correct abs xsec    12.481543813425183     
 Event xsec    12.481543813425406     
 Events wgts > 1:           48
 % Cross section > 1:   0.12580099827783686        1.0078961397589512     
 Iteration  7   Mean: 0.1238E+02 Abs mean: 0.1238E+02   Fluctuation:  0.762E-01   0.814E+03    62.1%
  7    0.1238E+02 0.1238E+02 +- 0.7621E-01      2.20
 Relative summed weights:
  0.2505E+00  0.2485E+00  0.0000E+00  0.0000E+00
  0.0000E+00  0.0000E+00  0.2498E+00  0.2512E+00
 Relative number of events:
  0.2514E+00  0.2476E+00  0.0000E+00  0.0000E+00
  0.0000E+00  0.0000E+00  0.2522E+00  0.2488E+00
 Events:
       32175       31697           0           0
           0           0       32279       31849
 Found        17917  events.
 Wrote         6609  events.
 Actual xsec    12.391252666529326     
 Correct abs xsec    12.391252666529326     
 Event xsec    12.391252666529745     
 Events wgts > 1:          242
 % Cross section > 1:   0.12298010766676506       0.99247518371527554     
 Checking number of events   1621.8910615220232             6609  chi2:   0.41714425188557797     

 -------------------------------------------------------------------------------
 Accumulated results:   Integral =  0.1224E+02
                        Std dev  =  0.6852E-01
                       Cross sec =  0.2597E+02
             Chi**2 per DoF.     =
-------------------------------------------------
---------------------------
 Results Last   3 iters: Integral =   0.1239E+02
                     Abs integral =   0.1239E+02
                          Std dev =   0.7059E-01
                  Chi**2 per DoF. =      0.4171
-------------------------------------------------
---------------------------
 Status  -130.88999999999999                8           9
 We found enough events        6609   1621.8910615220232     

ls status:
events.lhe
ftn25
ftn26
input_sg.txt
moffset.dat
results.dat
run1_app.log
