 Process in group number            0
 A PDF is used, so alpha_s(MZ) is going to be modified
 Old value of alpha_s from param_card:   0.11800000071525575     
  ****************************************
 
       NNPDFDriver version 1.0.3
   Grid: NNPDF23_lo_as_0130_qed_mem0.grid
  ****************************************
 New value of alpha_s from PDF nn23lo1:  0.13000000000000000     
 Warning! ptj set to xqcut=   20.000000000000000       to improve integration efficiency
 Note that this might affect non-radiated jets,
 e.g. from decays. Use cut_decays=F in run_card.
 Warning! mmjj set to xqcut=   20.000000000000000       to improve integration efficiency
 Note that this might affect non-radiated jets,
 e.g. from decays. Use cut_decays=F in run_card.
 Warning! drjl > 0 with xqcut > 0, set to 0
 *****************************************************
 *               MadGraph/MadEvent                   *
 *        --------------------------------           *
 *          http://madgraph.hep.uiuc.edu             *
 *          http://madgraph.phys.ucl.ac.be           *
 *          http://madgraph.roma2.infn.it            *
 *        --------------------------------           *
 *                                                   *
 *          PARAMETER AND COUPLING VALUES            *
 *                                                   *
 *****************************************************

  External Params
  ---------------------------------
  
 aEWM1 =    132.50697326660156     
 mdl_Gf =   1.16639000000000003E-005
 aS =   0.11800000071525575     
 mdl_ymb =    4.6999998092651367     
 mdl_ymt =    173.00000000000000     
 mdl_ymtau =    1.7769999504089355     
 mdl_MZ =    91.188003540039063     
 mdl_MT =    172.00000000000000     
 mdl_MB =    4.6999998092651367     
 mdl_MH =    120.00000000000000     
 mdl_MTA =    1.7769999504089355     
 mdl_WZ =    2.4414036273956299     
 mdl_WW =    2.0475995540618896     
 mdl_WT =    1.4394782781600952     
 mdl_WH =   5.75308827683329582E-003
  Internal Params
  ---------------------------------
  
 mdl_conjg__CKM3x3 =    1.0000000000000000     
 mdl_CKM3x3 =    1.0000000000000000     
 mdl_conjg__CKM1x1 =    1.0000000000000000     
 mdl_complexi =  (  0.0000000000000000     ,  1.0000000000000000     )
 mdl_MZ__exp__2 =    8315.2519896181766     
 mdl_MZ__exp__4 =    69143415.650849044     
 mdl_sqrt__2 =    1.4142135623730951     
 mdl_MH__exp__2 =    14400.000000000000     
 mdl_aEW =   7.54677263654659602E-003
 mdl_MW =    80.419003571204073     
 mdl_sqrt__aEW =   8.68721626100478483E-002
 mdl_ee =   0.30795379830933894     
 mdl_MW__exp__2 =    6467.2161353853335     
 mdl_sw2 =   0.22224652440361004     
 mdl_cw =   0.88190332553879736     
 mdl_sqrt__sw2 =   0.47143029644223128     
 mdl_sw =   0.47143029644223128     
 mdl_g1 =   0.34919224068147731     
 mdl_gw =   0.65323293948944450     
 mdl_vev =    246.21845810181637     
 mdl_vev__exp__2 =    60623.529110035903     
 mdl_lam =   0.11876576810517747     
 mdl_yb =   2.69955531549349870E-002
 mdl_yt =   0.99366614581500623     
 mdl_ytau =   1.02066167158167860E-002
 mdl_muH =    84.852813742385706     
 mdl_I1x33 =  ( 2.69955531549349870E-002,  0.0000000000000000     )
 mdl_I2x33 =  ( 0.99366614581500623     ,  0.0000000000000000     )
 mdl_I3x33 =  ( 0.99366614581500623     ,  0.0000000000000000     )
 mdl_I4x33 =  ( 2.69955531549349870E-002,  0.0000000000000000     )
 mdl_ee__exp__2 =   9.48355418931490085E-002
 mdl_sw__exp__2 =   0.22224652440361006     
 mdl_cw__exp__2 =   0.77775347559638996     
  Internal Params evaluated point by point
  ----------------------------------------
  
 mdl_sqrt__aS =   0.34351128178744839     
 mdl_G__exp__2 =    1.4828317414825511     
  Couplings of sm
  ---------------------------------
  
        GC_10 =  -0.12177E+01   0.00000E+00
        GC_11 =   0.00000E+00   0.12177E+01
       GC_100 =   0.00000E+00   0.46191E+00

 Collider parameters:
 --------------------

 Running at P P   machine @    13000.000000000000       GeV
 PDF set = nn23lo1
 alpha_s(Mz)= 0.1300 running at 2 loops.
 alpha_s(Mz)= 0.1300 running at 2 loops.
 Renormalization scale set on event-by-event basis
 Factorization   scale set on event-by-event basis


 getting user params
Enter number of events and max and min iterations: 
 Number of events and iterations         2000           9           3
Enter desired fractional accuracy: 
 Desired fractional accuracy:   -130.88999999999999     
Enter 0 for fixed, 2 for adjustable grid: 
Suppress amplitude (0 no, 1 yes)? 
 Using suppressed amplitude.
Exact helicity sum (0 yes, n = number/event)? 
 Explicitly summing over helicities
Enter Configuration Number: 
Running Configuration Number:    1
 Not subdividing B.W.
 Attempting mappinvarients           1           8
 Completed mapping           8
 about to integrate           16        2000           9           3          16           1
 Using non-zero grid deformation.
 16 dimensions   2000 events 16 invarients  9 iterations  1 config(s),  (0.99)
 Using h-tuple random number sequence.
 Error opening grid
 Using Uniform Grid!
 Using uniform alpha   1.0000000000000000     
 Grid defined OK
 Set CM energy to      13000.00
 Mapping Graph           1  to config           1
 Setting BW          -1           1   80.419003571204073     
 Setting BW          -2           2   172.00000000000000     
 Setting BW          -3           3   80.419003571204073     
 Setting BW          -4           4   172.00000000000000     
Setting grid   5    0.51146E-05   1
 Transforming s_hat 1/s           15  1.09391608200776463E-003
 Masses: 0.000E+00 0.000E+00 0.470E+01 0.470E+01 0.000E+00 0.000E+00 0.000E+00 0.000E+00
   1   1   2   3   4   5   6   7   8   9  10  11  12  13  14
  15  16
 Got moffset          12
Using random seed offsets     1 :      2
  with seed                    7
 Ranmar initialization seeds       10336       17185
  Particle       3       4       5       6       7       8
      Et >     0.0     0.0    10.0     0.0    20.0    20.0
       E >     0.0     0.0     0.0     0.0     0.0     0.0
     Eta <    -1.0    -1.0     2.5    -1.0     5.0     5.0
   xqcut:      0.0     0.0     0.0     0.0     0.0     0.0
d R # 3  >    -0.0     0.0     0.0     0.0     0.0     0.0
d R # 4  >    -0.0    -0.0     0.0     0.0     0.0     0.0
d R # 5  >    -0.0    -0.0    -0.0     0.0     0.0     0.0
d R # 6  >    -0.0    -0.0    -0.0    -0.0     0.0     0.0
d R # 7  >    -0.0    -0.0    -0.0    -0.0    -0.0     0.0
s min # 3>     0.0     0.0     0.0     0.0     0.0     0.0
s min # 4>     0.0     0.0     0.0     0.0     0.0     0.0
s min # 5>     0.0     0.0     0.0     0.0     0.0     0.0
s min # 6>     0.0     0.0     0.0     0.0     0.0     0.0
s min # 7>     0.0     0.0     0.0     0.0   400.0   400.0
xqcutij # 3>     0.0     0.0     0.0     0.0     0.0     0.0
xqcutij # 4>     0.0     0.0     0.0     0.0     0.0     0.0
xqcutij # 5>     0.0     0.0     0.0     0.0     0.0     0.0
xqcutij # 6>     0.0     0.0     0.0     0.0     0.0     0.0
xqcutij # 7>     0.0     0.0     0.0     0.0     0.0    20.0
 No cut BW           -1           1
 No cut BW           -2           2
 No cut BW           -3           3
 No cut BW           -4           4
 alpha_s for scale    296.66779735235747       is   0.10869182859190708     
 Added good helicity           74  9.93512192589060261E-002  in event            1
 Added good helicity           90   39.867120748936088       in event            1
 Added good helicity          106  2.13009828725490934E-004  in event            1
 Added good helicity          122  8.54754337778103612E-002  in event            1
 Added good helicity          138  0.53566851173132846       in event            1
 Added good helicity          154   214.95016767679397       in event            1
 Added good helicity          170  1.14847768138789702E-003  in event            1
 Added good helicity          186  0.46085492199176070       in event            1
 Added good helicity           70  8.20300267113840409E-002  in event            1
 Added good helicity           86   242.02998816040781       in event            1
 Added good helicity          102  1.58960477210624650E-004  in event            1
 Added good helicity          118  0.46901365219135066       in event            1
 Added good helicity          134  4.53763654757911427E-003  in event            1
 Added good helicity          150   13.388318447717806       in event            1
 Added good helicity          166  8.79318098419497893E-006  in event            1
 Added good helicity          182  2.59443227659181333E-002  in event            1
 Added good helicity           70  0.17421061029180593       in event            1
 Added good helicity           86   252.16854604193233       in event            1
 Added good helicity          102  2.67828409398033877E-004  in event            1
 Added good helicity          118  0.38767960501084514       in event            1
 Added good helicity          134  2.25356882744013600E-003  in event            1
 Added good helicity          150   3.2620239012372605       in event            1
 Added good helicity          166  3.46459812930620805E-006  in event            1
 Added good helicity          182  5.01497969281746760E-003  in event            1
 Added good helicity           74  0.44284114251793150       in event            1
 Added good helicity           90   128.20562736578162       in event            1
 Added good helicity          106  1.52602131697235940E-003  in event            1
 Added good helicity          122  0.44179391102549959       in event            1
 Added good helicity          138  0.43535052136716640       in event            1
 Added good helicity          154   126.03703982548929       in event            1
 Added good helicity          170  1.50020879312139544E-003  in event            1
 Added good helicity          186  0.43432100370846338       in event            1
 Iteration  1   Mean: 0.6222E+01 Abs mean: 0.6222E+01   Fluctuation:  0.593E+00   0.395E+03    61.6%
  1    0.6222E+01 0.6222E+01 +- 0.5926E+00      4.26
 Writing out events  5.60862813292743127E-004   4.2592030159973753     
 Relative summed weights:
  0.2627E+00  0.1964E+00  0.0000E+00  0.0000E+00
  0.0000E+00  0.0000E+00  0.2510E+00  0.2899E+00
 Relative number of events:
  0.2455E+00  0.2405E+00  0.0000E+00  0.0000E+00
  0.0000E+00  0.0000E+00  0.2535E+00  0.2605E+00
 Events:
         491         481           0           0
           0           0         507         521
 Iteration  2   Mean: 0.7033E+01 Abs mean: 0.7033E+01   Fluctuation:  0.234E+00   0.154E+03    61.8%
  2    0.7033E+01 0.7033E+01 +- 0.2336E+00      2.10
 Relative summed weights:
  0.2379E+00  0.2278E+00  0.0000E+00  0.0000E+00
  0.0000E+00  0.0000E+00  0.2615E+00  0.2728E+00
 Relative number of events:
  0.2475E+00  0.2385E+00  0.0000E+00  0.0000E+00
  0.0000E+00  0.0000E+00  0.2505E+00  0.2635E+00
 Events:
         990         954           0           0
           0           0        1002        1054
 Iteration  3   Mean: 0.1072E+02 Abs mean: 0.1072E+02   Fluctuation:  0.282E+01   0.218E+05    62.9%
  3    0.1072E+02 0.1072E+02 +- 0.2816E+01     23.49
 Relative summed weights:
  0.4864E+00  0.1667E+00  0.0000E+00  0.0000E+00
  0.0000E+00  0.0000E+00  0.1725E+00  0.1744E+00
 Relative number of events:
  0.2457E+00  0.2514E+00  0.0000E+00  0.0000E+00
  0.0000E+00  0.0000E+00  0.2509E+00  0.2520E+00
 Events:
        1966        2011           0           0
           0           0        2007        2016
 Found         1272  events.
 Wrote            3  events.
 Actual xsec    6.9977761389163016     
 Correct abs xsec    6.9977761389163016     
 Event xsec    6.9977761389163016     
 Events wgts > 1:            1
 % Cross section > 1:   9.27006049700196399E-008  1.32471521137250266E-006
 Checking number of events   915.93891882275466                3  chi2:    1.7422553778343794     
 Found         1272  events.
 Wrote            1  events.
 Actual xsec    6.9977761389163016     
 Correct abs xsec    6.9977761389163016     
 Event xsec    6.9977761389163016     
 Events wgts > 1:            1
 % Cross section > 1:   2.78101807360542352E-007  3.97414552623299671E-006
 Iteration  4   Mean: 0.1555E+02 Abs mean: 0.1555E+02   Fluctuation:  0.192E+01   0.119E+05    63.3%
  4    0.1555E+02 0.1555E+02 +- 0.1920E+01     15.61
 Relative summed weights:
  0.2491E+00  0.3039E+00  0.0000E+00  0.0000E+00
  0.0000E+00  0.0000E+00  0.2236E+00  0.2234E+00
 Relative number of events:
  0.2530E+00  0.2485E+00  0.0000E+00  0.0000E+00
  0.0000E+00  0.0000E+00  0.2509E+00  0.2476E+00
 Events:
        4048        3976           0           0
           0           0        4014        3962
 Found         1696  events.
 Wrote           22  events.
 Actual xsec    7.6539002560315508     
 Correct abs xsec    7.6539002560315508     
 Event xsec    7.6539002560315472     
 Events wgts > 1:            2
 % Cross section > 1:   8.01798142230277788E-002   1.0475680573423101     
 Checking number of events   1001.8190045119695               22  chi2:    12.602452844816622     
 Found         1696  events.
 Wrote           32  events.
 Actual xsec    7.6539002560315508     
 Correct abs xsec    7.6539002560315508     
 Event xsec    7.6539002560315534     
 Events wgts > 1:            2
 % Cross section > 1:   5.53046704225707286E-002  0.72256847584326211     
 Iteration  5   Mean: 0.1300E+02 Abs mean: 0.1300E+02   Fluctuation:  0.578E+00   0.689E+04    62.2%
  5    0.1300E+02 0.1300E+02 +- 0.5775E+00      7.95
 Relative summed weights:
  0.2429E+00  0.2483E+00  0.0000E+00  0.0000E+00
  0.0000E+00  0.0000E+00  0.2189E+00  0.2899E+00
 Relative number of events:
  0.2482E+00  0.2497E+00  0.0000E+00  0.0000E+00
  0.0000E+00  0.0000E+00  0.2462E+00  0.2559E+00
 Events:
        7941        7991           0           0
           0           0        7880        8188
 Found         2674  events.
 Wrote           95  events.
 Actual xsec    13.230853575694184     
 Correct abs xsec    13.230853575694184     
 Event xsec    13.230853575694200     
 Events wgts > 1:            3
 % Cross section > 1:   0.11723820896045625       0.88609709335631415     
 Checking number of events   1731.7864245226115               95  chi2:    1.2082686547855477     
 Found         2674  events.
 Wrote          101  events.
 Actual xsec    13.230853575694184     
 Correct abs xsec    13.230853575694184     
 Event xsec    13.230853575694200     
 Events wgts > 1:            3
 % Cross section > 1:   0.11033164083186264       0.83389662050638891     
 Iteration  6   Mean: 0.1234E+02 Abs mean: 0.1234E+02   Fluctuation:  0.173E+00   0.165E+04    63.2%
  6    0.1234E+02 0.1234E+02 +- 0.1733E+00      3.55
 Relative summed weights:
  0.2392E+00  0.2525E+00  0.0000E+00  0.0000E+00
  0.0000E+00  0.0000E+00  0.2416E+00  0.2667E+00
 Relative number of events:
  0.2504E+00  0.2481E+00  0.0000E+00  0.0000E+00
  0.0000E+00  0.0000E+00  0.2469E+00  0.2547E+00
 Events:
       16025       15877           0           0
           0           0       15800       16298
 Found         7148  events.
 Wrote         1043  events.
 Actual xsec    12.438181977917029     
 Correct abs xsec    12.438181977917029     
 Event xsec    12.438181977917214     
 Events wgts > 1:           29
 % Cross section > 1:   0.11900971949140533       0.95680960210017474     
 Checking number of events   1628.0336390895598             1043  chi2:    1.9492062879622880     
 Found         7148  events.
 Wrote         1046  events.
 Actual xsec    12.438181977917029     
 Correct abs xsec    12.438181977917029     
 Event xsec    12.438181977917429     
 Events wgts > 1:           29
 % Cross section > 1:   0.11867164800641021       0.95409158844192954     
 Iteration  7   Mean: 0.1236E+02 Abs mean: 0.1236E+02   Fluctuation:  0.693E-01   0.728E+03    63.4%
  7    0.1236E+02 0.1236E+02 +- 0.6925E-01      2.00
 Relative summed weights:
  0.2500E+00  0.2525E+00  0.0000E+00  0.0000E+00
  0.0000E+00  0.0000E+00  0.2495E+00  0.2481E+00
 Relative number of events:
  0.2478E+00  0.2508E+00  0.0000E+00  0.0000E+00
  0.0000E+00  0.0000E+00  0.2501E+00  0.2513E+00
 Events:
       31715       32097           0           0
           0           0       32016       32172
 Found        18449  events.
 Wrote         8006  events.
 Actual xsec    12.370423065016311     
 Correct abs xsec    12.370423065016311     
 Event xsec    12.370423065013862     
 Events wgts > 1:          278
 % Cross section > 1:   0.12266183789798374       0.99157350765873975     
 Checking number of events   1619.1646749799847             8006  chi2:   0.61395836860549680     

 -------------------------------------------------------------------------------
 Accumulated results:   Integral =  0.1223E+02
                        Std dev  =  0.6230E-01
                       Cross sec =  0.3361E+02
             Chi**2 per DoF.     =
-------------------------------------------------
---------------------------
 Results Last   3 iters: Integral =   0.1237E+02
                     Abs integral =   0.1237E+02
                          Std dev =   0.6392E-01
                  Chi**2 per DoF. =      0.6140
-------------------------------------------------
---------------------------
 Status  -130.88999999999999                8           9
 We found enough events        8006   1619.1646749799847     

ls status:
events.lhe
ftn25
ftn26
input_sg.txt
moffset.dat
results.dat
run1_app.log
