 Process in group number            0
 A PDF is used, so alpha_s(MZ) is going to be modified
 Old value of alpha_s from param_card:   0.11800000071525575     
  ****************************************
 
       NNPDFDriver version 1.0.3
   Grid: NNPDF23_lo_as_0130_qed_mem0.grid
  ****************************************
 New value of alpha_s from PDF nn23lo1:  0.13000000000000000     
 Warning! ptj set to xqcut=   20.000000000000000       to improve integration efficiency
 Note that this might affect non-radiated jets,
 e.g. from decays. Use cut_decays=F in run_card.
 Warning! mmjj set to xqcut=   20.000000000000000       to improve integration efficiency
 Note that this might affect non-radiated jets,
 e.g. from decays. Use cut_decays=F in run_card.
 Warning! drjl > 0 with xqcut > 0, set to 0
 *****************************************************
 *               MadGraph/MadEvent                   *
 *        --------------------------------           *
 *          http://madgraph.hep.uiuc.edu             *
 *          http://madgraph.phys.ucl.ac.be           *
 *          http://madgraph.roma2.infn.it            *
 *        --------------------------------           *
 *                                                   *
 *          PARAMETER AND COUPLING VALUES            *
 *                                                   *
 *****************************************************

  External Params
  ---------------------------------
  
 aEWM1 =    132.50697326660156     
 mdl_Gf =   1.16639000000000003E-005
 aS =   0.11800000071525575     
 mdl_ymb =    4.6999998092651367     
 mdl_ymt =    173.00000000000000     
 mdl_ymtau =    1.7769999504089355     
 mdl_MZ =    91.188003540039063     
 mdl_MT =    172.00000000000000     
 mdl_MB =    4.6999998092651367     
 mdl_MH =    120.00000000000000     
 mdl_MTA =    1.7769999504089355     
 mdl_WZ =    2.4414036273956299     
 mdl_WW =    2.0475995540618896     
 mdl_WT =    1.4394782781600952     
 mdl_WH =   5.75308827683329582E-003
  Internal Params
  ---------------------------------
  
 mdl_conjg__CKM3x3 =    1.0000000000000000     
 mdl_CKM3x3 =    1.0000000000000000     
 mdl_conjg__CKM1x1 =    1.0000000000000000     
 mdl_complexi =  (  0.0000000000000000     ,  1.0000000000000000     )
 mdl_MZ__exp__2 =    8315.2519896181766     
 mdl_MZ__exp__4 =    69143415.650849044     
 mdl_sqrt__2 =    1.4142135623730951     
 mdl_MH__exp__2 =    14400.000000000000     
 mdl_aEW =   7.54677263654659602E-003
 mdl_MW =    80.419003571204073     
 mdl_sqrt__aEW =   8.68721626100478483E-002
 mdl_ee =   0.30795379830933894     
 mdl_MW__exp__2 =    6467.2161353853335     
 mdl_sw2 =   0.22224652440361004     
 mdl_cw =   0.88190332553879736     
 mdl_sqrt__sw2 =   0.47143029644223128     
 mdl_sw =   0.47143029644223128     
 mdl_g1 =   0.34919224068147731     
 mdl_gw =   0.65323293948944450     
 mdl_vev =    246.21845810181637     
 mdl_vev__exp__2 =    60623.529110035903     
 mdl_lam =   0.11876576810517747     
 mdl_yb =   2.69955531549349870E-002
 mdl_yt =   0.99366614581500623     
 mdl_ytau =   1.02066167158167860E-002
 mdl_muH =    84.852813742385706     
 mdl_I1x33 =  ( 2.69955531549349870E-002,  0.0000000000000000     )
 mdl_I2x33 =  ( 0.99366614581500623     ,  0.0000000000000000     )
 mdl_I3x33 =  ( 0.99366614581500623     ,  0.0000000000000000     )
 mdl_I4x33 =  ( 2.69955531549349870E-002,  0.0000000000000000     )
 mdl_ee__exp__2 =   9.48355418931490085E-002
 mdl_sw__exp__2 =   0.22224652440361006     
 mdl_cw__exp__2 =   0.77775347559638996     
  Internal Params evaluated point by point
  ----------------------------------------
  
 mdl_sqrt__aS =   0.34351128178744839     
 mdl_G__exp__2 =    1.4828317414825511     
  Couplings of sm
  ---------------------------------
  
        GC_10 =  -0.12177E+01   0.00000E+00
        GC_11 =   0.00000E+00   0.12177E+01
       GC_100 =   0.00000E+00   0.46191E+00

 Collider parameters:
 --------------------

 Running at P P   machine @    13000.000000000000       GeV
 PDF set = nn23lo1
 alpha_s(Mz)= 0.1300 running at 2 loops.
 alpha_s(Mz)= 0.1300 running at 2 loops.
 Renormalization scale set on event-by-event basis
 Factorization   scale set on event-by-event basis


 getting user params
Enter number of events and max and min iterations: 
 Number of events and iterations         2000           9           3
Enter desired fractional accuracy: 
 Desired fractional accuracy:   -130.88999999999999     
Enter 0 for fixed, 2 for adjustable grid: 
Suppress amplitude (0 no, 1 yes)? 
 Using suppressed amplitude.
Exact helicity sum (0 yes, n = number/event)? 
 Explicitly summing over helicities
Enter Configuration Number: 
Running Configuration Number:    1
 Not subdividing B.W.
 Attempting mappinvarients           1           8
 Completed mapping           8
 about to integrate           16        2000           9           3          16           1
 Using non-zero grid deformation.
 16 dimensions   2000 events 16 invarients  9 iterations  1 config(s),  (0.99)
 Using h-tuple random number sequence.
 Error opening grid
 Using Uniform Grid!
 Using uniform alpha   1.0000000000000000     
 Grid defined OK
 Set CM energy to      13000.00
 Mapping Graph           1  to config           1
 Setting BW          -1           1   80.419003571204073     
 Setting BW          -2           2   172.00000000000000     
 Setting BW          -3           3   80.419003571204073     
 Setting BW          -4           4   172.00000000000000     
Setting grid   5    0.51146E-05   1
 Transforming s_hat 1/s           15  1.09391608200776463E-003
 Masses: 0.000E+00 0.000E+00 0.470E+01 0.470E+01 0.000E+00 0.000E+00 0.000E+00 0.000E+00
   1   1   2   3   4   5   6   7   8   9  10  11  12  13  14
  15  16
 Got moffset          10
Using random seed offsets     1 :      2
  with seed                    7
 Ranmar initialization seeds       10336       10871
  Particle       3       4       5       6       7       8
      Et >     0.0     0.0    10.0     0.0    20.0    20.0
       E >     0.0     0.0     0.0     0.0     0.0     0.0
     Eta <    -1.0    -1.0     2.5    -1.0     5.0     5.0
   xqcut:      0.0     0.0     0.0     0.0     0.0     0.0
d R # 3  >    -0.0     0.0     0.0     0.0     0.0     0.0
d R # 4  >    -0.0    -0.0     0.0     0.0     0.0     0.0
d R # 5  >    -0.0    -0.0    -0.0     0.0     0.0     0.0
d R # 6  >    -0.0    -0.0    -0.0    -0.0     0.0     0.0
d R # 7  >    -0.0    -0.0    -0.0    -0.0    -0.0     0.0
s min # 3>     0.0     0.0     0.0     0.0     0.0     0.0
s min # 4>     0.0     0.0     0.0     0.0     0.0     0.0
s min # 5>     0.0     0.0     0.0     0.0     0.0     0.0
s min # 6>     0.0     0.0     0.0     0.0     0.0     0.0
s min # 7>     0.0     0.0     0.0     0.0   400.0   400.0
xqcutij # 3>     0.0     0.0     0.0     0.0     0.0     0.0
xqcutij # 4>     0.0     0.0     0.0     0.0     0.0     0.0
xqcutij # 5>     0.0     0.0     0.0     0.0     0.0     0.0
xqcutij # 6>     0.0     0.0     0.0     0.0     0.0     0.0
xqcutij # 7>     0.0     0.0     0.0     0.0     0.0    20.0
 No cut BW           -1           1
 No cut BW           -2           2
 No cut BW           -3           3
 No cut BW           -4           4
 alpha_s for scale    847.92428087530300       is   9.49312699140120592E-002
 Added good helicity           70  0.21486783515831639       in event            1
 Added good helicity           86   189.13018821174845       in event            1
 Added good helicity          102  7.55513972048508473E-005  in event            1
 Added good helicity          118  6.65015774114618291E-002  in event            1
 Added good helicity          134  7.55375896737491975E-002  in event            1
 Added good helicity          150   66.489423796407877       in event            1
 Added good helicity          166  2.65603757637038134E-005  in event            1
 Added good helicity          182  2.33788778272132104E-002  in event            1
 Added good helicity           74  0.75469430627245360       in event            1
 Added good helicity           90   211.01612809184104       in event            1
 Added good helicity          106  1.01820660061426233E-003  in event            1
 Added good helicity          122  0.28469542260149355       in event            1
 Added good helicity          138  0.15639169949376933       in event            1
 Added good helicity          154   43.727865201309889       in event            1
 Added good helicity          170  2.10998094701871075E-004  in event            1
 Added good helicity          186  5.89960737860273712E-002  in event            1
 Added good helicity           74  0.15503401087655716       in event            1
 Added good helicity           90   222.16085892015337       in event            1
 Added good helicity          106  3.88107528672228820E-006  in event            1
 Added good helicity          122  5.56150882220632619E-003  in event            1
 Added good helicity          138  2.34854495666486605E-002  in event            1
 Added good helicity          154   33.654213152022365       in event            1
 Added good helicity          186  8.42489555807191264E-004  in event            1
 Added good helicity          170  6.24915361262595227E-004  in event            2
 Added good helicity           70  0.48729955463840580       in event            1
 Added good helicity           86   188.65821581113968       in event            1
 Added good helicity          102  1.10826280936014793E-004  in event            1
 Added good helicity          118  4.29064386112304325E-002  in event            1
 Added good helicity          134  0.17208864533755974       in event            1
 Added good helicity          150   66.624187282155305       in event            1
 Added good helicity          166  3.91380299295177167E-005  in event            1
 Added good helicity          182  1.51523038069361366E-002  in event            1
 Iteration  1   Mean: 0.6771E+01 Abs mean: 0.6771E+01   Fluctuation:  0.610E+00   0.444E+03    61.2%
  1    0.6771E+01 0.6771E+01 +- 0.6103E+00      4.03
 Writing out events  6.14618558279847742E-004   4.0313816509261962     
 Relative summed weights:
  0.3284E+00  0.2001E+00  0.0000E+00  0.0000E+00
  0.0000E+00  0.0000E+00  0.2202E+00  0.2513E+00
 Relative number of events:
  0.2460E+00  0.2500E+00  0.0000E+00  0.0000E+00
  0.0000E+00  0.0000E+00  0.2445E+00  0.2595E+00
 Events:
         492         500           0           0
           0           0         489         519
 Iteration  2   Mean: 0.7128E+01 Abs mean: 0.7128E+01   Fluctuation:  0.248E+00   0.402E+03    63.3%
  2    0.7128E+01 0.7128E+01 +- 0.2476E+00      2.20
 Relative summed weights:
  0.2484E+00  0.2505E+00  0.0000E+00  0.0000E+00
  0.0000E+00  0.0000E+00  0.2530E+00  0.2481E+00
 Relative number of events:
  0.2497E+00  0.2522E+00  0.0000E+00  0.0000E+00
  0.0000E+00  0.0000E+00  0.2417E+00  0.2562E+00
 Events:
         999        1009           0           0
           0           0         967        1025
 Iteration  3   Mean: 0.9935E+01 Abs mean: 0.9935E+01   Fluctuation:  0.205E+01   0.149E+05    63.7%
  3    0.9935E+01 0.9935E+01 +- 0.2049E+01     18.45
 Relative summed weights:
  0.2667E+00  0.3725E+00  0.0000E+00  0.0000E+00
  0.0000E+00  0.0000E+00  0.1774E+00  0.1834E+00
 Relative number of events:
  0.2511E+00  0.2562E+00  0.0000E+00  0.0000E+00
  0.0000E+00  0.0000E+00  0.2505E+00  0.2421E+00
 Events:
        2009        2050           0           0
           0           0        2004        1937
 Found         1251  events.
 Wrote            4  events.
 Actual xsec    7.1506322367912816     
 Correct abs xsec    7.1506322367912816     
 Event xsec    7.1506322367912816     
 Events wgts > 1:            0
 % Cross section > 1:    0.0000000000000000        0.0000000000000000     
 Checking number of events   935.94625347361080                4  chi2:    1.1211854505750578     
 Found         1251  events.
 Wrote            2  events.
 Actual xsec    7.1506322367912816     
 Correct abs xsec    7.1506322367912816     
 Event xsec    7.1506322367912816     
 Events wgts > 1:            0
 % Cross section > 1:    0.0000000000000000        0.0000000000000000     
 Iteration  4   Mean: 0.1682E+02 Abs mean: 0.1682E+02   Fluctuation:  0.232E+01   0.176E+05    63.6%
  4    0.1682E+02 0.1682E+02 +- 0.2321E+01     17.45
 Relative summed weights:
  0.2380E+00  0.2773E+00  0.0000E+00  0.0000E+00
  0.0000E+00  0.0000E+00  0.2141E+00  0.2706E+00
 Relative number of events:
  0.2514E+00  0.2515E+00  0.0000E+00  0.0000E+00
  0.0000E+00  0.0000E+00  0.2544E+00  0.2427E+00
 Events:
        4022        4024           0           0
           0           0        4070        3884
 Found         1848  events.
 Wrote           17  events.
 Actual xsec    7.7634929623889573     
 Correct abs xsec    7.7634929623889573     
 Event xsec    7.7634929623889564     
 Events wgts > 1:            2
 % Cross section > 1:   4.86933036513950146E-002  0.62720870473245427     
 Checking number of events   1016.1635938470905               17  chi2:    11.470233639348626     
 Found         1848  events.
 Wrote           16  events.
 Actual xsec    7.7634929623889573     
 Correct abs xsec    7.7634929623889573     
 Event xsec    7.7634929623889581     
 Events wgts > 1:            2
 % Cross section > 1:   5.17163620343289998E-002  0.66614811509296457     
 Iteration  5   Mean: 0.1180E+02 Abs mean: 0.1180E+02   Fluctuation:  0.606E+00   0.986E+04    62.7%
  5    0.1180E+02 0.1180E+02 +- 0.6064E+00      9.19
 Relative summed weights:
  0.2376E+00  0.2197E+00  0.0000E+00  0.0000E+00
  0.0000E+00  0.0000E+00  0.2711E+00  0.2717E+00
 Relative number of events:
  0.2526E+00  0.2486E+00  0.0000E+00  0.0000E+00
  0.0000E+00  0.0000E+00  0.2495E+00  0.2493E+00
 Events:
        8083        7956           0           0
           0           0        7984        7977
 Found         2464  events.
 Wrote           44  events.
 Actual xsec    12.285266205489107     
 Correct abs xsec    12.285266205489107     
 Event xsec    12.285266205489087     
 Events wgts > 1:            3
 % Cross section > 1:   0.14168332019879792        1.1532783891609404     
 Checking number of events   1608.0184936364690               44  chi2:    2.8857110895187716     
 Found         2464  events.
 Wrote           53  events.
 Actual xsec    12.285266205489107     
 Correct abs xsec    12.285266205489107     
 Event xsec    12.285266205489105     
 Events wgts > 1:            3
 % Cross section > 1:   0.11785469477880312       0.95931738724672633     
 Iteration  6   Mean: 0.1227E+02 Abs mean: 0.1227E+02   Fluctuation:  0.189E+00   0.297E+04    62.9%
  6    0.1227E+02 0.1227E+02 +- 0.1894E+00      3.90
 Relative summed weights:
  0.2481E+00  0.2402E+00  0.0000E+00  0.0000E+00
  0.0000E+00  0.0000E+00  0.2487E+00  0.2630E+00
 Relative number of events:
  0.2497E+00  0.2479E+00  0.0000E+00  0.0000E+00
  0.0000E+00  0.0000E+00  0.2507E+00  0.2516E+00
 Events:
       15984       15865           0           0
           0           0       16048       16103
 Found         7649  events.
 Wrote          731  events.
 Actual xsec    12.286255853502205     
 Correct abs xsec    12.286255853502205     
 Event xsec    12.286255853501933     
 Events wgts > 1:           24
 % Cross section > 1:   0.10847305621577058       0.88288130663380804     
 Checking number of events   1608.1480286649034              731  chi2:    2.2308040869642447     
 Found         7649  events.
 Wrote          737  events.
 Actual xsec    12.286255853502205     
 Correct abs xsec    12.286255853502205     
 Event xsec    12.286255853502228     
 Events wgts > 1:           24
 % Cross section > 1:   0.10759769858009656       0.87575661668664961     
 Iteration  7   Mean: 0.1231E+02 Abs mean: 0.1231E+02   Fluctuation:  0.754E-01   0.289E+04    62.8%
  7    0.1231E+02 0.1231E+02 +- 0.7540E-01      2.19
 Relative summed weights:
  0.2457E+00  0.2519E+00  0.0000E+00  0.0000E+00
  0.0000E+00  0.0000E+00  0.2523E+00  0.2501E+00
 Relative number of events:
  0.2502E+00  0.2526E+00  0.0000E+00  0.0000E+00
  0.0000E+00  0.0000E+00  0.2492E+00  0.2481E+00
 Events:
       32023       32327           0           0
           0           0       31892       31758
 Found        18319  events.
 Wrote         6602  events.
 Actual xsec    12.297293111493710     
 Correct abs xsec    12.297293111493710     
 Event xsec    12.297293111493733     
 Events wgts > 1:          168
 % Cross section > 1:   0.12242457487867141       0.99554083787957037     
 Checking number of events   1609.5926953634116             6602  chi2:   0.35194012709650263     

 -------------------------------------------------------------------------------
 Accumulated results:   Integral =  0.1215E+02
                        Std dev  =  0.6765E-01
                       Cross sec =  0.2993E+02
             Chi**2 per DoF.     =
-------------------------------------------------
---------------------------
 Results Last   3 iters: Integral =   0.1230E+02
                     Abs integral =   0.1230E+02
                          Std dev =   0.6959E-01
                  Chi**2 per DoF. =      0.3519
-------------------------------------------------
---------------------------
 Status  -130.88999999999999                8           9
 We found enough events        6602   1609.5926953634116     

ls status:
events.lhe
ftn25
ftn26
input_sg.txt
moffset.dat
results.dat
run1_app.log
