 Process in group number            0
 A PDF is used, so alpha_s(MZ) is going to be modified
 Old value of alpha_s from param_card:   0.11800000071525575     
  ****************************************
 
       NNPDFDriver version 1.0.3
   Grid: NNPDF23_lo_as_0130_qed_mem0.grid
  ****************************************
 New value of alpha_s from PDF nn23lo1:  0.13000000000000000     
 Warning! ptj set to xqcut=   20.000000000000000       to improve integration efficiency
 Note that this might affect non-radiated jets,
 e.g. from decays. Use cut_decays=F in run_card.
 Warning! mmjj set to xqcut=   20.000000000000000       to improve integration efficiency
 Note that this might affect non-radiated jets,
 e.g. from decays. Use cut_decays=F in run_card.
 Warning! drjl > 0 with xqcut > 0, set to 0
 *****************************************************
 *               MadGraph/MadEvent                   *
 *        --------------------------------           *
 *          http://madgraph.hep.uiuc.edu             *
 *          http://madgraph.phys.ucl.ac.be           *
 *          http://madgraph.roma2.infn.it            *
 *        --------------------------------           *
 *                                                   *
 *          PARAMETER AND COUPLING VALUES            *
 *                                                   *
 *****************************************************

  External Params
  ---------------------------------
  
 aEWM1 =    132.50697326660156     
 mdl_Gf =   1.16639000000000003E-005
 aS =   0.11800000071525575     
 mdl_ymb =    4.6999998092651367     
 mdl_ymt =    173.00000000000000     
 mdl_ymtau =    1.7769999504089355     
 mdl_MZ =    91.188003540039063     
 mdl_MT =    172.00000000000000     
 mdl_MB =    4.6999998092651367     
 mdl_MH =    120.00000000000000     
 mdl_MTA =    1.7769999504089355     
 mdl_WZ =    2.4414036273956299     
 mdl_WW =    2.0475995540618896     
 mdl_WT =    1.4394782781600952     
 mdl_WH =   5.75308827683329582E-003
  Internal Params
  ---------------------------------
  
 mdl_conjg__CKM3x3 =    1.0000000000000000     
 mdl_CKM3x3 =    1.0000000000000000     
 mdl_conjg__CKM1x1 =    1.0000000000000000     
 mdl_complexi =  (  0.0000000000000000     ,  1.0000000000000000     )
 mdl_MZ__exp__2 =    8315.2519896181766     
 mdl_MZ__exp__4 =    69143415.650849044     
 mdl_sqrt__2 =    1.4142135623730951     
 mdl_MH__exp__2 =    14400.000000000000     
 mdl_aEW =   7.54677263654659602E-003
 mdl_MW =    80.419003571204073     
 mdl_sqrt__aEW =   8.68721626100478483E-002
 mdl_ee =   0.30795379830933894     
 mdl_MW__exp__2 =    6467.2161353853335     
 mdl_sw2 =   0.22224652440361004     
 mdl_cw =   0.88190332553879736     
 mdl_sqrt__sw2 =   0.47143029644223128     
 mdl_sw =   0.47143029644223128     
 mdl_g1 =   0.34919224068147731     
 mdl_gw =   0.65323293948944450     
 mdl_vev =    246.21845810181637     
 mdl_vev__exp__2 =    60623.529110035903     
 mdl_lam =   0.11876576810517747     
 mdl_yb =   2.69955531549349870E-002
 mdl_yt =   0.99366614581500623     
 mdl_ytau =   1.02066167158167860E-002
 mdl_muH =    84.852813742385706     
 mdl_I1x33 =  ( 2.69955531549349870E-002,  0.0000000000000000     )
 mdl_I2x33 =  ( 0.99366614581500623     ,  0.0000000000000000     )
 mdl_I3x33 =  ( 0.99366614581500623     ,  0.0000000000000000     )
 mdl_I4x33 =  ( 2.69955531549349870E-002,  0.0000000000000000     )
 mdl_ee__exp__2 =   9.48355418931490085E-002
 mdl_sw__exp__2 =   0.22224652440361006     
 mdl_cw__exp__2 =   0.77775347559638996     
  Internal Params evaluated point by point
  ----------------------------------------
  
 mdl_sqrt__aS =   0.34351128178744839     
 mdl_G__exp__2 =    1.4828317414825511     
  Couplings of sm
  ---------------------------------
  
        GC_10 =  -0.12177E+01   0.00000E+00
        GC_11 =   0.00000E+00   0.12177E+01
       GC_100 =   0.00000E+00   0.46191E+00

 Collider parameters:
 --------------------

 Running at P P   machine @    13000.000000000000       GeV
 PDF set = nn23lo1
 alpha_s(Mz)= 0.1300 running at 2 loops.
 alpha_s(Mz)= 0.1300 running at 2 loops.
 Renormalization scale set on event-by-event basis
 Factorization   scale set on event-by-event basis


 getting user params
Enter number of events and max and min iterations: 
 Number of events and iterations         2000           9           3
Enter desired fractional accuracy: 
 Desired fractional accuracy:   -65.444000000000003     
Enter 0 for fixed, 2 for adjustable grid: 
Suppress amplitude (0 no, 1 yes)? 
 Using suppressed amplitude.
Exact helicity sum (0 yes, n = number/event)? 
 Explicitly summing over helicities
Enter Configuration Number: 
Running Configuration Number:    2
 Not subdividing B.W.
 Attempting mappinvarients           1           8
 Completed mapping           8
 about to integrate           16        2000           9           3          16           1
 Using non-zero grid deformation.
 16 dimensions   2000 events 16 invarients  9 iterations  1 config(s),  (0.99)
 Using h-tuple random number sequence.
 Error opening grid
 Using Uniform Grid!
 Using uniform alpha   1.0000000000000000     
 Grid defined OK
 Set CM energy to      13000.00
 Mapping Graph           2  to config           2
 Setting BW          -1           1   80.419003571204073     
 Setting BW          -2           2   172.00000000000000     
 Setting BW          -3           3   80.419003571204073     
 Setting BW          -4           4   172.00000000000000     
Setting grid   5    0.12786E-05   1
 Transforming s_hat 1/s           15  1.09391608200776463E-003
 Masses: 0.000E+00 0.000E+00 0.470E+01 0.470E+01 0.000E+00 0.000E+00 0.000E+00 0.000E+00
   2   1   2   3   4   5   6   7   8   9  10  11  12  13  14
  15  16
 Got moffset          23
Using random seed offsets     2 :      1
  with seed                    7
 Ranmar initialization seeds       10337       21830
  Particle       3       4       5       6       7       8
      Et >     0.0     0.0    10.0     0.0    20.0    20.0
       E >     0.0     0.0     0.0     0.0     0.0     0.0
     Eta <    -1.0    -1.0     2.5    -1.0     5.0     5.0
   xqcut:      0.0     0.0     0.0     0.0     0.0     0.0
d R # 3  >    -0.0     0.0     0.0     0.0     0.0     0.0
d R # 4  >    -0.0    -0.0     0.0     0.0     0.0     0.0
d R # 5  >    -0.0    -0.0    -0.0     0.0     0.0     0.0
d R # 6  >    -0.0    -0.0    -0.0    -0.0     0.0     0.0
d R # 7  >    -0.0    -0.0    -0.0    -0.0    -0.0     0.0
s min # 3>     0.0     0.0     0.0     0.0     0.0     0.0
s min # 4>     0.0     0.0     0.0     0.0     0.0     0.0
s min # 5>     0.0     0.0     0.0     0.0     0.0     0.0
s min # 6>     0.0     0.0     0.0     0.0     0.0     0.0
s min # 7>     0.0     0.0     0.0     0.0   400.0   400.0
xqcutij # 3>     0.0     0.0     0.0     0.0     0.0     0.0
xqcutij # 4>     0.0     0.0     0.0     0.0     0.0     0.0
xqcutij # 5>     0.0     0.0     0.0     0.0     0.0     0.0
xqcutij # 6>     0.0     0.0     0.0     0.0     0.0     0.0
xqcutij # 7>     0.0     0.0     0.0     0.0     0.0    20.0
 No cut BW           -1           1
 No cut BW           -2           2
 No cut BW           -3           3
 No cut BW           -4           4
 alpha_s for scale    195.07058157794793       is   0.11539658642338285     
 Added good helicity            6  9.39287007772709043E-002  in event            1
 Added good helicity           22   113.43721153372059       in event            1
 Added good helicity           38  1.74123019220014238E-004  in event            1
 Added good helicity           54  0.21028747976604087       in event            1
 Added good helicity           70  8.90133909495313506E-003  in event            1
 Added good helicity           86   10.750101699393623       in event            1
 Added good helicity          102  1.65011122850476336E-005  in event            1
 Added good helicity          118  1.99283089123018717E-002  in event            1
 Added good helicity          134  4.83901013959327497E-002  in event            1
 Added good helicity          150   58.440477966420566       in event            1
 Added good helicity          166  8.97045363738422670E-005  in event            1
 Added good helicity          182  0.10833570978803797       in event            1
 Added good helicity          198  6.01866528209647131E-002  in event            1
 Added good helicity          214   72.687112789390198       in event            1
 Added good helicity          230  1.11572731435769152E-004  in event            1
 Added good helicity          246  0.13474581712022349       in event            1
 Added good helicity           10  0.31613835170654259       in event            1
 Added good helicity           26   84.030185928062266       in event            1
 Added good helicity           42  6.38082510061808430E-004  in event            1
 Added good helicity           58  0.16960356650340827       in event            1
 Added good helicity           74  2.60652949423963477E-002  in event            1
 Added good helicity           90   6.9282058581506041       in event            1
 Added good helicity          106  5.26092729103117850E-005  in event            1
 Added good helicity          122  1.39836465912154592E-002  in event            1
 Added good helicity          138  0.50787196551926372       in event            1
 Added good helicity          154   134.99335167613253       in event            1
 Added good helicity          170  1.02507088051553754E-003  in event            1
 Added good helicity          186  0.27246582458024660       in event            1
 Added good helicity          202  0.10750491831704673       in event            1
 Added good helicity          218   28.575015418401804       in event            1
 Added good helicity          234  2.16984139233466128E-004  in event            1
 Added good helicity          250  5.76748042899705507E-002  in event            1
 Iteration  1   Mean: 0.5036E+02 Abs mean: 0.5036E+02   Fluctuation:  0.228E+02   0.455E+05    31.0%
  1    0.5036E+02 0.5036E+02 +- 0.2280E+02     20.24
 Writing out events  9.01728364083268820E-003   20.243805876137539     
 Relative summed weights:
  0.2749E+00  0.0000E+00  0.0000E+00  0.0000E+00
  0.0000E+00  0.0000E+00  0.7251E+00  0.0000E+00
 Relative number of events:
  0.4855E+00  0.0000E+00  0.0000E+00  0.0000E+00
  0.0000E+00  0.0000E+00  0.5145E+00  0.0000E+00
 Events:
         971           0           0           0
           0           0        1029           0
 Iteration  2   Mean: 0.4060E+02 Abs mean: 0.4060E+02   Fluctuation:  0.130E+02   0.516E+05    45.9%
  2    0.4060E+02 0.4060E+02 +- 0.1296E+02     20.18
 Relative summed weights:
  0.6769E+00  0.0000E+00  0.0000E+00  0.0000E+00
  0.0000E+00  0.0000E+00  0.3231E+00  0.0000E+00
 Relative number of events:
  0.5018E+00  0.0000E+00  0.0000E+00  0.0000E+00
  0.0000E+00  0.0000E+00  0.4983E+00  0.0000E+00
 Events:
        2007           0           0           0
           0           0        1993           0
 Iteration  3   Mean: 0.4242E+02 Abs mean: 0.4242E+02   Fluctuation:  0.462E+01   0.224E+05    51.0%
  3    0.4242E+02 0.4242E+02 +- 0.4623E+01      9.75
 Relative summed weights:
  0.4692E+00  0.0000E+00  0.0000E+00  0.0000E+00
  0.0000E+00  0.0000E+00  0.5308E+00  0.0000E+00
 Relative number of events:
  0.4965E+00  0.0000E+00  0.0000E+00  0.0000E+00
  0.0000E+00  0.0000E+00  0.5035E+00  0.0000E+00
 Events:
        3972           0           0           0
           0           0        4028           0
 Found          956  events.
 Wrote           12  events.
 Actual xsec    42.630757470571027     
 Correct abs xsec    42.630757470571027     
 Event xsec    42.630757470571027     
 Events wgts > 1:            0
 % Cross section > 1:    0.0000000000000000        0.0000000000000000     
 Checking number of events   2789.9272919040504               12  chi2:   7.07871680142712206E-002
 Found          956  events.
 Wrote           10  events.
 Actual xsec    42.630757470571027     
 Correct abs xsec    42.630757470571027     
 Event xsec    42.630757470571019     
 Events wgts > 1:            0
 % Cross section > 1:    0.0000000000000000        0.0000000000000000     
 Iteration  4   Mean: 0.3949E+02 Abs mean: 0.3949E+02   Fluctuation:  0.132E+01   0.711E+04    53.3%
  4    0.3949E+02 0.3949E+02 +- 0.1316E+01      4.21
 Relative summed weights:
  0.5134E+00  0.0000E+00  0.0000E+00  0.0000E+00
  0.0000E+00  0.0000E+00  0.4866E+00  0.0000E+00
 Relative number of events:
  0.4992E+00  0.0000E+00  0.0000E+00  0.0000E+00
  0.0000E+00  0.0000E+00  0.5008E+00  0.0000E+00
 Events:
        7987           0           0           0
           0           0        8013           0
 Found         2147  events.
 Wrote          125  events.
 Actual xsec    39.744902198389156     
 Correct abs xsec    39.744902198389156     
 Event xsec    39.744902198389163     
 Events wgts > 1:            5
 % Cross section > 1:   0.34022401030602961       0.85601924143071284     
 Checking number of events   2601.0653794713799              125  chi2:   0.18895429534214400     
 Found         2147  events.
 Wrote          113  events.
 Actual xsec    39.744902198389156     
 Correct abs xsec    39.744902198389156     
 Event xsec    39.744902198389184     
 Events wgts > 1:            5
 % Cross section > 1:   0.37601218096304151       0.94606392308163956     
 Iteration  5   Mean: 0.4102E+02 Abs mean: 0.4102E+02   Fluctuation:  0.513E+00   0.223E+04    54.9%
  5    0.4102E+02 0.4102E+02 +- 0.5126E+00      2.24
 Relative summed weights:
  0.5039E+00  0.0000E+00  0.0000E+00  0.0000E+00
  0.0000E+00  0.0000E+00  0.4961E+00  0.0000E+00
 Relative number of events:
  0.5019E+00  0.0000E+00  0.0000E+00  0.0000E+00
  0.0000E+00  0.0000E+00  0.4981E+00  0.0000E+00
 Events:
       16060           0           0           0
           0           0       15940           0
 Found         5164  events.
 Wrote         1263  events.
 Actual xsec    40.845000679718346     
 Correct abs xsec    40.845000679718346     
 Event xsec    40.845000679718375     
 Events wgts > 1:           45
 % Cross section > 1:   0.41190776992147554        1.0084655724488916     
 Checking number of events   2673.0602244834877             1263  chi2:   0.64728206871695981     
 Found         5164  events.
 Wrote         1257  events.
 Actual xsec    40.845000679718346     
 Correct abs xsec    40.845000679718346     
 Event xsec    40.845000679718268     
 Events wgts > 1:           45
 % Cross section > 1:   0.41385399519526839        1.0132304769449276     
 Iteration  6   Mean: 0.4086E+02 Abs mean: 0.4086E+02   Fluctuation:  0.293E+00   0.872E+04    55.3%
  6    0.4086E+02 0.4086E+02 +- 0.2927E+00      1.81
 Relative summed weights:
  0.4962E+00  0.0000E+00  0.0000E+00  0.0000E+00
  0.0000E+00  0.0000E+00  0.5038E+00  0.0000E+00
 Relative number of events:
  0.5018E+00  0.0000E+00  0.0000E+00  0.0000E+00
  0.0000E+00  0.0000E+00  0.4982E+00  0.0000E+00
 Events:
       32114           0           0           0
           0           0       31886           0
 Found        10907  events.
 Wrote         5113  events.
 Actual xsec    40.853820790368090     
 Correct abs xsec    40.853820790368090     
 Event xsec    40.853820790359769     
 Events wgts > 1:          110
 % Cross section > 1:   0.41057500566810334        1.0049855747274101     
 Checking number of events   2673.6374478048492             5113  chi2:   0.59126247907765239     

 -------------------------------------------------------------------------------
 Accumulated results:   Integral =  0.4086E+02
                        Std dev  =  0.2491E+00
                       Cross sec =  0.2998E+00
             Chi**2 per DoF.     =
-------------------------------------------------
---------------------------
 Results Last   3 iters: Integral =   0.4085E+02
                     Abs integral =   0.4085E+02
                          Std dev =   0.2496E+00
                  Chi**2 per DoF. =      0.5913
-------------------------------------------------
---------------------------
 Status  -65.444000000000003                7           9
 We found enough events        5113   2673.6374478048492     

ls status:
events.lhe
ftn25
ftn26
input_sg.txt
moffset.dat
results.dat
run1_app.log
