 Process in group number            0
 A PDF is used, so alpha_s(MZ) is going to be modified
 Old value of alpha_s from param_card:   0.11800000071525575     
  ****************************************
 
       NNPDFDriver version 1.0.3
   Grid: NNPDF23_lo_as_0130_qed_mem0.grid
  ****************************************
 New value of alpha_s from PDF nn23lo1:  0.13000000000000000     
 Warning! ptj set to xqcut=   20.000000000000000       to improve integration efficiency
 Note that this might affect non-radiated jets,
 e.g. from decays. Use cut_decays=F in run_card.
 Warning! mmjj set to xqcut=   20.000000000000000       to improve integration efficiency
 Note that this might affect non-radiated jets,
 e.g. from decays. Use cut_decays=F in run_card.
 Warning! drjl > 0 with xqcut > 0, set to 0
 *****************************************************
 *               MadGraph/MadEvent                   *
 *        --------------------------------           *
 *          http://madgraph.hep.uiuc.edu             *
 *          http://madgraph.phys.ucl.ac.be           *
 *          http://madgraph.roma2.infn.it            *
 *        --------------------------------           *
 *                                                   *
 *          PARAMETER AND COUPLING VALUES            *
 *                                                   *
 *****************************************************

  External Params
  ---------------------------------
  
 aEWM1 =    132.50697326660156     
 mdl_Gf =   1.16639000000000003E-005
 aS =   0.11800000071525575     
 mdl_ymb =    4.6999998092651367     
 mdl_ymt =    173.00000000000000     
 mdl_ymtau =    1.7769999504089355     
 mdl_MZ =    91.188003540039063     
 mdl_MT =    172.00000000000000     
 mdl_MB =    4.6999998092651367     
 mdl_MH =    120.00000000000000     
 mdl_MTA =    1.7769999504089355     
 mdl_WZ =    2.4414036273956299     
 mdl_WW =    2.0475995540618896     
 mdl_WT =    1.4394782781600952     
 mdl_WH =   5.75308827683329582E-003
  Internal Params
  ---------------------------------
  
 mdl_conjg__CKM3x3 =    1.0000000000000000     
 mdl_CKM3x3 =    1.0000000000000000     
 mdl_conjg__CKM1x1 =    1.0000000000000000     
 mdl_complexi =  (  0.0000000000000000     ,  1.0000000000000000     )
 mdl_MZ__exp__2 =    8315.2519896181766     
 mdl_MZ__exp__4 =    69143415.650849044     
 mdl_sqrt__2 =    1.4142135623730951     
 mdl_MH__exp__2 =    14400.000000000000     
 mdl_aEW =   7.54677263654659602E-003
 mdl_MW =    80.419003571204073     
 mdl_sqrt__aEW =   8.68721626100478483E-002
 mdl_ee =   0.30795379830933894     
 mdl_MW__exp__2 =    6467.2161353853335     
 mdl_sw2 =   0.22224652440361004     
 mdl_cw =   0.88190332553879736     
 mdl_sqrt__sw2 =   0.47143029644223128     
 mdl_sw =   0.47143029644223128     
 mdl_g1 =   0.34919224068147731     
 mdl_gw =   0.65323293948944450     
 mdl_vev =    246.21845810181637     
 mdl_vev__exp__2 =    60623.529110035903     
 mdl_lam =   0.11876576810517747     
 mdl_yb =   2.69955531549349870E-002
 mdl_yt =   0.99366614581500623     
 mdl_ytau =   1.02066167158167860E-002
 mdl_muH =    84.852813742385706     
 mdl_I1x33 =  ( 2.69955531549349870E-002,  0.0000000000000000     )
 mdl_I2x33 =  ( 0.99366614581500623     ,  0.0000000000000000     )
 mdl_I3x33 =  ( 0.99366614581500623     ,  0.0000000000000000     )
 mdl_I4x33 =  ( 2.69955531549349870E-002,  0.0000000000000000     )
 mdl_ee__exp__2 =   9.48355418931490085E-002
 mdl_sw__exp__2 =   0.22224652440361006     
 mdl_cw__exp__2 =   0.77775347559638996     
  Internal Params evaluated point by point
  ----------------------------------------
  
 mdl_sqrt__aS =   0.34351128178744839     
 mdl_G__exp__2 =    1.4828317414825511     
  Couplings of sm
  ---------------------------------
  
        GC_10 =  -0.12177E+01   0.00000E+00
        GC_11 =   0.00000E+00   0.12177E+01
       GC_100 =   0.00000E+00   0.46191E+00

 Collider parameters:
 --------------------

 Running at P P   machine @    13000.000000000000       GeV
 PDF set = nn23lo1
 alpha_s(Mz)= 0.1300 running at 2 loops.
 alpha_s(Mz)= 0.1300 running at 2 loops.
 Renormalization scale set on event-by-event basis
 Factorization   scale set on event-by-event basis


 getting user params
Enter number of events and max and min iterations: 
 Number of events and iterations         2000           9           3
Enter desired fractional accuracy: 
 Desired fractional accuracy:   -65.444000000000003     
Enter 0 for fixed, 2 for adjustable grid: 
Suppress amplitude (0 no, 1 yes)? 
 Using suppressed amplitude.
Exact helicity sum (0 yes, n = number/event)? 
 Explicitly summing over helicities
Enter Configuration Number: 
Running Configuration Number:    3
 Not subdividing B.W.
 Attempting mappinvarients           1           8
 Completed mapping           8
 about to integrate           16        2000           9           3          16           1
 Using non-zero grid deformation.
 16 dimensions   2000 events 16 invarients  9 iterations  1 config(s),  (0.99)
 Using h-tuple random number sequence.
 Error opening grid
 Using Uniform Grid!
 Using uniform alpha   1.0000000000000000     
 Grid defined OK
 Set CM energy to      13000.00
 Mapping Graph           3  to config           3
 Setting BW          -1           1   80.419003571204073     
 Setting BW          -2           2   172.00000000000000     
 Setting BW          -3           3   80.419003571204073     
 Setting BW          -4           4   172.00000000000000     
Setting grid   5    0.12786E-05   1
 Transforming s_hat 1/s           15  1.09391608200776463E-003
 Masses: 0.000E+00 0.000E+00 0.470E+01 0.470E+01 0.000E+00 0.000E+00 0.000E+00 0.000E+00
   3   1   2   3   4   5   6   7   8   9  10  11  12  13  14
  15  16
 Got moffset          18
Using random seed offsets     3 :      1
  with seed                    7
 Ranmar initialization seeds       10338        6045
  Particle       3       4       5       6       7       8
      Et >     0.0     0.0    10.0     0.0    20.0    20.0
       E >     0.0     0.0     0.0     0.0     0.0     0.0
     Eta <    -1.0    -1.0     2.5    -1.0     5.0     5.0
   xqcut:      0.0     0.0     0.0     0.0     0.0     0.0
d R # 3  >    -0.0     0.0     0.0     0.0     0.0     0.0
d R # 4  >    -0.0    -0.0     0.0     0.0     0.0     0.0
d R # 5  >    -0.0    -0.0    -0.0     0.0     0.0     0.0
d R # 6  >    -0.0    -0.0    -0.0    -0.0     0.0     0.0
d R # 7  >    -0.0    -0.0    -0.0    -0.0    -0.0     0.0
s min # 3>     0.0     0.0     0.0     0.0     0.0     0.0
s min # 4>     0.0     0.0     0.0     0.0     0.0     0.0
s min # 5>     0.0     0.0     0.0     0.0     0.0     0.0
s min # 6>     0.0     0.0     0.0     0.0     0.0     0.0
s min # 7>     0.0     0.0     0.0     0.0   400.0   400.0
xqcutij # 3>     0.0     0.0     0.0     0.0     0.0     0.0
xqcutij # 4>     0.0     0.0     0.0     0.0     0.0     0.0
xqcutij # 5>     0.0     0.0     0.0     0.0     0.0     0.0
xqcutij # 6>     0.0     0.0     0.0     0.0     0.0     0.0
xqcutij # 7>     0.0     0.0     0.0     0.0     0.0    20.0
 No cut BW           -1           1
 No cut BW           -2           2
 No cut BW           -3           3
 No cut BW           -4           4
 alpha_s for scale    237.47493439074807       is   0.11214864428646464     
 Added good helicity            6  0.23630784042026703       in event            1
 Added good helicity           22   90.051693001427466       in event            1
 Added good helicity           38  4.09204708393700884E-004  in event            1
 Added good helicity           54  0.15593886647803240       in event            1
 Added good helicity           70  7.69463621707602574E-002  in event            1
 Added good helicity           86   29.322557268750163       in event            1
 Added good helicity          102  1.33244896310015059E-004  in event            1
 Added good helicity          118  5.07766838170783802E-002  in event            1
 Added good helicity          134  0.26631929311434355       in event            1
 Added good helicity          150   101.48839404243979       in event            1
 Added good helicity          166  4.61174324494080274E-004  in event            1
 Added good helicity          182  0.17574333807808695       in event            1
 Added good helicity          198  8.92887148652035945E-002  in event            1
 Added good helicity          214   34.025954979882670       in event            1
 Added good helicity          230  1.54617648167251873E-004  in event            1
 Added good helicity          246  5.89213669787569602E-002  in event            1
 Added good helicity           10  6.46016630728953045E-002  in event            1
 Added good helicity           26   89.823056981373412       in event            1
 Added good helicity           42  1.00436945783646440E-005  in event            1
 Added good helicity           58  1.39648935879248624E-002  in event            1
 Added good helicity           74  6.81646678488665586E-003  in event            1
 Added good helicity           90   9.4777108716169156       in event            1
 Added good helicity          106  1.05976390133667190E-006  in event            1
 Added good helicity          122  1.47351056874734645E-003  in event            1
 Added good helicity          138  2.47816745490002446E-002  in event            1
 Added good helicity          154   34.456787321356749       in event            1
 Added good helicity          170  3.85283533691287710E-006  in event            1
 Added good helicity          186  5.35703620535080485E-003  in event            1
 Added good helicity          202  8.77570947926814976E-002  in event            1
 Added good helicity          218   122.01869350001444       in event            1
 Added good helicity          234  1.36436960792747082E-005  in event            1
 Added good helicity          250  1.89703860871566175E-002  in event            1
 Iteration  1   Mean: 0.2715E+02 Abs mean: 0.2715E+02   Fluctuation:  0.106E+01   0.504E+03    31.4%
  1    0.2715E+02 0.2715E+02 +- 0.1059E+01      1.74
 Writing out events  4.79865948310872776E-003   1.7444764325982778     
 Relative summed weights:
  0.4887E+00  0.0000E+00  0.0000E+00  0.0000E+00
  0.0000E+00  0.0000E+00  0.5113E+00  0.0000E+00
 Relative number of events:
  0.4895E+00  0.0000E+00  0.0000E+00  0.0000E+00
  0.0000E+00  0.0000E+00  0.5105E+00  0.0000E+00
 Events:
         979           0           0           0
           0           0        1021           0
 Iteration  2   Mean: 0.3681E+02 Abs mean: 0.3681E+02   Fluctuation:  0.507E+01   0.142E+05    48.4%
  2    0.3681E+02 0.3681E+02 +- 0.5074E+01      8.72
 Relative summed weights:
  0.6062E+00  0.0000E+00  0.0000E+00  0.0000E+00
  0.0000E+00  0.0000E+00  0.3938E+00  0.0000E+00
 Relative number of events:
  0.4883E+00  0.0000E+00  0.0000E+00  0.0000E+00
  0.0000E+00  0.0000E+00  0.5118E+00  0.0000E+00
 Events:
        1953           0           0           0
           0           0        2047           0
 Iteration  3   Mean: 0.4725E+02 Abs mean: 0.4725E+02   Fluctuation:  0.877E+01   0.529E+05    52.9%
  3    0.4725E+02 0.4725E+02 +- 0.8775E+01     16.61
 Relative summed weights:
  0.3456E+00  0.0000E+00  0.0000E+00  0.0000E+00
  0.0000E+00  0.0000E+00  0.6544E+00  0.0000E+00
 Relative number of events:
  0.5062E+00  0.0000E+00  0.0000E+00  0.0000E+00
  0.0000E+00  0.0000E+00  0.4938E+00  0.0000E+00
 Events:
        4050           0           0           0
           0           0        3950           0
 Found         1146  events.
 Wrote            4  events.
 Actual xsec    28.626824879464309     
 Correct abs xsec    28.626824879464309     
 Event xsec    28.626824879464305     
 Events wgts > 1:            1
 % Cross section > 1:   1.22562678672721859E-006  4.28139268636261580E-006
 Checking number of events   1873.4539274116623                4  chi2:    4.5271188121666066     
 Found         1146  events.
 Wrote            2  events.
 Actual xsec    28.626824879464309     
 Correct abs xsec    28.626824879464309     
 Event xsec    28.626824879464309     
 Events wgts > 1:            1
 % Cross section > 1:   2.45125346687302681E-006  8.56278500041216221E-006
 Iteration  4   Mean: 0.3798E+02 Abs mean: 0.3798E+02   Fluctuation:  0.161E+01   0.153E+05    53.9%
  4    0.3798E+02 0.3798E+02 +- 0.1614E+01      5.38
 Relative summed weights:
  0.5286E+00  0.0000E+00  0.0000E+00  0.0000E+00
  0.0000E+00  0.0000E+00  0.4714E+00  0.0000E+00
 Relative number of events:
  0.4993E+00  0.0000E+00  0.0000E+00  0.0000E+00
  0.0000E+00  0.0000E+00  0.5007E+00  0.0000E+00
 Events:
        7989           0           0           0
           0           0        8011           0
 Found         1807  events.
 Wrote           40  events.
 Actual xsec    38.308725240323206     
 Correct abs xsec    38.308725240323206     
 Event xsec    38.308725240323191     
 Events wgts > 1:            1
 % Cross section > 1:   4.72985973720696506E-008  1.23466904929229685E-007
 Checking number of events   2507.0762146277120               40  chi2:   0.58331389944111001     
 Found         1807  events.
 Wrote           34  events.
 Actual xsec    38.308725240323206     
 Correct abs xsec    38.308725240323206     
 Event xsec    38.308725240323248     
 Events wgts > 1:            1
 % Cross section > 1:   5.56454087252689078E-008  1.45255182406062683E-007
 Iteration  5   Mean: 0.4030E+02 Abs mean: 0.4030E+02   Fluctuation:  0.658E+00   0.459E+04    54.9%
  5    0.4030E+02 0.4030E+02 +- 0.6581E+00      2.92
 Relative summed weights:
  0.4929E+00  0.0000E+00  0.0000E+00  0.0000E+00
  0.0000E+00  0.0000E+00  0.5071E+00  0.0000E+00
 Relative number of events:
  0.4950E+00  0.0000E+00  0.0000E+00  0.0000E+00
  0.0000E+00  0.0000E+00  0.5050E+00  0.0000E+00
 Events:
       15839           0           0           0
           0           0       16161           0
 Found         4983  events.
 Wrote          703  events.
 Actual xsec    40.045984551139469     
 Correct abs xsec    40.045984551139469     
 Event xsec    40.045984551139711     
 Events wgts > 1:           25
 % Cross section > 1:   0.37963186261830634       0.94798983437030271     
 Checking number of events   2620.7694129647716              703  chi2:    1.2258915804373429     
 Found         4983  events.
 Wrote          667  events.
 Actual xsec    40.045984551139469     
 Correct abs xsec    40.045984551139469     
 Event xsec    40.045984551139128     
 Events wgts > 1:           25
 % Cross section > 1:   0.39991711719709061       0.99864473724298719     
 Iteration  6   Mean: 0.4046E+02 Abs mean: 0.4046E+02   Fluctuation:  0.304E+00   0.592E+04    55.9%
  6    0.4046E+02 0.4046E+02 +- 0.3037E+00      1.90
 Relative summed weights:
  0.4993E+00  0.0000E+00  0.0000E+00  0.0000E+00
  0.0000E+00  0.0000E+00  0.5007E+00  0.0000E+00
 Relative number of events:
  0.5023E+00  0.0000E+00  0.0000E+00  0.0000E+00
  0.0000E+00  0.0000E+00  0.4977E+00  0.0000E+00
 Events:
       32147           0           0           0
           0           0       31853           0
 Found        10442  events.
 Wrote         3920  events.
 Actual xsec    40.367690794991944     
 Correct abs xsec    40.367690794991944     
 Event xsec    40.367690794995710     
 Events wgts > 1:          117
 % Cross section > 1:   0.40194943801571520       0.99572066199423026     
 Checking number of events   2641.8231563874529             3920  chi2:    1.1414830988347828     

 -------------------------------------------------------------------------------
 Accumulated results:   Integral =  0.3999E+02
                        Std dev  =  0.2649E+00
                       Cross sec =  0.1462E+02
             Chi**2 per DoF.     =
-------------------------------------------------
---------------------------
 Results Last   3 iters: Integral =   0.4037E+02
                     Abs integral =   0.4037E+02
                          Std dev =   0.2719E+00
                  Chi**2 per DoF. =      1.1415
-------------------------------------------------
---------------------------
 Status  -65.444000000000003                7           9
 We found enough events        3920   2641.8231563874529     

ls status:
events.lhe
ftn25
ftn26
input_sg.txt
moffset.dat
results.dat
run1_app.log
