 Process in group number            0
 A PDF is used, so alpha_s(MZ) is going to be modified
 Old value of alpha_s from param_card:   0.11800000071525575     
  ****************************************
 
       NNPDFDriver version 1.0.3
   Grid: NNPDF23_lo_as_0130_qed_mem0.grid
  ****************************************
 New value of alpha_s from PDF nn23lo1:  0.13000000000000000     
 Warning! ptj set to xqcut=   20.000000000000000       to improve integration efficiency
 Note that this might affect non-radiated jets,
 e.g. from decays. Use cut_decays=F in run_card.
 Warning! mmjj set to xqcut=   20.000000000000000       to improve integration efficiency
 Note that this might affect non-radiated jets,
 e.g. from decays. Use cut_decays=F in run_card.
 Warning! drjl > 0 with xqcut > 0, set to 0
 *****************************************************
 *               MadGraph/MadEvent                   *
 *        --------------------------------           *
 *          http://madgraph.hep.uiuc.edu             *
 *          http://madgraph.phys.ucl.ac.be           *
 *          http://madgraph.roma2.infn.it            *
 *        --------------------------------           *
 *                                                   *
 *          PARAMETER AND COUPLING VALUES            *
 *                                                   *
 *****************************************************

  External Params
  ---------------------------------
  
 aEWM1 =    132.50697326660156     
 mdl_Gf =   1.16639000000000003E-005
 aS =   0.11800000071525575     
 mdl_ymb =    4.6999998092651367     
 mdl_ymt =    173.00000000000000     
 mdl_ymtau =    1.7769999504089355     
 mdl_MZ =    91.188003540039063     
 mdl_MT =    172.00000000000000     
 mdl_MB =    4.6999998092651367     
 mdl_MH =    120.00000000000000     
 mdl_MTA =    1.7769999504089355     
 mdl_WZ =    2.4414036273956299     
 mdl_WW =    2.0475995540618896     
 mdl_WT =    1.4394782781600952     
 mdl_WH =   5.75308827683329582E-003
  Internal Params
  ---------------------------------
  
 mdl_conjg__CKM3x3 =    1.0000000000000000     
 mdl_CKM3x3 =    1.0000000000000000     
 mdl_conjg__CKM1x1 =    1.0000000000000000     
 mdl_complexi =  (  0.0000000000000000     ,  1.0000000000000000     )
 mdl_MZ__exp__2 =    8315.2519896181766     
 mdl_MZ__exp__4 =    69143415.650849044     
 mdl_sqrt__2 =    1.4142135623730951     
 mdl_MH__exp__2 =    14400.000000000000     
 mdl_aEW =   7.54677263654659602E-003
 mdl_MW =    80.419003571204073     
 mdl_sqrt__aEW =   8.68721626100478483E-002
 mdl_ee =   0.30795379830933894     
 mdl_MW__exp__2 =    6467.2161353853335     
 mdl_sw2 =   0.22224652440361004     
 mdl_cw =   0.88190332553879736     
 mdl_sqrt__sw2 =   0.47143029644223128     
 mdl_sw =   0.47143029644223128     
 mdl_g1 =   0.34919224068147731     
 mdl_gw =   0.65323293948944450     
 mdl_vev =    246.21845810181637     
 mdl_vev__exp__2 =    60623.529110035903     
 mdl_lam =   0.11876576810517747     
 mdl_yb =   2.69955531549349870E-002
 mdl_yt =   0.99366614581500623     
 mdl_ytau =   1.02066167158167860E-002
 mdl_muH =    84.852813742385706     
 mdl_I1x33 =  ( 2.69955531549349870E-002,  0.0000000000000000     )
 mdl_I2x33 =  ( 0.99366614581500623     ,  0.0000000000000000     )
 mdl_I3x33 =  ( 0.99366614581500623     ,  0.0000000000000000     )
 mdl_I4x33 =  ( 2.69955531549349870E-002,  0.0000000000000000     )
 mdl_ee__exp__2 =   9.48355418931490085E-002
 mdl_sw__exp__2 =   0.22224652440361006     
 mdl_cw__exp__2 =   0.77775347559638996     
  Internal Params evaluated point by point
  ----------------------------------------
  
 mdl_sqrt__aS =   0.34351128178744839     
 mdl_G__exp__2 =    1.4828317414825511     
  Couplings of sm
  ---------------------------------
  
        GC_10 =  -0.12177E+01   0.00000E+00
        GC_11 =   0.00000E+00   0.12177E+01
       GC_100 =   0.00000E+00   0.46191E+00

 Collider parameters:
 --------------------

 Running at P P   machine @    13000.000000000000       GeV
 PDF set = nn23lo1
 alpha_s(Mz)= 0.1300 running at 2 loops.
 alpha_s(Mz)= 0.1300 running at 2 loops.
 Renormalization scale set on event-by-event basis
 Factorization   scale set on event-by-event basis


 getting user params
Enter number of events and max and min iterations: 
 Number of events and iterations         2000           9           3
Enter desired fractional accuracy: 
 Desired fractional accuracy:   -121.54000000000001     
Enter 0 for fixed, 2 for adjustable grid: 
Suppress amplitude (0 no, 1 yes)? 
 Using suppressed amplitude.
Exact helicity sum (0 yes, n = number/event)? 
 Explicitly summing over helicities
Enter Configuration Number: 
Running Configuration Number:    1
 Not subdividing B.W.
 Attempting mappinvarients           1           8
 Completed mapping           8
 about to integrate           16        2000           9           3          16           1
 Using non-zero grid deformation.
 16 dimensions   2000 events 16 invarients  9 iterations  1 config(s),  (0.99)
 Using h-tuple random number sequence.
 Error opening grid
 Using Uniform Grid!
 Using uniform alpha   1.0000000000000000     
 Grid defined OK
 Set CM energy to      13000.00
 Mapping Graph           1  to config           1
 Setting BW          -1           1   80.419003571204073     
 Setting BW          -2           2   172.00000000000000     
 Setting BW          -3           3   80.419003571204073     
 Setting BW          -4           4   172.00000000000000     
Setting grid   5    0.51146E-05   1
 Transforming s_hat 1/s           15  1.09391608200776463E-003
 Masses: 0.000E+00 0.000E+00 0.470E+01 0.470E+01 0.000E+00 0.000E+00 0.000E+00 0.000E+00
   1   1   2   3   4   5   6   7   8   9  10  11  12  13  14
  15  16
 Got moffset           8
Using random seed offsets     1 :      1
  with seed                    7
 Ranmar initialization seeds       10336        4556
  Particle       3       4       5       6       7       8
      Et >     0.0     0.0    10.0     0.0    20.0    20.0
       E >     0.0     0.0     0.0     0.0     0.0     0.0
     Eta <    -1.0    -1.0     2.5    -1.0     5.0     5.0
   xqcut:      0.0     0.0     0.0     0.0     0.0     0.0
d R # 3  >    -0.0     0.0     0.0     0.0     0.0     0.0
d R # 4  >    -0.0    -0.0     0.0     0.0     0.0     0.0
d R # 5  >    -0.0    -0.0    -0.0     0.0     0.0     0.0
d R # 6  >    -0.0    -0.0    -0.0    -0.0     0.0     0.0
d R # 7  >    -0.0    -0.0    -0.0    -0.0    -0.0     0.0
s min # 3>     0.0     0.0     0.0     0.0     0.0     0.0
s min # 4>     0.0     0.0     0.0     0.0     0.0     0.0
s min # 5>     0.0     0.0     0.0     0.0     0.0     0.0
s min # 6>     0.0     0.0     0.0     0.0     0.0     0.0
s min # 7>     0.0     0.0     0.0     0.0   400.0   400.0
xqcutij # 3>     0.0     0.0     0.0     0.0     0.0     0.0
xqcutij # 4>     0.0     0.0     0.0     0.0     0.0     0.0
xqcutij # 5>     0.0     0.0     0.0     0.0     0.0     0.0
xqcutij # 6>     0.0     0.0     0.0     0.0     0.0     0.0
xqcutij # 7>     0.0     0.0     0.0     0.0     0.0    20.0
 No cut BW           -1           1
 No cut BW           -2           2
 No cut BW           -3           3
 No cut BW           -4           4
 alpha_s for scale    808.09401517035690       is   9.54837453291917798E-002
 Added good helicity           10  1.29845325091854070E-003  in event            1
 Added good helicity           26   1.5745996652706322       in event            1
 Added good helicity           42  6.43231057344707028E-006  in event            1
 Added good helicity           58  7.80029166910831562E-003  in event            1
 Added good helicity           74  0.11383525557974318       in event            1
 Added good helicity           90   138.04498175429828       in event            1
 Added good helicity          106  5.63919969839996363E-004  in event            1
 Added good helicity          122  0.68385072402208702       in event            1
 Added good helicity          138  4.30357197125947749E-002  in event            1
 Added good helicity          154   52.188270780018009       in event            1
 Added good helicity          170  2.13191437387061274E-004  in event            1
 Added good helicity          186  0.25853157648206027       in event            1
 Added good helicity          202  5.17207121664007285E-002  in event            1
 Added good helicity          218   62.720329751696127       in event            1
 Added good helicity          234  2.56215372789744291E-004  in event            1
 Added good helicity          250  0.31070555674339689       in event            1
 Added good helicity            6  9.07234699440805786E-003  in event            1
 Added good helicity           22   33.694743765560233       in event            1
 Added good helicity           38  3.73748653574619555E-006  in event            1
 Added good helicity           54  1.38810443677718168E-002  in event            1
 Added good helicity           70  1.30044761567289415E-002  in event            1
 Added good helicity           86   48.298691857399490       in event            1
 Added good helicity          102  5.35738487187108573E-006  in event            1
 Added good helicity          118  1.98973551852072994E-002  in event            1
 Added good helicity          134  1.45541037100977017E-002  in event            1
 Added good helicity          150   54.054016623416040       in event            1
 Added good helicity          166  5.99577669261016695E-006  in event            1
 Added good helicity          182  2.22683457166641813E-002  in event            1
 Added good helicity          198  3.22504253353968831E-002  in event            1
 Added good helicity          214   119.77824687220662       in event            1
 Added good helicity          230  1.32860361863835604E-005  in event            1
 Added good helicity          246  4.93444072670596173E-002  in event            1
 Iteration  1   Mean: 0.4005E+01 Abs mean: 0.4005E+01   Fluctuation:  0.449E+00   0.351E+03    62.7%
  1    0.4005E+01 0.4005E+01 +- 0.4487E+00      5.01
 Writing out events  3.54802006355768595E-004   5.0100425127258443     
 Relative summed weights:
  0.4838E+00  0.0000E+00  0.0000E+00  0.0000E+00
  0.0000E+00  0.0000E+00  0.5162E+00  0.0000E+00
 Relative number of events:
  0.4815E+00  0.0000E+00  0.0000E+00  0.0000E+00
  0.0000E+00  0.0000E+00  0.5185E+00  0.0000E+00
 Events:
         963           0           0           0
           0           0        1037           0
 Iteration  2   Mean: 0.4212E+01 Abs mean: 0.4212E+01   Fluctuation:  0.143E+00   0.115E+03    63.2%
  2    0.4212E+01 0.4212E+01 +- 0.1426E+00      2.14
 Relative summed weights:
  0.5030E+00  0.0000E+00  0.0000E+00  0.0000E+00
  0.0000E+00  0.0000E+00  0.4970E+00  0.0000E+00
 Relative number of events:
  0.5022E+00  0.0000E+00  0.0000E+00  0.0000E+00
  0.0000E+00  0.0000E+00  0.4978E+00  0.0000E+00
 Events:
        2009           0           0           0
           0           0        1991           0
 Iteration  3   Mean: 0.7639E+01 Abs mean: 0.7639E+01   Fluctuation:  0.273E+01   0.216E+05    65.0%
  3    0.7639E+01 0.7639E+01 +- 0.2727E+01     31.93
 Relative summed weights:
  0.3471E+00  0.0000E+00  0.0000E+00  0.0000E+00
  0.0000E+00  0.0000E+00  0.6529E+00  0.0000E+00
 Relative number of events:
  0.5042E+00  0.0000E+00  0.0000E+00  0.0000E+00
  0.0000E+00  0.0000E+00  0.4958E+00  0.0000E+00
 Events:
        4034           0           0           0
           0           0        3966           0
 Found         1317  events.
 Wrote            2  events.
 Actual xsec    4.2224650015315381     
 Correct abs xsec    4.2224650015315381     
 Event xsec    4.2224650015315390     
 Events wgts > 1:            1
 % Cross section > 1:   6.94660373667943531E-009  1.64515365649207729E-007
 Checking number of events   513.19839628614318                2  chi2:   0.90476545210684978     
 Found         1317  events.
 Wrote            1  events.
 Actual xsec    4.2224650015315381     
 Correct abs xsec    4.2224650015315381     
 Event xsec    4.2224650015315381     
 Events wgts > 1:            1
 % Cross section > 1:   1.38932083615372903E-008  3.29030752333010689E-007
 Iteration  4   Mean: 0.8410E+01 Abs mean: 0.8410E+01   Fluctuation:  0.114E+01   0.127E+05    63.8%
  4    0.8410E+01 0.8410E+01 +- 0.1140E+01     17.15
 Relative summed weights:
  0.4560E+00  0.0000E+00  0.0000E+00  0.0000E+00
  0.0000E+00  0.0000E+00  0.5440E+00  0.0000E+00
 Relative number of events:
  0.5012E+00  0.0000E+00  0.0000E+00  0.0000E+00
  0.0000E+00  0.0000E+00  0.4988E+00  0.0000E+00
 Events:
        8020           0           0           0
           0           0        7980           0
 Found         1494  events.
 Wrote           12  events.
 Actual xsec    4.4847733657837692     
 Correct abs xsec    4.4847733657837692     
 Event xsec    4.4847733657837683     
 Events wgts > 1:            1
 % Cross section > 1:   1.14435677600610575E-008  2.55164906377853429E-007
 Checking number of events   545.07935487735938               12  chi2:    8.4249569638714021     
 Found         1494  events.
 Wrote            9  events.
 Actual xsec    4.4847733657837692     
 Correct abs xsec    4.4847733657837692     
 Event xsec    4.4847733657837683     
 Events wgts > 1:            1
 % Cross section > 1:   1.52580903467480766E-008  3.40219875170471239E-007
 Iteration  5   Mean: 0.7700E+01 Abs mean: 0.7700E+01   Fluctuation:  0.300E+00   0.370E+04    64.1%
  5    0.7700E+01 0.7700E+01 +- 0.2997E+00      6.96
 Relative summed weights:
  0.5101E+00  0.0000E+00  0.0000E+00  0.0000E+00
  0.0000E+00  0.0000E+00  0.4899E+00  0.0000E+00
 Relative number of events:
  0.4974E+00  0.0000E+00  0.0000E+00  0.0000E+00
  0.0000E+00  0.0000E+00  0.5026E+00  0.0000E+00
 Events:
       15917           0           0           0
           0           0       16083           0
 Found         3022  events.
 Wrote          109  events.
 Actual xsec    7.7528053701884803     
 Correct abs xsec    7.7528053701884803     
 Event xsec    7.7528053701885229     
 Events wgts > 1:            2
 % Cross section > 1:   7.44847414943376751E-002  0.96074566479832124     
 Checking number of events   942.27596469270793              109  chi2:   0.18227581358370260     
 Found         3022  events.
 Wrote          120  events.
 Actual xsec    7.7528053701884803     
 Correct abs xsec    7.7528053701884803     
 Event xsec    7.7528053701884962     
 Events wgts > 1:            2
 % Cross section > 1:   6.77166104272676622E-002  0.87344654217240136     
 Iteration  6   Mean: 0.8170E+01 Abs mean: 0.8170E+01   Fluctuation:  0.129E+00   0.171E+04    65.3%
  6    0.8170E+01 0.8170E+01 +- 0.1289E+00      3.99
 Relative summed weights:
  0.5089E+00  0.0000E+00  0.0000E+00  0.0000E+00
  0.0000E+00  0.0000E+00  0.4911E+00  0.0000E+00
 Relative number of events:
  0.5000E+00  0.0000E+00  0.0000E+00  0.0000E+00
  0.0000E+00  0.0000E+00  0.5000E+00  0.0000E+00
 Events:
       32000           0           0           0
           0           0       31999           0
 Found         7321  events.
 Wrote          757  events.
 Actual xsec    8.1074222294393650     
 Correct abs xsec    8.1074222294393650     
 Event xsec    8.1074222294393596     
 Events wgts > 1:           21
 % Cross section > 1:   7.58262177349868505E-002  0.93526913473988815     
 Checking number of events   985.37609776606052              757  chi2:    1.0777875252572942     
 Found         7321  events.
 Wrote          803  events.
 Actual xsec    8.1074222294393650     
 Correct abs xsec    8.1074222294393650     
 Event xsec    8.1074222294393739     
 Events wgts > 1:           21
 % Cross section > 1:   7.15208179123136972E-002  0.88216471140000496     
 Iteration  7   Mean: 0.8159E+01 Abs mean: 0.8159E+01   Fluctuation:  0.499E-01   0.405E+03    65.6%
  7    0.8159E+01 0.8159E+01 +- 0.4992E-01      2.19
 Relative summed weights:
  0.5004E+00  0.0000E+00  0.0000E+00  0.0000E+00
  0.0000E+00  0.0000E+00  0.4996E+00  0.0000E+00
 Relative number of events:
  0.5009E+00  0.0000E+00  0.0000E+00  0.0000E+00
  0.0000E+00  0.0000E+00  0.4991E+00  0.0000E+00
 Events:
       64117           0           0           0
           0           0       63883           0
 Found        17314  events.
 Wrote         6779  events.
 Actual xsec    8.1506989990559831     
 Correct abs xsec    8.1506989990559831     
 Event xsec    8.1506989990561500     
 Events wgts > 1:          261
 % Cross section > 1:   8.08923283109095337E-002  0.99245878568545909     
 Checking number of events   990.63595634526428             6779  chi2:    1.1555165923553801     

 -------------------------------------------------------------------------------
 Accumulated results:   Integral =  0.8035E+01
                        Std dev  =  0.4464E-01
                       Cross sec =  0.3770E+02
             Chi**2 per DoF.     =
-------------------------------------------------
---------------------------
 Results Last   3 iters: Integral =   0.8151E+01
                     Abs integral =   0.8151E+01
                          Std dev =   0.4600E-01
                  Chi**2 per DoF. =      1.1555
-------------------------------------------------
---------------------------
 Status  -121.54000000000001                8           9
 We found enough events        6779   990.63595634526428     

ls status:
events.lhe
ftn25
ftn26
input_sg.txt
moffset.dat
results.dat
run1_app.log
