 Process in group number            0
 A PDF is used, so alpha_s(MZ) is going to be modified
 Old value of alpha_s from param_card:   0.11800000071525575     
  ****************************************
 
       NNPDFDriver version 1.0.3
   Grid: NNPDF23_lo_as_0130_qed_mem0.grid
  ****************************************
 New value of alpha_s from PDF nn23lo1:  0.13000000000000000     
 Warning! ptj set to xqcut=   20.000000000000000       to improve integration efficiency
 Note that this might affect non-radiated jets,
 e.g. from decays. Use cut_decays=F in run_card.
 Warning! mmjj set to xqcut=   20.000000000000000       to improve integration efficiency
 Note that this might affect non-radiated jets,
 e.g. from decays. Use cut_decays=F in run_card.
 Warning! drjl > 0 with xqcut > 0, set to 0
 *****************************************************
 *               MadGraph/MadEvent                   *
 *        --------------------------------           *
 *          http://madgraph.hep.uiuc.edu             *
 *          http://madgraph.phys.ucl.ac.be           *
 *          http://madgraph.roma2.infn.it            *
 *        --------------------------------           *
 *                                                   *
 *          PARAMETER AND COUPLING VALUES            *
 *                                                   *
 *****************************************************

  External Params
  ---------------------------------
  
 aEWM1 =    132.50697326660156     
 mdl_Gf =   1.16639000000000003E-005
 aS =   0.11800000071525575     
 mdl_ymb =    4.6999998092651367     
 mdl_ymt =    173.00000000000000     
 mdl_ymtau =    1.7769999504089355     
 mdl_MZ =    91.188003540039063     
 mdl_MT =    172.00000000000000     
 mdl_MB =    4.6999998092651367     
 mdl_MH =    120.00000000000000     
 mdl_MTA =    1.7769999504089355     
 mdl_WZ =    2.4414036273956299     
 mdl_WW =    2.0475995540618896     
 mdl_WT =    1.4394782781600952     
 mdl_WH =   5.75308827683329582E-003
  Internal Params
  ---------------------------------
  
 mdl_conjg__CKM3x3 =    1.0000000000000000     
 mdl_CKM3x3 =    1.0000000000000000     
 mdl_conjg__CKM1x1 =    1.0000000000000000     
 mdl_complexi =  (  0.0000000000000000     ,  1.0000000000000000     )
 mdl_MZ__exp__2 =    8315.2519896181766     
 mdl_MZ__exp__4 =    69143415.650849044     
 mdl_sqrt__2 =    1.4142135623730951     
 mdl_MH__exp__2 =    14400.000000000000     
 mdl_aEW =   7.54677263654659602E-003
 mdl_MW =    80.419003571204073     
 mdl_sqrt__aEW =   8.68721626100478483E-002
 mdl_ee =   0.30795379830933894     
 mdl_MW__exp__2 =    6467.2161353853335     
 mdl_sw2 =   0.22224652440361004     
 mdl_cw =   0.88190332553879736     
 mdl_sqrt__sw2 =   0.47143029644223128     
 mdl_sw =   0.47143029644223128     
 mdl_g1 =   0.34919224068147731     
 mdl_gw =   0.65323293948944450     
 mdl_vev =    246.21845810181637     
 mdl_vev__exp__2 =    60623.529110035903     
 mdl_lam =   0.11876576810517747     
 mdl_yb =   2.69955531549349870E-002
 mdl_yt =   0.99366614581500623     
 mdl_ytau =   1.02066167158167860E-002
 mdl_muH =    84.852813742385706     
 mdl_I1x33 =  ( 2.69955531549349870E-002,  0.0000000000000000     )
 mdl_I2x33 =  ( 0.99366614581500623     ,  0.0000000000000000     )
 mdl_I3x33 =  ( 0.99366614581500623     ,  0.0000000000000000     )
 mdl_I4x33 =  ( 2.69955531549349870E-002,  0.0000000000000000     )
 mdl_ee__exp__2 =   9.48355418931490085E-002
 mdl_sw__exp__2 =   0.22224652440361006     
 mdl_cw__exp__2 =   0.77775347559638996     
  Internal Params evaluated point by point
  ----------------------------------------
  
 mdl_sqrt__aS =   0.34351128178744839     
 mdl_G__exp__2 =    1.4828317414825511     
  Couplings of sm
  ---------------------------------
  
        GC_10 =  -0.12177E+01   0.00000E+00
        GC_11 =   0.00000E+00   0.12177E+01
       GC_100 =   0.00000E+00   0.46191E+00

 Collider parameters:
 --------------------

 Running at P P   machine @    13000.000000000000       GeV
 PDF set = nn23lo1
 alpha_s(Mz)= 0.1300 running at 2 loops.
 alpha_s(Mz)= 0.1300 running at 2 loops.
 Renormalization scale set on event-by-event basis
 Factorization   scale set on event-by-event basis


 getting user params
Enter number of events and max and min iterations: 
 Number of events and iterations         2000           9           3
Enter desired fractional accuracy: 
 Desired fractional accuracy:   -65.444000000000003     
Enter 0 for fixed, 2 for adjustable grid: 
Suppress amplitude (0 no, 1 yes)? 
 Using suppressed amplitude.
Exact helicity sum (0 yes, n = number/event)? 
 Explicitly summing over helicities
Enter Configuration Number: 
Running Configuration Number:    2
 Not subdividing B.W.
 Attempting mappinvarients           1           8
 Completed mapping           8
 about to integrate           16        2000           9           3          16           1
 Using non-zero grid deformation.
 16 dimensions   2000 events 16 invarients  9 iterations  1 config(s),  (0.99)
 Using h-tuple random number sequence.
 Error opening grid
 Using Uniform Grid!
 Using uniform alpha   1.0000000000000000     
 Grid defined OK
 Set CM energy to      13000.00
 Mapping Graph           2  to config           2
 Setting BW          -1           1   80.419003571204073     
 Setting BW          -2           2   172.00000000000000     
 Setting BW          -3           3   80.419003571204073     
 Setting BW          -4           4   172.00000000000000     
Setting grid   5    0.12786E-05   1
 Transforming s_hat 1/s           15  1.09391608200776463E-003
 Masses: 0.000E+00 0.000E+00 0.470E+01 0.470E+01 0.000E+00 0.000E+00 0.000E+00 0.000E+00
   2   1   2   3   4   5   6   7   8   9  10  11  12  13  14
  15  16
 Got moffset           7
Using random seed offsets     2 :      1
  with seed                    7
 Ranmar initialization seeds       10337        1399
  Particle       3       4       5       6       7       8
      Et >     0.0     0.0    10.0     0.0    20.0    20.0
       E >     0.0     0.0     0.0     0.0     0.0     0.0
     Eta <    -1.0    -1.0     2.5    -1.0     5.0     5.0
   xqcut:      0.0     0.0     0.0     0.0     0.0     0.0
d R # 3  >    -0.0     0.0     0.0     0.0     0.0     0.0
d R # 4  >    -0.0    -0.0     0.0     0.0     0.0     0.0
d R # 5  >    -0.0    -0.0    -0.0     0.0     0.0     0.0
d R # 6  >    -0.0    -0.0    -0.0    -0.0     0.0     0.0
d R # 7  >    -0.0    -0.0    -0.0    -0.0    -0.0     0.0
s min # 3>     0.0     0.0     0.0     0.0     0.0     0.0
s min # 4>     0.0     0.0     0.0     0.0     0.0     0.0
s min # 5>     0.0     0.0     0.0     0.0     0.0     0.0
s min # 6>     0.0     0.0     0.0     0.0     0.0     0.0
s min # 7>     0.0     0.0     0.0     0.0   400.0   400.0
xqcutij # 3>     0.0     0.0     0.0     0.0     0.0     0.0
xqcutij # 4>     0.0     0.0     0.0     0.0     0.0     0.0
xqcutij # 5>     0.0     0.0     0.0     0.0     0.0     0.0
xqcutij # 6>     0.0     0.0     0.0     0.0     0.0     0.0
xqcutij # 7>     0.0     0.0     0.0     0.0     0.0    20.0
 No cut BW           -1           1
 No cut BW           -2           2
 No cut BW           -3           3
 No cut BW           -4           4
 alpha_s for scale    176.20671056888821       is   0.11715255012943995     
 Added good helicity            6  3.32954468784457114E-002  in event            1
 Added good helicity           22   52.480168850476140       in event            1
 Added good helicity           38  1.00772275014613516E-004  in event            1
 Added good helicity           54  0.15883691327288202       in event            1
 Added good helicity           70  5.45584209843207220E-003  in event            1
 Added good helicity           86   8.5994795502386427       in event            1
 Added good helicity          102  1.65126968376995194E-005  in event            1
 Added good helicity          118  2.60272559603394911E-002  in event            1
 Added good helicity          134  2.09884370635275794E-003  in event            1
 Added good helicity          150   3.3081902310029503       in event            1
 Added good helicity          166  6.35237772784456781E-006  in event            1
 Added good helicity          182  1.00125959256939998E-002  in event            1
 Added good helicity          198  0.12097340450136361       in event            1
 Added good helicity          214   190.67786408833067       in event            1
 Added good helicity          230  3.66139107018784106E-004  in event            1
 Added good helicity          246  0.57710720115150205       in event            1
 Added good helicity           10  0.82593938178541881       in event            1
 Added good helicity           26   79.353153601673938       in event            1
 Added good helicity           42  2.81171787272306952E-004  in event            1
 Added good helicity           58  2.70139292494388540E-002  in event            1
 Added good helicity           74   1.2736656841494614       in event            1
 Added good helicity           90   122.36901508802417       in event            1
 Added good helicity          106  4.33589758155824645E-004  in event            1
 Added good helicity          122  4.16576754152046605E-002  in event            1
 Added good helicity          138  0.28492407106887108       in event            1
 Added good helicity          154   27.374434583162277       in event            1
 Added good helicity          170  9.69957506156907671E-005  in event            1
 Added good helicity          186  9.31898740641025521E-003  in event            1
 Added good helicity          202  0.25167586844192696       in event            1
 Added good helicity          218   24.180072153885444       in event            1
 Added good helicity          234  8.56771759570989887E-005  in event            1
 Added good helicity          250  8.23154126539478795E-003  in event            1
 Iteration  1   Mean: 0.2814E+02 Abs mean: 0.2814E+02   Fluctuation:  0.106E+01   0.308E+03    30.9%
  1    0.2814E+02 0.2814E+02 +- 0.1059E+01      1.68
 Writing out events  5.05326760490372538E-003   1.6822497577119124     
 Relative summed weights:
  0.5569E+00  0.0000E+00  0.0000E+00  0.0000E+00
  0.0000E+00  0.0000E+00  0.4431E+00  0.0000E+00
 Relative number of events:
  0.5045E+00  0.0000E+00  0.0000E+00  0.0000E+00
  0.0000E+00  0.0000E+00  0.4955E+00  0.0000E+00
 Events:
        1009           0           0           0
           0           0         991           0
 Iteration  2   Mean: 0.1019E+03 Abs mean: 0.1019E+03   Fluctuation:  0.469E+02   0.142E+06    47.3%
  2    0.1019E+03 0.1019E+03 +- 0.4694E+02     29.13
 Relative summed weights:
  0.2335E+00  0.0000E+00  0.0000E+00  0.0000E+00
  0.0000E+00  0.0000E+00  0.7665E+00  0.0000E+00
 Relative number of events:
  0.5010E+00  0.0000E+00  0.0000E+00  0.0000E+00
  0.0000E+00  0.0000E+00  0.4990E+00  0.0000E+00
 Events:
        2004           0           0           0
           0           0        1996           0
 Iteration  3   Mean: 0.3072E+02 Abs mean: 0.3072E+02   Fluctuation:  0.161E+01   0.566E+04    54.5%
  3    0.3072E+02 0.3072E+02 +- 0.1610E+01      4.69
 Relative summed weights:
  0.4668E+00  0.0000E+00  0.0000E+00  0.0000E+00
  0.0000E+00  0.0000E+00  0.5332E+00  0.0000E+00
 Relative number of events:
  0.4945E+00  0.0000E+00  0.0000E+00  0.0000E+00
  0.0000E+00  0.0000E+00  0.5055E+00  0.0000E+00
 Events:
        3956           0           0           0
           0           0        4044           0
 Found          404  events.
 Wrote           43  events.
 Actual xsec    29.338203493230765     
 Correct abs xsec    29.338203493230765     
 Event xsec    29.338203493230761     
 Events wgts > 1:            2
 % Cross section > 1:   0.33380590692064183        1.1377857781839342     
 Checking number of events   1920.0093894109943               43  chi2:    2.1998272008045916     
 Found          404  events.
 Wrote           63  events.
 Actual xsec    29.338203493230765     
 Correct abs xsec    29.338203493230765     
 Event xsec    29.338203493230743     
 Events wgts > 1:            2
 % Cross section > 1:   0.22866170802330843       0.77939914785875686     
 Iteration  4   Mean: 0.3902E+02 Abs mean: 0.3902E+02   Fluctuation:  0.244E+01   0.197E+05    55.8%
  4    0.3902E+02 0.3902E+02 +- 0.2440E+01      7.91
 Relative summed weights:
  0.5058E+00  0.0000E+00  0.0000E+00  0.0000E+00
  0.0000E+00  0.0000E+00  0.4942E+00  0.0000E+00
 Relative number of events:
  0.5058E+00  0.0000E+00  0.0000E+00  0.0000E+00
  0.0000E+00  0.0000E+00  0.4943E+00  0.0000E+00
 Events:
        8092           0           0           0
           0           0        7908           0
 Found         2462  events.
 Wrote           43  events.
 Actual xsec    34.657814685855868     
 Correct abs xsec    34.657814685855868     
 Event xsec    34.657814685855875     
 Events wgts > 1:            1
 % Cross section > 1:   0.18345203706996915       0.52932372895639423     
 Checking number of events   2268.1460243011516               43  chi2:    5.6234122447708659     
 Found         2462  events.
 Wrote           31  events.
 Actual xsec    34.657814685855868     
 Correct abs xsec    34.657814685855868     
 Event xsec    34.657814685855868     
 Events wgts > 1:            1
 % Cross section > 1:   0.25394539597209698       0.73272189338508442     
 Iteration  5   Mean: 0.4189E+02 Abs mean: 0.4189E+02   Fluctuation:  0.115E+01   0.126E+05    56.0%
  5    0.4189E+02 0.4189E+02 +- 0.1152E+01      4.92
 Relative summed weights:
  0.5135E+00  0.0000E+00  0.0000E+00  0.0000E+00
  0.0000E+00  0.0000E+00  0.4865E+00  0.0000E+00
 Relative number of events:
  0.4985E+00  0.0000E+00  0.0000E+00  0.0000E+00
  0.0000E+00  0.0000E+00  0.5015E+00  0.0000E+00
 Events:
       15951           0           0           0
           0           0       16049           0
 Found         4462  events.
 Wrote          186  events.
 Actual xsec    39.420460426898146     
 Correct abs xsec    39.420460426898146     
 Event xsec    39.420460426898046     
 Events wgts > 1:            4
 % Cross section > 1:   0.35565957679407617       0.90222075780575206     
 Checking number of events   2579.8326121779223              186  chi2:    16.926162991318648     
 Found         4462  events.
 Wrote          178  events.
 Actual xsec    39.420460426898146     
 Correct abs xsec    39.420460426898146     
 Event xsec    39.420460426898217     
 Events wgts > 1:            4
 % Cross section > 1:   0.37149363899942855       0.94238787415568348     
 Iteration  6   Mean: 0.4040E+02 Abs mean: 0.4040E+02   Fluctuation:  0.391E+00   0.260E+04    56.6%
  6    0.4040E+02 0.4040E+02 +- 0.3905E+00      2.45
 Relative summed weights:
  0.5017E+00  0.0000E+00  0.0000E+00  0.0000E+00
  0.0000E+00  0.0000E+00  0.4983E+00  0.0000E+00
 Relative number of events:
  0.5002E+00  0.0000E+00  0.0000E+00  0.0000E+00
  0.0000E+00  0.0000E+00  0.4998E+00  0.0000E+00
 Events:
       32010           0           0           0
           0           0       31990           0
 Found         9258  events.
 Wrote         2090  events.
 Actual xsec    40.532233280911086     
 Correct abs xsec    40.532233280911086     
 Event xsec    40.532233280908414     
 Events wgts > 1:           71
 % Cross section > 1:   0.39895422024020266       0.98428876957075784     
 Checking number of events   2652.5914748359451             2090  chi2:   0.94441149740497332     
 Found         9258  events.
 Wrote         2081  events.
 Actual xsec    40.532233280911086     
 Correct abs xsec    40.532233280911086     
 Event xsec    40.532233280909644     
 Events wgts > 1:           71
 % Cross section > 1:   0.40066257914997172       0.98850358521616555     
 Iteration  7   Mean: 0.4082E+02 Abs mean: 0.4082E+02   Fluctuation:  0.194E+00   0.195E+04    56.5%
  7    0.4082E+02 0.4082E+02 +- 0.1940E+00      1.70
 Relative summed weights:
  0.4996E+00  0.0000E+00  0.0000E+00  0.0000E+00
  0.0000E+00  0.0000E+00  0.5004E+00  0.0000E+00
 Relative number of events:
  0.5019E+00  0.0000E+00  0.0000E+00  0.0000E+00
  0.0000E+00  0.0000E+00  0.4981E+00  0.0000E+00
 Events:
       64239           0           0           0
           0           0       63761           0
 Found        21259  events.
 Wrote        10039  events.
 Actual xsec    40.768758621469061     
 Correct abs xsec    40.768758621469061     
 Event xsec    40.768758621469445     
 Events wgts > 1:          327
 % Cross section > 1:   0.40653677630308466       0.99717722601687520     
 Checking number of events   2668.0706392234215            10039  chi2:   0.96138187127445507     

 -------------------------------------------------------------------------------
 Accumulated results:   Integral =  0.4055E+02
                        Std dev  =  0.1689E+00
                       Cross sec =  0.1706E+02
             Chi**2 per DoF.     =
-------------------------------------------------
---------------------------
 Results Last   3 iters: Integral =   0.4077E+02
                     Abs integral =   0.4077E+02
                          Std dev =   0.1718E+00
                  Chi**2 per DoF. =      0.9614
-------------------------------------------------
---------------------------
 Status  -65.444000000000003                8           9
 We found enough events       10039   2668.0706392234215     

ls status:
events.lhe
ftn25
ftn26
input_sg.txt
moffset.dat
results.dat
run1_app.log
