 Process in group number            0
 A PDF is used, so alpha_s(MZ) is going to be modified
 Old value of alpha_s from param_card:   0.11800000071525575     
  ****************************************
 
       NNPDFDriver version 1.0.3
   Grid: NNPDF23_lo_as_0130_qed_mem0.grid
  ****************************************
 New value of alpha_s from PDF nn23lo1:  0.13000000000000000     
 Warning! ptj set to xqcut=   20.000000000000000       to improve integration efficiency
 Note that this might affect non-radiated jets,
 e.g. from decays. Use cut_decays=F in run_card.
 Warning! mmjj set to xqcut=   20.000000000000000       to improve integration efficiency
 Note that this might affect non-radiated jets,
 e.g. from decays. Use cut_decays=F in run_card.
 Warning! drjl > 0 with xqcut > 0, set to 0
 *****************************************************
 *               MadGraph/MadEvent                   *
 *        --------------------------------           *
 *          http://madgraph.hep.uiuc.edu             *
 *          http://madgraph.phys.ucl.ac.be           *
 *          http://madgraph.roma2.infn.it            *
 *        --------------------------------           *
 *                                                   *
 *          PARAMETER AND COUPLING VALUES            *
 *                                                   *
 *****************************************************

  External Params
  ---------------------------------
  
 aEWM1 =    132.50697326660156     
 mdl_Gf =   1.16639000000000003E-005
 aS =   0.11800000071525575     
 mdl_ymb =    4.6999998092651367     
 mdl_ymt =    173.00000000000000     
 mdl_ymtau =    1.7769999504089355     
 mdl_MZ =    91.188003540039063     
 mdl_MT =    172.00000000000000     
 mdl_MB =    4.6999998092651367     
 mdl_MH =    120.00000000000000     
 mdl_MTA =    1.7769999504089355     
 mdl_WZ =    2.4414036273956299     
 mdl_WW =    2.0475995540618896     
 mdl_WT =    1.4394782781600952     
 mdl_WH =   5.75308827683329582E-003
  Internal Params
  ---------------------------------
  
 mdl_conjg__CKM3x3 =    1.0000000000000000     
 mdl_CKM3x3 =    1.0000000000000000     
 mdl_conjg__CKM1x1 =    1.0000000000000000     
 mdl_complexi =  (  0.0000000000000000     ,  1.0000000000000000     )
 mdl_MZ__exp__2 =    8315.2519896181766     
 mdl_MZ__exp__4 =    69143415.650849044     
 mdl_sqrt__2 =    1.4142135623730951     
 mdl_MH__exp__2 =    14400.000000000000     
 mdl_aEW =   7.54677263654659602E-003
 mdl_MW =    80.419003571204073     
 mdl_sqrt__aEW =   8.68721626100478483E-002
 mdl_ee =   0.30795379830933894     
 mdl_MW__exp__2 =    6467.2161353853335     
 mdl_sw2 =   0.22224652440361004     
 mdl_cw =   0.88190332553879736     
 mdl_sqrt__sw2 =   0.47143029644223128     
 mdl_sw =   0.47143029644223128     
 mdl_g1 =   0.34919224068147731     
 mdl_gw =   0.65323293948944450     
 mdl_vev =    246.21845810181637     
 mdl_vev__exp__2 =    60623.529110035903     
 mdl_lam =   0.11876576810517747     
 mdl_yb =   2.69955531549349870E-002
 mdl_yt =   0.99366614581500623     
 mdl_ytau =   1.02066167158167860E-002
 mdl_muH =    84.852813742385706     
 mdl_I1x33 =  ( 2.69955531549349870E-002,  0.0000000000000000     )
 mdl_I2x33 =  ( 0.99366614581500623     ,  0.0000000000000000     )
 mdl_I3x33 =  ( 0.99366614581500623     ,  0.0000000000000000     )
 mdl_I4x33 =  ( 2.69955531549349870E-002,  0.0000000000000000     )
 mdl_ee__exp__2 =   9.48355418931490085E-002
 mdl_sw__exp__2 =   0.22224652440361006     
 mdl_cw__exp__2 =   0.77775347559638996     
  Internal Params evaluated point by point
  ----------------------------------------
  
 mdl_sqrt__aS =   0.34351128178744839     
 mdl_G__exp__2 =    1.4828317414825511     
  Couplings of sm
  ---------------------------------
  
        GC_10 =  -0.12177E+01   0.00000E+00
        GC_11 =   0.00000E+00   0.12177E+01
       GC_100 =   0.00000E+00   0.46191E+00

 Collider parameters:
 --------------------

 Running at P P   machine @    13000.000000000000       GeV
 PDF set = nn23lo1
 alpha_s(Mz)= 0.1300 running at 2 loops.
 alpha_s(Mz)= 0.1300 running at 2 loops.
 Renormalization scale set on event-by-event basis
 Factorization   scale set on event-by-event basis


 getting user params
Enter number of events and max and min iterations: 
 Number of events and iterations         2000           9           3
Enter desired fractional accuracy: 
 Desired fractional accuracy:   -65.444000000000003     
Enter 0 for fixed, 2 for adjustable grid: 
Suppress amplitude (0 no, 1 yes)? 
 Using suppressed amplitude.
Exact helicity sum (0 yes, n = number/event)? 
 Explicitly summing over helicities
Enter Configuration Number: 
Running Configuration Number:    3
 Not subdividing B.W.
 Attempting mappinvarients           1           8
 Completed mapping           8
 about to integrate           16        2000           9           3          16           1
 Using non-zero grid deformation.
 16 dimensions   2000 events 16 invarients  9 iterations  1 config(s),  (0.99)
 Using h-tuple random number sequence.
 Error opening grid
 Using Uniform Grid!
 Using uniform alpha   1.0000000000000000     
 Grid defined OK
 Set CM energy to      13000.00
 Mapping Graph           3  to config           3
 Setting BW          -1           1   80.419003571204073     
 Setting BW          -2           2   172.00000000000000     
 Setting BW          -3           3   80.419003571204073     
 Setting BW          -4           4   172.00000000000000     
Setting grid   5    0.12786E-05   1
 Transforming s_hat 1/s           15  1.09391608200776463E-003
 Masses: 0.000E+00 0.000E+00 0.470E+01 0.470E+01 0.000E+00 0.000E+00 0.000E+00 0.000E+00
   3   1   2   3   4   5   6   7   8   9  10  11  12  13  14
  15  16
 Got moffset          19
Using random seed offsets     3 :      1
  with seed                    7
 Ranmar initialization seeds       10338        9202
  Particle       3       4       5       6       7       8
      Et >     0.0     0.0    10.0     0.0    20.0    20.0
       E >     0.0     0.0     0.0     0.0     0.0     0.0
     Eta <    -1.0    -1.0     2.5    -1.0     5.0     5.0
   xqcut:      0.0     0.0     0.0     0.0     0.0     0.0
d R # 3  >    -0.0     0.0     0.0     0.0     0.0     0.0
d R # 4  >    -0.0    -0.0     0.0     0.0     0.0     0.0
d R # 5  >    -0.0    -0.0    -0.0     0.0     0.0     0.0
d R # 6  >    -0.0    -0.0    -0.0    -0.0     0.0     0.0
d R # 7  >    -0.0    -0.0    -0.0    -0.0    -0.0     0.0
s min # 3>     0.0     0.0     0.0     0.0     0.0     0.0
s min # 4>     0.0     0.0     0.0     0.0     0.0     0.0
s min # 5>     0.0     0.0     0.0     0.0     0.0     0.0
s min # 6>     0.0     0.0     0.0     0.0     0.0     0.0
s min # 7>     0.0     0.0     0.0     0.0   400.0   400.0
xqcutij # 3>     0.0     0.0     0.0     0.0     0.0     0.0
xqcutij # 4>     0.0     0.0     0.0     0.0     0.0     0.0
xqcutij # 5>     0.0     0.0     0.0     0.0     0.0     0.0
xqcutij # 6>     0.0     0.0     0.0     0.0     0.0     0.0
xqcutij # 7>     0.0     0.0     0.0     0.0     0.0    20.0
 No cut BW           -1           1
 No cut BW           -2           2
 No cut BW           -3           3
 No cut BW           -4           4
 alpha_s for scale    258.61541634261926       is   0.11079779592475622     
 Added good helicity           10  3.28740823470722318E-003  in event            1
 Added good helicity           26   1.7183034295629558       in event            1
 Added good helicity           42  4.47149365572619845E-006  in event            1
 Added good helicity           58  2.33721592675502571E-003  in event            1
 Added good helicity           74  1.67101217326197089E-003  in event            1
 Added good helicity           90  0.87342542913999155       in event            1
 Added good helicity          106  2.27289092133323703E-006  in event            1
 Added good helicity          122  1.18802290020340005E-003  in event            1
 Added good helicity          138  0.28232620293364369       in event            1
 Added good helicity          154   147.56977172309504       in event            1
 Added good helicity          170  3.84016749710273725E-004  in event            1
 Added good helicity          186  0.20072265168355352       in event            1
 Added good helicity          202  0.20088790996481110       in event            1
 Added good helicity          218   105.00259170915291       in event            1
 Added good helicity          234  2.73245350375460338E-004  in event            1
 Added good helicity          250  0.14282327874746020       in event            1
 Added good helicity            6  5.87164554919304069E-002  in event            1
 Added good helicity           22   3.2160074675181165       in event            1
 Added good helicity           38  1.23104974104086068E-005  in event            1
 Added good helicity           54  6.74268418777042994E-004  in event            1
 Added good helicity           70   1.2043406194554935       in event            1
 Added good helicity           86   65.963934524905966       in event            1
 Added good helicity          102  2.52502164049978777E-004  in event            1
 Added good helicity          118  1.38300045250656679E-002  in event            1
 Added good helicity          134   3.1167713381782880       in event            1
 Added good helicity          150   170.71125656597840       in event            1
 Added good helicity          166  6.53462562854335675E-004  in event            1
 Added good helicity          182  3.57913376118537546E-002  in event            1
 Added good helicity          198  0.20934066876323160       in event            1
 Added good helicity          214   11.465970627098097       in event            1
 Added good helicity          230  4.38903836941780077E-005  in event            1
 Added good helicity          246  2.40395644679386672E-003  in event            1
 Iteration  1   Mean: 0.2636E+02 Abs mean: 0.2636E+02   Fluctuation:  0.973E+00   0.235E+03    32.2%
  1    0.2636E+02 0.2636E+02 +- 0.9728E+00      1.65
 Writing out events  4.55254091289968455E-003   1.6503647083837694     
 Relative summed weights:
  0.4880E+00  0.0000E+00  0.0000E+00  0.0000E+00
  0.0000E+00  0.0000E+00  0.5120E+00  0.0000E+00
 Relative number of events:
  0.5060E+00  0.0000E+00  0.0000E+00  0.0000E+00
  0.0000E+00  0.0000E+00  0.4940E+00  0.0000E+00
 Events:
        1012           0           0           0
           0           0         988           0
 Iteration  2   Mean: 0.5204E+02 Abs mean: 0.5204E+02   Fluctuation:  0.192E+02   0.721E+05    45.5%
  2    0.5204E+02 0.5204E+02 +- 0.1917E+02     23.30
 Relative summed weights:
  0.6072E+00  0.0000E+00  0.0000E+00  0.0000E+00
  0.0000E+00  0.0000E+00  0.3928E+00  0.0000E+00
 Relative number of events:
  0.5008E+00  0.0000E+00  0.0000E+00  0.0000E+00
  0.0000E+00  0.0000E+00  0.4993E+00  0.0000E+00
 Events:
        2003           0           0           0
           0           0        1997           0
 Iteration  3   Mean: 0.4107E+02 Abs mean: 0.4107E+02   Fluctuation:  0.418E+01   0.203E+05    52.7%
  3    0.4107E+02 0.4107E+02 +- 0.4176E+01      9.09
 Relative summed weights:
  0.5043E+00  0.0000E+00  0.0000E+00  0.0000E+00
  0.0000E+00  0.0000E+00  0.4957E+00  0.0000E+00
 Relative number of events:
  0.4961E+00  0.0000E+00  0.0000E+00  0.0000E+00
  0.0000E+00  0.0000E+00  0.5039E+00  0.0000E+00
 Events:
        3969           0           0           0
           0           0        4031           0
 Found          836  events.
 Wrote           12  events.
 Actual xsec    28.284732642946395     
 Correct abs xsec    28.284732642946395     
 Event xsec    28.284732642946398     
 Events wgts > 1:            1
 % Cross section > 1:   8.40740059793176897E-008  2.97241649905727281E-007
 Checking number of events   1851.0660430849839               12  chi2:    7.4093106919389120     
 Found          836  events.
 Wrote           18  events.
 Actual xsec    28.284732642946395     
 Correct abs xsec    28.284732642946395     
 Event xsec    28.284732642946391     
 Events wgts > 1:            1
 % Cross section > 1:   5.60493373935599948E-008  1.98161100198829380E-007
 Iteration  4   Mean: 0.3895E+02 Abs mean: 0.3895E+02   Fluctuation:  0.208E+01   0.162E+05    54.0%
  4    0.3895E+02 0.3895E+02 +- 0.2085E+01      6.77
 Relative summed weights:
  0.4387E+00  0.0000E+00  0.0000E+00  0.0000E+00
  0.0000E+00  0.0000E+00  0.5613E+00  0.0000E+00
 Relative number of events:
  0.4980E+00  0.0000E+00  0.0000E+00  0.0000E+00
  0.0000E+00  0.0000E+00  0.5020E+00  0.0000E+00
 Events:
        7968           0           0           0
           0           0        8032           0
 Found         1999  events.
 Wrote           62  events.
 Actual xsec    39.617238478894919     
 Correct abs xsec    39.617238478894919     
 Event xsec    39.617238478894841     
 Events wgts > 1:            3
 % Cross section > 1:   0.33317117019062614       0.84097524962047854     
 Checking number of events   2592.7105550127990               62  chi2:   0.32161000596959233     
 Found         1999  events.
 Wrote           56  events.
 Actual xsec    39.617238478894919     
 Correct abs xsec    39.617238478894919     
 Event xsec    39.617238478894897     
 Events wgts > 1:            3
 % Cross section > 1:   0.36853601378299461       0.93024155123614449     
 Iteration  5   Mean: 0.4074E+02 Abs mean: 0.4074E+02   Fluctuation:  0.776E+00   0.528E+04    55.5%
  5    0.4074E+02 0.4074E+02 +- 0.7764E+00      3.41
 Relative summed weights:
  0.4914E+00  0.0000E+00  0.0000E+00  0.0000E+00
  0.0000E+00  0.0000E+00  0.5086E+00  0.0000E+00
 Relative number of events:
  0.4950E+00  0.0000E+00  0.0000E+00  0.0000E+00
  0.0000E+00  0.0000E+00  0.5050E+00  0.0000E+00
 Events:
       15841           0           0           0
           0           0       16159           0
 Found         4649  events.
 Wrote          482  events.
 Actual xsec    40.557204624354334     
 Correct abs xsec    40.557204624354334     
 Event xsec    40.557204624354270     
 Events wgts > 1:           12
 % Cross section > 1:   0.40065304782174366       0.98787145596606218     
 Checking number of events   2654.2256994362451              482  chi2:   0.33255502225749956     
 Found         4649  events.
 Wrote          482  events.
 Actual xsec    40.557204624354334     
 Correct abs xsec    40.557204624354334     
 Event xsec    40.557204624354270     
 Events wgts > 1:           12
 % Cross section > 1:   0.40065304782174366       0.98787145596606218     
 Iteration  6   Mean: 0.4008E+02 Abs mean: 0.4008E+02   Fluctuation:  0.324E+00   0.192E+04    55.7%
  6    0.4008E+02 0.4008E+02 +- 0.3236E+00      2.04
 Relative summed weights:
  0.5006E+00  0.0000E+00  0.0000E+00  0.0000E+00
  0.0000E+00  0.0000E+00  0.4994E+00  0.0000E+00
 Relative number of events:
  0.4992E+00  0.0000E+00  0.0000E+00  0.0000E+00
  0.0000E+00  0.0000E+00  0.5008E+00  0.0000E+00
 Events:
       31951           0           0           0
           0           0       32049           0
 Found         9996  events.
 Wrote         3165  events.
 Actual xsec    40.153621538383419     
 Correct abs xsec    40.153621538383419     
 Event xsec    40.153621538384542     
 Events wgts > 1:          113
 % Cross section > 1:   0.39486807254534273       0.98339342110865813     
 Checking number of events   2627.8136079579645             3165  chi2:   0.48325530142337031     

 -------------------------------------------------------------------------------
 Accumulated results:   Integral =  0.3964E+02
                        Std dev  =  0.2855E+00
                       Cross sec =  0.1747E+02
             Chi**2 per DoF.     =
-------------------------------------------------
---------------------------
 Results Last   3 iters: Integral =   0.4015E+02
                     Abs integral =   0.4015E+02
                          Std dev =   0.2957E+00
                  Chi**2 per DoF. =      0.4833
-------------------------------------------------
---------------------------
 Status  -65.444000000000003                7           9
 We found enough events        3165   2627.8136079579645     

ls status:
events.lhe
ftn25
ftn26
input_sg.txt
moffset.dat
results.dat
run1_app.log
