 Process in group number            0
 A PDF is used, so alpha_s(MZ) is going to be modified
 Old value of alpha_s from param_card:   0.11800000071525575     
  ****************************************
 
       NNPDFDriver version 1.0.3
   Grid: NNPDF23_lo_as_0130_qed_mem0.grid
  ****************************************
 New value of alpha_s from PDF nn23lo1:  0.13000000000000000     
 Warning! ptj set to xqcut=   20.000000000000000       to improve integration efficiency
 Note that this might affect non-radiated jets,
 e.g. from decays. Use cut_decays=F in run_card.
 Warning! mmjj set to xqcut=   20.000000000000000       to improve integration efficiency
 Note that this might affect non-radiated jets,
 e.g. from decays. Use cut_decays=F in run_card.
 Warning! drjl > 0 with xqcut > 0, set to 0
 *****************************************************
 *               MadGraph/MadEvent                   *
 *        --------------------------------           *
 *          http://madgraph.hep.uiuc.edu             *
 *          http://madgraph.phys.ucl.ac.be           *
 *          http://madgraph.roma2.infn.it            *
 *        --------------------------------           *
 *                                                   *
 *          PARAMETER AND COUPLING VALUES            *
 *                                                   *
 *****************************************************

  External Params
  ---------------------------------
  
 aEWM1 =    132.50697326660156     
 mdl_Gf =   1.16639000000000003E-005
 aS =   0.11800000071525575     
 mdl_ymb =    4.6999998092651367     
 mdl_ymt =    173.00000000000000     
 mdl_ymtau =    1.7769999504089355     
 mdl_MZ =    91.188003540039063     
 mdl_MT =    172.00000000000000     
 mdl_MB =    4.6999998092651367     
 mdl_MH =    120.00000000000000     
 mdl_MTA =    1.7769999504089355     
 mdl_WZ =    2.4414036273956299     
 mdl_WW =    2.0475995540618896     
 mdl_WT =    1.4394782781600952     
 mdl_WH =   5.75308827683329582E-003
  Internal Params
  ---------------------------------
  
 mdl_conjg__CKM3x3 =    1.0000000000000000     
 mdl_CKM3x3 =    1.0000000000000000     
 mdl_conjg__CKM1x1 =    1.0000000000000000     
 mdl_complexi =  (  0.0000000000000000     ,  1.0000000000000000     )
 mdl_MZ__exp__2 =    8315.2519896181766     
 mdl_MZ__exp__4 =    69143415.650849044     
 mdl_sqrt__2 =    1.4142135623730951     
 mdl_MH__exp__2 =    14400.000000000000     
 mdl_aEW =   7.54677263654659602E-003
 mdl_MW =    80.419003571204073     
 mdl_sqrt__aEW =   8.68721626100478483E-002
 mdl_ee =   0.30795379830933894     
 mdl_MW__exp__2 =    6467.2161353853335     
 mdl_sw2 =   0.22224652440361004     
 mdl_cw =   0.88190332553879736     
 mdl_sqrt__sw2 =   0.47143029644223128     
 mdl_sw =   0.47143029644223128     
 mdl_g1 =   0.34919224068147731     
 mdl_gw =   0.65323293948944450     
 mdl_vev =    246.21845810181637     
 mdl_vev__exp__2 =    60623.529110035903     
 mdl_lam =   0.11876576810517747     
 mdl_yb =   2.69955531549349870E-002
 mdl_yt =   0.99366614581500623     
 mdl_ytau =   1.02066167158167860E-002
 mdl_muH =    84.852813742385706     
 mdl_I1x33 =  ( 2.69955531549349870E-002,  0.0000000000000000     )
 mdl_I2x33 =  ( 0.99366614581500623     ,  0.0000000000000000     )
 mdl_I3x33 =  ( 0.99366614581500623     ,  0.0000000000000000     )
 mdl_I4x33 =  ( 2.69955531549349870E-002,  0.0000000000000000     )
 mdl_ee__exp__2 =   9.48355418931490085E-002
 mdl_sw__exp__2 =   0.22224652440361006     
 mdl_cw__exp__2 =   0.77775347559638996     
  Internal Params evaluated point by point
  ----------------------------------------
  
 mdl_sqrt__aS =   0.34351128178744839     
 mdl_G__exp__2 =    1.4828317414825511     
  Couplings of sm
  ---------------------------------
  
        GC_10 =  -0.12177E+01   0.00000E+00
        GC_11 =   0.00000E+00   0.12177E+01
       GC_100 =   0.00000E+00   0.46191E+00

 Collider parameters:
 --------------------

 Running at P P   machine @    13000.000000000000       GeV
 PDF set = nn23lo1
 alpha_s(Mz)= 0.1300 running at 2 loops.
 alpha_s(Mz)= 0.1300 running at 2 loops.
 Renormalization scale set on event-by-event basis
 Factorization   scale set on event-by-event basis


 getting user params
Enter number of events and max and min iterations: 
 Number of events and iterations         2000           9           3
Enter desired fractional accuracy: 
 Desired fractional accuracy:   -130.88999999999999     
Enter 0 for fixed, 2 for adjustable grid: 
Suppress amplitude (0 no, 1 yes)? 
 Using suppressed amplitude.
Exact helicity sum (0 yes, n = number/event)? 
 Explicitly summing over helicities
Enter Configuration Number: 
Running Configuration Number:    1
 Not subdividing B.W.
 Attempting mappinvarients           1           8
 Completed mapping           8
 about to integrate           16        2000           9           3          16           1
 Using non-zero grid deformation.
 16 dimensions   2000 events 16 invarients  9 iterations  1 config(s),  (0.99)
 Using h-tuple random number sequence.
 Error opening grid
 Using Uniform Grid!
 Using uniform alpha   1.0000000000000000     
 Grid defined OK
 Set CM energy to      13000.00
 Mapping Graph           1  to config           1
 Setting BW          -1           1   80.419003571204073     
 Setting BW          -2           2   172.00000000000000     
 Setting BW          -3           3   80.419003571204073     
 Setting BW          -4           4   172.00000000000000     
Setting grid   5    0.51146E-05   1
 Transforming s_hat 1/s           15  1.09391608200776463E-003
 Masses: 0.000E+00 0.000E+00 0.470E+01 0.470E+01 0.000E+00 0.000E+00 0.000E+00 0.000E+00
   1   1   2   3   4   5   6   7   8   9  10  11  12  13  14
  15  16
 Got moffset           7
Using random seed offsets     1 :      2
  with seed                    7
 Ranmar initialization seeds       10336        1400
  Particle       3       4       5       6       7       8
      Et >     0.0     0.0    10.0     0.0    20.0    20.0
       E >     0.0     0.0     0.0     0.0     0.0     0.0
     Eta <    -1.0    -1.0     2.5    -1.0     5.0     5.0
   xqcut:      0.0     0.0     0.0     0.0     0.0     0.0
d R # 3  >    -0.0     0.0     0.0     0.0     0.0     0.0
d R # 4  >    -0.0    -0.0     0.0     0.0     0.0     0.0
d R # 5  >    -0.0    -0.0    -0.0     0.0     0.0     0.0
d R # 6  >    -0.0    -0.0    -0.0    -0.0     0.0     0.0
d R # 7  >    -0.0    -0.0    -0.0    -0.0    -0.0     0.0
s min # 3>     0.0     0.0     0.0     0.0     0.0     0.0
s min # 4>     0.0     0.0     0.0     0.0     0.0     0.0
s min # 5>     0.0     0.0     0.0     0.0     0.0     0.0
s min # 6>     0.0     0.0     0.0     0.0     0.0     0.0
s min # 7>     0.0     0.0     0.0     0.0   400.0   400.0
xqcutij # 3>     0.0     0.0     0.0     0.0     0.0     0.0
xqcutij # 4>     0.0     0.0     0.0     0.0     0.0     0.0
xqcutij # 5>     0.0     0.0     0.0     0.0     0.0     0.0
xqcutij # 6>     0.0     0.0     0.0     0.0     0.0     0.0
xqcutij # 7>     0.0     0.0     0.0     0.0     0.0    20.0
 No cut BW           -1           1
 No cut BW           -2           2
 No cut BW           -3           3
 No cut BW           -4           4
 alpha_s for scale    220.21771599154062       is   0.11337208230283646     
 Added good helicity           70  0.64866675660123085       in event            1
 Added good helicity           86   244.76780495882809       in event            1
 Added good helicity          102  4.73224043360003909E-004  in event            1
 Added good helicity          118  0.17856628101904742       in event            1
 Added good helicity          134  2.74803312045809357E-002  in event            1
 Added good helicity          150   10.369423559995798       in event            1
 Added good helicity          166  2.00478185650237229E-005  in event            1
 Added good helicity          182  7.56484048925960481E-003  in event            1
 Added good helicity           70  0.88532441132068707       in event            1
 Added good helicity           86   180.19686137097639       in event            1
 Added good helicity          102  1.21890258649865499E-003  in event            1
 Added good helicity          118  0.24809258345917518       in event            1
 Added good helicity          134  0.36455800134532057       in event            1
 Added good helicity          150   74.201283495737314       in event            1
 Added good helicity          166  5.01918488958995974E-004  in event            1
 Added good helicity          182  0.10215931608567508       in event            1
 Added good helicity           74   19.154490689788240       in event            1
 Added good helicity           90   185.23750725234791       in event            1
 Added good helicity          106  1.13995218541671009E-002  in event            1
 Added good helicity          122  0.11024145963120477       in event            1
 Added good helicity          138   4.8221479461175702       in event            1
 Added good helicity          154   46.633589981959354       in event            1
 Added good helicity          170  2.86983255185690187E-003  in event            1
 Added good helicity          186  2.77533157496598869E-002  in event            1
 Added good helicity           74   3.6855068877222372       in event            1
 Added good helicity           90   224.83514819410729       in event            1
 Added good helicity          106  5.28497518310042474E-005  in event            1
 Added good helicity          122  3.22411058965335097E-003  in event            1
 Added good helicity          138  0.44311874384963174       in event            1
 Added good helicity          154   27.032555215923107       in event            1
 Added good helicity          170  6.35427265707623096E-006  in event            1
 Added good helicity          186  3.87643783621423733E-004  in event            1
 Iteration  1   Mean: 0.7339E+01 Abs mean: 0.7339E+01   Fluctuation:  0.662E+00   0.330E+03    61.4%
  1    0.7339E+01 0.7339E+01 +- 0.6617E+00      4.03
 Writing out events  6.64162897238838824E-004   4.0325736885789283     
 Relative summed weights:
  0.2298E+00  0.2447E+00  0.0000E+00  0.0000E+00
  0.0000E+00  0.0000E+00  0.2558E+00  0.2696E+00
 Relative number of events:
  0.2480E+00  0.2530E+00  0.0000E+00  0.0000E+00
  0.0000E+00  0.0000E+00  0.2515E+00  0.2475E+00
 Events:
         496         506           0           0
           0           0         503         495
 Iteration  2   Mean: 0.7588E+01 Abs mean: 0.7588E+01   Fluctuation:  0.287E+00   0.476E+03    63.5%
  2    0.7588E+01 0.7588E+01 +- 0.2872E+00      2.39
 Relative summed weights:
  0.2596E+00  0.2339E+00  0.0000E+00  0.0000E+00
  0.0000E+00  0.0000E+00  0.2422E+00  0.2642E+00
 Relative number of events:
  0.2380E+00  0.2482E+00  0.0000E+00  0.0000E+00
  0.0000E+00  0.0000E+00  0.2545E+00  0.2592E+00
 Events:
         952         993           0           0
           0           0        1018        1037
 Iteration  3   Mean: 0.1643E+02 Abs mean: 0.1643E+02   Fluctuation:  0.572E+01   0.347E+05    63.2%
  3    0.1643E+02 0.1643E+02 +- 0.5715E+01     31.12
 Relative summed weights:
  0.1792E+00  0.3320E+00  0.0000E+00  0.0000E+00
  0.0000E+00  0.0000E+00  0.1107E+00  0.3781E+00
 Relative number of events:
  0.2550E+00  0.2524E+00  0.0000E+00  0.0000E+00
  0.0000E+00  0.0000E+00  0.2411E+00  0.2515E+00
 Events:
        2040        2019           0           0
           0           0        1929        2012
 Found         1221  events.
 Wrote            2  events.
 Actual xsec    7.6394954338943641     
 Correct abs xsec    7.6394954338943641     
 Event xsec    7.6394954338943641     
 Events wgts > 1:            1
 % Cross section > 1:   1.04376217446855435E-007  1.36627108884399008E-006
 Checking number of events   999.93355734243323                2  chi2:    1.3011286978150869     
 Found         1221  events.
 Wrote            2  events.
 Actual xsec    7.6394954338943641     
 Correct abs xsec    7.6394954338943641     
 Event xsec    7.6394954338943641     
 Events wgts > 1:            1
 % Cross section > 1:   1.04376217446855435E-007  1.36627108884399008E-006
 Iteration  4   Mean: 0.1206E+02 Abs mean: 0.1206E+02   Fluctuation:  0.204E+01   0.259E+05    63.5%
  4    0.1206E+02 0.1206E+02 +- 0.2044E+01     21.45
 Relative summed weights:
  0.2747E+00  0.2085E+00  0.0000E+00  0.0000E+00
  0.0000E+00  0.0000E+00  0.3213E+00  0.1954E+00
 Relative number of events:
  0.2491E+00  0.2498E+00  0.0000E+00  0.0000E+00
  0.0000E+00  0.0000E+00  0.2521E+00  0.2490E+00
 Events:
        3985        3997           0           0
           0           0        4034        3984
 Found         1119  events.
 Wrote            9  events.
 Actual xsec    7.8964859612810629     
 Correct abs xsec    7.8964859612810629     
 Event xsec    7.8964859612810638     
 Events wgts > 1:            0
 % Cross section > 1:    0.0000000000000000        0.0000000000000000     
 Checking number of events   1033.5710474720781                9  chi2:    3.7582746351270573     
 Found         1119  events.
 Wrote            8  events.
 Actual xsec    7.8964859612810629     
 Correct abs xsec    7.8964859612810629     
 Event xsec    7.8964859612810603     
 Events wgts > 1:            0
 % Cross section > 1:    0.0000000000000000        0.0000000000000000     
 Iteration  5   Mean: 0.1270E+02 Abs mean: 0.1270E+02   Fluctuation:  0.541E+00   0.601E+04    62.9%
  5    0.1270E+02 0.1270E+02 +- 0.5415E+00      7.63
 Relative summed weights:
  0.2519E+00  0.2847E+00  0.0000E+00  0.0000E+00
  0.0000E+00  0.0000E+00  0.2015E+00  0.2620E+00
 Relative number of events:
  0.2543E+00  0.2475E+00  0.0000E+00  0.0000E+00
  0.0000E+00  0.0000E+00  0.2513E+00  0.2469E+00
 Events:
        8138        7919           0           0
           0           0        8041        7902
 Found         3275  events.
 Wrote          100  events.
 Actual xsec    12.715800954249756     
 Correct abs xsec    12.715800954249756     
 Event xsec    12.715800954249771     
 Events wgts > 1:            3
 % Cross section > 1:   9.50265905510745412E-002  0.74731108872316487     
 Checking number of events   1664.3711869017504              100  chi2:   0.26340259726750170     
 Found         3275  events.
 Wrote           94  events.
 Actual xsec    12.715800954249756     
 Correct abs xsec    12.715800954249756     
 Event xsec    12.715800954249772     
 Events wgts > 1:            3
 % Cross section > 1:   0.10104391894301071       0.79463275106740827     
 Iteration  6   Mean: 0.1232E+02 Abs mean: 0.1232E+02   Fluctuation:  0.174E+00   0.201E+04    63.0%
  6    0.1232E+02 0.1232E+02 +- 0.1740E+00      3.57
 Relative summed weights:
  0.2475E+00  0.2573E+00  0.0000E+00  0.0000E+00
  0.0000E+00  0.0000E+00  0.2428E+00  0.2525E+00
 Relative number of events:
  0.2498E+00  0.2521E+00  0.0000E+00  0.0000E+00
  0.0000E+00  0.0000E+00  0.2481E+00  0.2500E+00
 Events:
       15990       16135           0           0
           0           0       15877       15998
 Found         7419  events.
 Wrote          945  events.
 Actual xsec    12.354283100755588     
 Correct abs xsec    12.354283100755588     
 Event xsec    12.354283100755394     
 Events wgts > 1:           24
 % Cross section > 1:   0.12331104729057063       0.99812385943325899     
 Checking number of events   1617.0521150578986              945  chi2:   0.23821148193340691     
 Found         7419  events.
 Wrote          935  events.
 Actual xsec    12.354283100755588     
 Correct abs xsec    12.354283100755588     
 Event xsec    12.354283100755609     
 Events wgts > 1:           24
 % Cross section > 1:   0.12461657904973930        1.0086913019025567     
 Iteration  7   Mean: 0.1243E+02 Abs mean: 0.1243E+02   Fluctuation:  0.707E-01   0.576E+03    63.5%
  7    0.1243E+02 0.1243E+02 +- 0.7067E-01      2.03
 Relative summed weights:
  0.2504E+00  0.2494E+00  0.0000E+00  0.0000E+00
  0.0000E+00  0.0000E+00  0.2508E+00  0.2495E+00
 Relative number of events:
  0.2521E+00  0.2480E+00  0.0000E+00  0.0000E+00
  0.0000E+00  0.0000E+00  0.2509E+00  0.2490E+00
 Events:
       32268       31744           0           0
           0           0       32121       31867
 Found        18318  events.
 Wrote         7592  events.
 Actual xsec    12.418618791656000     
 Correct abs xsec    12.418618791656000     
 Event xsec    12.418618791656504     
 Events wgts > 1:          287
 % Cross section > 1:   0.12344704468140681       0.99404810432175572     
 Checking number of events   1625.4730136398537             7592  chi2:   0.31596874279270382     

 -------------------------------------------------------------------------------
 Accumulated results:   Integral =  0.1231E+02
                        Std dev  =  0.6369E-01
                       Cross sec =  0.2120E+02
             Chi**2 per DoF.     =
-------------------------------------------------
---------------------------
 Results Last   3 iters: Integral =   0.1242E+02
                     Abs integral =   0.1242E+02
                          Std dev =   0.6500E-01
                  Chi**2 per DoF. =      0.3160
-------------------------------------------------
---------------------------
 Status  -130.88999999999999                8           9
 We found enough events        7592   1625.4730136398537     

ls status:
events.lhe
ftn25
ftn26
input_sg.txt
moffset.dat
results.dat
run1_app.log
