 Process in group number            0
 A PDF is used, so alpha_s(MZ) is going to be modified
 Old value of alpha_s from param_card:   0.11800000071525575     
  ****************************************
 
       NNPDFDriver version 1.0.3
   Grid: NNPDF23_lo_as_0130_qed_mem0.grid
  ****************************************
 New value of alpha_s from PDF nn23lo1:  0.13000000000000000     
 Warning! ptj set to xqcut=   20.000000000000000       to improve integration efficiency
 Note that this might affect non-radiated jets,
 e.g. from decays. Use cut_decays=F in run_card.
 Warning! mmjj set to xqcut=   20.000000000000000       to improve integration efficiency
 Note that this might affect non-radiated jets,
 e.g. from decays. Use cut_decays=F in run_card.
 Warning! drjl > 0 with xqcut > 0, set to 0
 *****************************************************
 *               MadGraph/MadEvent                   *
 *        --------------------------------           *
 *          http://madgraph.hep.uiuc.edu             *
 *          http://madgraph.phys.ucl.ac.be           *
 *          http://madgraph.roma2.infn.it            *
 *        --------------------------------           *
 *                                                   *
 *          PARAMETER AND COUPLING VALUES            *
 *                                                   *
 *****************************************************

  External Params
  ---------------------------------
  
 aEWM1 =    132.50697326660156     
 mdl_Gf =   1.16639000000000003E-005
 aS =   0.11800000071525575     
 mdl_ymb =    4.6999998092651367     
 mdl_ymt =    173.00000000000000     
 mdl_ymtau =    1.7769999504089355     
 mdl_MZ =    91.188003540039063     
 mdl_MT =    172.00000000000000     
 mdl_MB =    4.6999998092651367     
 mdl_MH =    120.00000000000000     
 mdl_MTA =    1.7769999504089355     
 mdl_WZ =    2.4414036273956299     
 mdl_WW =    2.0475995540618896     
 mdl_WT =    1.4394782781600952     
 mdl_WH =   5.75308827683329582E-003
  Internal Params
  ---------------------------------
  
 mdl_conjg__CKM3x3 =    1.0000000000000000     
 mdl_CKM3x3 =    1.0000000000000000     
 mdl_conjg__CKM1x1 =    1.0000000000000000     
 mdl_complexi =  (  0.0000000000000000     ,  1.0000000000000000     )
 mdl_MZ__exp__2 =    8315.2519896181766     
 mdl_MZ__exp__4 =    69143415.650849044     
 mdl_sqrt__2 =    1.4142135623730951     
 mdl_MH__exp__2 =    14400.000000000000     
 mdl_aEW =   7.54677263654659602E-003
 mdl_MW =    80.419003571204073     
 mdl_sqrt__aEW =   8.68721626100478483E-002
 mdl_ee =   0.30795379830933894     
 mdl_MW__exp__2 =    6467.2161353853335     
 mdl_sw2 =   0.22224652440361004     
 mdl_cw =   0.88190332553879736     
 mdl_sqrt__sw2 =   0.47143029644223128     
 mdl_sw =   0.47143029644223128     
 mdl_g1 =   0.34919224068147731     
 mdl_gw =   0.65323293948944450     
 mdl_vev =    246.21845810181637     
 mdl_vev__exp__2 =    60623.529110035903     
 mdl_lam =   0.11876576810517747     
 mdl_yb =   2.69955531549349870E-002
 mdl_yt =   0.99366614581500623     
 mdl_ytau =   1.02066167158167860E-002
 mdl_muH =    84.852813742385706     
 mdl_I1x33 =  ( 2.69955531549349870E-002,  0.0000000000000000     )
 mdl_I2x33 =  ( 0.99366614581500623     ,  0.0000000000000000     )
 mdl_I3x33 =  ( 0.99366614581500623     ,  0.0000000000000000     )
 mdl_I4x33 =  ( 2.69955531549349870E-002,  0.0000000000000000     )
 mdl_ee__exp__2 =   9.48355418931490085E-002
 mdl_sw__exp__2 =   0.22224652440361006     
 mdl_cw__exp__2 =   0.77775347559638996     
  Internal Params evaluated point by point
  ----------------------------------------
  
 mdl_sqrt__aS =   0.34351128178744839     
 mdl_G__exp__2 =    1.4828317414825511     
  Couplings of sm
  ---------------------------------
  
        GC_10 =  -0.12177E+01   0.00000E+00
        GC_11 =   0.00000E+00   0.12177E+01
       GC_100 =   0.00000E+00   0.46191E+00

 Collider parameters:
 --------------------

 Running at P P   machine @    13000.000000000000       GeV
 PDF set = nn23lo1
 alpha_s(Mz)= 0.1300 running at 2 loops.
 alpha_s(Mz)= 0.1300 running at 2 loops.
 Renormalization scale set on event-by-event basis
 Factorization   scale set on event-by-event basis


 getting user params
Enter number of events and max and min iterations: 
 Number of events and iterations         2000           9           3
Enter desired fractional accuracy: 
 Desired fractional accuracy:   -121.54000000000001     
Enter 0 for fixed, 2 for adjustable grid: 
Suppress amplitude (0 no, 1 yes)? 
 Using suppressed amplitude.
Exact helicity sum (0 yes, n = number/event)? 
 Explicitly summing over helicities
Enter Configuration Number: 
Running Configuration Number:    1
 Not subdividing B.W.
 Attempting mappinvarients           1           8
 Completed mapping           8
 about to integrate           16        2000           9           3          16           1
 Using non-zero grid deformation.
 16 dimensions   2000 events 16 invarients  9 iterations  1 config(s),  (0.99)
 Using h-tuple random number sequence.
 Error opening grid
 Using Uniform Grid!
 Using uniform alpha   1.0000000000000000     
 Grid defined OK
 Set CM energy to      13000.00
 Mapping Graph           1  to config           1
 Setting BW          -1           1   80.419003571204073     
 Setting BW          -2           2   172.00000000000000     
 Setting BW          -3           3   80.419003571204073     
 Setting BW          -4           4   172.00000000000000     
Setting grid   5    0.51146E-05   1
 Transforming s_hat 1/s           15  1.09391608200776463E-003
 Masses: 0.000E+00 0.000E+00 0.470E+01 0.470E+01 0.000E+00 0.000E+00 0.000E+00 0.000E+00
   1   1   2   3   4   5   6   7   8   9  10  11  12  13  14
  15  16
 Got moffset           3
Using random seed offsets     1 :      1
  with seed                    7
 Ranmar initialization seeds       10336       18852
  Particle       3       4       5       6       7       8
      Et >     0.0     0.0    10.0     0.0    20.0    20.0
       E >     0.0     0.0     0.0     0.0     0.0     0.0
     Eta <    -1.0    -1.0     2.5    -1.0     5.0     5.0
   xqcut:      0.0     0.0     0.0     0.0     0.0     0.0
d R # 3  >    -0.0     0.0     0.0     0.0     0.0     0.0
d R # 4  >    -0.0    -0.0     0.0     0.0     0.0     0.0
d R # 5  >    -0.0    -0.0    -0.0     0.0     0.0     0.0
d R # 6  >    -0.0    -0.0    -0.0    -0.0     0.0     0.0
d R # 7  >    -0.0    -0.0    -0.0    -0.0    -0.0     0.0
s min # 3>     0.0     0.0     0.0     0.0     0.0     0.0
s min # 4>     0.0     0.0     0.0     0.0     0.0     0.0
s min # 5>     0.0     0.0     0.0     0.0     0.0     0.0
s min # 6>     0.0     0.0     0.0     0.0     0.0     0.0
s min # 7>     0.0     0.0     0.0     0.0   400.0   400.0
xqcutij # 3>     0.0     0.0     0.0     0.0     0.0     0.0
xqcutij # 4>     0.0     0.0     0.0     0.0     0.0     0.0
xqcutij # 5>     0.0     0.0     0.0     0.0     0.0     0.0
xqcutij # 6>     0.0     0.0     0.0     0.0     0.0     0.0
xqcutij # 7>     0.0     0.0     0.0     0.0     0.0    20.0
 No cut BW           -1           1
 No cut BW           -2           2
 No cut BW           -3           3
 No cut BW           -4           4
 alpha_s for scale    275.94962567082632       is   0.10979219377232867     
 Added good helicity            6  0.24712912359942521       in event            1
 Added good helicity           22   71.659747182123780       in event            1
 Added good helicity           38  6.71720247361781708E-003  in event            1
 Added good helicity           54   1.9477794604686924       in event            1
 Added good helicity           70  0.57613440635629554       in event            1
 Added good helicity           86   167.06102988223910       in event            1
 Added good helicity          102  1.56598761131277603E-002  in event            1
 Added good helicity          118   4.5408762303105803       in event            1
 Added good helicity          134  1.75500106752534343E-002  in event            1
 Added good helicity          150   5.0889563711266295       in event            1
 Added good helicity          166  4.77025829262097095E-004  in event            1
 Added good helicity          182  0.13832262999351469       in event            1
 Added good helicity          198  1.57242286884775144E-002  in event            1
 Added good helicity          214   4.5595364724257861       in event            1
 Added good helicity          230  4.27399354246806007E-004  in event            1
 Added good helicity          246  0.12393249822215772       in event            1
 Added good helicity           10  7.06854744637879038E-003  in event            1
 Added good helicity           26   153.53639061029503       in event            1
 Added good helicity           42  3.41599889023906487E-006  in event            1
 Added good helicity           58  7.41991397687752074E-002  in event            1
 Added good helicity           74  1.87806622477675760E-003  in event            1
 Added good helicity           90   40.793601750108962       in event            1
 Added good helicity          122  1.97142198399779915E-002  in event            1
 Added good helicity          138  2.58835434688926488E-003  in event            1
 Added good helicity          154   56.221817432298188       in event            1
 Added good helicity          170  1.25086740148413881E-006  in event            1
 Added good helicity          186  2.71701742702940598E-002  in event            1
 Added good helicity          202  2.44589918774370141E-004  in event            1
 Added good helicity          218   5.3127539417622192       in event            1
 Added good helicity          250  2.56748104286551142E-003  in event            1
 Added good helicity          106  1.20081057962480496E-004  in event            2
 Added good helicity          234  6.40976822865073599E-006  in event            2
 Iteration  1   Mean: 0.5438E+01 Abs mean: 0.5438E+01   Fluctuation:  0.529E+00   0.324E+03    60.2%
  1    0.5438E+01 0.5438E+01 +- 0.5286E+00      4.35
 Writing out events  5.02147539739387070E-004   4.3467411519484402     
 Relative summed weights:
  0.4704E+00  0.0000E+00  0.0000E+00  0.0000E+00
  0.0000E+00  0.0000E+00  0.5296E+00  0.0000E+00
 Relative number of events:
  0.4757E+00  0.0000E+00  0.0000E+00  0.0000E+00
  0.0000E+00  0.0000E+00  0.5243E+00  0.0000E+00
 Events:
         951           0           0           0
           0           0        1048           0
 Iteration  2   Mean: 0.4664E+01 Abs mean: 0.4664E+01   Fluctuation:  0.179E+00   0.319E+03    65.3%
  2    0.4664E+01 0.4664E+01 +- 0.1795E+00      2.43
 Relative summed weights:
  0.5382E+00  0.0000E+00  0.0000E+00  0.0000E+00
  0.0000E+00  0.0000E+00  0.4618E+00  0.0000E+00
 Relative number of events:
  0.5095E+00  0.0000E+00  0.0000E+00  0.0000E+00
  0.0000E+00  0.0000E+00  0.4905E+00  0.0000E+00
 Events:
        2038           0           0           0
           0           0        1962           0
 Iteration  3   Mean: 0.5688E+01 Abs mean: 0.5688E+01   Fluctuation:  0.791E+00   0.595E+04    65.4%
  3    0.5688E+01 0.5688E+01 +- 0.7914E+00     12.45
 Relative summed weights:
  0.5435E+00  0.0000E+00  0.0000E+00  0.0000E+00
  0.0000E+00  0.0000E+00  0.4565E+00  0.0000E+00
 Relative number of events:
  0.4996E+00  0.0000E+00  0.0000E+00  0.0000E+00
  0.0000E+00  0.0000E+00  0.5004E+00  0.0000E+00
 Events:
        3997           0           0           0
           0           0        4003           0
 Found         1173  events.
 Wrote            4  events.
 Actual xsec    4.8255501211588454     
 Correct abs xsec    4.8255501211588454     
 Event xsec    4.8255501211588454     
 Events wgts > 1:            0
 % Cross section > 1:    0.0000000000000000        0.0000000000000000     
 Checking number of events   586.49736172564610                4  chi2:    1.6728167323072651     
 Found         1173  events.
 Wrote            3  events.
 Actual xsec    4.8255501211588454     
 Correct abs xsec    4.8255501211588454     
 Event xsec    4.8255501211588454     
 Events wgts > 1:            0
 % Cross section > 1:    0.0000000000000000        0.0000000000000000     
 Iteration  4   Mean: 0.8463E+01 Abs mean: 0.8463E+01   Fluctuation:  0.114E+01   0.981E+04    65.6%
  4    0.8463E+01 0.8463E+01 +- 0.1144E+01     17.09
 Relative summed weights:
  0.4638E+00  0.0000E+00  0.0000E+00  0.0000E+00
  0.0000E+00  0.0000E+00  0.5362E+00  0.0000E+00
 Relative number of events:
  0.5002E+00  0.0000E+00  0.0000E+00  0.0000E+00
  0.0000E+00  0.0000E+00  0.4998E+00  0.0000E+00
 Events:
        8003           0           0           0
           0           0        7997           0
 Found         1944  events.
 Wrote           15  events.
 Actual xsec    4.9974759430558757     
 Correct abs xsec    4.9974759430558757     
 Event xsec    4.9974759430558766     
 Events wgts > 1:            1
 % Cross section > 1:   3.53533959884799742E-008  7.07425035984504136E-007
 Checking number of events   607.39322611901116               15  chi2:    6.7034893060448333     
 Found         1944  events.
 Wrote           13  events.
 Actual xsec    4.9974759430558757     
 Correct abs xsec    4.9974759430558757     
 Event xsec    4.9974759430558784     
 Events wgts > 1:            1
 % Cross section > 1:   4.07923799738973969E-008  8.16259656648862073E-007
 Iteration  5   Mean: 0.8122E+01 Abs mean: 0.8122E+01   Fluctuation:  0.279E+00   0.322E+04    64.9%
  5    0.8122E+01 0.8122E+01 +- 0.2792E+00      6.15
 Relative summed weights:
  0.5010E+00  0.0000E+00  0.0000E+00  0.0000E+00
  0.0000E+00  0.0000E+00  0.4990E+00  0.0000E+00
 Relative number of events:
  0.5065E+00  0.0000E+00  0.0000E+00  0.0000E+00
  0.0000E+00  0.0000E+00  0.4935E+00  0.0000E+00
 Events:
       16209           0           0           0
           0           0       15791           0
 Found         3124  events.
 Wrote          115  events.
 Actual xsec    8.0096787080111831     
 Correct abs xsec    8.0096787080111831     
 Event xsec    8.0096787080111636     
 Events wgts > 1:            2
 % Cross section > 1:   5.54290003102947265E-002  0.69202526506906514     
 Checking number of events   973.49635017167930              115  chi2:    4.4645927426735810     
 Found         3124  events.
 Wrote          125  events.
 Actual xsec    8.0096787080111831     
 Correct abs xsec    8.0096787080111831     
 Event xsec    8.0096787080111653     
 Events wgts > 1:            2
 % Cross section > 1:   5.10229276094740364E-002  0.63701590874602299     
 Iteration  6   Mean: 0.8125E+01 Abs mean: 0.8125E+01   Fluctuation:  0.949E-01   0.914E+03    65.1%
  6    0.8125E+01 0.8125E+01 +- 0.9495E-01      2.96
 Relative summed weights:
  0.5027E+00  0.0000E+00  0.0000E+00  0.0000E+00
  0.0000E+00  0.0000E+00  0.4973E+00  0.0000E+00
 Relative number of events:
  0.4993E+00  0.0000E+00  0.0000E+00  0.0000E+00
  0.0000E+00  0.0000E+00  0.5007E+00  0.0000E+00
 Events:
       31956           0           0           0
           0           0       32044           0
 Found         7583  events.
 Wrote         1600  events.
 Actual xsec    8.1273491173192589     
 Correct abs xsec    8.1273491173192589     
 Event xsec    8.1273491173194294     
 Events wgts > 1:           42
 % Cross section > 1:   7.85748722352158507E-002  0.96679582851648804     
 Checking number of events   987.79801171898282             1600  chi2:   4.34606114931725268E-002

 -------------------------------------------------------------------------------
 Accumulated results:   Integral =  0.7824E+01
                        Std dev  =  0.8221E-01
                       Cross sec =  0.2726E+02
             Chi**2 per DoF.     =
-------------------------------------------------
---------------------------
 Results Last   3 iters: Integral =   0.8127E+01
                     Abs integral =   0.8127E+01
                          Std dev =   0.8961E-01
                  Chi**2 per DoF. =      0.0435
-------------------------------------------------
---------------------------
 Status  -121.54000000000001                7           9
 We found enough events        1600   987.79801171898282     

ls status:
events.lhe
ftn25
ftn26
input_sg.txt
moffset.dat
results.dat
run1_app.log
