 Process in group number            0
 A PDF is used, so alpha_s(MZ) is going to be modified
 Old value of alpha_s from param_card:   0.11800000071525575     
  ****************************************
 
       NNPDFDriver version 1.0.3
   Grid: NNPDF23_lo_as_0130_qed_mem0.grid
  ****************************************
 New value of alpha_s from PDF nn23lo1:  0.13000000000000000     
 Warning! ptj set to xqcut=   20.000000000000000       to improve integration efficiency
 Note that this might affect non-radiated jets,
 e.g. from decays. Use cut_decays=F in run_card.
 Warning! mmjj set to xqcut=   20.000000000000000       to improve integration efficiency
 Note that this might affect non-radiated jets,
 e.g. from decays. Use cut_decays=F in run_card.
 Warning! drjl > 0 with xqcut > 0, set to 0
 *****************************************************
 *               MadGraph/MadEvent                   *
 *        --------------------------------           *
 *          http://madgraph.hep.uiuc.edu             *
 *          http://madgraph.phys.ucl.ac.be           *
 *          http://madgraph.roma2.infn.it            *
 *        --------------------------------           *
 *                                                   *
 *          PARAMETER AND COUPLING VALUES            *
 *                                                   *
 *****************************************************

  External Params
  ---------------------------------
  
 aEWM1 =    132.50697326660156     
 mdl_Gf =   1.16639000000000003E-005
 aS =   0.11800000071525575     
 mdl_ymb =    4.6999998092651367     
 mdl_ymt =    173.00000000000000     
 mdl_ymtau =    1.7769999504089355     
 mdl_MZ =    91.188003540039063     
 mdl_MT =    172.00000000000000     
 mdl_MB =    4.6999998092651367     
 mdl_MH =    120.00000000000000     
 mdl_MTA =    1.7769999504089355     
 mdl_WZ =    2.4414036273956299     
 mdl_WW =    2.0475995540618896     
 mdl_WT =    1.4394782781600952     
 mdl_WH =   5.75308827683329582E-003
  Internal Params
  ---------------------------------
  
 mdl_conjg__CKM3x3 =    1.0000000000000000     
 mdl_CKM3x3 =    1.0000000000000000     
 mdl_conjg__CKM1x1 =    1.0000000000000000     
 mdl_complexi =  (  0.0000000000000000     ,  1.0000000000000000     )
 mdl_MZ__exp__2 =    8315.2519896181766     
 mdl_MZ__exp__4 =    69143415.650849044     
 mdl_sqrt__2 =    1.4142135623730951     
 mdl_MH__exp__2 =    14400.000000000000     
 mdl_aEW =   7.54677263654659602E-003
 mdl_MW =    80.419003571204073     
 mdl_sqrt__aEW =   8.68721626100478483E-002
 mdl_ee =   0.30795379830933894     
 mdl_MW__exp__2 =    6467.2161353853335     
 mdl_sw2 =   0.22224652440361004     
 mdl_cw =   0.88190332553879736     
 mdl_sqrt__sw2 =   0.47143029644223128     
 mdl_sw =   0.47143029644223128     
 mdl_g1 =   0.34919224068147731     
 mdl_gw =   0.65323293948944450     
 mdl_vev =    246.21845810181637     
 mdl_vev__exp__2 =    60623.529110035903     
 mdl_lam =   0.11876576810517747     
 mdl_yb =   2.69955531549349870E-002
 mdl_yt =   0.99366614581500623     
 mdl_ytau =   1.02066167158167860E-002
 mdl_muH =    84.852813742385706     
 mdl_I1x33 =  ( 2.69955531549349870E-002,  0.0000000000000000     )
 mdl_I2x33 =  ( 0.99366614581500623     ,  0.0000000000000000     )
 mdl_I3x33 =  ( 0.99366614581500623     ,  0.0000000000000000     )
 mdl_I4x33 =  ( 2.69955531549349870E-002,  0.0000000000000000     )
 mdl_ee__exp__2 =   9.48355418931490085E-002
 mdl_sw__exp__2 =   0.22224652440361006     
 mdl_cw__exp__2 =   0.77775347559638996     
  Internal Params evaluated point by point
  ----------------------------------------
  
 mdl_sqrt__aS =   0.34351128178744839     
 mdl_G__exp__2 =    1.4828317414825511     
  Couplings of sm
  ---------------------------------
  
        GC_10 =  -0.12177E+01   0.00000E+00
        GC_11 =   0.00000E+00   0.12177E+01
       GC_100 =   0.00000E+00   0.46191E+00

 Collider parameters:
 --------------------

 Running at P P   machine @    13000.000000000000       GeV
 PDF set = nn23lo1
 alpha_s(Mz)= 0.1300 running at 2 loops.
 alpha_s(Mz)= 0.1300 running at 2 loops.
 Renormalization scale set on event-by-event basis
 Factorization   scale set on event-by-event basis


 getting user params
Enter number of events and max and min iterations: 
 Number of events and iterations         2000           9           3
Enter desired fractional accuracy: 
 Desired fractional accuracy:   -65.444000000000003     
Enter 0 for fixed, 2 for adjustable grid: 
Suppress amplitude (0 no, 1 yes)? 
 Using suppressed amplitude.
Exact helicity sum (0 yes, n = number/event)? 
 Explicitly summing over helicities
Enter Configuration Number: 
Running Configuration Number:    2
 Not subdividing B.W.
 Attempting mappinvarients           1           8
 Completed mapping           8
 about to integrate           16        2000           9           3          16           1
 Using non-zero grid deformation.
 16 dimensions   2000 events 16 invarients  9 iterations  1 config(s),  (0.99)
 Using h-tuple random number sequence.
 Error opening grid
 Using Uniform Grid!
 Using uniform alpha   1.0000000000000000     
 Grid defined OK
 Set CM energy to      13000.00
 Mapping Graph           2  to config           2
 Setting BW          -1           1   80.419003571204073     
 Setting BW          -2           2   172.00000000000000     
 Setting BW          -3           3   80.419003571204073     
 Setting BW          -4           4   172.00000000000000     
Setting grid   5    0.12786E-05   1
 Transforming s_hat 1/s           15  1.09391608200776463E-003
 Masses: 0.000E+00 0.000E+00 0.470E+01 0.470E+01 0.000E+00 0.000E+00 0.000E+00 0.000E+00
   2   1   2   3   4   5   6   7   8   9  10  11  12  13  14
  15  16
 Got moffset          24
Using random seed offsets     2 :      1
  with seed                    7
 Ranmar initialization seeds       10337       24987
  Particle       3       4       5       6       7       8
      Et >     0.0     0.0    10.0     0.0    20.0    20.0
       E >     0.0     0.0     0.0     0.0     0.0     0.0
     Eta <    -1.0    -1.0     2.5    -1.0     5.0     5.0
   xqcut:      0.0     0.0     0.0     0.0     0.0     0.0
d R # 3  >    -0.0     0.0     0.0     0.0     0.0     0.0
d R # 4  >    -0.0    -0.0     0.0     0.0     0.0     0.0
d R # 5  >    -0.0    -0.0    -0.0     0.0     0.0     0.0
d R # 6  >    -0.0    -0.0    -0.0    -0.0     0.0     0.0
d R # 7  >    -0.0    -0.0    -0.0    -0.0    -0.0     0.0
s min # 3>     0.0     0.0     0.0     0.0     0.0     0.0
s min # 4>     0.0     0.0     0.0     0.0     0.0     0.0
s min # 5>     0.0     0.0     0.0     0.0     0.0     0.0
s min # 6>     0.0     0.0     0.0     0.0     0.0     0.0
s min # 7>     0.0     0.0     0.0     0.0   400.0   400.0
xqcutij # 3>     0.0     0.0     0.0     0.0     0.0     0.0
xqcutij # 4>     0.0     0.0     0.0     0.0     0.0     0.0
xqcutij # 5>     0.0     0.0     0.0     0.0     0.0     0.0
xqcutij # 6>     0.0     0.0     0.0     0.0     0.0     0.0
xqcutij # 7>     0.0     0.0     0.0     0.0     0.0    20.0
 No cut BW           -1           1
 No cut BW           -2           2
 No cut BW           -3           3
 No cut BW           -4           4
 alpha_s for scale    1052.7561142900436       is   9.25250298154175893E-002
 Added good helicity            6  7.78362314680807344E-003  in event            1
 Added good helicity           22  0.55642787254649972       in event            1
 Added good helicity           38  8.60350217094183363E-006  in event            1
 Added good helicity           54  6.15038564834618682E-004  in event            1
 Added good helicity           70   1.8571988427446042       in event            1
 Added good helicity           86   132.76557478093952       in event            1
 Added good helicity          102  2.05282475449442394E-003  in event            1
 Added good helicity          118  0.14675028445108323       in event            1
 Added good helicity          134   1.4143609012576375       in event            1
 Added good helicity          150   101.10841859327017       in event            1
 Added good helicity          166  1.56334098593341464E-003  in event            1
 Added good helicity          182  0.11175855799550152       in event            1
 Added good helicity          198  0.24842498926723683       in event            1
 Added good helicity          214   17.759157356178463       in event            1
 Added good helicity          230  2.74592550816562056E-004  in event            1
 Added good helicity          246  1.96297978442899479E-002  in event            1
 Added good helicity           10   2.5483889629107730       in event            1
 Added good helicity           26   71.347154220257551       in event            1
 Added good helicity           42  4.91247204328775638E-003  in event            1
 Added good helicity           58  0.13753430327010374       in event            1
 Added good helicity           74   1.3679575974644869       in event            1
 Added good helicity           90   38.298659699731658       in event            1
 Added good helicity          106  2.63698106990375254E-003  in event            1
 Added good helicity          122  7.38274642562522371E-002  in event            1
 Added good helicity          138   4.8786034862409444       in event            1
 Added good helicity          154   136.58608649550450       in event            1
 Added good helicity          170  9.40437413018411876E-003  in event            1
 Added good helicity          186  0.26329392458396939       in event            1
 Added good helicity          202  1.65746162088734050E-002  in event            1
 Added good helicity          218  0.46403893440399996       in event            1
 Added good helicity          234  3.19505145954301892E-005  in event            1
 Added good helicity          250  8.94517409011587349E-004  in event            1
 Iteration  1   Mean: 0.2633E+02 Abs mean: 0.2633E+02   Fluctuation:  0.989E+00   0.265E+03    31.8%
  1    0.2633E+02 0.2633E+02 +- 0.9886E+00      1.68
 Writing out events  4.59462562637335137E-003   1.6787794095075914     
 Relative summed weights:
  0.5108E+00  0.0000E+00  0.0000E+00  0.0000E+00
  0.0000E+00  0.0000E+00  0.4892E+00  0.0000E+00
 Relative number of events:
  0.5045E+00  0.0000E+00  0.0000E+00  0.0000E+00
  0.0000E+00  0.0000E+00  0.4955E+00  0.0000E+00
 Events:
        1009           0           0           0
           0           0         991           0
 Iteration  2   Mean: 0.5137E+02 Abs mean: 0.5137E+02   Fluctuation:  0.172E+02   0.584E+05    47.3%
  2    0.5137E+02 0.5137E+02 +- 0.1723E+02     21.22
 Relative summed weights:
  0.7395E+00  0.0000E+00  0.0000E+00  0.0000E+00
  0.0000E+00  0.0000E+00  0.2605E+00  0.0000E+00
 Relative number of events:
  0.5114E+00  0.0000E+00  0.0000E+00  0.0000E+00
  0.0000E+00  0.0000E+00  0.4886E+00  0.0000E+00
 Events:
        2045           0           0           0
           0           0        1954           0
 Iteration  3   Mean: 0.3947E+02 Abs mean: 0.3947E+02   Fluctuation:  0.476E+01   0.287E+05    53.4%
  3    0.3947E+02 0.3947E+02 +- 0.4757E+01     10.78
 Relative summed weights:
  0.4909E+00  0.0000E+00  0.0000E+00  0.0000E+00
  0.0000E+00  0.0000E+00  0.5091E+00  0.0000E+00
 Relative number of events:
  0.5070E+00  0.0000E+00  0.0000E+00  0.0000E+00
  0.0000E+00  0.0000E+00  0.4930E+00  0.0000E+00
 Events:
        4056           0           0           0
           0           0        3944           0
 Found          882  events.
 Wrote            8  events.
 Actual xsec    27.765544595852656     
 Correct abs xsec    27.765544595852656     
 Event xsec    27.765544595852653     
 Events wgts > 1:            1
 % Cross section > 1:   1.17468751525962034E-006  4.23073824899902606E-006
 Checking number of events   1817.0883005309813                8  chi2:    5.0132250401934417     
 Found          882  events.
 Wrote           10  events.
 Actual xsec    27.765544595852656     
 Correct abs xsec    27.765544595852656     
 Event xsec    27.765544595852649     
 Events wgts > 1:            1
 % Cross section > 1:   9.39750020023666366E-007  3.38459062734911114E-006
 Iteration  4   Mean: 0.3816E+02 Abs mean: 0.3816E+02   Fluctuation:  0.185E+01   0.164E+05    55.7%
  4    0.3816E+02 0.3816E+02 +- 0.1854E+01      6.15
 Relative summed weights:
  0.5043E+00  0.0000E+00  0.0000E+00  0.0000E+00
  0.0000E+00  0.0000E+00  0.4957E+00  0.0000E+00
 Relative number of events:
  0.4996E+00  0.0000E+00  0.0000E+00  0.0000E+00
  0.0000E+00  0.0000E+00  0.5004E+00  0.0000E+00
 Events:
        7993           0           0           0
           0           0        8007           0
 Found         2055  events.
 Wrote           60  events.
 Actual xsec    38.578168155225420     
 Correct abs xsec    38.578168155225420     
 Event xsec    38.578168155225384     
 Events wgts > 1:            2
 % Cross section > 1:   0.35594693798240584       0.92266417770329801     
 Checking number of events   2524.7096367505724               60  chi2:   0.31779108127707556     
 Found         2055  events.
 Wrote           52  events.
 Actual xsec    38.578168155225420     
 Correct abs xsec    38.578168155225420     
 Event xsec    38.578168155225420     
 Events wgts > 1:            2
 % Cross section > 1:   0.41012583856493867        1.0631034550804275     
 Iteration  5   Mean: 0.4037E+02 Abs mean: 0.4037E+02   Fluctuation:  0.875E+00   0.671E+04    56.8%
  5    0.4037E+02 0.4037E+02 +- 0.8750E+00      3.88
 Relative summed weights:
  0.5060E+00  0.0000E+00  0.0000E+00  0.0000E+00
  0.0000E+00  0.0000E+00  0.4940E+00  0.0000E+00
 Relative number of events:
  0.4988E+00  0.0000E+00  0.0000E+00  0.0000E+00
  0.0000E+00  0.0000E+00  0.5012E+00  0.0000E+00
 Events:
       15961           0           0           0
           0           0       16039           0
 Found         4570  events.
 Wrote          396  events.
 Actual xsec    39.988242971814614     
 Correct abs xsec    39.988242971814614     
 Event xsec    39.988242971814060     
 Events wgts > 1:           14
 % Cross section > 1:   0.35724740222424162       0.89338109322795078     
 Checking number of events   2616.9905730474356              396  chi2:   0.58346264019732386     
 Found         4570  events.
 Wrote          390  events.
 Actual xsec    39.988242971814614     
 Correct abs xsec    39.988242971814614     
 Event xsec    39.988242971814266     
 Events wgts > 1:           14
 % Cross section > 1:   0.36269366631013550       0.90700075661183788     
 Iteration  6   Mean: 0.4045E+02 Abs mean: 0.4045E+02   Fluctuation:  0.356E+00   0.337E+04    56.9%
  6    0.4045E+02 0.4045E+02 +- 0.3562E+00      2.23
 Relative summed weights:
  0.4996E+00  0.0000E+00  0.0000E+00  0.0000E+00
  0.0000E+00  0.0000E+00  0.5004E+00  0.0000E+00
 Relative number of events:
  0.4971E+00  0.0000E+00  0.0000E+00  0.0000E+00
  0.0000E+00  0.0000E+00  0.5029E+00  0.0000E+00
 Events:
       31815           0           0           0
           0           0       32185           0
 Found         9736  events.
 Wrote         2592  events.
 Actual xsec    40.377543826619871     
 Correct abs xsec    40.377543826619871     
 Event xsec    40.377543826622109     
 Events wgts > 1:           91
 % Cross section > 1:   0.39292543479894998       0.97312861942801632     
 Checking number of events   2642.4679781893110             2592  chi2:   0.73371951618626097     
 Found         9736  events.
 Wrote         2574  events.
 Actual xsec    40.377543826619871     
 Correct abs xsec    40.377543826619871     
 Event xsec    40.377543826620972     
 Events wgts > 1:           91
 % Cross section > 1:   0.39564624100871204       0.97986703378391704     
 Iteration  7   Mean: 0.4042E+02 Abs mean: 0.4042E+02   Fluctuation:  0.181E+00   0.215E+04    56.4%
  7    0.4042E+02 0.4042E+02 +- 0.1806E+00      1.60
 Exceeded boost           5          96   128000.00    
 Relative summed weights:
  0.5006E+00  0.0000E+00  0.0000E+00  0.0000E+00
  0.0000E+00  0.0000E+00  0.4994E+00  0.0000E+00
 Relative number of events:
  0.5010E+00  0.0000E+00  0.0000E+00  0.0000E+00
  0.0000E+00  0.0000E+00  0.4990E+00  0.0000E+00
 Events:
       64134           0           0           0
           0           0       63866           0
 Found        21554  events.
 Wrote        12120  events.
 Actual xsec    40.422416708067175     
 Correct abs xsec    40.422416708067175     
 Event xsec    40.422416708058805     
 Events wgts > 1:          411
 % Cross section > 1:   0.40187099381577329       0.99417854384657411     
 Checking number of events   2645.4046390427484            12120  chi2:   5.77265312306061377E-003

 -------------------------------------------------------------------------------
 Accumulated results:   Integral =  0.4026E+02
                        Std dev  =  0.1563E+00
                       Cross sec =  0.1464E+02
             Chi**2 per DoF.     =
-------------------------------------------------
---------------------------
 Results Last   3 iters: Integral =   0.4042E+02
                     Abs integral =   0.4042E+02
                          Std dev =   0.1584E+00
                  Chi**2 per DoF. =      0.0058
-------------------------------------------------
---------------------------
 Status  -65.444000000000003                8           9
 We found enough events       12120   2645.4046390427484     

ls status:
events.lhe
ftn25
ftn26
input_sg.txt
moffset.dat
results.dat
run1_app.log
