 Process in group number            0
 A PDF is used, so alpha_s(MZ) is going to be modified
 Old value of alpha_s from param_card:   0.11800000071525575     
  ****************************************
 
       NNPDFDriver version 1.0.3
   Grid: NNPDF23_lo_as_0130_qed_mem0.grid
  ****************************************
 New value of alpha_s from PDF nn23lo1:  0.13000000000000000     
 Warning! ptj set to xqcut=   20.000000000000000       to improve integration efficiency
 Note that this might affect non-radiated jets,
 e.g. from decays. Use cut_decays=F in run_card.
 Warning! mmjj set to xqcut=   20.000000000000000       to improve integration efficiency
 Note that this might affect non-radiated jets,
 e.g. from decays. Use cut_decays=F in run_card.
 Warning! drjl > 0 with xqcut > 0, set to 0
 *****************************************************
 *               MadGraph/MadEvent                   *
 *        --------------------------------           *
 *          http://madgraph.hep.uiuc.edu             *
 *          http://madgraph.phys.ucl.ac.be           *
 *          http://madgraph.roma2.infn.it            *
 *        --------------------------------           *
 *                                                   *
 *          PARAMETER AND COUPLING VALUES            *
 *                                                   *
 *****************************************************

  External Params
  ---------------------------------
  
 aEWM1 =    132.50697326660156     
 mdl_Gf =   1.16639000000000003E-005
 aS =   0.11800000071525575     
 mdl_ymb =    4.6999998092651367     
 mdl_ymt =    173.00000000000000     
 mdl_ymtau =    1.7769999504089355     
 mdl_MZ =    91.188003540039063     
 mdl_MT =    172.00000000000000     
 mdl_MB =    4.6999998092651367     
 mdl_MH =    120.00000000000000     
 mdl_MTA =    1.7769999504089355     
 mdl_WZ =    2.4414036273956299     
 mdl_WW =    2.0475995540618896     
 mdl_WT =    1.4394782781600952     
 mdl_WH =   5.75308827683329582E-003
  Internal Params
  ---------------------------------
  
 mdl_conjg__CKM3x3 =    1.0000000000000000     
 mdl_CKM3x3 =    1.0000000000000000     
 mdl_conjg__CKM1x1 =    1.0000000000000000     
 mdl_complexi =  (  0.0000000000000000     ,  1.0000000000000000     )
 mdl_MZ__exp__2 =    8315.2519896181766     
 mdl_MZ__exp__4 =    69143415.650849044     
 mdl_sqrt__2 =    1.4142135623730951     
 mdl_MH__exp__2 =    14400.000000000000     
 mdl_aEW =   7.54677263654659602E-003
 mdl_MW =    80.419003571204073     
 mdl_sqrt__aEW =   8.68721626100478483E-002
 mdl_ee =   0.30795379830933894     
 mdl_MW__exp__2 =    6467.2161353853335     
 mdl_sw2 =   0.22224652440361004     
 mdl_cw =   0.88190332553879736     
 mdl_sqrt__sw2 =   0.47143029644223128     
 mdl_sw =   0.47143029644223128     
 mdl_g1 =   0.34919224068147731     
 mdl_gw =   0.65323293948944450     
 mdl_vev =    246.21845810181637     
 mdl_vev__exp__2 =    60623.529110035903     
 mdl_lam =   0.11876576810517747     
 mdl_yb =   2.69955531549349870E-002
 mdl_yt =   0.99366614581500623     
 mdl_ytau =   1.02066167158167860E-002
 mdl_muH =    84.852813742385706     
 mdl_I1x33 =  ( 2.69955531549349870E-002,  0.0000000000000000     )
 mdl_I2x33 =  ( 0.99366614581500623     ,  0.0000000000000000     )
 mdl_I3x33 =  ( 0.99366614581500623     ,  0.0000000000000000     )
 mdl_I4x33 =  ( 2.69955531549349870E-002,  0.0000000000000000     )
 mdl_ee__exp__2 =   9.48355418931490085E-002
 mdl_sw__exp__2 =   0.22224652440361006     
 mdl_cw__exp__2 =   0.77775347559638996     
  Internal Params evaluated point by point
  ----------------------------------------
  
 mdl_sqrt__aS =   0.34351128178744839     
 mdl_G__exp__2 =    1.4828317414825511     
  Couplings of sm
  ---------------------------------
  
        GC_10 =  -0.12177E+01   0.00000E+00
        GC_11 =   0.00000E+00   0.12177E+01
       GC_100 =   0.00000E+00   0.46191E+00

 Collider parameters:
 --------------------

 Running at P P   machine @    13000.000000000000       GeV
 PDF set = nn23lo1
 alpha_s(Mz)= 0.1300 running at 2 loops.
 alpha_s(Mz)= 0.1300 running at 2 loops.
 Renormalization scale set on event-by-event basis
 Factorization   scale set on event-by-event basis


 getting user params
Enter number of events and max and min iterations: 
 Number of events and iterations         2000           9           3
Enter desired fractional accuracy: 
 Desired fractional accuracy:   -65.444000000000003     
Enter 0 for fixed, 2 for adjustable grid: 
Suppress amplitude (0 no, 1 yes)? 
 Using suppressed amplitude.
Exact helicity sum (0 yes, n = number/event)? 
 Explicitly summing over helicities
Enter Configuration Number: 
Running Configuration Number:    2
 Not subdividing B.W.
 Attempting mappinvarients           1           8
 Completed mapping           8
 about to integrate           16        2000           9           3          16           1
 Using non-zero grid deformation.
 16 dimensions   2000 events 16 invarients  9 iterations  1 config(s),  (0.99)
 Using h-tuple random number sequence.
 Error opening grid
 Using Uniform Grid!
 Using uniform alpha   1.0000000000000000     
 Grid defined OK
 Set CM energy to      13000.00
 Mapping Graph           2  to config           2
 Setting BW          -1           1   80.419003571204073     
 Setting BW          -2           2   172.00000000000000     
 Setting BW          -3           3   80.419003571204073     
 Setting BW          -4           4   172.00000000000000     
Setting grid   5    0.12786E-05   1
 Transforming s_hat 1/s           15  1.09391608200776463E-003
 Masses: 0.000E+00 0.000E+00 0.470E+01 0.470E+01 0.000E+00 0.000E+00 0.000E+00 0.000E+00
   2   1   2   3   4   5   6   7   8   9  10  11  12  13  14
  15  16
 Got moffset           5
Using random seed offsets     2 :      1
  with seed                    7
 Ranmar initialization seeds       10337       25166
  Particle       3       4       5       6       7       8
      Et >     0.0     0.0    10.0     0.0    20.0    20.0
       E >     0.0     0.0     0.0     0.0     0.0     0.0
     Eta <    -1.0    -1.0     2.5    -1.0     5.0     5.0
   xqcut:      0.0     0.0     0.0     0.0     0.0     0.0
d R # 3  >    -0.0     0.0     0.0     0.0     0.0     0.0
d R # 4  >    -0.0    -0.0     0.0     0.0     0.0     0.0
d R # 5  >    -0.0    -0.0    -0.0     0.0     0.0     0.0
d R # 6  >    -0.0    -0.0    -0.0    -0.0     0.0     0.0
d R # 7  >    -0.0    -0.0    -0.0    -0.0    -0.0     0.0
s min # 3>     0.0     0.0     0.0     0.0     0.0     0.0
s min # 4>     0.0     0.0     0.0     0.0     0.0     0.0
s min # 5>     0.0     0.0     0.0     0.0     0.0     0.0
s min # 6>     0.0     0.0     0.0     0.0     0.0     0.0
s min # 7>     0.0     0.0     0.0     0.0   400.0   400.0
xqcutij # 3>     0.0     0.0     0.0     0.0     0.0     0.0
xqcutij # 4>     0.0     0.0     0.0     0.0     0.0     0.0
xqcutij # 5>     0.0     0.0     0.0     0.0     0.0     0.0
xqcutij # 6>     0.0     0.0     0.0     0.0     0.0     0.0
xqcutij # 7>     0.0     0.0     0.0     0.0     0.0    20.0
 No cut BW           -1           1
 No cut BW           -2           2
 No cut BW           -3           3
 No cut BW           -4           4
 alpha_s for scale    195.36282828097913       is   0.11537114100779645     
 Added good helicity           10  2.54230964646749852E-002  in event            1
 Added good helicity           26   31.952742555029790       in event            1
 Added good helicity           42  1.31115883464857038E-005  in event            1
 Added good helicity           58  1.64791573483156414E-002  in event            1
 Added good helicity           74  4.29343605521919150E-002  in event            1
 Added good helicity           90   53.961584553447636       in event            1
 Added good helicity          106  2.21427654283626863E-005  in event            1
 Added good helicity          122  2.78298941347281635E-002  in event            1
 Added good helicity          138  8.65350979517849443E-003  in event            1
 Added good helicity          154   10.876069760698270       in event            1
 Added good helicity          170  4.46292049217194714E-006  in event            1
 Added good helicity          186  5.60917312838273095E-003  in event            1
 Added good helicity          202  0.12640776362547332       in event            1
 Added good helicity          218   158.87422421946266       in event            1
 Added good helicity          234  6.51929462156593010E-005  in event            1
 Added good helicity          250  8.19370460922134725E-002  in event            1
 Added good helicity            6  2.33096706403914389E-002  in event            1
 Added good helicity           22   109.09392645917602       in event            1
 Added good helicity           38  4.82969096209978817E-005  in event            1
 Added good helicity           54  0.22603920869085847       in event            1
 Added good helicity           70  9.23903155802145888E-003  in event            1
 Added good helicity           86   43.240517847483254       in event            1
 Added good helicity          102  1.91429848592582677E-005  in event            1
 Added good helicity          118  8.95930026066630719E-002  in event            1
 Added good helicity          134  2.11335422296928081E-002  in event            1
 Added good helicity          150   98.909209718000540       in event            1
 Added good helicity          166  4.37880395131090135E-005  in event            1
 Added good helicity          182  0.20493679366524017       in event            1
 Added good helicity          198  8.91509922337073652E-004  in event            1
 Added good helicity          214   4.1724449652470144       in event            1
 Added good helicity          230  1.84718071780586599E-006  in event            1
 Added good helicity          246  8.64517566524222909E-003  in event            1
 Iteration  1   Mean: 0.2887E+02 Abs mean: 0.2887E+02   Fluctuation:  0.105E+01   0.252E+03    32.4%
  1    0.2887E+02 0.2887E+02 +- 0.1051E+01      1.63
 Writing out events  4.94313478448401341E-003   1.6281639396433656     
 Relative summed weights:
  0.4910E+00  0.0000E+00  0.0000E+00  0.0000E+00
  0.0000E+00  0.0000E+00  0.5090E+00  0.0000E+00
 Relative number of events:
  0.5025E+00  0.0000E+00  0.0000E+00  0.0000E+00
  0.0000E+00  0.0000E+00  0.4975E+00  0.0000E+00
 Events:
        1005           0           0           0
           0           0         995           0
 Iteration  2   Mean: 0.4187E+02 Abs mean: 0.4187E+02   Fluctuation:  0.118E+02   0.465E+05    48.2%
  2    0.4187E+02 0.4187E+02 +- 0.1180E+02     17.82
 Relative summed weights:
  0.6180E+00  0.0000E+00  0.0000E+00  0.0000E+00
  0.0000E+00  0.0000E+00  0.3820E+00  0.0000E+00
 Relative number of events:
  0.4928E+00  0.0000E+00  0.0000E+00  0.0000E+00
  0.0000E+00  0.0000E+00  0.5072E+00  0.0000E+00
 Events:
        1971           0           0           0
           0           0        2029           0
 Iteration  3   Mean: 0.4134E+02 Abs mean: 0.4134E+02   Fluctuation:  0.696E+01   0.466E+05    54.0%
  3    0.4134E+02 0.4134E+02 +- 0.6962E+01     15.07
 Relative summed weights:
  0.4188E+00  0.0000E+00  0.0000E+00  0.0000E+00
  0.0000E+00  0.0000E+00  0.5812E+00  0.0000E+00
 Relative number of events:
  0.4971E+00  0.0000E+00  0.0000E+00  0.0000E+00
  0.0000E+00  0.0000E+00  0.5029E+00  0.0000E+00
 Events:
        3977           0           0           0
           0           0        4023           0
 Found         1004  events.
 Wrote            5  events.
 Actual xsec    29.617141283766120     
 Correct abs xsec    29.617141283766120     
 Event xsec    29.617141283766124     
 Events wgts > 1:            0
 % Cross section > 1:    0.0000000000000000        0.0000000000000000     
 Checking number of events   1938.2641941747900                5  chi2:    2.2121111204661181     
 Found         1004  events.
 Wrote            3  events.
 Actual xsec    29.617141283766120     
 Correct abs xsec    29.617141283766120     
 Event xsec    29.617141283766117     
 Events wgts > 1:            0
 % Cross section > 1:    0.0000000000000000        0.0000000000000000     
 Iteration  4   Mean: 0.4136E+02 Abs mean: 0.4136E+02   Fluctuation:  0.248E+01   0.185E+05    56.4%
  4    0.4136E+02 0.4136E+02 +- 0.2480E+01      7.58
 Relative summed weights:
  0.4449E+00  0.0000E+00  0.0000E+00  0.0000E+00
  0.0000E+00  0.0000E+00  0.5551E+00  0.0000E+00
 Relative number of events:
  0.4941E+00  0.0000E+00  0.0000E+00  0.0000E+00
  0.0000E+00  0.0000E+00  0.5059E+00  0.0000E+00
 Events:
        7906           0           0           0
           0           0        8094           0
 Found         1955  events.
 Wrote           46  events.
 Actual xsec    41.380628074224823     
 Correct abs xsec    41.380628074224823     
 Event xsec    41.380628074224816     
 Events wgts > 1:            3
 % Cross section > 1:   0.41507483357567432        1.0030655717239254     
 Checking number of events   2708.1138236895695               46  chi2:   9.12939909929400689E-004
 Found         1955  events.
 Wrote           49  events.
 Actual xsec    41.380628074224823     
 Correct abs xsec    41.380628074224823     
 Event xsec    41.380628074224823     
 Events wgts > 1:            3
 % Cross section > 1:   0.38990153568745545       0.94223203907897524     
 Iteration  5   Mean: 0.3962E+02 Abs mean: 0.3962E+02   Fluctuation:  0.765E+00   0.570E+04    56.1%
  5    0.3962E+02 0.3962E+02 +- 0.7648E+00      3.45
 Relative summed weights:
  0.5103E+00  0.0000E+00  0.0000E+00  0.0000E+00
  0.0000E+00  0.0000E+00  0.4897E+00  0.0000E+00
 Relative number of events:
  0.5016E+00  0.0000E+00  0.0000E+00  0.0000E+00
  0.0000E+00  0.0000E+00  0.4984E+00  0.0000E+00
 Events:
       16050           0           0           0
           0           0       15950           0
 Found         4326  events.
 Wrote          508  events.
 Actual xsec    39.803082740790245     
 Correct abs xsec    39.803082740790245     
 Event xsec    39.803082740790856     
 Events wgts > 1:           17
 % Cross section > 1:   0.37583519244884589       0.94423639218196476     
 Checking number of events   2604.8729468882771              508  chi2:   0.25054669908364202     
 Found         4326  events.
 Wrote          490  events.
 Actual xsec    39.803082740790245     
 Correct abs xsec    39.803082740790245     
 Event xsec    39.803082740790408     
 Events wgts > 1:           17
 % Cross section > 1:   0.38950627812961364       0.97858319333252430     
 Iteration  6   Mean: 0.4047E+02 Abs mean: 0.4047E+02   Fluctuation:  0.341E+00   0.303E+04    56.4%
  6    0.4047E+02 0.4047E+02 +- 0.3414E+00      2.13
 Relative summed weights:
  0.4946E+00  0.0000E+00  0.0000E+00  0.0000E+00
  0.0000E+00  0.0000E+00  0.5054E+00  0.0000E+00
 Relative number of events:
  0.4978E+00  0.0000E+00  0.0000E+00  0.0000E+00
  0.0000E+00  0.0000E+00  0.5022E+00  0.0000E+00
 Events:
       31860           0           0           0
           0           0       32140           0
 Found        10063  events.
 Wrote         2883  events.
 Actual xsec    40.347858060269566     
 Correct abs xsec    40.347858060269566     
 Event xsec    40.347858060270148     
 Events wgts > 1:           95
 % Cross section > 1:   0.39801183555160569       0.98645096589035830     
 Checking number of events   2640.5252228962818             2883  chi2:   0.59573359189953046     

 -------------------------------------------------------------------------------
 Accumulated results:   Integral =  0.3986E+02
                        Std dev  =  0.2987E+00
                       Cross sec =  0.1224E+02
             Chi**2 per DoF.     =
-------------------------------------------------
---------------------------
 Results Last   3 iters: Integral =   0.4035E+02
                     Abs integral =   0.4035E+02
                          Std dev =   0.3093E+00
                  Chi**2 per DoF. =      0.5957
-------------------------------------------------
---------------------------
 Status  -65.444000000000003                7           9
 We found enough events        2883   2640.5252228962818     

ls status:
events.lhe
ftn25
ftn26
input_sg.txt
moffset.dat
results.dat
run1_app.log
