 Process in group number            0
 A PDF is used, so alpha_s(MZ) is going to be modified
 Old value of alpha_s from param_card:   0.11800000071525575     
  ****************************************
 
       NNPDFDriver version 1.0.3
   Grid: NNPDF23_lo_as_0130_qed_mem0.grid
  ****************************************
 New value of alpha_s from PDF nn23lo1:  0.13000000000000000     
 Warning! ptj set to xqcut=   20.000000000000000       to improve integration efficiency
 Note that this might affect non-radiated jets,
 e.g. from decays. Use cut_decays=F in run_card.
 Warning! mmjj set to xqcut=   20.000000000000000       to improve integration efficiency
 Note that this might affect non-radiated jets,
 e.g. from decays. Use cut_decays=F in run_card.
 Warning! drjl > 0 with xqcut > 0, set to 0
 *****************************************************
 *               MadGraph/MadEvent                   *
 *        --------------------------------           *
 *          http://madgraph.hep.uiuc.edu             *
 *          http://madgraph.phys.ucl.ac.be           *
 *          http://madgraph.roma2.infn.it            *
 *        --------------------------------           *
 *                                                   *
 *          PARAMETER AND COUPLING VALUES            *
 *                                                   *
 *****************************************************

  External Params
  ---------------------------------
  
 aEWM1 =    132.50697326660156     
 mdl_Gf =   1.16639000000000003E-005
 aS =   0.11800000071525575     
 mdl_ymb =    4.6999998092651367     
 mdl_ymt =    173.00000000000000     
 mdl_ymtau =    1.7769999504089355     
 mdl_MZ =    91.188003540039063     
 mdl_MT =    172.00000000000000     
 mdl_MB =    4.6999998092651367     
 mdl_MH =    120.00000000000000     
 mdl_MTA =    1.7769999504089355     
 mdl_WZ =    2.4414036273956299     
 mdl_WW =    2.0475995540618896     
 mdl_WT =    1.4394782781600952     
 mdl_WH =   5.75308827683329582E-003
  Internal Params
  ---------------------------------
  
 mdl_conjg__CKM3x3 =    1.0000000000000000     
 mdl_CKM3x3 =    1.0000000000000000     
 mdl_conjg__CKM1x1 =    1.0000000000000000     
 mdl_complexi =  (  0.0000000000000000     ,  1.0000000000000000     )
 mdl_MZ__exp__2 =    8315.2519896181766     
 mdl_MZ__exp__4 =    69143415.650849044     
 mdl_sqrt__2 =    1.4142135623730951     
 mdl_MH__exp__2 =    14400.000000000000     
 mdl_aEW =   7.54677263654659602E-003
 mdl_MW =    80.419003571204073     
 mdl_sqrt__aEW =   8.68721626100478483E-002
 mdl_ee =   0.30795379830933894     
 mdl_MW__exp__2 =    6467.2161353853335     
 mdl_sw2 =   0.22224652440361004     
 mdl_cw =   0.88190332553879736     
 mdl_sqrt__sw2 =   0.47143029644223128     
 mdl_sw =   0.47143029644223128     
 mdl_g1 =   0.34919224068147731     
 mdl_gw =   0.65323293948944450     
 mdl_vev =    246.21845810181637     
 mdl_vev__exp__2 =    60623.529110035903     
 mdl_lam =   0.11876576810517747     
 mdl_yb =   2.69955531549349870E-002
 mdl_yt =   0.99366614581500623     
 mdl_ytau =   1.02066167158167860E-002
 mdl_muH =    84.852813742385706     
 mdl_I1x33 =  ( 2.69955531549349870E-002,  0.0000000000000000     )
 mdl_I2x33 =  ( 0.99366614581500623     ,  0.0000000000000000     )
 mdl_I3x33 =  ( 0.99366614581500623     ,  0.0000000000000000     )
 mdl_I4x33 =  ( 2.69955531549349870E-002,  0.0000000000000000     )
 mdl_ee__exp__2 =   9.48355418931490085E-002
 mdl_sw__exp__2 =   0.22224652440361006     
 mdl_cw__exp__2 =   0.77775347559638996     
  Internal Params evaluated point by point
  ----------------------------------------
  
 mdl_sqrt__aS =   0.34351128178744839     
 mdl_G__exp__2 =    1.4828317414825511     
  Couplings of sm
  ---------------------------------
  
        GC_10 =  -0.12177E+01   0.00000E+00
        GC_11 =   0.00000E+00   0.12177E+01
       GC_100 =   0.00000E+00   0.46191E+00

 Collider parameters:
 --------------------

 Running at P P   machine @    13000.000000000000       GeV
 PDF set = nn23lo1
 alpha_s(Mz)= 0.1300 running at 2 loops.
 alpha_s(Mz)= 0.1300 running at 2 loops.
 Renormalization scale set on event-by-event basis
 Factorization   scale set on event-by-event basis


 getting user params
Enter number of events and max and min iterations: 
 Number of events and iterations         2000           9           3
Enter desired fractional accuracy: 
 Desired fractional accuracy:   -65.444000000000003     
Enter 0 for fixed, 2 for adjustable grid: 
Suppress amplitude (0 no, 1 yes)? 
 Using suppressed amplitude.
Exact helicity sum (0 yes, n = number/event)? 
 Explicitly summing over helicities
Enter Configuration Number: 
Running Configuration Number:    2
 Not subdividing B.W.
 Attempting mappinvarients           1           8
 Completed mapping           8
 about to integrate           16        2000           9           3          16           1
 Using non-zero grid deformation.
 16 dimensions   2000 events 16 invarients  9 iterations  1 config(s),  (0.99)
 Using h-tuple random number sequence.
 Error opening grid
 Using Uniform Grid!
 Using uniform alpha   1.0000000000000000     
 Grid defined OK
 Set CM energy to      13000.00
 Mapping Graph           2  to config           2
 Setting BW          -1           1   80.419003571204073     
 Setting BW          -2           2   172.00000000000000     
 Setting BW          -3           3   80.419003571204073     
 Setting BW          -4           4   172.00000000000000     
Setting grid   5    0.12786E-05   1
 Transforming s_hat 1/s           15  1.09391608200776463E-003
 Masses: 0.000E+00 0.000E+00 0.470E+01 0.470E+01 0.000E+00 0.000E+00 0.000E+00 0.000E+00
   2   1   2   3   4   5   6   7   8   9  10  11  12  13  14
  15  16
 Got moffset          13
Using random seed offsets     2 :      1
  with seed                    7
 Ranmar initialization seeds       10337       20341
  Particle       3       4       5       6       7       8
      Et >     0.0     0.0    10.0     0.0    20.0    20.0
       E >     0.0     0.0     0.0     0.0     0.0     0.0
     Eta <    -1.0    -1.0     2.5    -1.0     5.0     5.0
   xqcut:      0.0     0.0     0.0     0.0     0.0     0.0
d R # 3  >    -0.0     0.0     0.0     0.0     0.0     0.0
d R # 4  >    -0.0    -0.0     0.0     0.0     0.0     0.0
d R # 5  >    -0.0    -0.0    -0.0     0.0     0.0     0.0
d R # 6  >    -0.0    -0.0    -0.0    -0.0     0.0     0.0
d R # 7  >    -0.0    -0.0    -0.0    -0.0    -0.0     0.0
s min # 3>     0.0     0.0     0.0     0.0     0.0     0.0
s min # 4>     0.0     0.0     0.0     0.0     0.0     0.0
s min # 5>     0.0     0.0     0.0     0.0     0.0     0.0
s min # 6>     0.0     0.0     0.0     0.0     0.0     0.0
s min # 7>     0.0     0.0     0.0     0.0   400.0   400.0
xqcutij # 3>     0.0     0.0     0.0     0.0     0.0     0.0
xqcutij # 4>     0.0     0.0     0.0     0.0     0.0     0.0
xqcutij # 5>     0.0     0.0     0.0     0.0     0.0     0.0
xqcutij # 6>     0.0     0.0     0.0     0.0     0.0     0.0
xqcutij # 7>     0.0     0.0     0.0     0.0     0.0    20.0
 No cut BW           -1           1
 No cut BW           -2           2
 No cut BW           -3           3
 No cut BW           -4           4
 alpha_s for scale    204.39060167004510       is   0.11460866212244175     
 Added good helicity           10  0.24411042344324127       in event            1
 Added good helicity           26   194.97217052024845       in event            1
 Added good helicity           42  1.07994848189839582E-003  in event            1
 Added good helicity           58  0.86256005210992248       in event            1
 Added good helicity           74  6.74806782577934000E-002  in event            1
 Added good helicity           90   53.897142623078736       in event            1
 Added good helicity          106  2.98535617668626750E-004  in event            1
 Added good helicity          122  0.23844183518852832       in event            1
 Added good helicity          138  2.92851872227598963E-003  in event            1
 Added good helicity          154   2.3390220033930391       in event            1
 Added good helicity          170  1.29558144372656840E-005  in event            1
 Added good helicity          186  1.03478713692805053E-002  in event            1
 Added good helicity          202  4.18852725707863360E-003  in event            1
 Added good helicity          218   3.3453968866910064       in event            1
 Added good helicity          234  1.85301126796163365E-005  in event            1
 Added good helicity          250  1.48000902139666431E-002  in event            1
 Added good helicity            6  0.38637502408627644       in event            1
 Added good helicity           22   221.81893788933186       in event            1
 Added good helicity           38  2.85312437920319983E-004  in event            1
 Added good helicity           54  0.16379863604219239       in event            1
 Added good helicity           70  3.62350219648527386E-002  in event            1
 Added good helicity           86   20.802623320821791       in event            1
 Added good helicity          102  2.67571706513306331E-005  in event            1
 Added good helicity          118  1.53613634546844926E-002  in event            1
 Added good helicity          134  1.78209523929719060E-002  in event            1
 Added good helicity          150   10.231056578601924       in event            1
 Added good helicity          166  1.31595963929734033E-005  in event            1
 Added good helicity          182  7.55495959358342805E-003  in event            1
 Added good helicity          198  4.37843829469494912E-003  in event            1
 Added good helicity          214   2.5136731713961376       in event            1
 Added good helicity          230  3.23318751541289547E-006  in event            1
 Added good helicity          246  1.85618162654786387E-003  in event            1
 Iteration  1   Mean: 0.7007E+02 Abs mean: 0.7007E+02   Fluctuation:  0.425E+02   0.850E+05    32.4%
  1    0.7007E+02 0.7007E+02 +- 0.4250E+02     27.12
 Writing out events  1.20040355438548550E-002   27.120532500531016     
 Relative summed weights:
  0.1894E+00  0.0000E+00  0.0000E+00  0.0000E+00
  0.0000E+00  0.0000E+00  0.8106E+00  0.0000E+00
 Relative number of events:
  0.4920E+00  0.0000E+00  0.0000E+00  0.0000E+00
  0.0000E+00  0.0000E+00  0.5080E+00  0.0000E+00
 Events:
         984           0           0           0
           0           0        1016           0
 Iteration  2   Mean: 0.1703E+03 Abs mean: 0.1703E+03   Fluctuation:  0.140E+03   0.559E+06    49.1%
  2    0.1703E+03 0.1703E+03 +- 0.1398E+03     51.91
 Relative summed weights:
  0.8628E-01  0.0000E+00  0.0000E+00  0.0000E+00
  0.0000E+00  0.0000E+00  0.9137E+00  0.0000E+00
 Relative number of events:
  0.4895E+00  0.0000E+00  0.0000E+00  0.0000E+00
  0.0000E+00  0.0000E+00  0.5105E+00  0.0000E+00
 Events:
        1958           0           0           0
           0           0        2042           0
 Iteration  3   Mean: 0.3672E+02 Abs mean: 0.3672E+02   Fluctuation:  0.289E+01   0.137E+05    54.5%
  3    0.3672E+02 0.3672E+02 +- 0.2890E+01      7.04
 Relative summed weights:
  0.4553E+00  0.0000E+00  0.0000E+00  0.0000E+00
  0.0000E+00  0.0000E+00  0.5447E+00  0.0000E+00
 Relative number of events:
  0.4944E+00  0.0000E+00  0.0000E+00  0.0000E+00
  0.0000E+00  0.0000E+00  0.5056E+00  0.0000E+00
 Events:
        3955           0           0           0
           0           0        4045           0
 Found          240  events.
 Wrote           13  events.
 Actual xsec    38.464122662253089     
 Correct abs xsec    38.464122662253089     
 Event xsec    38.464122662253082     
 Events wgts > 1:            1
 % Cross section > 1:   5.55554826142667935E-007  1.44434550352519503E-006
 Checking number of events   2517.2460435084913               13  chi2:   0.90369838154247495     
 Found          240  events.
 Wrote           16  events.
 Actual xsec    38.464122662253089     
 Correct abs xsec    38.464122662253089     
 Event xsec    38.464122662253068     
 Events wgts > 1:            1
 % Cross section > 1:   4.51388297406651873E-007  1.17353072464492658E-006
 Iteration  4   Mean: 0.3799E+02 Abs mean: 0.3799E+02   Fluctuation:  0.122E+01   0.789E+04    56.3%
  4    0.3799E+02 0.3799E+02 +- 0.1222E+01      4.07
 Relative summed weights:
  0.4750E+00  0.0000E+00  0.0000E+00  0.0000E+00
  0.0000E+00  0.0000E+00  0.5250E+00  0.0000E+00
 Relative number of events:
  0.5019E+00  0.0000E+00  0.0000E+00  0.0000E+00
  0.0000E+00  0.0000E+00  0.4981E+00  0.0000E+00
 Events:
        8031           0           0           0
           0           0        7969           0
 Found         2009  events.
 Wrote          140  events.
 Actual xsec    37.978125966267470     
 Correct abs xsec    37.978125966267470     
 Event xsec    37.978125966267278     
 Events wgts > 1:            3
 % Cross section > 1:   0.26086434975117556       0.68688052165311964     
 Checking number of events   2485.4404757364082              140  chi2:   0.54297071577206002     
 Found         2009  events.
 Wrote          136  events.
 Actual xsec    37.978125966267470     
 Correct abs xsec    37.978125966267470     
 Event xsec    37.978125966267456     
 Events wgts > 1:            3
 % Cross section > 1:   0.26848259078444170       0.70694007130028103     
 Iteration  5   Mean: 0.4088E+02 Abs mean: 0.4088E+02   Fluctuation:  0.600E+00   0.520E+04    57.1%
  5    0.4088E+02 0.4088E+02 +- 0.6002E+00      2.63
 Relative summed weights:
  0.5102E+00  0.0000E+00  0.0000E+00  0.0000E+00
  0.0000E+00  0.0000E+00  0.4898E+00  0.0000E+00
 Relative number of events:
  0.4996E+00  0.0000E+00  0.0000E+00  0.0000E+00
  0.0000E+00  0.0000E+00  0.5004E+00  0.0000E+00
 Events:
       15986           0           0           0
           0           0       16014           0
 Found         5033  events.
 Wrote          801  events.
 Actual xsec    40.281555389593045     
 Correct abs xsec    40.281555389593045     
 Event xsec    40.281555389593485     
 Events wgts > 1:           15
 % Cross section > 1:   0.37975982840762373       0.94276356693448971     
 Checking number of events   2636.1861109165275              801  chi2:    3.0301192835849822     
 Found         5033  events.
 Wrote          787  events.
 Actual xsec    40.281555389593045     
 Correct abs xsec    40.281555389593045     
 Event xsec    40.281555389593542     
 Events wgts > 1:           15
 % Cross section > 1:   0.38645059229869017       0.95937356082959735     
 Iteration  6   Mean: 0.4029E+02 Abs mean: 0.4029E+02   Fluctuation:  0.277E+00   0.337E+04    56.5%
  6    0.4029E+02 0.4029E+02 +- 0.2766E+00      1.74
 Relative summed weights:
  0.4960E+00  0.0000E+00  0.0000E+00  0.0000E+00
  0.0000E+00  0.0000E+00  0.5040E+00  0.0000E+00
 Relative number of events:
  0.5008E+00  0.0000E+00  0.0000E+00  0.0000E+00
  0.0000E+00  0.0000E+00  0.4992E+00  0.0000E+00
 Events:
       32050           0           0           0
           0           0       31950           0
 Found        10572  events.
 Wrote         4858  events.
 Actual xsec    40.305885326119750     
 Correct abs xsec    40.305885326119750     
 Event xsec    40.305885326121050     
 Events wgts > 1:          109
 % Cross section > 1:   0.40051460901161867       0.99368766067534309     
 Checking number of events   2637.7783592825808             4858  chi2:    2.2710911828715679     

 -------------------------------------------------------------------------------
 Accumulated results:   Integral =  0.4029E+02
                        Std dev  =  0.2453E+00
                       Cross sec =  0.4475E+01
             Chi**2 per DoF.     =
-------------------------------------------------
---------------------------
 Results Last   3 iters: Integral =   0.4031E+02
                     Abs integral =   0.4031E+02
                          Std dev =   0.2462E+00
                  Chi**2 per DoF. =      2.2711
-------------------------------------------------
---------------------------
 Status  -65.444000000000003                7           9
 We found enough events        4858   2637.7783592825808     

ls status:
events.lhe
ftn25
ftn26
input_sg.txt
moffset.dat
results.dat
run1_app.log
