 Process in group number            0
 A PDF is used, so alpha_s(MZ) is going to be modified
 Old value of alpha_s from param_card:   0.11800000071525575     
  ****************************************
 
       NNPDFDriver version 1.0.3
   Grid: NNPDF23_lo_as_0130_qed_mem0.grid
  ****************************************
 New value of alpha_s from PDF nn23lo1:  0.13000000000000000     
 Warning! ptj set to xqcut=   20.000000000000000       to improve integration efficiency
 Note that this might affect non-radiated jets,
 e.g. from decays. Use cut_decays=F in run_card.
 Warning! mmjj set to xqcut=   20.000000000000000       to improve integration efficiency
 Note that this might affect non-radiated jets,
 e.g. from decays. Use cut_decays=F in run_card.
 Warning! drjl > 0 with xqcut > 0, set to 0
 *****************************************************
 *               MadGraph/MadEvent                   *
 *        --------------------------------           *
 *          http://madgraph.hep.uiuc.edu             *
 *          http://madgraph.phys.ucl.ac.be           *
 *          http://madgraph.roma2.infn.it            *
 *        --------------------------------           *
 *                                                   *
 *          PARAMETER AND COUPLING VALUES            *
 *                                                   *
 *****************************************************

  External Params
  ---------------------------------
  
 aEWM1 =    132.50697326660156     
 mdl_Gf =   1.16639000000000003E-005
 aS =   0.11800000071525575     
 mdl_ymb =    4.6999998092651367     
 mdl_ymt =    173.00000000000000     
 mdl_ymtau =    1.7769999504089355     
 mdl_MZ =    91.188003540039063     
 mdl_MT =    172.00000000000000     
 mdl_MB =    4.6999998092651367     
 mdl_MH =    120.00000000000000     
 mdl_MTA =    1.7769999504089355     
 mdl_WZ =    2.4414036273956299     
 mdl_WW =    2.0475995540618896     
 mdl_WT =    1.4394782781600952     
 mdl_WH =   5.75308827683329582E-003
  Internal Params
  ---------------------------------
  
 mdl_conjg__CKM3x3 =    1.0000000000000000     
 mdl_CKM3x3 =    1.0000000000000000     
 mdl_conjg__CKM1x1 =    1.0000000000000000     
 mdl_complexi =  (  0.0000000000000000     ,  1.0000000000000000     )
 mdl_MZ__exp__2 =    8315.2519896181766     
 mdl_MZ__exp__4 =    69143415.650849044     
 mdl_sqrt__2 =    1.4142135623730951     
 mdl_MH__exp__2 =    14400.000000000000     
 mdl_aEW =   7.54677263654659602E-003
 mdl_MW =    80.419003571204073     
 mdl_sqrt__aEW =   8.68721626100478483E-002
 mdl_ee =   0.30795379830933894     
 mdl_MW__exp__2 =    6467.2161353853335     
 mdl_sw2 =   0.22224652440361004     
 mdl_cw =   0.88190332553879736     
 mdl_sqrt__sw2 =   0.47143029644223128     
 mdl_sw =   0.47143029644223128     
 mdl_g1 =   0.34919224068147731     
 mdl_gw =   0.65323293948944450     
 mdl_vev =    246.21845810181637     
 mdl_vev__exp__2 =    60623.529110035903     
 mdl_lam =   0.11876576810517747     
 mdl_yb =   2.69955531549349870E-002
 mdl_yt =   0.99366614581500623     
 mdl_ytau =   1.02066167158167860E-002
 mdl_muH =    84.852813742385706     
 mdl_I1x33 =  ( 2.69955531549349870E-002,  0.0000000000000000     )
 mdl_I2x33 =  ( 0.99366614581500623     ,  0.0000000000000000     )
 mdl_I3x33 =  ( 0.99366614581500623     ,  0.0000000000000000     )
 mdl_I4x33 =  ( 2.69955531549349870E-002,  0.0000000000000000     )
 mdl_ee__exp__2 =   9.48355418931490085E-002
 mdl_sw__exp__2 =   0.22224652440361006     
 mdl_cw__exp__2 =   0.77775347559638996     
  Internal Params evaluated point by point
  ----------------------------------------
  
 mdl_sqrt__aS =   0.34351128178744839     
 mdl_G__exp__2 =    1.4828317414825511     
  Couplings of sm
  ---------------------------------
  
        GC_10 =  -0.12177E+01   0.00000E+00
        GC_11 =   0.00000E+00   0.12177E+01
       GC_100 =   0.00000E+00   0.46191E+00

 Collider parameters:
 --------------------

 Running at P P   machine @    13000.000000000000       GeV
 PDF set = nn23lo1
 alpha_s(Mz)= 0.1300 running at 2 loops.
 alpha_s(Mz)= 0.1300 running at 2 loops.
 Renormalization scale set on event-by-event basis
 Factorization   scale set on event-by-event basis


 getting user params
Enter number of events and max and min iterations: 
 Number of events and iterations         2000           9           3
Enter desired fractional accuracy: 
 Desired fractional accuracy:   -65.444000000000003     
Enter 0 for fixed, 2 for adjustable grid: 
Suppress amplitude (0 no, 1 yes)? 
 Using suppressed amplitude.
Exact helicity sum (0 yes, n = number/event)? 
 Explicitly summing over helicities
Enter Configuration Number: 
Running Configuration Number:    2
 Not subdividing B.W.
 Attempting mappinvarients           1           8
 Completed mapping           8
 about to integrate           16        2000           9           3          16           1
 Using non-zero grid deformation.
 16 dimensions   2000 events 16 invarients  9 iterations  1 config(s),  (0.99)
 Using h-tuple random number sequence.
 Error opening grid
 Using Uniform Grid!
 Using uniform alpha   1.0000000000000000     
 Grid defined OK
 Set CM energy to      13000.00
 Mapping Graph           2  to config           2
 Setting BW          -1           1   80.419003571204073     
 Setting BW          -2           2   172.00000000000000     
 Setting BW          -3           3   80.419003571204073     
 Setting BW          -4           4   172.00000000000000     
Setting grid   5    0.12786E-05   1
 Transforming s_hat 1/s           15  1.09391608200776463E-003
 Masses: 0.000E+00 0.000E+00 0.470E+01 0.470E+01 0.000E+00 0.000E+00 0.000E+00 0.000E+00
   2   1   2   3   4   5   6   7   8   9  10  11  12  13  14
  15  16
 Got moffset          16
Using random seed offsets     2 :      1
  with seed                    7
 Ranmar initialization seeds       10337       29812
  Particle       3       4       5       6       7       8
      Et >     0.0     0.0    10.0     0.0    20.0    20.0
       E >     0.0     0.0     0.0     0.0     0.0     0.0
     Eta <    -1.0    -1.0     2.5    -1.0     5.0     5.0
   xqcut:      0.0     0.0     0.0     0.0     0.0     0.0
d R # 3  >    -0.0     0.0     0.0     0.0     0.0     0.0
d R # 4  >    -0.0    -0.0     0.0     0.0     0.0     0.0
d R # 5  >    -0.0    -0.0    -0.0     0.0     0.0     0.0
d R # 6  >    -0.0    -0.0    -0.0    -0.0     0.0     0.0
d R # 7  >    -0.0    -0.0    -0.0    -0.0    -0.0     0.0
s min # 3>     0.0     0.0     0.0     0.0     0.0     0.0
s min # 4>     0.0     0.0     0.0     0.0     0.0     0.0
s min # 5>     0.0     0.0     0.0     0.0     0.0     0.0
s min # 6>     0.0     0.0     0.0     0.0     0.0     0.0
s min # 7>     0.0     0.0     0.0     0.0   400.0   400.0
xqcutij # 3>     0.0     0.0     0.0     0.0     0.0     0.0
xqcutij # 4>     0.0     0.0     0.0     0.0     0.0     0.0
xqcutij # 5>     0.0     0.0     0.0     0.0     0.0     0.0
xqcutij # 6>     0.0     0.0     0.0     0.0     0.0     0.0
xqcutij # 7>     0.0     0.0     0.0     0.0     0.0    20.0
 No cut BW           -1           1
 No cut BW           -2           2
 No cut BW           -3           3
 No cut BW           -4           4
 alpha_s for scale    593.53445873813496       is   9.91891135280521391E-002
 Added good helicity           10  5.22340101212607835E-002  in event            1
 Added good helicity           26   42.092907090531625       in event            1
 Added good helicity           42  1.93445591214762838E-005  in event            1
 Added good helicity           58  1.55888611254866288E-002  in event            1
 Added good helicity           74  0.18549440796579306       in event            1
 Added good helicity           90   149.48113043955621       in event            1
 Added good helicity          106  6.86967654458703645E-005  in event            1
 Added good helicity          122  5.53594594521869821E-002  in event            1
 Added good helicity          138  7.67330958622433473E-002  in event            1
 Added good helicity          154   61.835556324317288       in event            1
 Added good helicity          170  2.84176517566835579E-005  in event            1
 Added good helicity          186  2.29004354126402902E-002  in event            1
 Added good helicity          202  2.70330904479596521E-003  in event            1
 Added good helicity          218   2.1784683235199633       in event            1
 Added good helicity          234  1.00115464080348236E-006  in event            1
 Added good helicity          250  8.06782959622733410E-004  in event            1
 Added good helicity            6  7.40211406034841984E-004  in event            1
 Added good helicity           22   68.047354487761865       in event            1
 Added good helicity           38  2.39988080688897816E-006  in event            1
 Added good helicity           54  0.22062013454986323       in event            1
 Added good helicity           70  3.76888756949729975E-004  in event            1
 Added good helicity           86   34.647240825417725       in event            1
 Added good helicity          102  1.22193212204207420E-006  in event            1
 Added good helicity          118  0.11233175764474283       in event            1
 Added good helicity          134  1.37359163286500494E-003  in event            1
 Added good helicity          150   126.27375909226274       in event            1
 Added good helicity          166  4.45339827154846207E-006  in event            1
 Added good helicity          182  0.40939921809983570       in event            1
 Added good helicity          198  2.85017601128216851E-004  in event            1
 Added good helicity          214   26.201560231443391       in event            1
 Added good helicity          246  8.49495441401329487E-002  in event            1
 Added good helicity          230  4.72610645083013363E-005  in event            3
 Iteration  1   Mean: 0.2725E+02 Abs mean: 0.2725E+02   Fluctuation:  0.103E+01   0.342E+03    31.9%
  1    0.2725E+02 0.2725E+02 +- 0.1031E+01      1.69
 Writing out events  4.73851010920665634E-003   1.6924032754691036     
 Relative summed weights:
  0.4952E+00  0.0000E+00  0.0000E+00  0.0000E+00
  0.0000E+00  0.0000E+00  0.5048E+00  0.0000E+00
 Relative number of events:
  0.4995E+00  0.0000E+00  0.0000E+00  0.0000E+00
  0.0000E+00  0.0000E+00  0.5005E+00  0.0000E+00
 Events:
         999           0           0           0
           0           0        1001           0
 Iteration  2   Mean: 0.9650E+02 Abs mean: 0.9650E+02   Fluctuation:  0.615E+02   0.244E+06    48.2%
  2    0.9650E+02 0.9650E+02 +- 0.6153E+02     40.32
 Relative summed weights:
  0.8527E+00  0.0000E+00  0.0000E+00  0.0000E+00
  0.0000E+00  0.0000E+00  0.1473E+00  0.0000E+00
 Relative number of events:
  0.5068E+00  0.0000E+00  0.0000E+00  0.0000E+00
  0.0000E+00  0.0000E+00  0.4933E+00  0.0000E+00
 Events:
        2027           0           0           0
           0           0        1973           0
 Iteration  3   Mean: 0.4327E+02 Abs mean: 0.4327E+02   Fluctuation:  0.771E+01   0.551E+05    55.5%
  3    0.4327E+02 0.4327E+02 +- 0.7713E+01     15.94
 Relative summed weights:
  0.4734E+00  0.0000E+00  0.0000E+00  0.0000E+00
  0.0000E+00  0.0000E+00  0.5266E+00  0.0000E+00
 Relative number of events:
  0.4940E+00  0.0000E+00  0.0000E+00  0.0000E+00
  0.0000E+00  0.0000E+00  0.5060E+00  0.0000E+00
 Events:
        3952           0           0           0
           0           0        4048           0
 Found          432  events.
 Wrote            5  events.
 Actual xsec    28.171677815552744     
 Correct abs xsec    28.171677815552744     
 Event xsec    28.171677815552741     
 Events wgts > 1:            0
 % Cross section > 1:    0.0000000000000000        0.0000000000000000     
 Checking number of events   1843.6672829610338                5  chi2:    2.9325810097517548     
 Found          432  events.
 Wrote            3  events.
 Actual xsec    28.171677815552744     
 Correct abs xsec    28.171677815552744     
 Event xsec    28.171677815552748     
 Events wgts > 1:            0
 % Cross section > 1:    0.0000000000000000        0.0000000000000000     
 Iteration  4   Mean: 0.4347E+02 Abs mean: 0.4347E+02   Fluctuation:  0.324E+01   0.323E+05    56.1%
  4    0.4347E+02 0.4347E+02 +- 0.3245E+01      9.44
 Relative summed weights:
  0.4826E+00  0.0000E+00  0.0000E+00  0.0000E+00
  0.0000E+00  0.0000E+00  0.5174E+00  0.0000E+00
 Relative number of events:
  0.5021E+00  0.0000E+00  0.0000E+00  0.0000E+00
  0.0000E+00  0.0000E+00  0.4979E+00  0.0000E+00
 Events:
        8034           0           0           0
           0           0        7966           0
 Found         1857  events.
 Wrote           29  events.
 Actual xsec    44.053041479999969     
 Correct abs xsec    44.053041479999969     
 Event xsec    44.053041479999926     
 Events wgts > 1:            0
 % Cross section > 1:    0.0000000000000000        0.0000000000000000     
 Checking number of events   2883.0072466171182               29  chi2:   0.38450443126947220     
 Found         1857  events.
 Wrote           19  events.
 Actual xsec    44.053041479999969     
 Correct abs xsec    44.053041479999969     
 Event xsec    44.053041479999962     
 Events wgts > 1:            0
 % Cross section > 1:    0.0000000000000000        0.0000000000000000     
 Iteration  5   Mean: 0.4221E+02 Abs mean: 0.4221E+02   Fluctuation:  0.857E+00   0.631E+04    56.5%
  5    0.4221E+02 0.4221E+02 +- 0.8574E+00      3.63
 Relative summed weights:
  0.4991E+00  0.0000E+00  0.0000E+00  0.0000E+00
  0.0000E+00  0.0000E+00  0.5009E+00  0.0000E+00
 Relative number of events:
  0.5004E+00  0.0000E+00  0.0000E+00  0.0000E+00
  0.0000E+00  0.0000E+00  0.4996E+00  0.0000E+00
 Events:
       16012           0           0           0
           0           0       15988           0
 Found         4276  events.
 Wrote          347  events.
 Actual xsec    42.309190720583373     
 Correct abs xsec    42.309190720583373     
 Event xsec    42.309190720583587     
 Events wgts > 1:           10
 % Cross section > 1:   0.40169374399291230       0.94942431455557652     
 Checking number of events   2768.8826775178586              347  chi2:   7.85206442643914398E-002
 Found         4276  events.
 Wrote          372  events.
 Actual xsec    42.309190720583373     
 Correct abs xsec    42.309190720583373     
 Event xsec    42.309190720583842     
 Events wgts > 1:           10
 % Cross section > 1:   0.37493742699717092       0.88618435051928346     
 Iteration  6   Mean: 0.4072E+02 Abs mean: 0.4072E+02   Fluctuation:  0.309E+00   0.269E+04    56.3%
  6    0.4072E+02 0.4072E+02 +- 0.3094E+00      1.92
 Relative summed weights:
  0.4994E+00  0.0000E+00  0.0000E+00  0.0000E+00
  0.0000E+00  0.0000E+00  0.5006E+00  0.0000E+00
 Relative number of events:
  0.4999E+00  0.0000E+00  0.0000E+00  0.0000E+00
  0.0000E+00  0.0000E+00  0.5001E+00  0.0000E+00
 Events:
       31992           0           0           0
           0           0       32008           0
 Found         9998  events.
 Wrote         3587  events.
 Actual xsec    40.927396503340830     
 Correct abs xsec    40.927396503340830     
 Event xsec    40.927396503339324     
 Events wgts > 1:          102
 % Cross section > 1:   0.40501775950975938       0.98960059547573076     
 Checking number of events   2678.4525367646374             3587  chi2:    1.6489371302751084     

 -------------------------------------------------------------------------------
 Accumulated results:   Integral =  0.4048E+02
                        Std dev  =  0.2816E+00
                       Cross sec =  0.1710E+02
             Chi**2 per DoF.     =
-------------------------------------------------
---------------------------
 Results Last   3 iters: Integral =   0.4093E+02
                     Abs integral =   0.4093E+02
                          Std dev =   0.2900E+00
                  Chi**2 per DoF. =      1.6489
-------------------------------------------------
---------------------------
 Status  -65.444000000000003                7           9
 We found enough events        3587   2678.4525367646374     

ls status:
events.lhe
ftn25
ftn26
input_sg.txt
moffset.dat
results.dat
run1_app.log
