 Process in group number            0
 A PDF is used, so alpha_s(MZ) is going to be modified
 Old value of alpha_s from param_card:   0.11800000071525575     
  ****************************************
 
       NNPDFDriver version 1.0.3
   Grid: NNPDF23_lo_as_0130_qed_mem0.grid
  ****************************************
 New value of alpha_s from PDF nn23lo1:  0.13000000000000000     
 Warning! ptj set to xqcut=   20.000000000000000       to improve integration efficiency
 Note that this might affect non-radiated jets,
 e.g. from decays. Use cut_decays=F in run_card.
 Warning! mmjj set to xqcut=   20.000000000000000       to improve integration efficiency
 Note that this might affect non-radiated jets,
 e.g. from decays. Use cut_decays=F in run_card.
 Warning! drjl > 0 with xqcut > 0, set to 0
 *****************************************************
 *               MadGraph/MadEvent                   *
 *        --------------------------------           *
 *          http://madgraph.hep.uiuc.edu             *
 *          http://madgraph.phys.ucl.ac.be           *
 *          http://madgraph.roma2.infn.it            *
 *        --------------------------------           *
 *                                                   *
 *          PARAMETER AND COUPLING VALUES            *
 *                                                   *
 *****************************************************

  External Params
  ---------------------------------
  
 aEWM1 =    132.50697326660156     
 mdl_Gf =   1.16639000000000003E-005
 aS =   0.11800000071525575     
 mdl_ymb =    4.6999998092651367     
 mdl_ymt =    173.00000000000000     
 mdl_ymtau =    1.7769999504089355     
 mdl_MZ =    91.188003540039063     
 mdl_MT =    172.00000000000000     
 mdl_MB =    4.6999998092651367     
 mdl_MH =    120.00000000000000     
 mdl_MTA =    1.7769999504089355     
 mdl_WZ =    2.4414036273956299     
 mdl_WW =    2.0475995540618896     
 mdl_WT =    1.4394782781600952     
 mdl_WH =   5.75308827683329582E-003
  Internal Params
  ---------------------------------
  
 mdl_conjg__CKM3x3 =    1.0000000000000000     
 mdl_CKM3x3 =    1.0000000000000000     
 mdl_conjg__CKM1x1 =    1.0000000000000000     
 mdl_complexi =  (  0.0000000000000000     ,  1.0000000000000000     )
 mdl_MZ__exp__2 =    8315.2519896181766     
 mdl_MZ__exp__4 =    69143415.650849044     
 mdl_sqrt__2 =    1.4142135623730951     
 mdl_MH__exp__2 =    14400.000000000000     
 mdl_aEW =   7.54677263654659602E-003
 mdl_MW =    80.419003571204073     
 mdl_sqrt__aEW =   8.68721626100478483E-002
 mdl_ee =   0.30795379830933894     
 mdl_MW__exp__2 =    6467.2161353853335     
 mdl_sw2 =   0.22224652440361004     
 mdl_cw =   0.88190332553879736     
 mdl_sqrt__sw2 =   0.47143029644223128     
 mdl_sw =   0.47143029644223128     
 mdl_g1 =   0.34919224068147731     
 mdl_gw =   0.65323293948944450     
 mdl_vev =    246.21845810181637     
 mdl_vev__exp__2 =    60623.529110035903     
 mdl_lam =   0.11876576810517747     
 mdl_yb =   2.69955531549349870E-002
 mdl_yt =   0.99366614581500623     
 mdl_ytau =   1.02066167158167860E-002
 mdl_muH =    84.852813742385706     
 mdl_I1x33 =  ( 2.69955531549349870E-002,  0.0000000000000000     )
 mdl_I2x33 =  ( 0.99366614581500623     ,  0.0000000000000000     )
 mdl_I3x33 =  ( 0.99366614581500623     ,  0.0000000000000000     )
 mdl_I4x33 =  ( 2.69955531549349870E-002,  0.0000000000000000     )
 mdl_ee__exp__2 =   9.48355418931490085E-002
 mdl_sw__exp__2 =   0.22224652440361006     
 mdl_cw__exp__2 =   0.77775347559638996     
  Internal Params evaluated point by point
  ----------------------------------------
  
 mdl_sqrt__aS =   0.34351128178744839     
 mdl_G__exp__2 =    1.4828317414825511     
  Couplings of sm
  ---------------------------------
  
        GC_10 =  -0.12177E+01   0.00000E+00
        GC_11 =   0.00000E+00   0.12177E+01
       GC_100 =   0.00000E+00   0.46191E+00

 Collider parameters:
 --------------------

 Running at P P   machine @    13000.000000000000       GeV
 PDF set = nn23lo1
 alpha_s(Mz)= 0.1300 running at 2 loops.
 alpha_s(Mz)= 0.1300 running at 2 loops.
 Renormalization scale set on event-by-event basis
 Factorization   scale set on event-by-event basis


 getting user params
Enter number of events and max and min iterations: 
 Number of events and iterations         2000           9           3
Enter desired fractional accuracy: 
 Desired fractional accuracy:   -65.444000000000003     
Enter 0 for fixed, 2 for adjustable grid: 
Suppress amplitude (0 no, 1 yes)? 
 Using suppressed amplitude.
Exact helicity sum (0 yes, n = number/event)? 
 Explicitly summing over helicities
Enter Configuration Number: 
Running Configuration Number:    3
 Not subdividing B.W.
 Attempting mappinvarients           1           8
 Completed mapping           8
 about to integrate           16        2000           9           3          16           1
 Using non-zero grid deformation.
 16 dimensions   2000 events 16 invarients  9 iterations  1 config(s),  (0.99)
 Using h-tuple random number sequence.
 Error opening grid
 Using Uniform Grid!
 Using uniform alpha   1.0000000000000000     
 Grid defined OK
 Set CM energy to      13000.00
 Mapping Graph           3  to config           3
 Setting BW          -1           1   80.419003571204073     
 Setting BW          -2           2   172.00000000000000     
 Setting BW          -3           3   80.419003571204073     
 Setting BW          -4           4   172.00000000000000     
Setting grid   5    0.12786E-05   1
 Transforming s_hat 1/s           15  1.09391608200776463E-003
 Masses: 0.000E+00 0.000E+00 0.470E+01 0.470E+01 0.000E+00 0.000E+00 0.000E+00 0.000E+00
   3   1   2   3   4   5   6   7   8   9  10  11  12  13  14
  15  16
 Got moffset           3
Using random seed offsets     3 :      1
  with seed                    7
 Ranmar initialization seeds       10338       18852
  Particle       3       4       5       6       7       8
      Et >     0.0     0.0    10.0     0.0    20.0    20.0
       E >     0.0     0.0     0.0     0.0     0.0     0.0
     Eta <    -1.0    -1.0     2.5    -1.0     5.0     5.0
   xqcut:      0.0     0.0     0.0     0.0     0.0     0.0
d R # 3  >    -0.0     0.0     0.0     0.0     0.0     0.0
d R # 4  >    -0.0    -0.0     0.0     0.0     0.0     0.0
d R # 5  >    -0.0    -0.0    -0.0     0.0     0.0     0.0
d R # 6  >    -0.0    -0.0    -0.0    -0.0     0.0     0.0
d R # 7  >    -0.0    -0.0    -0.0    -0.0    -0.0     0.0
s min # 3>     0.0     0.0     0.0     0.0     0.0     0.0
s min # 4>     0.0     0.0     0.0     0.0     0.0     0.0
s min # 5>     0.0     0.0     0.0     0.0     0.0     0.0
s min # 6>     0.0     0.0     0.0     0.0     0.0     0.0
s min # 7>     0.0     0.0     0.0     0.0   400.0   400.0
xqcutij # 3>     0.0     0.0     0.0     0.0     0.0     0.0
xqcutij # 4>     0.0     0.0     0.0     0.0     0.0     0.0
xqcutij # 5>     0.0     0.0     0.0     0.0     0.0     0.0
xqcutij # 6>     0.0     0.0     0.0     0.0     0.0     0.0
xqcutij # 7>     0.0     0.0     0.0     0.0     0.0    20.0
 No cut BW           -1           1
 No cut BW           -2           2
 No cut BW           -3           3
 No cut BW           -4           4
 alpha_s for scale    183.88251815430974       is   0.11640975319599331     
 Added good helicity            6  6.68103201897761872E-002  in event            1
 Added good helicity           22   131.57381019219324       in event            1
 Added good helicity           38  1.46609379117292103E-004  in event            1
 Added good helicity           54  0.28872716917955726       in event            1
 Added good helicity           70  1.25426531330275048E-002  in event            1
 Added good helicity           86   24.701044059417899       in event            1
 Added good helicity          102  2.75237505686751649E-005  in event            1
 Added good helicity          118  5.42042714780210239E-002  in event            1
 Added good helicity          134  5.41463216141378854E-003  in event            1
 Added good helicity          150   10.663379283960136       in event            1
 Added good helicity          166  1.18819346633647186E-005  in event            1
 Added good helicity          182  2.33998491800796148E-002  in event            1
 Added good helicity          198  4.48731701475362163E-002  in event            1
 Added good helicity          214   88.371586230137865       in event            1
 Added good helicity          230  9.84702302828004893E-005  in event            1
 Added good helicity          246  0.19392368352686626       in event            1
 Added good helicity           10  2.97426155273985832E-002  in event            1
 Added good helicity           26   18.003667994361098       in event            1
 Added good helicity           42  2.29561643211887459E-004  in event            1
 Added good helicity           58  0.13895723477377322       in event            1
 Added good helicity           74  8.08191051819881628E-002  in event            1
 Added good helicity           90   48.921061967717556       in event            1
 Added good helicity          106  6.23783963162242820E-004  in event            1
 Added good helicity          122  0.37758613941112479       in event            1
 Added good helicity          138  8.88863749782227886E-004  in event            1
 Added good helicity          154  0.53804305907664551       in event            1
 Added good helicity          170  6.86049358381142190E-006  in event            1
 Added good helicity          186  4.15276352029650062E-003  in event            1
 Added good helicity          202  0.30753792911303574       in event            1
 Added good helicity          218   186.15749399456826       in event            1
 Added good helicity          234  2.37366186884722247E-003  in event            1
 Added good helicity          250   1.4368144650302668       in event            1
 Iteration  1   Mean: 0.2785E+02 Abs mean: 0.2785E+02   Fluctuation:  0.106E+01   0.248E+03    32.2%
  1    0.2785E+02 0.2785E+02 +- 0.1057E+01      1.70
 Writing out events  4.81022375442049892E-003   1.6973963480615639     
 Relative summed weights:
  0.5079E+00  0.0000E+00  0.0000E+00  0.0000E+00
  0.0000E+00  0.0000E+00  0.4921E+00  0.0000E+00
 Relative number of events:
  0.5020E+00  0.0000E+00  0.0000E+00  0.0000E+00
  0.0000E+00  0.0000E+00  0.4980E+00  0.0000E+00
 Events:
        1004           0           0           0
           0           0         996           0
 Iteration  2   Mean: 0.5600E+02 Abs mean: 0.5600E+02   Fluctuation:  0.216E+02   0.806E+05    47.9%
  2    0.5600E+02 0.5600E+02 +- 0.2161E+02     24.40
 Relative summed weights:
  0.3875E+00  0.0000E+00  0.0000E+00  0.0000E+00
  0.0000E+00  0.0000E+00  0.6125E+00  0.0000E+00
 Relative number of events:
  0.5000E+00  0.0000E+00  0.0000E+00  0.0000E+00
  0.0000E+00  0.0000E+00  0.5000E+00  0.0000E+00
 Events:
        2000           0           0           0
           0           0        2000           0
 Iteration  3   Mean: 0.4304E+02 Abs mean: 0.4304E+02   Fluctuation:  0.593E+01   0.313E+05    53.8%
  3    0.4304E+02 0.4304E+02 +- 0.5935E+01     12.33
 Relative summed weights:
  0.5792E+00  0.0000E+00  0.0000E+00  0.0000E+00
  0.0000E+00  0.0000E+00  0.4208E+00  0.0000E+00
 Relative number of events:
  0.5018E+00  0.0000E+00  0.0000E+00  0.0000E+00
  0.0000E+00  0.0000E+00  0.4983E+00  0.0000E+00
 Events:
        4014           0           0           0
           0           0        3986           0
 Found          781  events.
 Wrote            9  events.
 Actual xsec    29.165231194431747     
 Correct abs xsec    29.165231194431747     
 Event xsec    29.165231194431758     
 Events wgts > 1:            0
 % Cross section > 1:    0.0000000000000000        0.0000000000000000     
 Checking number of events   1908.6893902883915                9  chi2:    4.2744522943435408     
 Found          781  events.
 Wrote            9  events.
 Actual xsec    29.165231194431747     
 Correct abs xsec    29.165231194431747     
 Event xsec    29.165231194431758     
 Events wgts > 1:            0
 % Cross section > 1:    0.0000000000000000        0.0000000000000000     
 Iteration  4   Mean: 0.3926E+02 Abs mean: 0.3926E+02   Fluctuation:  0.196E+01   0.132E+05    54.5%
  4    0.3926E+02 0.3926E+02 +- 0.1964E+01      6.33
 Relative summed weights:
  0.4667E+00  0.0000E+00  0.0000E+00  0.0000E+00
  0.0000E+00  0.0000E+00  0.5333E+00  0.0000E+00
 Relative number of events:
  0.5021E+00  0.0000E+00  0.0000E+00  0.0000E+00
  0.0000E+00  0.0000E+00  0.4979E+00  0.0000E+00
 Events:
        8034           0           0           0
           0           0        7966           0
 Found         1909  events.
 Wrote           64  events.
 Actual xsec    39.937557394308058     
 Correct abs xsec    39.937557394308058     
 Event xsec    39.937557394308008     
 Events wgts > 1:            2
 % Cross section > 1:   0.23304064493307075       0.58351251337740606     
 Checking number of events   2613.6735061130967               64  chi2:   0.47308908713428083     
 Found         1909  events.
 Wrote           66  events.
 Actual xsec    39.937557394308058     
 Correct abs xsec    39.937557394308058     
 Event xsec    39.937557394308037     
 Events wgts > 1:            2
 % Cross section > 1:   0.22601877229324774       0.56593038493000147     
 Iteration  5   Mean: 0.4071E+02 Abs mean: 0.4071E+02   Fluctuation:  0.875E+00   0.102E+05    54.7%
  5    0.4071E+02 0.4071E+02 +- 0.8748E+00      3.84
 Relative summed weights:
  0.4934E+00  0.0000E+00  0.0000E+00  0.0000E+00
  0.0000E+00  0.0000E+00  0.5066E+00  0.0000E+00
 Relative number of events:
  0.4956E+00  0.0000E+00  0.0000E+00  0.0000E+00
  0.0000E+00  0.0000E+00  0.5044E+00  0.0000E+00
 Events:
       15860           0           0           0
           0           0       16140           0
 Found         4634  events.
 Wrote          386  events.
 Actual xsec    40.539311918508716     
 Correct abs xsec    40.539311918508716     
 Event xsec    40.539311918508695     
 Events wgts > 1:            7
 % Cross section > 1:   0.39076482687669795       0.96391578540406775     
 Checking number of events   2653.0547291948847              386  chi2:   0.32164962066882025     
 Found         4634  events.
 Wrote          365  events.
 Actual xsec    40.539311918508716     
 Correct abs xsec    40.539311918508716     
 Event xsec    40.539311918508943     
 Events wgts > 1:            7
 % Cross section > 1:   0.41301813448633573        1.0188089411003667     
 Iteration  6   Mean: 0.4108E+02 Abs mean: 0.4108E+02   Fluctuation:  0.362E+00   0.678E+04    55.6%
  6    0.4108E+02 0.4108E+02 +- 0.3617E+00      2.23
 Relative summed weights:
  0.4964E+00  0.0000E+00  0.0000E+00  0.0000E+00
  0.0000E+00  0.0000E+00  0.5036E+00  0.0000E+00
 Relative number of events:
  0.4994E+00  0.0000E+00  0.0000E+00  0.0000E+00
  0.0000E+00  0.0000E+00  0.5006E+00  0.0000E+00
 Events:
       31963           0           0           0
           0           0       32037           0
 Found        10114  events.
 Wrote         2597  events.
 Actual xsec    40.980265930964762     
 Correct abs xsec    40.980265930964762     
 Event xsec    40.980265930966965     
 Events wgts > 1:           62
 % Cross section > 1:   0.40726622706660692       0.99381060082105022     
 Checking number of events   2681.9125235860579             2597  chi2:   0.46690306006868620     
 Found        10114  events.
 Wrote         2587  events.
 Actual xsec    40.980265930964762     
 Correct abs xsec    40.980265930964762     
 Event xsec    40.980265930965587     
 Events wgts > 1:           62
 % Cross section > 1:   0.40882480179736652       0.99761383317049090     
 Iteration  7   Mean: 0.4057E+02 Abs mean: 0.4057E+02   Fluctuation:  0.191E+00   0.810E+04    55.5%
  7    0.4057E+02 0.4057E+02 +- 0.1908E+00      1.68
 Exceeded boost           5          95   128000.00    
 Exceeded boost           5          96   128000.00    
 Relative summed weights:
  0.5017E+00  0.0000E+00  0.0000E+00  0.0000E+00
  0.0000E+00  0.0000E+00  0.4983E+00  0.0000E+00
 Relative number of events:
  0.5011E+00  0.0000E+00  0.0000E+00  0.0000E+00
  0.0000E+00  0.0000E+00  0.4989E+00  0.0000E+00
 Events:
       64141           0           0           0
           0           0       63859           0
 Found        21840  events.
 Wrote        12128  events.
 Actual xsec    40.686866708428539     
 Correct abs xsec    40.686866708428539     
 Event xsec    40.686866708421711     
 Events wgts > 1:          291
 % Cross section > 1:   0.40269750210259664       0.98974812926364497     
 Checking number of events   2662.7113048663973            12128  chi2:   0.76097037580618554     

 -------------------------------------------------------------------------------
 Accumulated results:   Integral =  0.4054E+02
                        Std dev  =  0.1635E+00
                       Cross sec =  0.1198E+02
             Chi**2 per DoF.     =
-------------------------------------------------
---------------------------
 Results Last   3 iters: Integral =   0.4069E+02
                     Abs integral =   0.4069E+02
                          Std dev =   0.1657E+00
                  Chi**2 per DoF. =      0.7610
-------------------------------------------------
---------------------------
 Status  -65.444000000000003                8           9
 We found enough events       12128   2662.7113048663973     

ls status:
events.lhe
ftn25
ftn26
input_sg.txt
moffset.dat
results.dat
run1_app.log
