 Process in group number            0
 A PDF is used, so alpha_s(MZ) is going to be modified
 Old value of alpha_s from param_card:   0.11800000071525575     
  ****************************************
 
       NNPDFDriver version 1.0.3
   Grid: NNPDF23_lo_as_0130_qed_mem0.grid
  ****************************************
 New value of alpha_s from PDF nn23lo1:  0.13000000000000000     
 Warning! ptj set to xqcut=   20.000000000000000       to improve integration efficiency
 Note that this might affect non-radiated jets,
 e.g. from decays. Use cut_decays=F in run_card.
 Warning! mmjj set to xqcut=   20.000000000000000       to improve integration efficiency
 Note that this might affect non-radiated jets,
 e.g. from decays. Use cut_decays=F in run_card.
 Warning! drjl > 0 with xqcut > 0, set to 0
 *****************************************************
 *               MadGraph/MadEvent                   *
 *        --------------------------------           *
 *          http://madgraph.hep.uiuc.edu             *
 *          http://madgraph.phys.ucl.ac.be           *
 *          http://madgraph.roma2.infn.it            *
 *        --------------------------------           *
 *                                                   *
 *          PARAMETER AND COUPLING VALUES            *
 *                                                   *
 *****************************************************

  External Params
  ---------------------------------
  
 aEWM1 =    132.50697326660156     
 mdl_Gf =   1.16639000000000003E-005
 aS =   0.11800000071525575     
 mdl_ymb =    4.6999998092651367     
 mdl_ymt =    173.00000000000000     
 mdl_ymtau =    1.7769999504089355     
 mdl_MZ =    91.188003540039063     
 mdl_MT =    172.00000000000000     
 mdl_MB =    4.6999998092651367     
 mdl_MH =    120.00000000000000     
 mdl_MTA =    1.7769999504089355     
 mdl_WZ =    2.4414036273956299     
 mdl_WW =    2.0475995540618896     
 mdl_WT =    1.4394782781600952     
 mdl_WH =   5.75308827683329582E-003
  Internal Params
  ---------------------------------
  
 mdl_conjg__CKM3x3 =    1.0000000000000000     
 mdl_CKM3x3 =    1.0000000000000000     
 mdl_conjg__CKM1x1 =    1.0000000000000000     
 mdl_complexi =  (  0.0000000000000000     ,  1.0000000000000000     )
 mdl_MZ__exp__2 =    8315.2519896181766     
 mdl_MZ__exp__4 =    69143415.650849044     
 mdl_sqrt__2 =    1.4142135623730951     
 mdl_MH__exp__2 =    14400.000000000000     
 mdl_aEW =   7.54677263654659602E-003
 mdl_MW =    80.419003571204073     
 mdl_sqrt__aEW =   8.68721626100478483E-002
 mdl_ee =   0.30795379830933894     
 mdl_MW__exp__2 =    6467.2161353853335     
 mdl_sw2 =   0.22224652440361004     
 mdl_cw =   0.88190332553879736     
 mdl_sqrt__sw2 =   0.47143029644223128     
 mdl_sw =   0.47143029644223128     
 mdl_g1 =   0.34919224068147731     
 mdl_gw =   0.65323293948944450     
 mdl_vev =    246.21845810181637     
 mdl_vev__exp__2 =    60623.529110035903     
 mdl_lam =   0.11876576810517747     
 mdl_yb =   2.69955531549349870E-002
 mdl_yt =   0.99366614581500623     
 mdl_ytau =   1.02066167158167860E-002
 mdl_muH =    84.852813742385706     
 mdl_I1x33 =  ( 2.69955531549349870E-002,  0.0000000000000000     )
 mdl_I2x33 =  ( 0.99366614581500623     ,  0.0000000000000000     )
 mdl_I3x33 =  ( 0.99366614581500623     ,  0.0000000000000000     )
 mdl_I4x33 =  ( 2.69955531549349870E-002,  0.0000000000000000     )
 mdl_ee__exp__2 =   9.48355418931490085E-002
 mdl_sw__exp__2 =   0.22224652440361006     
 mdl_cw__exp__2 =   0.77775347559638996     
  Internal Params evaluated point by point
  ----------------------------------------
  
 mdl_sqrt__aS =   0.34351128178744839     
 mdl_G__exp__2 =    1.4828317414825511     
  Couplings of sm
  ---------------------------------
  
        GC_10 =  -0.12177E+01   0.00000E+00
        GC_11 =   0.00000E+00   0.12177E+01
       GC_100 =   0.00000E+00   0.46191E+00

 Collider parameters:
 --------------------

 Running at P P   machine @    13000.000000000000       GeV
 PDF set = nn23lo1
 alpha_s(Mz)= 0.1300 running at 2 loops.
 alpha_s(Mz)= 0.1300 running at 2 loops.
 Renormalization scale set on event-by-event basis
 Factorization   scale set on event-by-event basis


 getting user params
Enter number of events and max and min iterations: 
 Number of events and iterations         2000           9           3
Enter desired fractional accuracy: 
 Desired fractional accuracy:   -65.444000000000003     
Enter 0 for fixed, 2 for adjustable grid: 
Suppress amplitude (0 no, 1 yes)? 
 Using suppressed amplitude.
Exact helicity sum (0 yes, n = number/event)? 
 Explicitly summing over helicities
Enter Configuration Number: 
Running Configuration Number:    2
 Not subdividing B.W.
 Attempting mappinvarients           1           8
 Completed mapping           8
 about to integrate           16        2000           9           3          16           1
 Using non-zero grid deformation.
 16 dimensions   2000 events 16 invarients  9 iterations  1 config(s),  (0.99)
 Using h-tuple random number sequence.
 Error opening grid
 Using Uniform Grid!
 Using uniform alpha   1.0000000000000000     
 Grid defined OK
 Set CM energy to      13000.00
 Mapping Graph           2  to config           2
 Setting BW          -1           1   80.419003571204073     
 Setting BW          -2           2   172.00000000000000     
 Setting BW          -3           3   80.419003571204073     
 Setting BW          -4           4   172.00000000000000     
Setting grid   5    0.12786E-05   1
 Transforming s_hat 1/s           15  1.09391608200776463E-003
 Masses: 0.000E+00 0.000E+00 0.470E+01 0.470E+01 0.000E+00 0.000E+00 0.000E+00 0.000E+00
   2   1   2   3   4   5   6   7   8   9  10  11  12  13  14
  15  16
 Got moffset           6
Using random seed offsets     2 :      1
  with seed                    7
 Ranmar initialization seeds       10337       28323
  Particle       3       4       5       6       7       8
      Et >     0.0     0.0    10.0     0.0    20.0    20.0
       E >     0.0     0.0     0.0     0.0     0.0     0.0
     Eta <    -1.0    -1.0     2.5    -1.0     5.0     5.0
   xqcut:      0.0     0.0     0.0     0.0     0.0     0.0
d R # 3  >    -0.0     0.0     0.0     0.0     0.0     0.0
d R # 4  >    -0.0    -0.0     0.0     0.0     0.0     0.0
d R # 5  >    -0.0    -0.0    -0.0     0.0     0.0     0.0
d R # 6  >    -0.0    -0.0    -0.0    -0.0     0.0     0.0
d R # 7  >    -0.0    -0.0    -0.0    -0.0    -0.0     0.0
s min # 3>     0.0     0.0     0.0     0.0     0.0     0.0
s min # 4>     0.0     0.0     0.0     0.0     0.0     0.0
s min # 5>     0.0     0.0     0.0     0.0     0.0     0.0
s min # 6>     0.0     0.0     0.0     0.0     0.0     0.0
s min # 7>     0.0     0.0     0.0     0.0   400.0   400.0
xqcutij # 3>     0.0     0.0     0.0     0.0     0.0     0.0
xqcutij # 4>     0.0     0.0     0.0     0.0     0.0     0.0
xqcutij # 5>     0.0     0.0     0.0     0.0     0.0     0.0
xqcutij # 6>     0.0     0.0     0.0     0.0     0.0     0.0
xqcutij # 7>     0.0     0.0     0.0     0.0     0.0    20.0
 No cut BW           -1           1
 No cut BW           -2           2
 No cut BW           -3           3
 No cut BW           -4           4
 alpha_s for scale    180.71535705741641       is   0.11671124926170814     
 Added good helicity           10  0.10269773190440398       in event            1
 Added good helicity           26   20.467617306906263       in event            1
 Added good helicity           42  2.55547608911780262E-005  in event            1
 Added good helicity           58  5.09305372758379893E-003  in event            1
 Added good helicity           74  3.84309047862393185E-002  in event            1
 Added good helicity           90   7.6592641077516026       in event            1
 Added good helicity          106  9.56294325524301317E-006  in event            1
 Added good helicity          122  1.90589080446459946E-003  in event            1
 Added good helicity          138  4.89662299103757193E-002  in event            1
 Added good helicity          154   9.7589502336864964       in event            1
 Added good helicity          170  1.21844978842073244E-005  in event            1
 Added good helicity          186  2.42836560405157182E-003  in event            1
 Added good helicity          202   1.0876725825909213       in event            1
 Added good helicity          218   216.77271506256787       in event            1
 Added good helicity          234  2.70650697542904072E-004  in event            1
 Added good helicity          250  5.39405768601773430E-002  in event            1
 Added good helicity            6  6.02451170868928063E-002  in event            1
 Added good helicity           22   25.380119148505621       in event            1
 Added good helicity           38  4.06579839369514606E-005  in event            1
 Added good helicity           54  1.71284334159317597E-002  in event            1
 Added good helicity           70  2.89550363640289181E-002  in event            1
 Added good helicity           86   12.198204740949048       in event            1
 Added good helicity          102  1.95410592643476185E-005  in event            1
 Added good helicity          118  8.23227568305371846E-003  in event            1
 Added good helicity          134  1.80954474997996467E-002  in event            1
 Added good helicity          150   7.6232670098065567       in event            1
 Added good helicity          166  1.22121833163284317E-005  in event            1
 Added good helicity          182  5.14475998419532295E-003  in event            1
 Added good helicity          198  0.49852703543633575       in event            1
 Added good helicity          214   210.01993472560193       in event            1
 Added good helicity          230  3.36443934031567711E-004  in event            1
 Added good helicity          246  0.14173741450609484       in event            1
 Iteration  1   Mean: 0.6687E+02 Abs mean: 0.6687E+02   Fluctuation:  0.288E+02   0.494E+05    31.9%
  1    0.6687E+02 0.6687E+02 +- 0.2884E+02     19.29
 Writing out events  1.16521151884890397E-002   19.288741705609226     
 Relative summed weights:
  0.4427E+00  0.0000E+00  0.0000E+00  0.0000E+00
  0.0000E+00  0.0000E+00  0.5573E+00  0.0000E+00
 Relative number of events:
  0.5310E+00  0.0000E+00  0.0000E+00  0.0000E+00
  0.0000E+00  0.0000E+00  0.4690E+00  0.0000E+00
 Events:
        1062           0           0           0
           0           0         938           0
 Iteration  2   Mean: 0.2959E+02 Abs mean: 0.2959E+02   Fluctuation:  0.236E+01   0.660E+04    49.5%
  2    0.2959E+02 0.2959E+02 +- 0.2362E+01      5.05
 Relative summed weights:
  0.5350E+00  0.0000E+00  0.0000E+00  0.0000E+00
  0.0000E+00  0.0000E+00  0.4650E+00  0.0000E+00
 Relative number of events:
  0.4921E+00  0.0000E+00  0.0000E+00  0.0000E+00
  0.0000E+00  0.0000E+00  0.5079E+00  0.0000E+00
 Events:
        1968           0           0           0
           0           0        2031           0
 Iteration  3   Mean: 0.3554E+02 Abs mean: 0.3554E+02   Fluctuation:  0.208E+01   0.779E+04    52.2%
  3    0.3554E+02 0.3554E+02 +- 0.2081E+01      5.24
 Relative summed weights:
  0.4885E+00  0.0000E+00  0.0000E+00  0.0000E+00
  0.0000E+00  0.0000E+00  0.5115E+00  0.0000E+00
 Relative number of events:
  0.4974E+00  0.0000E+00  0.0000E+00  0.0000E+00
  0.0000E+00  0.0000E+00  0.5026E+00  0.0000E+00
 Events:
        3979           0           0           0
           0           0        4021           0
 Found         1316  events.
 Wrote           47  events.
 Actual xsec    33.853102426543849     
 Correct abs xsec    33.853102426543849     
 Event xsec    33.853102426543870     
 Events wgts > 1:            2
 % Cross section > 1:   0.34200158777823886        1.0102518329607477     
 Checking number of events   2215.4824352027358               47  chi2:    2.6149917162578165     
 Found         1316  events.
 Wrote           43  events.
 Actual xsec    33.853102426543849     
 Correct abs xsec    33.853102426543849     
 Event xsec    33.853102426543863     
 Events wgts > 1:            2
 % Cross section > 1:   0.37346471834713890        1.1031920018482830     
 Iteration  4   Mean: 0.3981E+02 Abs mean: 0.3981E+02   Fluctuation:  0.135E+01   0.857E+04    53.5%
  4    0.3981E+02 0.3981E+02 +- 0.1354E+01      4.30
 Relative summed weights:
  0.4887E+00  0.0000E+00  0.0000E+00  0.0000E+00
  0.0000E+00  0.0000E+00  0.5113E+00  0.0000E+00
 Relative number of events:
  0.4927E+00  0.0000E+00  0.0000E+00  0.0000E+00
  0.0000E+00  0.0000E+00  0.5073E+00  0.0000E+00
 Events:
        7883           0           0           0
           0           0        8117           0
 Found         2485  events.
 Wrote          138  events.
 Actual xsec    37.638696329946455     
 Correct abs xsec    37.638696329946455     
 Event xsec    37.638696329946384     
 Events wgts > 1:            4
 % Cross section > 1:   0.27600421508229889       0.73329908311065051     
 Checking number of events   2463.2268426170158              138  chi2:    7.6032293811600642     
 Found         2485  events.
 Wrote          126  events.
 Actual xsec    37.638696329946455     
 Correct abs xsec    37.638696329946455     
 Event xsec    37.638696329946292     
 Events wgts > 1:            4
 % Cross section > 1:   0.30207936459386725       0.80257658752523087     
 Iteration  5   Mean: 0.4284E+02 Abs mean: 0.4284E+02   Fluctuation:  0.244E+01   0.759E+05    56.2%
  5    0.4284E+02 0.4284E+02 +- 0.2441E+01     10.19
 Relative summed weights:
  0.4740E+00  0.0000E+00  0.0000E+00  0.0000E+00
  0.0000E+00  0.0000E+00  0.5260E+00  0.0000E+00
 Relative number of events:
  0.4984E+00  0.0000E+00  0.0000E+00  0.0000E+00
  0.0000E+00  0.0000E+00  0.5016E+00  0.0000E+00
 Events:
       15950           0           0           0
           0           0       16050           0
 Found         4807  events.
 Wrote           18  events.
 Actual xsec    39.595300555621691     
 Correct abs xsec    39.595300555621691     
 Event xsec    39.595300555621705     
 Events wgts > 1:            0
 % Cross section > 1:    0.0000000000000000        0.0000000000000000     
 Checking number of events   2591.2748495621058               18  chi2:    2.7921015824167155     
 Found         4807  events.
 Wrote           25  events.
 Actual xsec    39.595300555621691     
 Correct abs xsec    39.595300555621691     
 Event xsec    39.595300555621719     
 Events wgts > 1:            0
 % Cross section > 1:    0.0000000000000000        0.0000000000000000     
 Iteration  6   Mean: 0.4022E+02 Abs mean: 0.4022E+02   Fluctuation:  0.282E+00   0.184E+04    56.2%
  6    0.4022E+02 0.4022E+02 +- 0.2821E+00      1.77
 Relative summed weights:
  0.5043E+00  0.0000E+00  0.0000E+00  0.0000E+00
  0.0000E+00  0.0000E+00  0.4957E+00  0.0000E+00
 Relative number of events:
  0.5027E+00  0.0000E+00  0.0000E+00  0.0000E+00
  0.0000E+00  0.0000E+00  0.4973E+00  0.0000E+00
 Events:
       32171           0           0           0
           0           0       31829           0
 Found         9977  events.
 Wrote         4402  events.
 Actual xsec    40.237265824077994     
 Correct abs xsec    40.237265824077994     
 Event xsec    40.237265824071791     
 Events wgts > 1:          136
 % Cross section > 1:   0.40532502111701629        1.0073373844266826     
 Checking number of events   2633.2876245909601             4402  chi2:   0.61966816165143557     

 -------------------------------------------------------------------------------
 Accumulated results:   Integral =  0.4011E+02
                        Std dev  =  0.2707E+00
                       Cross sec =  0.3719E+01
             Chi**2 per DoF.     =
-------------------------------------------------
---------------------------
 Results Last   3 iters: Integral =   0.4024E+02
                     Abs integral =   0.4024E+02
                          Std dev =   0.2744E+00
                  Chi**2 per DoF. =      0.6197
-------------------------------------------------
---------------------------
 Status  -65.444000000000003                7           9
 We found enough events        4402   2633.2876245909601     

ls status:
events.lhe
ftn25
ftn26
input_sg.txt
moffset.dat
results.dat
run1_app.log
