 Process in group number            0
 A PDF is used, so alpha_s(MZ) is going to be modified
 Old value of alpha_s from param_card:   0.11800000071525575     
  ****************************************
 
       NNPDFDriver version 1.0.3
   Grid: NNPDF23_lo_as_0130_qed_mem0.grid
  ****************************************
 New value of alpha_s from PDF nn23lo1:  0.13000000000000000     
 Warning! ptj set to xqcut=   20.000000000000000       to improve integration efficiency
 Note that this might affect non-radiated jets,
 e.g. from decays. Use cut_decays=F in run_card.
 Warning! mmjj set to xqcut=   20.000000000000000       to improve integration efficiency
 Note that this might affect non-radiated jets,
 e.g. from decays. Use cut_decays=F in run_card.
 Warning! drjl > 0 with xqcut > 0, set to 0
 *****************************************************
 *               MadGraph/MadEvent                   *
 *        --------------------------------           *
 *          http://madgraph.hep.uiuc.edu             *
 *          http://madgraph.phys.ucl.ac.be           *
 *          http://madgraph.roma2.infn.it            *
 *        --------------------------------           *
 *                                                   *
 *          PARAMETER AND COUPLING VALUES            *
 *                                                   *
 *****************************************************

  External Params
  ---------------------------------
  
 aEWM1 =    132.50697326660156     
 mdl_Gf =   1.16639000000000003E-005
 aS =   0.11800000071525575     
 mdl_ymb =    4.6999998092651367     
 mdl_ymt =    173.00000000000000     
 mdl_ymtau =    1.7769999504089355     
 mdl_MZ =    91.188003540039063     
 mdl_MT =    172.00000000000000     
 mdl_MB =    4.6999998092651367     
 mdl_MH =    120.00000000000000     
 mdl_MTA =    1.7769999504089355     
 mdl_WZ =    2.4414036273956299     
 mdl_WW =    2.0475995540618896     
 mdl_WT =    1.4394782781600952     
 mdl_WH =   5.75308827683329582E-003
  Internal Params
  ---------------------------------
  
 mdl_conjg__CKM3x3 =    1.0000000000000000     
 mdl_CKM3x3 =    1.0000000000000000     
 mdl_conjg__CKM1x1 =    1.0000000000000000     
 mdl_complexi =  (  0.0000000000000000     ,  1.0000000000000000     )
 mdl_MZ__exp__2 =    8315.2519896181766     
 mdl_MZ__exp__4 =    69143415.650849044     
 mdl_sqrt__2 =    1.4142135623730951     
 mdl_MH__exp__2 =    14400.000000000000     
 mdl_aEW =   7.54677263654659602E-003
 mdl_MW =    80.419003571204073     
 mdl_sqrt__aEW =   8.68721626100478483E-002
 mdl_ee =   0.30795379830933894     
 mdl_MW__exp__2 =    6467.2161353853335     
 mdl_sw2 =   0.22224652440361004     
 mdl_cw =   0.88190332553879736     
 mdl_sqrt__sw2 =   0.47143029644223128     
 mdl_sw =   0.47143029644223128     
 mdl_g1 =   0.34919224068147731     
 mdl_gw =   0.65323293948944450     
 mdl_vev =    246.21845810181637     
 mdl_vev__exp__2 =    60623.529110035903     
 mdl_lam =   0.11876576810517747     
 mdl_yb =   2.69955531549349870E-002
 mdl_yt =   0.99366614581500623     
 mdl_ytau =   1.02066167158167860E-002
 mdl_muH =    84.852813742385706     
 mdl_I1x33 =  ( 2.69955531549349870E-002,  0.0000000000000000     )
 mdl_I2x33 =  ( 0.99366614581500623     ,  0.0000000000000000     )
 mdl_I3x33 =  ( 0.99366614581500623     ,  0.0000000000000000     )
 mdl_I4x33 =  ( 2.69955531549349870E-002,  0.0000000000000000     )
 mdl_ee__exp__2 =   9.48355418931490085E-002
 mdl_sw__exp__2 =   0.22224652440361006     
 mdl_cw__exp__2 =   0.77775347559638996     
  Internal Params evaluated point by point
  ----------------------------------------
  
 mdl_sqrt__aS =   0.34351128178744839     
 mdl_G__exp__2 =    1.4828317414825511     
  Couplings of sm
  ---------------------------------
  
        GC_10 =  -0.12177E+01   0.00000E+00
        GC_11 =   0.00000E+00   0.12177E+01
       GC_100 =   0.00000E+00   0.46191E+00

 Collider parameters:
 --------------------

 Running at P P   machine @    13000.000000000000       GeV
 PDF set = nn23lo1
 alpha_s(Mz)= 0.1300 running at 2 loops.
 alpha_s(Mz)= 0.1300 running at 2 loops.
 Renormalization scale set on event-by-event basis
 Factorization   scale set on event-by-event basis


 getting user params
Enter number of events and max and min iterations: 
 Number of events and iterations         2000           9           3
Enter desired fractional accuracy: 
 Desired fractional accuracy:   -121.54000000000001     
Enter 0 for fixed, 2 for adjustable grid: 
Suppress amplitude (0 no, 1 yes)? 
 Using suppressed amplitude.
Exact helicity sum (0 yes, n = number/event)? 
 Explicitly summing over helicities
Enter Configuration Number: 
Running Configuration Number:    1
 Not subdividing B.W.
 Attempting mappinvarients           1           8
 Completed mapping           8
 about to integrate           16        2000           9           3          16           1
 Using non-zero grid deformation.
 16 dimensions   2000 events 16 invarients  9 iterations  1 config(s),  (0.99)
 Using h-tuple random number sequence.
 Error opening grid
 Using Uniform Grid!
 Using uniform alpha   1.0000000000000000     
 Grid defined OK
 Set CM energy to      13000.00
 Mapping Graph           1  to config           1
 Setting BW          -1           1   80.419003571204073     
 Setting BW          -2           2   172.00000000000000     
 Setting BW          -3           3   80.419003571204073     
 Setting BW          -4           4   172.00000000000000     
Setting grid   5    0.51146E-05   1
 Transforming s_hat 1/s           15  1.09391608200776463E-003
 Masses: 0.000E+00 0.000E+00 0.470E+01 0.470E+01 0.000E+00 0.000E+00 0.000E+00 0.000E+00
   1   1   2   3   4   5   6   7   8   9  10  11  12  13  14
  15  16
 Got moffset          10
Using random seed offsets     1 :      1
  with seed                    7
 Ranmar initialization seeds       10336       10870
  Particle       3       4       5       6       7       8
      Et >     0.0     0.0    10.0     0.0    20.0    20.0
       E >     0.0     0.0     0.0     0.0     0.0     0.0
     Eta <    -1.0    -1.0     2.5    -1.0     5.0     5.0
   xqcut:      0.0     0.0     0.0     0.0     0.0     0.0
d R # 3  >    -0.0     0.0     0.0     0.0     0.0     0.0
d R # 4  >    -0.0    -0.0     0.0     0.0     0.0     0.0
d R # 5  >    -0.0    -0.0    -0.0     0.0     0.0     0.0
d R # 6  >    -0.0    -0.0    -0.0    -0.0     0.0     0.0
d R # 7  >    -0.0    -0.0    -0.0    -0.0    -0.0     0.0
s min # 3>     0.0     0.0     0.0     0.0     0.0     0.0
s min # 4>     0.0     0.0     0.0     0.0     0.0     0.0
s min # 5>     0.0     0.0     0.0     0.0     0.0     0.0
s min # 6>     0.0     0.0     0.0     0.0     0.0     0.0
s min # 7>     0.0     0.0     0.0     0.0   400.0   400.0
xqcutij # 3>     0.0     0.0     0.0     0.0     0.0     0.0
xqcutij # 4>     0.0     0.0     0.0     0.0     0.0     0.0
xqcutij # 5>     0.0     0.0     0.0     0.0     0.0     0.0
xqcutij # 6>     0.0     0.0     0.0     0.0     0.0     0.0
xqcutij # 7>     0.0     0.0     0.0     0.0     0.0    20.0
 No cut BW           -1           1
 No cut BW           -2           2
 No cut BW           -3           3
 No cut BW           -4           4
 alpha_s for scale    259.95577478844893       is   0.11071697865886551     
 Added good helicity            6  0.11990506678895313       in event            1
 Added good helicity           22   28.210439585837236       in event            1
 Added good helicity           38  2.99534998316319052E-004  in event            1
 Added good helicity           54  7.04725346487599658E-002  in event            1
 Added good helicity           70  0.73125532011444005       in event            1
 Added good helicity           86   172.04472323275536       in event            1
 Added good helicity          102  1.82674983589148896E-003  in event            1
 Added good helicity          118  0.42978513972691218       in event            1
 Added good helicity          134  6.91994545078917778E-002  in event            1
 Added good helicity          150   16.280771805946944       in event            1
 Added good helicity          166  1.72867244434254355E-004  in event            1
 Added good helicity          182  4.06710165473339186E-002  in event            1
 Added good helicity          198  0.16043206540480270       in event            1
 Added good helicity          214   37.745353135904708       in event            1
 Added good helicity          230  4.00775544585564548E-004  in event            1
 Added good helicity          246  9.42917141934631886E-002  in event            1
 Added good helicity           10  1.71457033977593515E-002  in event            1
 Added good helicity           26   228.73385817857633       in event            1
 Added good helicity           42  1.23213242149134963E-005  in event            1
 Added good helicity           58  0.16437377692621158       in event            1
 Added good helicity           74  4.34326824352697176E-004  in event            1
 Added good helicity           90   5.7941775814005974       in event            1
 Added good helicity          122  4.16383853628016394E-003  in event            1
 Added good helicity          138  1.03383987758531881E-003  in event            1
 Added good helicity          154   13.792037483271795       in event            1
 Added good helicity          186  9.91129739464869167E-003  in event            1
 Added good helicity          202  5.60463570946513785E-004  in event            1
 Added good helicity          218   7.4769166348632643       in event            1
 Added good helicity          250  5.37309621243474596E-003  in event            1
 Added good helicity          106  5.04981007310407402E-006  in event            2
 Added good helicity          170  1.44639246441593402E-005  in event            3
 Added good helicity          234  5.08271549791562103E-005  in event            4
 Iteration  1   Mean: 0.4793E+01 Abs mean: 0.4793E+01   Fluctuation:  0.432E+00   0.277E+03    61.0%
  1    0.4793E+01 0.4793E+01 +- 0.4319E+00      4.03
 Writing out events  4.36605292135682952E-004   4.0292784522322442     
 Relative summed weights:
  0.5245E+00  0.0000E+00  0.0000E+00  0.0000E+00
  0.0000E+00  0.0000E+00  0.4755E+00  0.0000E+00
 Relative number of events:
  0.4835E+00  0.0000E+00  0.0000E+00  0.0000E+00
  0.0000E+00  0.0000E+00  0.5165E+00  0.0000E+00
 Events:
         967           0           0           0
           0           0        1033           0
 Iteration  2   Mean: 0.2448E+02 Abs mean: 0.2448E+02   Fluctuation:  0.190E+02   0.758E+05    64.4%
  2    0.2448E+02 0.2448E+02 +- 0.1898E+02     49.05
 Relative summed weights:
  0.9555E-01  0.0000E+00  0.0000E+00  0.0000E+00
  0.0000E+00  0.0000E+00  0.9045E+00  0.0000E+00
 Relative number of events:
  0.5085E+00  0.0000E+00  0.0000E+00  0.0000E+00
  0.0000E+00  0.0000E+00  0.4915E+00  0.0000E+00
 Events:
        2034           0           0           0
           0           0        1966           0
 Iteration  3   Mean: 0.5172E+01 Abs mean: 0.5172E+01   Fluctuation:  0.336E+00   0.141E+04    64.6%
  3    0.5172E+01 0.5172E+01 +- 0.3364E+00      5.82
 Relative summed weights:
  0.4815E+00  0.0000E+00  0.0000E+00  0.0000E+00
  0.0000E+00  0.0000E+00  0.5185E+00  0.0000E+00
 Relative number of events:
  0.4969E+00  0.0000E+00  0.0000E+00  0.0000E+00
  0.0000E+00  0.0000E+00  0.5031E+00  0.0000E+00
 Events:
        3975           0           0           0
           0           0        4025           0
 Found          229  events.
 Wrote           18  events.
 Actual xsec    5.1319057229855982     
 Correct abs xsec    5.1319057229855982     
 Event xsec    5.1319057229855982     
 Events wgts > 1:            1
 % Cross section > 1:   4.24693080702809311E-009  8.27554330939140613E-008
 Checking number of events   623.73182157166968               18  chi2:   0.83354657167543178     
 Found          229  events.
 Wrote           28  events.
 Actual xsec    5.1319057229855982     
 Correct abs xsec    5.1319057229855982     
 Event xsec    5.1319057229856000     
 Events wgts > 1:            1
 % Cross section > 1:   2.73016981244822432E-009  5.31999214291857160E-008
 Iteration  4   Mean: 0.7980E+01 Abs mean: 0.7980E+01   Fluctuation:  0.649E+00   0.495E+04    65.2%
  4    0.7980E+01 0.7980E+01 +- 0.6486E+00     10.28
 Relative summed weights:
  0.5330E+00  0.0000E+00  0.0000E+00  0.0000E+00
  0.0000E+00  0.0000E+00  0.4670E+00  0.0000E+00
 Relative number of events:
  0.5022E+00  0.0000E+00  0.0000E+00  0.0000E+00
  0.0000E+00  0.0000E+00  0.4978E+00  0.0000E+00
 Events:
        8036           0           0           0
           0           0        7964           0
 Found         2045  events.
 Wrote           31  events.
 Actual xsec    6.3462986073586389     
 Correct abs xsec    6.3462986073586389     
 Event xsec    6.3462986073586318     
 Events wgts > 1:            2
 % Cross section > 1:   1.99665854746025329E-002  0.31461780653452021     
 Checking number of events   771.32913273836903               31  chi2:    9.7183346281560059     
 Found         2045  events.
 Wrote           32  events.
 Actual xsec    6.3462986073586389     
 Correct abs xsec    6.3462986073586389     
 Event xsec    6.3462986073586380     
 Events wgts > 1:            2
 % Cross section > 1:   1.93445315954271224E-002  0.30481596899642915     
 Iteration  5   Mean: 0.8049E+01 Abs mean: 0.8049E+01   Fluctuation:  0.279E+00   0.252E+04    64.5%
  5    0.8049E+01 0.8049E+01 +- 0.2785E+00      6.19
 Relative summed weights:
  0.5273E+00  0.0000E+00  0.0000E+00  0.0000E+00
  0.0000E+00  0.0000E+00  0.4727E+00  0.0000E+00
 Relative number of events:
  0.4952E+00  0.0000E+00  0.0000E+00  0.0000E+00
  0.0000E+00  0.0000E+00  0.5048E+00  0.0000E+00
 Events:
       15845           0           0           0
           0           0       16155           0
 Found         3222  events.
 Wrote          125  events.
 Actual xsec    7.4845300609282948     
 Correct abs xsec    7.4845300609282948     
 Event xsec    7.4845300609283010     
 Events wgts > 1:            3
 % Cross section > 1:   4.55494204078204581E-002  0.60858090003009480     
 Checking number of events   909.66978360522501              125  chi2:    25.965094381669307     
 Found         3222  events.
 Wrote          128  events.
 Actual xsec    7.4845300609282948     
 Correct abs xsec    7.4845300609282948     
 Event xsec    7.4845300609283028     
 Events wgts > 1:            3
 % Cross section > 1:   4.44882014927242900E-002  0.59440206840730403     
 Iteration  6   Mean: 0.7979E+01 Abs mean: 0.7979E+01   Fluctuation:  0.869E-01   0.607E+03    65.5%
  6    0.7979E+01 0.7979E+01 +- 0.8686E-01      2.75
 Relative summed weights:
  0.5111E+00  0.0000E+00  0.0000E+00  0.0000E+00
  0.0000E+00  0.0000E+00  0.4889E+00  0.0000E+00
 Relative number of events:
  0.5028E+00  0.0000E+00  0.0000E+00  0.0000E+00
  0.0000E+00  0.0000E+00  0.4972E+00  0.0000E+00
 Events:
       32178           0           0           0
           0           0       31822           0
 Found         7832  events.
 Wrote         1832  events.
 Actual xsec    7.9851340875698238     
 Correct abs xsec    7.9851340875698238     
 Event xsec    7.9851340875699846     
 Events wgts > 1:           62
 % Cross section > 1:   7.53218876956438521E-002  0.94327642929494770     
 Checking number of events   970.51319700323643             1832  chi2:   2.89340502533329755E-002

 -------------------------------------------------------------------------------
 Accumulated results:   Integral =  0.7880E+01
                        Std dev  =  0.7965E-01
                       Cross sec =  0.1118E+02
             Chi**2 per DoF.     =
-------------------------------------------------
---------------------------
 Results Last   3 iters: Integral =   0.7985E+01
                     Abs integral =   0.7985E+01
                          Std dev =   0.8225E-01
                  Chi**2 per DoF. =      0.0289
-------------------------------------------------
---------------------------
 Status  -121.54000000000001                7           9
 We found enough events        1832   970.51319700323643     

ls status:
events.lhe
ftn25
ftn26
input_sg.txt
moffset.dat
results.dat
run1_app.log
