 Process in group number            0
 A PDF is used, so alpha_s(MZ) is going to be modified
 Old value of alpha_s from param_card:   0.11800000071525575     
  ****************************************
 
       NNPDFDriver version 1.0.3
   Grid: NNPDF23_lo_as_0130_qed_mem0.grid
  ****************************************
 New value of alpha_s from PDF nn23lo1:  0.13000000000000000     
 Warning! ptj set to xqcut=   20.000000000000000       to improve integration efficiency
 Note that this might affect non-radiated jets,
 e.g. from decays. Use cut_decays=F in run_card.
 Warning! mmjj set to xqcut=   20.000000000000000       to improve integration efficiency
 Note that this might affect non-radiated jets,
 e.g. from decays. Use cut_decays=F in run_card.
 Warning! drjl > 0 with xqcut > 0, set to 0
 *****************************************************
 *               MadGraph/MadEvent                   *
 *        --------------------------------           *
 *          http://madgraph.hep.uiuc.edu             *
 *          http://madgraph.phys.ucl.ac.be           *
 *          http://madgraph.roma2.infn.it            *
 *        --------------------------------           *
 *                                                   *
 *          PARAMETER AND COUPLING VALUES            *
 *                                                   *
 *****************************************************

  External Params
  ---------------------------------
  
 aEWM1 =    132.50697326660156     
 mdl_Gf =   1.16639000000000003E-005
 aS =   0.11800000071525575     
 mdl_ymb =    4.6999998092651367     
 mdl_ymt =    173.00000000000000     
 mdl_ymtau =    1.7769999504089355     
 mdl_MZ =    91.188003540039063     
 mdl_MT =    172.00000000000000     
 mdl_MB =    4.6999998092651367     
 mdl_MH =    120.00000000000000     
 mdl_MTA =    1.7769999504089355     
 mdl_WZ =    2.4414036273956299     
 mdl_WW =    2.0475995540618896     
 mdl_WT =    1.4394782781600952     
 mdl_WH =   5.75308827683329582E-003
  Internal Params
  ---------------------------------
  
 mdl_conjg__CKM3x3 =    1.0000000000000000     
 mdl_CKM3x3 =    1.0000000000000000     
 mdl_conjg__CKM1x1 =    1.0000000000000000     
 mdl_complexi =  (  0.0000000000000000     ,  1.0000000000000000     )
 mdl_MZ__exp__2 =    8315.2519896181766     
 mdl_MZ__exp__4 =    69143415.650849044     
 mdl_sqrt__2 =    1.4142135623730951     
 mdl_MH__exp__2 =    14400.000000000000     
 mdl_aEW =   7.54677263654659602E-003
 mdl_MW =    80.419003571204073     
 mdl_sqrt__aEW =   8.68721626100478483E-002
 mdl_ee =   0.30795379830933894     
 mdl_MW__exp__2 =    6467.2161353853335     
 mdl_sw2 =   0.22224652440361004     
 mdl_cw =   0.88190332553879736     
 mdl_sqrt__sw2 =   0.47143029644223128     
 mdl_sw =   0.47143029644223128     
 mdl_g1 =   0.34919224068147731     
 mdl_gw =   0.65323293948944450     
 mdl_vev =    246.21845810181637     
 mdl_vev__exp__2 =    60623.529110035903     
 mdl_lam =   0.11876576810517747     
 mdl_yb =   2.69955531549349870E-002
 mdl_yt =   0.99366614581500623     
 mdl_ytau =   1.02066167158167860E-002
 mdl_muH =    84.852813742385706     
 mdl_I1x33 =  ( 2.69955531549349870E-002,  0.0000000000000000     )
 mdl_I2x33 =  ( 0.99366614581500623     ,  0.0000000000000000     )
 mdl_I3x33 =  ( 0.99366614581500623     ,  0.0000000000000000     )
 mdl_I4x33 =  ( 2.69955531549349870E-002,  0.0000000000000000     )
 mdl_ee__exp__2 =   9.48355418931490085E-002
 mdl_sw__exp__2 =   0.22224652440361006     
 mdl_cw__exp__2 =   0.77775347559638996     
  Internal Params evaluated point by point
  ----------------------------------------
  
 mdl_sqrt__aS =   0.34351128178744839     
 mdl_G__exp__2 =    1.4828317414825511     
  Couplings of sm
  ---------------------------------
  
        GC_10 =  -0.12177E+01   0.00000E+00
        GC_11 =   0.00000E+00   0.12177E+01
       GC_100 =   0.00000E+00   0.46191E+00

 Collider parameters:
 --------------------

 Running at P P   machine @    13000.000000000000       GeV
 PDF set = nn23lo1
 alpha_s(Mz)= 0.1300 running at 2 loops.
 alpha_s(Mz)= 0.1300 running at 2 loops.
 Renormalization scale set on event-by-event basis
 Factorization   scale set on event-by-event basis


 getting user params
Enter number of events and max and min iterations: 
 Number of events and iterations         2000           9           3
Enter desired fractional accuracy: 
 Desired fractional accuracy:   -121.54000000000001     
Enter 0 for fixed, 2 for adjustable grid: 
Suppress amplitude (0 no, 1 yes)? 
 Using suppressed amplitude.
Exact helicity sum (0 yes, n = number/event)? 
 Explicitly summing over helicities
Enter Configuration Number: 
Running Configuration Number:    1
 Not subdividing B.W.
 Attempting mappinvarients           1           8
 Completed mapping           8
 about to integrate           16        2000           9           3          16           1
 Using non-zero grid deformation.
 16 dimensions   2000 events 16 invarients  9 iterations  1 config(s),  (0.99)
 Using h-tuple random number sequence.
 Error opening grid
 Using Uniform Grid!
 Using uniform alpha   1.0000000000000000     
 Grid defined OK
 Set CM energy to      13000.00
 Mapping Graph           1  to config           1
 Setting BW          -1           1   80.419003571204073     
 Setting BW          -2           2   172.00000000000000     
 Setting BW          -3           3   80.419003571204073     
 Setting BW          -4           4   172.00000000000000     
Setting grid   5    0.51146E-05   1
 Transforming s_hat 1/s           15  1.09391608200776463E-003
 Masses: 0.000E+00 0.000E+00 0.470E+01 0.470E+01 0.000E+00 0.000E+00 0.000E+00 0.000E+00
   1   1   2   3   4   5   6   7   8   9  10  11  12  13  14
  15  16
 Got moffset           4
Using random seed offsets     1 :      1
  with seed                    7
 Ranmar initialization seeds       10336       22009
  Particle       3       4       5       6       7       8
      Et >     0.0     0.0    10.0     0.0    20.0    20.0
       E >     0.0     0.0     0.0     0.0     0.0     0.0
     Eta <    -1.0    -1.0     2.5    -1.0     5.0     5.0
   xqcut:      0.0     0.0     0.0     0.0     0.0     0.0
d R # 3  >    -0.0     0.0     0.0     0.0     0.0     0.0
d R # 4  >    -0.0    -0.0     0.0     0.0     0.0     0.0
d R # 5  >    -0.0    -0.0    -0.0     0.0     0.0     0.0
d R # 6  >    -0.0    -0.0    -0.0    -0.0     0.0     0.0
d R # 7  >    -0.0    -0.0    -0.0    -0.0    -0.0     0.0
s min # 3>     0.0     0.0     0.0     0.0     0.0     0.0
s min # 4>     0.0     0.0     0.0     0.0     0.0     0.0
s min # 5>     0.0     0.0     0.0     0.0     0.0     0.0
s min # 6>     0.0     0.0     0.0     0.0     0.0     0.0
s min # 7>     0.0     0.0     0.0     0.0   400.0   400.0
xqcutij # 3>     0.0     0.0     0.0     0.0     0.0     0.0
xqcutij # 4>     0.0     0.0     0.0     0.0     0.0     0.0
xqcutij # 5>     0.0     0.0     0.0     0.0     0.0     0.0
xqcutij # 6>     0.0     0.0     0.0     0.0     0.0     0.0
xqcutij # 7>     0.0     0.0     0.0     0.0     0.0    20.0
 No cut BW           -1           1
 No cut BW           -2           2
 No cut BW           -3           3
 No cut BW           -4           4
 alpha_s for scale    232.97376357098238       is   0.11245640112736512     
 Added good helicity           10  9.58425372870467390E-002  in event            1
 Added good helicity           26   63.486084957302985       in event            1
 Added good helicity           42  1.13946080827305918E-004  in event            1
 Added good helicity           58  7.54778699805116887E-002  in event            1
 Added good helicity           74  3.15503518487100787E-002  in event            1
 Added good helicity           90   20.898949199362640       in event            1
 Added good helicity          106  3.75098473354892723E-005  in event            1
 Added good helicity          122  2.48465182797094099E-002  in event            1
 Added good helicity          138  3.15661089954281798E-002  in event            1
 Added good helicity          154   20.909386731418309       in event            1
 Added good helicity          170  3.75285808244428331E-005  in event            1
 Added good helicity          186  2.48589273404972132E-002  in event            1
 Added good helicity          202  0.22647370190459185       in event            1
 Added good helicity          218   150.01615239638519       in event            1
 Added good helicity          234  2.69251957147085088E-004  in event            1
 Added good helicity          250  0.17835246342826314       in event            1
 Added good helicity            6  2.48561753588596654E-002  in event            1
 Added good helicity           22   27.877611968797655       in event            1
 Added good helicity           38  1.29044636781755506E-004  in event            1
 Added good helicity           54  0.14473088715050228       in event            1
 Added good helicity           70  0.12989860738435741       in event            1
 Added good helicity           86   145.68866366874727       in event            1
 Added good helicity          102  6.74388491646821285E-004  in event            1
 Added good helicity          118  0.75636498435193422       in event            1
 Added good helicity          134  5.14950652856437617E-003  in event            1
 Added good helicity          150   5.7754639545918458       in event            1
 Added good helicity          166  2.67344508956004336E-005  in event            1
 Added good helicity          182  2.99842046294855370E-002  in event            1
 Added good helicity          198  6.69686903802722971E-002  in event            1
 Added good helicity          214   75.109188663425741       in event            1
 Added good helicity          230  3.47678200732992972E-004  in event            1
 Added good helicity          246  0.38994084287345437       in event            1
 Iteration  1   Mean: 0.5347E+01 Abs mean: 0.5347E+01   Fluctuation:  0.482E+00   0.252E+03    61.7%
  1    0.5347E+01 0.5347E+01 +- 0.4819E+00      4.03
 Writing out events  4.81207193454198125E-004   4.0304234535334977     
 Relative summed weights:
  0.4897E+00  0.0000E+00  0.0000E+00  0.0000E+00
  0.0000E+00  0.0000E+00  0.5103E+00  0.0000E+00
 Relative number of events:
  0.5195E+00  0.0000E+00  0.0000E+00  0.0000E+00
  0.0000E+00  0.0000E+00  0.4805E+00  0.0000E+00
 Events:
        1039           0           0           0
           0           0         961           0
 Iteration  2   Mean: 0.5677E+01 Abs mean: 0.5677E+01   Fluctuation:  0.673E+00   0.216E+04    63.3%
  2    0.5677E+01 0.5677E+01 +- 0.6729E+00      7.50
 Relative summed weights:
  0.5277E+00  0.0000E+00  0.0000E+00  0.0000E+00
  0.0000E+00  0.0000E+00  0.4723E+00  0.0000E+00
 Relative number of events:
  0.5090E+00  0.0000E+00  0.0000E+00  0.0000E+00
  0.0000E+00  0.0000E+00  0.4910E+00  0.0000E+00
 Events:
        2036           0           0           0
           0           0        1964           0
 Iteration  3   Mean: 0.8102E+01 Abs mean: 0.8102E+01   Fluctuation:  0.214E+01   0.152E+05    64.6%
  3    0.8102E+01 0.8102E+01 +- 0.2145E+01     23.68
 Relative summed weights:
  0.6399E+00  0.0000E+00  0.0000E+00  0.0000E+00
  0.0000E+00  0.0000E+00  0.3601E+00  0.0000E+00
 Relative number of events:
  0.5094E+00  0.0000E+00  0.0000E+00  0.0000E+00
  0.0000E+00  0.0000E+00  0.4906E+00  0.0000E+00
 Events:
        4075           0           0           0
           0           0        3925           0
 Found         1000  events.
 Wrote            4  events.
 Actual xsec    5.6478639660212906     
 Correct abs xsec    5.6478639660212906     
 Event xsec    5.6478639660212924     
 Events wgts > 1:            1
 % Cross section > 1:   8.06432389754974110E-008  1.42785377729817260E-006
 Checking number of events   686.44138643022768                4  chi2:   0.85107810104711867     
 Found         1000  events.
 Wrote            1  events.
 Actual xsec    5.6478639660212906     
 Correct abs xsec    5.6478639660212906     
 Event xsec    5.6478639660212906     
 Events wgts > 1:            1
 % Cross section > 1:   3.22572942579313349E-007  5.71141487330393249E-006
 Iteration  4   Mean: 0.8215E+01 Abs mean: 0.8215E+01   Fluctuation:  0.457E+00   0.447E+04    64.6%
  4    0.8215E+01 0.8215E+01 +- 0.4567E+00      7.03
 Relative summed weights:
  0.4621E+00  0.0000E+00  0.0000E+00  0.0000E+00
  0.0000E+00  0.0000E+00  0.5379E+00  0.0000E+00
 Relative number of events:
  0.4975E+00  0.0000E+00  0.0000E+00  0.0000E+00
  0.0000E+00  0.0000E+00  0.5025E+00  0.0000E+00
 Events:
        7960           0           0           0
           0           0        8040           0
 Found         1634  events.
 Wrote           31  events.
 Actual xsec    7.7693598609372545     
 Correct abs xsec    7.7693598609372545     
 Event xsec    7.7693598609372536     
 Events wgts > 1:            1
 % Cross section > 1:   5.46635658960070714E-009  7.03578761628023668E-008
 Checking number of events   944.28799749831398               31  chi2:    5.3242248322048136     
 Found         1634  events.
 Wrote           26  events.
 Actual xsec    7.7693598609372545     
 Correct abs xsec    7.7693598609372545     
 Event xsec    7.7693598609372492     
 Events wgts > 1:            1
 % Cross section > 1:   6.51757903202820899E-009  8.38882372381444407E-008
 Iteration  5   Mean: 0.8263E+01 Abs mean: 0.8263E+01   Fluctuation:  0.148E+00   0.822E+03    64.8%
  5    0.8263E+01 0.8263E+01 +- 0.1478E+00      3.20
 Relative summed weights:
  0.5023E+00  0.0000E+00  0.0000E+00  0.0000E+00
  0.0000E+00  0.0000E+00  0.4977E+00  0.0000E+00
 Relative number of events:
  0.5044E+00  0.0000E+00  0.0000E+00  0.0000E+00
  0.0000E+00  0.0000E+00  0.4956E+00  0.0000E+00
 Events:
       16140           0           0           0
           0           0       15860           0
 Found         3921  events.
 Wrote          588  events.
 Actual xsec    8.2577580809830309     
 Correct abs xsec    8.2577580809830309     
 Event xsec    8.2577580809830629     
 Events wgts > 1:           19
 % Cross section > 1:   7.93507423111265847E-002  0.96092355253013295     
 Checking number of events   1003.6479171626776              588  chi2:   7.64019461633069774E-003
 Found         3921  events.
 Wrote          582  events.
 Actual xsec    8.2577580809830309     
 Correct abs xsec    8.2577580809830309     
 Event xsec    8.2577580809830806     
 Events wgts > 1:           19
 % Cross section > 1:   8.01608501237284360E-002  0.97073381585653495     
 Iteration  6   Mean: 0.8117E+01 Abs mean: 0.8117E+01   Fluctuation:  0.619E-01   0.741E+03    64.9%
  6    0.8117E+01 0.8117E+01 +- 0.6189E-01      1.93
 Relative summed weights:
  0.5041E+00  0.0000E+00  0.0000E+00  0.0000E+00
  0.0000E+00  0.0000E+00  0.4959E+00  0.0000E+00
 Relative number of events:
  0.5016E+00  0.0000E+00  0.0000E+00  0.0000E+00
  0.0000E+00  0.0000E+00  0.4984E+00  0.0000E+00
 Events:
       32105           0           0           0
           0           0       31895           0
 Found         8964  events.
 Wrote         4332  events.
 Actual xsec    8.1406304045452327     
 Correct abs xsec    8.1406304045452327     
 Event xsec    8.1406304045442042     
 Events wgts > 1:          146
 % Cross section > 1:   8.13799644273238976E-002  0.99967644252583387     
 Checking number of events   989.41221936842760             4332  chi2:   0.42821082051144649     

 -------------------------------------------------------------------------------
 Accumulated results:   Integral =  0.8116E+01
                        Std dev  =  0.5619E-01
                       Cross sec =  0.4367E+01
             Chi**2 per DoF.     =
-------------------------------------------------
---------------------------
 Results Last   3 iters: Integral =   0.8141E+01
                     Abs integral =   0.8141E+01
                          Std dev =   0.5665E-01
                  Chi**2 per DoF. =      0.4282
-------------------------------------------------
---------------------------
 Status  -121.54000000000001                7           9
 We found enough events        4332   989.41221936842760     

ls status:
events.lhe
ftn25
ftn26
input_sg.txt
moffset.dat
results.dat
run1_app.log
