 Process in group number            0
 A PDF is used, so alpha_s(MZ) is going to be modified
 Old value of alpha_s from param_card:   0.11800000071525575     
  ****************************************
 
       NNPDFDriver version 1.0.3
   Grid: NNPDF23_lo_as_0130_qed_mem0.grid
  ****************************************
 New value of alpha_s from PDF nn23lo1:  0.13000000000000000     
 Warning! ptj set to xqcut=   20.000000000000000       to improve integration efficiency
 Note that this might affect non-radiated jets,
 e.g. from decays. Use cut_decays=F in run_card.
 Warning! mmjj set to xqcut=   20.000000000000000       to improve integration efficiency
 Note that this might affect non-radiated jets,
 e.g. from decays. Use cut_decays=F in run_card.
 Warning! drjl > 0 with xqcut > 0, set to 0
 *****************************************************
 *               MadGraph/MadEvent                   *
 *        --------------------------------           *
 *          http://madgraph.hep.uiuc.edu             *
 *          http://madgraph.phys.ucl.ac.be           *
 *          http://madgraph.roma2.infn.it            *
 *        --------------------------------           *
 *                                                   *
 *          PARAMETER AND COUPLING VALUES            *
 *                                                   *
 *****************************************************

  External Params
  ---------------------------------
  
 aEWM1 =    132.50697326660156     
 mdl_Gf =   1.16639000000000003E-005
 aS =   0.11800000071525575     
 mdl_ymb =    4.6999998092651367     
 mdl_ymt =    173.00000000000000     
 mdl_ymtau =    1.7769999504089355     
 mdl_MZ =    91.188003540039063     
 mdl_MT =    172.00000000000000     
 mdl_MB =    4.6999998092651367     
 mdl_MH =    120.00000000000000     
 mdl_MTA =    1.7769999504089355     
 mdl_WZ =    2.4414036273956299     
 mdl_WW =    2.0475995540618896     
 mdl_WT =    1.4394782781600952     
 mdl_WH =   5.75308827683329582E-003
  Internal Params
  ---------------------------------
  
 mdl_conjg__CKM3x3 =    1.0000000000000000     
 mdl_CKM3x3 =    1.0000000000000000     
 mdl_conjg__CKM1x1 =    1.0000000000000000     
 mdl_complexi =  (  0.0000000000000000     ,  1.0000000000000000     )
 mdl_MZ__exp__2 =    8315.2519896181766     
 mdl_MZ__exp__4 =    69143415.650849044     
 mdl_sqrt__2 =    1.4142135623730951     
 mdl_MH__exp__2 =    14400.000000000000     
 mdl_aEW =   7.54677263654659602E-003
 mdl_MW =    80.419003571204073     
 mdl_sqrt__aEW =   8.68721626100478483E-002
 mdl_ee =   0.30795379830933894     
 mdl_MW__exp__2 =    6467.2161353853335     
 mdl_sw2 =   0.22224652440361004     
 mdl_cw =   0.88190332553879736     
 mdl_sqrt__sw2 =   0.47143029644223128     
 mdl_sw =   0.47143029644223128     
 mdl_g1 =   0.34919224068147731     
 mdl_gw =   0.65323293948944450     
 mdl_vev =    246.21845810181637     
 mdl_vev__exp__2 =    60623.529110035903     
 mdl_lam =   0.11876576810517747     
 mdl_yb =   2.69955531549349870E-002
 mdl_yt =   0.99366614581500623     
 mdl_ytau =   1.02066167158167860E-002
 mdl_muH =    84.852813742385706     
 mdl_I1x33 =  ( 2.69955531549349870E-002,  0.0000000000000000     )
 mdl_I2x33 =  ( 0.99366614581500623     ,  0.0000000000000000     )
 mdl_I3x33 =  ( 0.99366614581500623     ,  0.0000000000000000     )
 mdl_I4x33 =  ( 2.69955531549349870E-002,  0.0000000000000000     )
 mdl_ee__exp__2 =   9.48355418931490085E-002
 mdl_sw__exp__2 =   0.22224652440361006     
 mdl_cw__exp__2 =   0.77775347559638996     
  Internal Params evaluated point by point
  ----------------------------------------
  
 mdl_sqrt__aS =   0.34351128178744839     
 mdl_G__exp__2 =    1.4828317414825511     
  Couplings of sm
  ---------------------------------
  
        GC_10 =  -0.12177E+01   0.00000E+00
        GC_11 =   0.00000E+00   0.12177E+01
       GC_100 =   0.00000E+00   0.46191E+00

 Collider parameters:
 --------------------

 Running at P P   machine @    13000.000000000000       GeV
 PDF set = nn23lo1
 alpha_s(Mz)= 0.1300 running at 2 loops.
 alpha_s(Mz)= 0.1300 running at 2 loops.
 Renormalization scale set on event-by-event basis
 Factorization   scale set on event-by-event basis


 getting user params
Enter number of events and max and min iterations: 
 Number of events and iterations         2000           9           3
Enter desired fractional accuracy: 
 Desired fractional accuracy:   -121.54000000000001     
Enter 0 for fixed, 2 for adjustable grid: 
Suppress amplitude (0 no, 1 yes)? 
 Using suppressed amplitude.
Exact helicity sum (0 yes, n = number/event)? 
 Explicitly summing over helicities
Enter Configuration Number: 
Running Configuration Number:    1
 Not subdividing B.W.
 Attempting mappinvarients           1           8
 Completed mapping           8
 about to integrate           16        2000           9           3          16           1
 Using non-zero grid deformation.
 16 dimensions   2000 events 16 invarients  9 iterations  1 config(s),  (0.99)
 Using h-tuple random number sequence.
 Error opening grid
 Using Uniform Grid!
 Using uniform alpha   1.0000000000000000     
 Grid defined OK
 Set CM energy to      13000.00
 Mapping Graph           1  to config           1
 Setting BW          -1           1   80.419003571204073     
 Setting BW          -2           2   172.00000000000000     
 Setting BW          -3           3   80.419003571204073     
 Setting BW          -4           4   172.00000000000000     
Setting grid   5    0.51146E-05   1
 Transforming s_hat 1/s           15  1.09391608200776463E-003
 Masses: 0.000E+00 0.000E+00 0.470E+01 0.470E+01 0.000E+00 0.000E+00 0.000E+00 0.000E+00
   1   1   2   3   4   5   6   7   8   9  10  11  12  13  14
  15  16
 Got moffset           1
Using random seed offsets     1 :      1
  with seed                    7
 Ranmar initialization seeds       10336       12538
  Particle       3       4       5       6       7       8
      Et >     0.0     0.0    10.0     0.0    20.0    20.0
       E >     0.0     0.0     0.0     0.0     0.0     0.0
     Eta <    -1.0    -1.0     2.5    -1.0     5.0     5.0
   xqcut:      0.0     0.0     0.0     0.0     0.0     0.0
d R # 3  >    -0.0     0.0     0.0     0.0     0.0     0.0
d R # 4  >    -0.0    -0.0     0.0     0.0     0.0     0.0
d R # 5  >    -0.0    -0.0    -0.0     0.0     0.0     0.0
d R # 6  >    -0.0    -0.0    -0.0    -0.0     0.0     0.0
d R # 7  >    -0.0    -0.0    -0.0    -0.0    -0.0     0.0
s min # 3>     0.0     0.0     0.0     0.0     0.0     0.0
s min # 4>     0.0     0.0     0.0     0.0     0.0     0.0
s min # 5>     0.0     0.0     0.0     0.0     0.0     0.0
s min # 6>     0.0     0.0     0.0     0.0     0.0     0.0
s min # 7>     0.0     0.0     0.0     0.0   400.0   400.0
xqcutij # 3>     0.0     0.0     0.0     0.0     0.0     0.0
xqcutij # 4>     0.0     0.0     0.0     0.0     0.0     0.0
xqcutij # 5>     0.0     0.0     0.0     0.0     0.0     0.0
xqcutij # 6>     0.0     0.0     0.0     0.0     0.0     0.0
xqcutij # 7>     0.0     0.0     0.0     0.0     0.0    20.0
 No cut BW           -1           1
 No cut BW           -2           2
 No cut BW           -3           3
 No cut BW           -4           4
 alpha_s for scale    1091.6941206250465       is   9.21332518317775073E-002
 Added good helicity           10  1.91871443481212850E-002  in event            1
 Added good helicity           26   17.834417812753088       in event            1
 Added good helicity           42  1.20350796925996559E-004  in event            1
 Added good helicity           58  0.11186585963669921       in event            1
 Added good helicity           74  0.17193504213027772       in event            1
 Added good helicity           90   159.81332721380019       in event            1
 Added good helicity          106  1.07845747988599976E-003  in event            1
 Added good helicity          122   1.0024243806483497       in event            1
 Added good helicity          138  8.19045291333060643E-002  in event            1
 Added good helicity          154   76.130119564313333       in event            1
 Added good helicity          170  5.13743742903935842E-004  in event            1
 Added good helicity          186  0.47752392922053960       in event            1
 Added good helicity          202  3.79759427934236082E-004  in event            1
 Added good helicity          218  0.35298573791022542       in event            1
 Added good helicity          234  2.38202980927284567E-006  in event            1
 Added good helicity          250  2.21409262838878065E-003  in event            1
 Added good helicity            6  0.18355334353226910       in event            1
 Added good helicity           22   27.929440720315466       in event            1
 Added good helicity           38  5.50043264836830043E-004  in event            1
 Added good helicity           54  8.36944752039795181E-002  in event            1
 Added good helicity           70   1.2428957635301991       in event            1
 Added good helicity           86   189.11877539809143       in event            1
 Added good helicity          102  3.72451098121144662E-003  in event            1
 Added good helicity          118  0.56672085977895292       in event            1
 Added good helicity          134  0.20491137891459943       in event            1
 Added good helicity          150   31.179275191504683       in event            1
 Added good helicity          166  6.14045604898435615E-004  in event            1
 Added good helicity          182  9.34330587040825972E-002  in event            1
 Added good helicity          198  3.51025546176136211E-002  in event            1
 Added good helicity          214   5.3411978199782544       in event            1
 Added good helicity          230  1.05189714196576010E-004  in event            1
 Added good helicity          246  1.60056462633910331E-002  in event            1
 Iteration  1   Mean: 0.4034E+01 Abs mean: 0.4034E+01   Fluctuation:  0.417E+00   0.331E+03    62.0%
  1    0.4034E+01 0.4034E+01 +- 0.4175E+00      4.63
 Writing out events  3.61602693775670036E-004   4.6282726960347631     
 Relative summed weights:
  0.5535E+00  0.0000E+00  0.0000E+00  0.0000E+00
  0.0000E+00  0.0000E+00  0.4465E+00  0.0000E+00
 Relative number of events:
  0.5130E+00  0.0000E+00  0.0000E+00  0.0000E+00
  0.0000E+00  0.0000E+00  0.4870E+00  0.0000E+00
 Events:
        1026           0           0           0
           0           0         974           0
 Iteration  2   Mean: 0.4639E+01 Abs mean: 0.4639E+01   Fluctuation:  0.164E+00   0.136E+03    64.6%
  2    0.4639E+01 0.4639E+01 +- 0.1640E+00      2.24
 Relative summed weights:
  0.5086E+00  0.0000E+00  0.0000E+00  0.0000E+00
  0.0000E+00  0.0000E+00  0.4914E+00  0.0000E+00
 Relative number of events:
  0.4943E+00  0.0000E+00  0.0000E+00  0.0000E+00
  0.0000E+00  0.0000E+00  0.5058E+00  0.0000E+00
 Events:
        1977           0           0           0
           0           0        2023           0
 Iteration  3   Mean: 0.7285E+01 Abs mean: 0.7285E+01   Fluctuation:  0.141E+01   0.682E+04    65.3%
  3    0.7285E+01 0.7285E+01 +- 0.1414E+01     17.36
 Relative summed weights:
  0.5416E+00  0.0000E+00  0.0000E+00  0.0000E+00
  0.0000E+00  0.0000E+00  0.4584E+00  0.0000E+00
 Relative number of events:
  0.5085E+00  0.0000E+00  0.0000E+00  0.0000E+00
  0.0000E+00  0.0000E+00  0.4915E+00  0.0000E+00
 Events:
        4068           0           0           0
           0           0        3932           0
 Found         1167  events.
 Wrote            6  events.
 Actual xsec    4.6541427434729865     
 Correct abs xsec    4.6541427434729865     
 Event xsec    4.6541427434729865     
 Events wgts > 1:            1
 % Cross section > 1:   1.24225099096264557E-007  2.66912954636982286E-006
 Checking number of events   565.66450904170676                6  chi2:    2.8385795434071772     
 Found         1167  events.
 Wrote            3  events.
 Actual xsec    4.6541427434729865     
 Correct abs xsec    4.6541427434729865     
 Event xsec    4.6541427434729856     
 Events wgts > 1:            1
 % Cross section > 1:   2.48450191531190967E-007  5.33825894961257703E-006
 Iteration  4   Mean: 0.8288E+01 Abs mean: 0.8288E+01   Fluctuation:  0.956E+00   0.118E+05    66.0%
  4    0.8288E+01 0.8288E+01 +- 0.9556E+00     14.59
 Relative summed weights:
  0.4548E+00  0.0000E+00  0.0000E+00  0.0000E+00
  0.0000E+00  0.0000E+00  0.5452E+00  0.0000E+00
 Relative number of events:
  0.5013E+00  0.0000E+00  0.0000E+00  0.0000E+00
  0.0000E+00  0.0000E+00  0.4987E+00  0.0000E+00
 Events:
        8021           0           0           0
           0           0        7979           0
 Found         1579  events.
 Wrote           13  events.
 Actual xsec    5.0213678237566439     
 Correct abs xsec    5.0213678237566439     
 Event xsec    5.0213678237566457     
 Events wgts > 1:            1
 % Cross section > 1:   7.22008023368303498E-008  1.43787121101227403E-006
 Checking number of events   610.29704529938249               13  chi2:    9.8375544494997307     
 Found         1579  events.
 Wrote           10  events.
 Actual xsec    5.0213678237566439     
 Correct abs xsec    5.0213678237566439     
 Event xsec    5.0213678237566448     
 Events wgts > 1:            1
 % Cross section > 1:   9.38610426048924751E-008  1.86923256569306724E-006
 Iteration  5   Mean: 0.8012E+01 Abs mean: 0.8012E+01   Fluctuation:  0.261E+00   0.226E+04    64.0%
  5    0.8012E+01 0.8012E+01 +- 0.2613E+00      5.83
 Relative summed weights:
  0.4931E+00  0.0000E+00  0.0000E+00  0.0000E+00
  0.0000E+00  0.0000E+00  0.5069E+00  0.0000E+00
 Relative number of events:
  0.5014E+00  0.0000E+00  0.0000E+00  0.0000E+00
  0.0000E+00  0.0000E+00  0.4986E+00  0.0000E+00
 Events:
       16045           0           0           0
           0           0       15955           0
 Found         3197  events.
 Wrote          189  events.
 Actual xsec    8.0130097356818197     
 Correct abs xsec    8.0130097356818197     
 Event xsec    8.0130097356818126     
 Events wgts > 1:            7
 % Cross section > 1:   7.18813220647656625E-002  0.89705771533858514     
 Checking number of events   973.90120327476848              189  chi2:   0.17375093763900484     
 Found         3197  events.
 Wrote          213  events.
 Actual xsec    8.0130097356818197     
 Correct abs xsec    8.0130097356818197     
 Event xsec    8.0130097356818073     
 Events wgts > 1:            7
 % Cross section > 1:   6.38465523023590553E-002  0.79678615661792285     
 Iteration  6   Mean: 0.8274E+01 Abs mean: 0.8274E+01   Fluctuation:  0.113E+00   0.100E+04    65.4%
  6    0.8274E+01 0.8274E+01 +- 0.1126E+00      3.44
 Relative summed weights:
  0.4926E+00  0.0000E+00  0.0000E+00  0.0000E+00
  0.0000E+00  0.0000E+00  0.5074E+00  0.0000E+00
 Relative number of events:
  0.4997E+00  0.0000E+00  0.0000E+00  0.0000E+00
  0.0000E+00  0.0000E+00  0.5003E+00  0.0000E+00
 Events:
       31980           0           0           0
           0           0       32018           0
 Found         7461  events.
 Wrote         1089  events.
 Actual xsec    8.2354387335138632     
 Correct abs xsec    8.2354387335138632     
 Event xsec    8.2354387335140355     
 Events wgts > 1:           34
 % Cross section > 1:   8.20323202502032389E-002  0.99608925407183879     
 Checking number of events   1000.9352236712750             1089  chi2:   0.42621948311985081     

 -------------------------------------------------------------------------------
 Accumulated results:   Integral =  0.7786E+01
                        Std dev  =  0.9091E-01
                       Cross sec =  0.3495E+02
             Chi**2 per DoF.     =
-------------------------------------------------
---------------------------
 Results Last   3 iters: Integral =   0.8235E+01
                     Abs integral =   0.8235E+01
                          Std dev =   0.1028E+00
                  Chi**2 per DoF. =      0.4262
-------------------------------------------------
---------------------------
 Status  -121.54000000000001                7           9
 We found enough events        1089   1000.9352236712750     

ls status:
events.lhe
ftn25
ftn26
input_sg.txt
moffset.dat
results.dat
run1_app.log
