 Process in group number            0
 A PDF is used, so alpha_s(MZ) is going to be modified
 Old value of alpha_s from param_card:   0.11800000071525575     
  ****************************************
 
       NNPDFDriver version 1.0.3
   Grid: NNPDF23_lo_as_0130_qed_mem0.grid
  ****************************************
 New value of alpha_s from PDF nn23lo1:  0.13000000000000000     
 Warning! ptj set to xqcut=   20.000000000000000       to improve integration efficiency
 Note that this might affect non-radiated jets,
 e.g. from decays. Use cut_decays=F in run_card.
 Warning! mmjj set to xqcut=   20.000000000000000       to improve integration efficiency
 Note that this might affect non-radiated jets,
 e.g. from decays. Use cut_decays=F in run_card.
 Warning! drjl > 0 with xqcut > 0, set to 0
 *****************************************************
 *               MadGraph/MadEvent                   *
 *        --------------------------------           *
 *          http://madgraph.hep.uiuc.edu             *
 *          http://madgraph.phys.ucl.ac.be           *
 *          http://madgraph.roma2.infn.it            *
 *        --------------------------------           *
 *                                                   *
 *          PARAMETER AND COUPLING VALUES            *
 *                                                   *
 *****************************************************

  External Params
  ---------------------------------
  
 aEWM1 =    132.50697326660156     
 mdl_Gf =   1.16639000000000003E-005
 aS =   0.11800000071525575     
 mdl_ymb =    4.6999998092651367     
 mdl_ymt =    173.00000000000000     
 mdl_ymtau =    1.7769999504089355     
 mdl_MZ =    91.188003540039063     
 mdl_MT =    172.00000000000000     
 mdl_MB =    4.6999998092651367     
 mdl_MH =    120.00000000000000     
 mdl_MTA =    1.7769999504089355     
 mdl_WZ =    2.4414036273956299     
 mdl_WW =    2.0475995540618896     
 mdl_WT =    1.4394782781600952     
 mdl_WH =   5.75308827683329582E-003
  Internal Params
  ---------------------------------
  
 mdl_conjg__CKM3x3 =    1.0000000000000000     
 mdl_CKM3x3 =    1.0000000000000000     
 mdl_conjg__CKM1x1 =    1.0000000000000000     
 mdl_complexi =  (  0.0000000000000000     ,  1.0000000000000000     )
 mdl_MZ__exp__2 =    8315.2519896181766     
 mdl_MZ__exp__4 =    69143415.650849044     
 mdl_sqrt__2 =    1.4142135623730951     
 mdl_MH__exp__2 =    14400.000000000000     
 mdl_aEW =   7.54677263654659602E-003
 mdl_MW =    80.419003571204073     
 mdl_sqrt__aEW =   8.68721626100478483E-002
 mdl_ee =   0.30795379830933894     
 mdl_MW__exp__2 =    6467.2161353853335     
 mdl_sw2 =   0.22224652440361004     
 mdl_cw =   0.88190332553879736     
 mdl_sqrt__sw2 =   0.47143029644223128     
 mdl_sw =   0.47143029644223128     
 mdl_g1 =   0.34919224068147731     
 mdl_gw =   0.65323293948944450     
 mdl_vev =    246.21845810181637     
 mdl_vev__exp__2 =    60623.529110035903     
 mdl_lam =   0.11876576810517747     
 mdl_yb =   2.69955531549349870E-002
 mdl_yt =   0.99366614581500623     
 mdl_ytau =   1.02066167158167860E-002
 mdl_muH =    84.852813742385706     
 mdl_I1x33 =  ( 2.69955531549349870E-002,  0.0000000000000000     )
 mdl_I2x33 =  ( 0.99366614581500623     ,  0.0000000000000000     )
 mdl_I3x33 =  ( 0.99366614581500623     ,  0.0000000000000000     )
 mdl_I4x33 =  ( 2.69955531549349870E-002,  0.0000000000000000     )
 mdl_ee__exp__2 =   9.48355418931490085E-002
 mdl_sw__exp__2 =   0.22224652440361006     
 mdl_cw__exp__2 =   0.77775347559638996     
  Internal Params evaluated point by point
  ----------------------------------------
  
 mdl_sqrt__aS =   0.34351128178744839     
 mdl_G__exp__2 =    1.4828317414825511     
  Couplings of sm
  ---------------------------------
  
        GC_10 =  -0.12177E+01   0.00000E+00
        GC_11 =   0.00000E+00   0.12177E+01
       GC_100 =   0.00000E+00   0.46191E+00

 Collider parameters:
 --------------------

 Running at P P   machine @    13000.000000000000       GeV
 PDF set = nn23lo1
 alpha_s(Mz)= 0.1300 running at 2 loops.
 alpha_s(Mz)= 0.1300 running at 2 loops.
 Renormalization scale set on event-by-event basis
 Factorization   scale set on event-by-event basis


 getting user params
Enter number of events and max and min iterations: 
 Number of events and iterations         2000           9           3
Enter desired fractional accuracy: 
 Desired fractional accuracy:   -65.444000000000003     
Enter 0 for fixed, 2 for adjustable grid: 
Suppress amplitude (0 no, 1 yes)? 
 Using suppressed amplitude.
Exact helicity sum (0 yes, n = number/event)? 
 Explicitly summing over helicities
Enter Configuration Number: 
Running Configuration Number:    3
 Not subdividing B.W.
 Attempting mappinvarients           1           8
 Completed mapping           8
 about to integrate           16        2000           9           3          16           1
 Using non-zero grid deformation.
 16 dimensions   2000 events 16 invarients  9 iterations  1 config(s),  (0.99)
 Using h-tuple random number sequence.
 Error opening grid
 Using Uniform Grid!
 Using uniform alpha   1.0000000000000000     
 Grid defined OK
 Set CM energy to      13000.00
 Mapping Graph           3  to config           3
 Setting BW          -1           1   80.419003571204073     
 Setting BW          -2           2   172.00000000000000     
 Setting BW          -3           3   80.419003571204073     
 Setting BW          -4           4   172.00000000000000     
Setting grid   5    0.12786E-05   1
 Transforming s_hat 1/s           15  1.09391608200776463E-003
 Masses: 0.000E+00 0.000E+00 0.470E+01 0.470E+01 0.000E+00 0.000E+00 0.000E+00 0.000E+00
   3   1   2   3   4   5   6   7   8   9  10  11  12  13  14
  15  16
 Got moffset          15
Using random seed offsets     3 :      1
  with seed                    7
 Ranmar initialization seeds       10338       26655
  Particle       3       4       5       6       7       8
      Et >     0.0     0.0    10.0     0.0    20.0    20.0
       E >     0.0     0.0     0.0     0.0     0.0     0.0
     Eta <    -1.0    -1.0     2.5    -1.0     5.0     5.0
   xqcut:      0.0     0.0     0.0     0.0     0.0     0.0
d R # 3  >    -0.0     0.0     0.0     0.0     0.0     0.0
d R # 4  >    -0.0    -0.0     0.0     0.0     0.0     0.0
d R # 5  >    -0.0    -0.0    -0.0     0.0     0.0     0.0
d R # 6  >    -0.0    -0.0    -0.0    -0.0     0.0     0.0
d R # 7  >    -0.0    -0.0    -0.0    -0.0    -0.0     0.0
s min # 3>     0.0     0.0     0.0     0.0     0.0     0.0
s min # 4>     0.0     0.0     0.0     0.0     0.0     0.0
s min # 5>     0.0     0.0     0.0     0.0     0.0     0.0
s min # 6>     0.0     0.0     0.0     0.0     0.0     0.0
s min # 7>     0.0     0.0     0.0     0.0   400.0   400.0
xqcutij # 3>     0.0     0.0     0.0     0.0     0.0     0.0
xqcutij # 4>     0.0     0.0     0.0     0.0     0.0     0.0
xqcutij # 5>     0.0     0.0     0.0     0.0     0.0     0.0
xqcutij # 6>     0.0     0.0     0.0     0.0     0.0     0.0
xqcutij # 7>     0.0     0.0     0.0     0.0     0.0    20.0
 No cut BW           -1           1
 No cut BW           -2           2
 No cut BW           -3           3
 No cut BW           -4           4
 alpha_s for scale    203.00883131478523       is   0.11472249825921056     
 Added good helicity           10  7.20405645636292141E-002  in event            1
 Added good helicity           26   156.63499902987826       in event            1
 Added good helicity           42  1.56237644667009054E-004  in event            1
 Added good helicity           58  0.33970143722614077       in event            1
 Added good helicity           74  6.96916852638394466E-003  in event            1
 Added good helicity           90   15.152792207854606       in event            1
 Added good helicity          106  1.51143523436433309E-005  in event            1
 Added good helicity          122  3.28625487463079721E-002  in event            1
 Added good helicity          138  2.53519645163824310E-002  in event            1
 Added good helicity          154   55.121790917139649       in event            1
 Added good helicity          170  5.49819570087172214E-005  in event            1
 Added good helicity          186  0.11954513175857562       in event            1
 Added good helicity          202  1.30706417072748854E-002  in event            1
 Added good helicity          218   28.418988156743424       in event            1
 Added good helicity          234  2.83468943781986777E-005  in event            1
 Added good helicity          250  6.16335504909531900E-002  in event            1
 Added good helicity            6  5.35192742100367358E-004  in event            1
 Added good helicity           22   5.0964803274483694       in event            1
 Added good helicity           54  8.54612604829344674E-003  in event            1
 Added good helicity           70  1.42410807666125943E-002  in event            1
 Added good helicity           86   135.61355051977333       in event            1
 Added good helicity          102  2.38804161844638195E-005  in event            1
 Added good helicity          118  0.22740605714823933       in event            1
 Added good helicity          134  1.17650192897071539E-002  in event            1
 Added good helicity          150   112.03475803264583       in event            1
 Added good helicity          166  1.97283873085764101E-005  in event            1
 Added good helicity          182  0.18786752865117448       in event            1
 Added good helicity          198  2.94014928270992511E-004  in event            1
 Added good helicity          214   2.7998161784268798       in event            1
 Added good helicity          246  4.69492285568519699E-003  in event            1
 Added good helicity           38  1.53010012249021679E-002  in event            2
 Added good helicity          230  8.15082126657403058E-004  in event            2
 Iteration  1   Mean: 0.2762E+02 Abs mean: 0.2762E+02   Fluctuation:  0.103E+01   0.288E+03    32.0%
  1    0.2762E+02 0.2762E+02 +- 0.1033E+01      1.67
 Writing out events  4.79198898018127172E-003   1.6720033674092927     
 Relative summed weights:
  0.5109E+00  0.0000E+00  0.0000E+00  0.0000E+00
  0.0000E+00  0.0000E+00  0.4891E+00  0.0000E+00
 Relative number of events:
  0.5023E+00  0.0000E+00  0.0000E+00  0.0000E+00
  0.0000E+00  0.0000E+00  0.4977E+00  0.0000E+00
 Events:
        1004           0           0           0
           0           0         995           0
 Iteration  2   Mean: 0.2813E+02 Abs mean: 0.2813E+02   Fluctuation:  0.570E+00   0.415E+03    47.1%
  2    0.2813E+02 0.2813E+02 +- 0.5702E+00      1.28
 Relative summed weights:
  0.4860E+00  0.0000E+00  0.0000E+00  0.0000E+00
  0.0000E+00  0.0000E+00  0.5140E+00  0.0000E+00
 Relative number of events:
  0.4865E+00  0.0000E+00  0.0000E+00  0.0000E+00
  0.0000E+00  0.0000E+00  0.5135E+00  0.0000E+00
 Events:
        1946           0           0           0
           0           0        2054           0
 Iteration  3   Mean: 0.3798E+02 Abs mean: 0.3798E+02   Fluctuation:  0.712E+01   0.445E+05    53.3%
  3    0.3798E+02 0.3798E+02 +- 0.7121E+01     16.77
 Relative summed weights:
  0.3602E+00  0.0000E+00  0.0000E+00  0.0000E+00
  0.0000E+00  0.0000E+00  0.6398E+00  0.0000E+00
 Relative number of events:
  0.4880E+00  0.0000E+00  0.0000E+00  0.0000E+00
  0.0000E+00  0.0000E+00  0.5120E+00  0.0000E+00
 Events:
        3904           0           0           0
           0           0        4096           0
 Found         1509  events.
 Wrote            4  events.
 Actual xsec    28.106303097637831     
 Correct abs xsec    28.106303097637831     
 Event xsec    28.106303097637827     
 Events wgts > 1:            1
 % Cross section > 1:   6.20135999440662999E-007  2.20639476236482303E-006
 Checking number of events   1839.3888999218102                4  chi2:    1.0706814013712354     
 Found         1509  events.
 Wrote            5  events.
 Actual xsec    28.106303097637831     
 Correct abs xsec    28.106303097637831     
 Event xsec    28.106303097637834     
 Events wgts > 1:            1
 % Cross section > 1:   4.96108802039429975E-007  1.76511581874004955E-006
 Iteration  4   Mean: 0.4209E+02 Abs mean: 0.4209E+02   Fluctuation:  0.523E+01   0.563E+05    55.4%
  4    0.4209E+02 0.4209E+02 +- 0.5230E+01     15.72
 Relative summed weights:
  0.4589E+00  0.0000E+00  0.0000E+00  0.0000E+00
  0.0000E+00  0.0000E+00  0.5411E+00  0.0000E+00
 Relative number of events:
  0.4966E+00  0.0000E+00  0.0000E+00  0.0000E+00
  0.0000E+00  0.0000E+00  0.5034E+00  0.0000E+00
 Events:
        7945           0           0           0
           0           0        8055           0
 Found         2166  events.
 Wrote           13  events.
 Actual xsec    28.601056728904016     
 Correct abs xsec    28.601056728904016     
 Event xsec    28.601056728904013     
 Events wgts > 1:            0
 % Cross section > 1:    0.0000000000000000        0.0000000000000000     
 Checking number of events   1871.7675565663944               13  chi2:    4.5281307709586818     
 Found         2166  events.
 Wrote           12  events.
 Actual xsec    28.601056728904016     
 Correct abs xsec    28.601056728904016     
 Event xsec    28.601056728904009     
 Events wgts > 1:            0
 % Cross section > 1:    0.0000000000000000        0.0000000000000000     
 Iteration  5   Mean: 0.4167E+02 Abs mean: 0.4167E+02   Fluctuation:  0.148E+01   0.192E+05    56.0%
  5    0.4167E+02 0.4167E+02 +- 0.1478E+01      6.34
 Relative summed weights:
  0.5248E+00  0.0000E+00  0.0000E+00  0.0000E+00
  0.0000E+00  0.0000E+00  0.4752E+00  0.0000E+00
 Relative number of events:
  0.4992E+00  0.0000E+00  0.0000E+00  0.0000E+00
  0.0000E+00  0.0000E+00  0.5008E+00  0.0000E+00
 Events:
       15974           0           0           0
           0           0       16026           0
 Found         3933  events.
 Wrote          105  events.
 Actual xsec    41.581698830405770     
 Correct abs xsec    41.581698830405770     
 Event xsec    41.581698830405770     
 Events wgts > 1:            4
 % Cross section > 1:   0.30310769502461216       0.72894495306904294     
 Checking number of events   2721.2726982570753              105  chi2:   0.13454416503011218     
 Found         3933  events.
 Wrote           97  events.
 Actual xsec    41.581698830405770     
 Correct abs xsec    41.581698830405770     
 Event xsec    41.581698830405770     
 Events wgts > 1:            4
 % Cross section > 1:   0.32790913155735235       0.78859003066410416     
 Iteration  6   Mean: 0.3953E+02 Abs mean: 0.3953E+02   Fluctuation:  0.467E+00   0.500E+04    56.0%
  6    0.3953E+02 0.3953E+02 +- 0.4666E+00      2.99
 Relative summed weights:
  0.4884E+00  0.0000E+00  0.0000E+00  0.0000E+00
  0.0000E+00  0.0000E+00  0.5116E+00  0.0000E+00
 Relative number of events:
  0.4987E+00  0.0000E+00  0.0000E+00  0.0000E+00
  0.0000E+00  0.0000E+00  0.5013E+00  0.0000E+00
 Events:
       31919           0           0           0
           0           0       32081           0
 Found         8775  events.
 Wrote         1314  events.
 Actual xsec    39.759248528965998     
 Correct abs xsec    39.759248528965998     
 Event xsec    39.759248528966467     
 Events wgts > 1:           42
 % Cross section > 1:   0.37156073004008444       0.93452654108737776     
 Checking number of events   2602.0042607296509             1314  chi2:    1.0585088326395580     
 Found         8775  events.
 Wrote         1323  events.
 Actual xsec    39.759248528965998     
 Correct abs xsec    39.759248528965998     
 Event xsec    39.759248528967710     
 Events wgts > 1:           42
 % Cross section > 1:   0.36905656814580456       0.92822822814902572     
 Iteration  7   Mean: 0.4062E+02 Abs mean: 0.4062E+02   Fluctuation:  0.220E+00   0.307E+04    56.3%
  7    0.4062E+02 0.4062E+02 +- 0.2202E+00      1.94
 Relative summed weights:
  0.5013E+00  0.0000E+00  0.0000E+00  0.0000E+00
  0.0000E+00  0.0000E+00  0.4987E+00  0.0000E+00
 Relative number of events:
  0.5001E+00  0.0000E+00  0.0000E+00  0.0000E+00
  0.0000E+00  0.0000E+00  0.4999E+00  0.0000E+00
 Events:
       64007           0           0           0
           0           0       63993           0
 Found        20988  events.
 Wrote         7448  events.
 Actual xsec    40.456280908715485     
 Correct abs xsec    40.456280908715485     
 Event xsec    40.456280908713069     
 Events wgts > 1:          242
 % Cross section > 1:   0.40355814417840047       0.99751666518482707     
 Checking number of events   2647.6208477899763             7448  chi2:    2.6114814704249705     

 -------------------------------------------------------------------------------
 Accumulated results:   Integral =  0.3959E+02
                        Std dev  =  0.1861E+00
                       Cross sec =  0.4915E+02
             Chi**2 per DoF.     =
-------------------------------------------------
---------------------------
 Results Last   3 iters: Integral =   0.4046E+02
                     Abs integral =   0.4046E+02
                          Std dev =   0.1974E+00
                  Chi**2 per DoF. =      2.6115
-------------------------------------------------
---------------------------
 Status  -65.444000000000003                8           9
 We found enough events        7448   2647.6208477899763     

ls status:
events.lhe
ftn25
ftn26
input_sg.txt
moffset.dat
results.dat
run1_app.log
