 Process in group number            0
 A PDF is used, so alpha_s(MZ) is going to be modified
 Old value of alpha_s from param_card:   0.11800000071525575     
  ****************************************
 
       NNPDFDriver version 1.0.3
   Grid: NNPDF23_lo_as_0130_qed_mem0.grid
  ****************************************
 New value of alpha_s from PDF nn23lo1:  0.13000000000000000     
 Warning! ptj set to xqcut=   20.000000000000000       to improve integration efficiency
 Note that this might affect non-radiated jets,
 e.g. from decays. Use cut_decays=F in run_card.
 Warning! mmjj set to xqcut=   20.000000000000000       to improve integration efficiency
 Note that this might affect non-radiated jets,
 e.g. from decays. Use cut_decays=F in run_card.
 Warning! drjl > 0 with xqcut > 0, set to 0
 *****************************************************
 *               MadGraph/MadEvent                   *
 *        --------------------------------           *
 *          http://madgraph.hep.uiuc.edu             *
 *          http://madgraph.phys.ucl.ac.be           *
 *          http://madgraph.roma2.infn.it            *
 *        --------------------------------           *
 *                                                   *
 *          PARAMETER AND COUPLING VALUES            *
 *                                                   *
 *****************************************************

  External Params
  ---------------------------------
  
 aEWM1 =    132.50697326660156     
 mdl_Gf =   1.16639000000000003E-005
 aS =   0.11800000071525575     
 mdl_ymb =    4.6999998092651367     
 mdl_ymt =    173.00000000000000     
 mdl_ymtau =    1.7769999504089355     
 mdl_MZ =    91.188003540039063     
 mdl_MT =    172.00000000000000     
 mdl_MB =    4.6999998092651367     
 mdl_MH =    120.00000000000000     
 mdl_MTA =    1.7769999504089355     
 mdl_WZ =    2.4414036273956299     
 mdl_WW =    2.0475995540618896     
 mdl_WT =    1.4394782781600952     
 mdl_WH =   5.75308827683329582E-003
  Internal Params
  ---------------------------------
  
 mdl_conjg__CKM3x3 =    1.0000000000000000     
 mdl_CKM3x3 =    1.0000000000000000     
 mdl_conjg__CKM1x1 =    1.0000000000000000     
 mdl_complexi =  (  0.0000000000000000     ,  1.0000000000000000     )
 mdl_MZ__exp__2 =    8315.2519896181766     
 mdl_MZ__exp__4 =    69143415.650849044     
 mdl_sqrt__2 =    1.4142135623730951     
 mdl_MH__exp__2 =    14400.000000000000     
 mdl_aEW =   7.54677263654659602E-003
 mdl_MW =    80.419003571204073     
 mdl_sqrt__aEW =   8.68721626100478483E-002
 mdl_ee =   0.30795379830933894     
 mdl_MW__exp__2 =    6467.2161353853335     
 mdl_sw2 =   0.22224652440361004     
 mdl_cw =   0.88190332553879736     
 mdl_sqrt__sw2 =   0.47143029644223128     
 mdl_sw =   0.47143029644223128     
 mdl_g1 =   0.34919224068147731     
 mdl_gw =   0.65323293948944450     
 mdl_vev =    246.21845810181637     
 mdl_vev__exp__2 =    60623.529110035903     
 mdl_lam =   0.11876576810517747     
 mdl_yb =   2.69955531549349870E-002
 mdl_yt =   0.99366614581500623     
 mdl_ytau =   1.02066167158167860E-002
 mdl_muH =    84.852813742385706     
 mdl_I1x33 =  ( 2.69955531549349870E-002,  0.0000000000000000     )
 mdl_I2x33 =  ( 0.99366614581500623     ,  0.0000000000000000     )
 mdl_I3x33 =  ( 0.99366614581500623     ,  0.0000000000000000     )
 mdl_I4x33 =  ( 2.69955531549349870E-002,  0.0000000000000000     )
 mdl_ee__exp__2 =   9.48355418931490085E-002
 mdl_sw__exp__2 =   0.22224652440361006     
 mdl_cw__exp__2 =   0.77775347559638996     
  Internal Params evaluated point by point
  ----------------------------------------
  
 mdl_sqrt__aS =   0.34351128178744839     
 mdl_G__exp__2 =    1.4828317414825511     
  Couplings of sm
  ---------------------------------
  
        GC_10 =  -0.12177E+01   0.00000E+00
        GC_11 =   0.00000E+00   0.12177E+01
       GC_100 =   0.00000E+00   0.46191E+00

 Collider parameters:
 --------------------

 Running at P P   machine @    13000.000000000000       GeV
 PDF set = nn23lo1
 alpha_s(Mz)= 0.1300 running at 2 loops.
 alpha_s(Mz)= 0.1300 running at 2 loops.
 Renormalization scale set on event-by-event basis
 Factorization   scale set on event-by-event basis


 getting user params
Enter number of events and max and min iterations: 
 Number of events and iterations         2000           9           3
Enter desired fractional accuracy: 
 Desired fractional accuracy:   -65.444000000000003     
Enter 0 for fixed, 2 for adjustable grid: 
Suppress amplitude (0 no, 1 yes)? 
 Using suppressed amplitude.
Exact helicity sum (0 yes, n = number/event)? 
 Explicitly summing over helicities
Enter Configuration Number: 
Running Configuration Number:    3
 Not subdividing B.W.
 Attempting mappinvarients           1           8
 Completed mapping           8
 about to integrate           16        2000           9           3          16           1
 Using non-zero grid deformation.
 16 dimensions   2000 events 16 invarients  9 iterations  1 config(s),  (0.99)
 Using h-tuple random number sequence.
 Error opening grid
 Using Uniform Grid!
 Using uniform alpha   1.0000000000000000     
 Grid defined OK
 Set CM energy to      13000.00
 Mapping Graph           3  to config           3
 Setting BW          -1           1   80.419003571204073     
 Setting BW          -2           2   172.00000000000000     
 Setting BW          -3           3   80.419003571204073     
 Setting BW          -4           4   172.00000000000000     
Setting grid   5    0.12786E-05   1
 Transforming s_hat 1/s           15  1.09391608200776463E-003
 Masses: 0.000E+00 0.000E+00 0.470E+01 0.470E+01 0.000E+00 0.000E+00 0.000E+00 0.000E+00
   3   1   2   3   4   5   6   7   8   9  10  11  12  13  14
  15  16
 Got moffset          20
Using random seed offsets     3 :      1
  with seed                    7
 Ranmar initialization seeds       10338       12359
  Particle       3       4       5       6       7       8
      Et >     0.0     0.0    10.0     0.0    20.0    20.0
       E >     0.0     0.0     0.0     0.0     0.0     0.0
     Eta <    -1.0    -1.0     2.5    -1.0     5.0     5.0
   xqcut:      0.0     0.0     0.0     0.0     0.0     0.0
d R # 3  >    -0.0     0.0     0.0     0.0     0.0     0.0
d R # 4  >    -0.0    -0.0     0.0     0.0     0.0     0.0
d R # 5  >    -0.0    -0.0    -0.0     0.0     0.0     0.0
d R # 6  >    -0.0    -0.0    -0.0    -0.0     0.0     0.0
d R # 7  >    -0.0    -0.0    -0.0    -0.0    -0.0     0.0
s min # 3>     0.0     0.0     0.0     0.0     0.0     0.0
s min # 4>     0.0     0.0     0.0     0.0     0.0     0.0
s min # 5>     0.0     0.0     0.0     0.0     0.0     0.0
s min # 6>     0.0     0.0     0.0     0.0     0.0     0.0
s min # 7>     0.0     0.0     0.0     0.0   400.0   400.0
xqcutij # 3>     0.0     0.0     0.0     0.0     0.0     0.0
xqcutij # 4>     0.0     0.0     0.0     0.0     0.0     0.0
xqcutij # 5>     0.0     0.0     0.0     0.0     0.0     0.0
xqcutij # 6>     0.0     0.0     0.0     0.0     0.0     0.0
xqcutij # 7>     0.0     0.0     0.0     0.0     0.0    20.0
 No cut BW           -1           1
 No cut BW           -2           2
 No cut BW           -3           3
 No cut BW           -4           4
 alpha_s for scale    177.87728057272278       is   0.11698733505970837     
 Added good helicity           10  8.90456516677775450E-003  in event            1
 Added good helicity           26   63.765247896602013       in event            1
 Added good helicity           42  1.07274342875095822E-005  in event            1
 Added good helicity           58  7.68187434002557956E-002  in event            1
 Added good helicity           74  1.40545913835076028E-003  in event            1
 Added good helicity           90   10.064438710589046       in event            1
 Added good helicity          106  1.69317313850300492E-006  in event            1
 Added good helicity          122  1.21247475745725388E-002  in event            1
 Added good helicity          138  1.24531345665273132E-003  in event            1
 Added good helicity          154   8.9176416574163344       in event            1
 Added good helicity          170  1.50024375400553531E-006  in event            1
 Added good helicity          186  1.07431876894342401E-002  in event            1
 Added good helicity          202  2.41460502779713947E-002  in event            1
 Added good helicity          218   172.90893523280434       in event            1
 Added good helicity          234  2.90890304926110662E-005  in event            1
 Added good helicity          250  0.20830542600255578       in event            1
 Added good helicity            6  2.48583294514905049E-003  in event            1
 Added good helicity           22   1.0204698203472251       in event            1
 Added good helicity           38  3.58346954750520501E-006  in event            1
 Added good helicity           54  1.47106527512174605E-003  in event            1
 Added good helicity           70  0.46026068958274025       in event            1
 Added good helicity           86   188.94356683458838       in event            1
 Added good helicity          102  6.63491956791418115E-004  in event            1
 Added good helicity          118  0.27237289588185637       in event            1
 Added good helicity          134  0.14893162818348252       in event            1
 Added good helicity          150   61.138554042016295       in event            1
 Added good helicity          166  2.14693411034458083E-004  in event            1
 Added good helicity          182  8.81347022999295904E-002  in event            1
 Added good helicity          198  9.51904805632093794E-003  in event            1
 Added good helicity          214   3.9077047710975132       in event            1
 Added good helicity          230  1.37222490745527360E-005  in event            1
 Added good helicity          246  5.63317863945557006E-003  in event            1
 Iteration  1   Mean: 0.2854E+02 Abs mean: 0.2854E+02   Fluctuation:  0.121E+01   0.109E+04    32.4%
  1    0.2854E+02 0.2854E+02 +- 0.1207E+01      1.89
 Writing out events  4.89183812511219656E-003   1.8910728176087597     
 Relative summed weights:
  0.5393E+00  0.0000E+00  0.0000E+00  0.0000E+00
  0.0000E+00  0.0000E+00  0.4607E+00  0.0000E+00
 Relative number of events:
  0.5115E+00  0.0000E+00  0.0000E+00  0.0000E+00
  0.0000E+00  0.0000E+00  0.4885E+00  0.0000E+00
 Events:
        1023           0           0           0
           0           0         977           0
 Iteration  2   Mean: 0.3530E+02 Abs mean: 0.3530E+02   Fluctuation:  0.833E+01   0.332E+05    47.0%
  2    0.3530E+02 0.3530E+02 +- 0.8328E+01     14.92
 Relative summed weights:
  0.3788E+00  0.0000E+00  0.0000E+00  0.0000E+00
  0.0000E+00  0.0000E+00  0.6212E+00  0.0000E+00
 Relative number of events:
  0.4870E+00  0.0000E+00  0.0000E+00  0.0000E+00
  0.0000E+00  0.0000E+00  0.5130E+00  0.0000E+00
 Events:
        1948           0           0           0
           0           0        2052           0
 Iteration  3   Mean: 0.3933E+02 Abs mean: 0.3933E+02   Fluctuation:  0.578E+01   0.411E+05    51.1%
  3    0.3933E+02 0.3933E+02 +- 0.5782E+01     13.15
 Relative summed weights:
  0.5926E+00  0.0000E+00  0.0000E+00  0.0000E+00
  0.0000E+00  0.0000E+00  0.4074E+00  0.0000E+00
 Relative number of events:
  0.5100E+00  0.0000E+00  0.0000E+00  0.0000E+00
  0.0000E+00  0.0000E+00  0.4900E+00  0.0000E+00
 Events:
        4080           0           0           0
           0           0        3920           0
 Found         1281  events.
 Wrote            3  events.
 Actual xsec    29.537680015786044     
 Correct abs xsec    29.537680015786044     
 Event xsec    29.537680015786044     
 Events wgts > 1:            1
 % Cross section > 1:   9.47068109269366687E-007  3.20630499336176006E-006
 Checking number of events   1933.0639309531020                3  chi2:    2.0136978320800378     
 Found         1281  events.
 Wrote            3  events.
 Actual xsec    29.537680015786044     
 Correct abs xsec    29.537680015786044     
 Event xsec    29.537680015786048     
 Events wgts > 1:            1
 % Cross section > 1:   9.47068109269366687E-007  3.20630499336175964E-006
 Iteration  4   Mean: 0.4013E+02 Abs mean: 0.4013E+02   Fluctuation:  0.159E+01   0.797E+04    52.3%
  4    0.4013E+02 0.4013E+02 +- 0.1594E+01      5.02
 Relative summed weights:
  0.4825E+00  0.0000E+00  0.0000E+00  0.0000E+00
  0.0000E+00  0.0000E+00  0.5175E+00  0.0000E+00
 Relative number of events:
  0.5013E+00  0.0000E+00  0.0000E+00  0.0000E+00
  0.0000E+00  0.0000E+00  0.4987E+00  0.0000E+00
 Events:
        8021           0           0           0
           0           0        7979           0
 Found         2307  events.
 Wrote           97  events.
 Actual xsec    39.955267825550024     
 Correct abs xsec    39.955267825550024     
 Event xsec    39.955267825549960     
 Events wgts > 1:            5
 % Cross section > 1:   0.25549236356054333       0.63944600415659114     
 Checking number of events   2614.8325475752958               97  chi2:   0.16800263684152800     
 Found         2307  events.
 Wrote          108  events.
 Actual xsec    39.955267825550024     
 Correct abs xsec    39.955267825550024     
 Event xsec    39.955267825549996     
 Events wgts > 1:            5
 % Cross section > 1:   0.22961954155730047       0.57469153394203210     
 Iteration  5   Mean: 0.4093E+02 Abs mean: 0.4093E+02   Fluctuation:  0.697E+00   0.490E+04    54.1%
  5    0.4093E+02 0.4093E+02 +- 0.6973E+00      3.05
 Relative summed weights:
  0.4959E+00  0.0000E+00  0.0000E+00  0.0000E+00
  0.0000E+00  0.0000E+00  0.5041E+00  0.0000E+00
 Relative number of events:
  0.4992E+00  0.0000E+00  0.0000E+00  0.0000E+00
  0.0000E+00  0.0000E+00  0.5008E+00  0.0000E+00
 Events:
       15973           0           0           0
           0           0       16027           0
 Found         4719  events.
 Wrote          554  events.
 Actual xsec    40.790242395536389     
 Correct abs xsec    40.790242395536389     
 Event xsec    40.790242395536843     
 Events wgts > 1:           12
 % Cross section > 1:   0.33203413027063217       0.81400381750847939     
 Checking number of events   2669.4766233334835              554  chi2:   0.13722126763958056     
 Found         4719  events.
 Wrote          566  events.
 Actual xsec    40.790242395536389     
 Correct abs xsec    40.790242395536389     
 Event xsec    40.790242395536374     
 Events wgts > 1:           12
 % Cross section > 1:   0.32505063474352996       0.79688331241468624     
 Iteration  6   Mean: 0.4083E+02 Abs mean: 0.4083E+02   Fluctuation:  0.299E+00   0.244E+04    55.2%
  6    0.4083E+02 0.4083E+02 +- 0.2987E+00      1.85
 Relative summed weights:
  0.4915E+00  0.0000E+00  0.0000E+00  0.0000E+00
  0.0000E+00  0.0000E+00  0.5085E+00  0.0000E+00
 Relative number of events:
  0.4955E+00  0.0000E+00  0.0000E+00  0.0000E+00
  0.0000E+00  0.0000E+00  0.5045E+00  0.0000E+00
 Events:
       31713           0           0           0
           0           0       32287           0
 Found        10456  events.
 Wrote         4203  events.
 Actual xsec    40.825641128160214     
 Correct abs xsec    40.825641128160214     
 Event xsec    40.825641128159056     
 Events wgts > 1:          161
 % Cross section > 1:   0.41042225835594570        1.0053051146644731     
 Checking number of events   2671.7932579913172             4203  chi2:   0.10586771850732275     

 -------------------------------------------------------------------------------
 Accumulated results:   Integral =  0.4052E+02
                        Std dev  =  0.2650E+00
                       Cross sec =  0.1014E+02
             Chi**2 per DoF.     =
-------------------------------------------------
---------------------------
 Results Last   3 iters: Integral =   0.4083E+02
                     Abs integral =   0.4083E+02
                          Std dev =   0.2706E+00
                  Chi**2 per DoF. =      0.1059
-------------------------------------------------
---------------------------
 Status  -65.444000000000003                7           9
 We found enough events        4203   2671.7932579913172     

ls status:
events.lhe
ftn25
ftn26
input_sg.txt
moffset.dat
results.dat
run1_app.log
