 Process in group number            0
 A PDF is used, so alpha_s(MZ) is going to be modified
 Old value of alpha_s from param_card:   0.11800000071525575     
  ****************************************
 
       NNPDFDriver version 1.0.3
   Grid: NNPDF23_lo_as_0130_qed_mem0.grid
  ****************************************
 New value of alpha_s from PDF nn23lo1:  0.13000000000000000     
 Warning! ptj set to xqcut=   20.000000000000000       to improve integration efficiency
 Note that this might affect non-radiated jets,
 e.g. from decays. Use cut_decays=F in run_card.
 Warning! mmjj set to xqcut=   20.000000000000000       to improve integration efficiency
 Note that this might affect non-radiated jets,
 e.g. from decays. Use cut_decays=F in run_card.
 Warning! drjl > 0 with xqcut > 0, set to 0
 *****************************************************
 *               MadGraph/MadEvent                   *
 *        --------------------------------           *
 *          http://madgraph.hep.uiuc.edu             *
 *          http://madgraph.phys.ucl.ac.be           *
 *          http://madgraph.roma2.infn.it            *
 *        --------------------------------           *
 *                                                   *
 *          PARAMETER AND COUPLING VALUES            *
 *                                                   *
 *****************************************************

  External Params
  ---------------------------------
  
 aEWM1 =    132.50697326660156     
 mdl_Gf =   1.16639000000000003E-005
 aS =   0.11800000071525575     
 mdl_ymb =    4.6999998092651367     
 mdl_ymt =    173.00000000000000     
 mdl_ymtau =    1.7769999504089355     
 mdl_MZ =    91.188003540039063     
 mdl_MT =    172.00000000000000     
 mdl_MB =    4.6999998092651367     
 mdl_MH =    120.00000000000000     
 mdl_MTA =    1.7769999504089355     
 mdl_WZ =    2.4414036273956299     
 mdl_WW =    2.0475995540618896     
 mdl_WT =    1.4394782781600952     
 mdl_WH =   5.75308827683329582E-003
  Internal Params
  ---------------------------------
  
 mdl_conjg__CKM3x3 =    1.0000000000000000     
 mdl_CKM3x3 =    1.0000000000000000     
 mdl_conjg__CKM1x1 =    1.0000000000000000     
 mdl_complexi =  (  0.0000000000000000     ,  1.0000000000000000     )
 mdl_MZ__exp__2 =    8315.2519896181766     
 mdl_MZ__exp__4 =    69143415.650849044     
 mdl_sqrt__2 =    1.4142135623730951     
 mdl_MH__exp__2 =    14400.000000000000     
 mdl_aEW =   7.54677263654659602E-003
 mdl_MW =    80.419003571204073     
 mdl_sqrt__aEW =   8.68721626100478483E-002
 mdl_ee =   0.30795379830933894     
 mdl_MW__exp__2 =    6467.2161353853335     
 mdl_sw2 =   0.22224652440361004     
 mdl_cw =   0.88190332553879736     
 mdl_sqrt__sw2 =   0.47143029644223128     
 mdl_sw =   0.47143029644223128     
 mdl_g1 =   0.34919224068147731     
 mdl_gw =   0.65323293948944450     
 mdl_vev =    246.21845810181637     
 mdl_vev__exp__2 =    60623.529110035903     
 mdl_lam =   0.11876576810517747     
 mdl_yb =   2.69955531549349870E-002
 mdl_yt =   0.99366614581500623     
 mdl_ytau =   1.02066167158167860E-002
 mdl_muH =    84.852813742385706     
 mdl_I1x33 =  ( 2.69955531549349870E-002,  0.0000000000000000     )
 mdl_I2x33 =  ( 0.99366614581500623     ,  0.0000000000000000     )
 mdl_I3x33 =  ( 0.99366614581500623     ,  0.0000000000000000     )
 mdl_I4x33 =  ( 2.69955531549349870E-002,  0.0000000000000000     )
 mdl_ee__exp__2 =   9.48355418931490085E-002
 mdl_sw__exp__2 =   0.22224652440361006     
 mdl_cw__exp__2 =   0.77775347559638996     
  Internal Params evaluated point by point
  ----------------------------------------
  
 mdl_sqrt__aS =   0.34351128178744839     
 mdl_G__exp__2 =    1.4828317414825511     
  Couplings of sm
  ---------------------------------
  
        GC_10 =  -0.12177E+01   0.00000E+00
        GC_11 =   0.00000E+00   0.12177E+01
       GC_100 =   0.00000E+00   0.46191E+00

 Collider parameters:
 --------------------

 Running at P P   machine @    13000.000000000000       GeV
 PDF set = nn23lo1
 alpha_s(Mz)= 0.1300 running at 2 loops.
 alpha_s(Mz)= 0.1300 running at 2 loops.
 Renormalization scale set on event-by-event basis
 Factorization   scale set on event-by-event basis


 getting user params
Enter number of events and max and min iterations: 
 Number of events and iterations         2000           9           3
Enter desired fractional accuracy: 
 Desired fractional accuracy:   -65.444000000000003     
Enter 0 for fixed, 2 for adjustable grid: 
Suppress amplitude (0 no, 1 yes)? 
 Using suppressed amplitude.
Exact helicity sum (0 yes, n = number/event)? 
 Explicitly summing over helicities
Enter Configuration Number: 
Running Configuration Number:    3
 Not subdividing B.W.
 Attempting mappinvarients           1           8
 Completed mapping           8
 about to integrate           16        2000           9           3          16           1
 Using non-zero grid deformation.
 16 dimensions   2000 events 16 invarients  9 iterations  1 config(s),  (0.99)
 Using h-tuple random number sequence.
 Error opening grid
 Using Uniform Grid!
 Using uniform alpha   1.0000000000000000     
 Grid defined OK
 Set CM energy to      13000.00
 Mapping Graph           3  to config           3
 Setting BW          -1           1   80.419003571204073     
 Setting BW          -2           2   172.00000000000000     
 Setting BW          -3           3   80.419003571204073     
 Setting BW          -4           4   172.00000000000000     
Setting grid   5    0.12786E-05   1
 Transforming s_hat 1/s           15  1.09391608200776463E-003
 Masses: 0.000E+00 0.000E+00 0.470E+01 0.470E+01 0.000E+00 0.000E+00 0.000E+00 0.000E+00
   3   1   2   3   4   5   6   7   8   9  10  11  12  13  14
  15  16
 Got moffset          26
Using random seed offsets     3 :      1
  with seed                    7
 Ranmar initialization seeds       10338        1220
  Particle       3       4       5       6       7       8
      Et >     0.0     0.0    10.0     0.0    20.0    20.0
       E >     0.0     0.0     0.0     0.0     0.0     0.0
     Eta <    -1.0    -1.0     2.5    -1.0     5.0     5.0
   xqcut:      0.0     0.0     0.0     0.0     0.0     0.0
d R # 3  >    -0.0     0.0     0.0     0.0     0.0     0.0
d R # 4  >    -0.0    -0.0     0.0     0.0     0.0     0.0
d R # 5  >    -0.0    -0.0    -0.0     0.0     0.0     0.0
d R # 6  >    -0.0    -0.0    -0.0    -0.0     0.0     0.0
d R # 7  >    -0.0    -0.0    -0.0    -0.0    -0.0     0.0
s min # 3>     0.0     0.0     0.0     0.0     0.0     0.0
s min # 4>     0.0     0.0     0.0     0.0     0.0     0.0
s min # 5>     0.0     0.0     0.0     0.0     0.0     0.0
s min # 6>     0.0     0.0     0.0     0.0     0.0     0.0
s min # 7>     0.0     0.0     0.0     0.0   400.0   400.0
xqcutij # 3>     0.0     0.0     0.0     0.0     0.0     0.0
xqcutij # 4>     0.0     0.0     0.0     0.0     0.0     0.0
xqcutij # 5>     0.0     0.0     0.0     0.0     0.0     0.0
xqcutij # 6>     0.0     0.0     0.0     0.0     0.0     0.0
xqcutij # 7>     0.0     0.0     0.0     0.0     0.0    20.0
 No cut BW           -1           1
 No cut BW           -2           2
 No cut BW           -3           3
 No cut BW           -4           4
 alpha_s for scale    259.28646952357047       is   0.11075726731778032     
 Added good helicity           10  1.74014891958550848E-002  in event            1
 Added good helicity           26   13.074028404040694       in event            1
 Added good helicity           42  2.17692651298154040E-006  in event            1
 Added good helicity           58  1.63556111456306737E-003  in event            1
 Added good helicity           74  0.14568081567080918       in event            1
 Added good helicity           90   109.45242102943975       in event            1
 Added good helicity          106  1.82246718368276631E-005  in event            1
 Added good helicity          122  1.36924992204552134E-002  in event            1
 Added good helicity          138  6.21235816658324003E-002  in event            1
 Added good helicity          154   46.674480679118901       in event            1
 Added good helicity          170  7.77166083244974979E-006  in event            1
 Added good helicity          186  5.83897810850698192E-003  in event            1
 Added good helicity          202  0.11503380057467223       in event            1
 Added good helicity          218   86.426808603038978       in event            1
 Added good helicity          234  1.43907298703885326E-005  in event            1
 Added good helicity          250  1.08119948219806087E-002  in event            1
 Added good helicity            6  1.72390604699696991E-002  in event            1
 Added good helicity           22   9.2699646488974690       in event            1
 Added good helicity           38  1.39373531619770495E-005  in event            1
 Added good helicity           54  7.49453668520914766E-003  in event            1
 Added good helicity           70  1.90842810953389778E-002  in event            1
 Added good helicity           86   10.262195634825433       in event            1
 Added good helicity          102  1.54291683083033880E-005  in event            1
 Added good helicity          118  8.29673084731125110E-003  in event            1
 Added good helicity          134  0.12903136449334845       in event            1
 Added good helicity          150   69.384070526115380       in event            1
 Added good helicity          166  1.04318660465766455E-004  in event            1
 Added good helicity          182  5.60953015057028478E-002  in event            1
 Added good helicity          198  0.30945283969744336       in event            1
 Added good helicity          214   166.40215918340471       in event            1
 Added good helicity          230  2.50184951862839555E-004  in event            1
 Added good helicity          246  0.13453202182883903       in event            1
 Iteration  1   Mean: 0.2602E+02 Abs mean: 0.2602E+02   Fluctuation:  0.103E+01   0.558E+03    31.4%
  1    0.2602E+02 0.2602E+02 +- 0.1029E+01      1.77
 Writing out events  4.60882344250405484E-003   1.7691423111829128     
 Relative summed weights:
  0.4698E+00  0.0000E+00  0.0000E+00  0.0000E+00
  0.0000E+00  0.0000E+00  0.5302E+00  0.0000E+00
 Relative number of events:
  0.4920E+00  0.0000E+00  0.0000E+00  0.0000E+00
  0.0000E+00  0.0000E+00  0.5080E+00  0.0000E+00
 Events:
         984           0           0           0
           0           0        1016           0
 Iteration  2   Mean: 0.2838E+02 Abs mean: 0.2838E+02   Fluctuation:  0.653E+00   0.135E+04    47.2%
  2    0.2838E+02 0.2838E+02 +- 0.6531E+00      1.46
 Relative summed weights:
  0.5065E+00  0.0000E+00  0.0000E+00  0.0000E+00
  0.0000E+00  0.0000E+00  0.4935E+00  0.0000E+00
 Relative number of events:
  0.4988E+00  0.0000E+00  0.0000E+00  0.0000E+00
  0.0000E+00  0.0000E+00  0.5012E+00  0.0000E+00
 Events:
        1995           0           0           0
           0           0        2005           0
 Iteration  3   Mean: 0.3200E+02 Abs mean: 0.3200E+02   Fluctuation:  0.345E+01   0.261E+05    52.2%
  3    0.3200E+02 0.3200E+02 +- 0.3453E+01      9.65
 Relative summed weights:
  0.4664E+00  0.0000E+00  0.0000E+00  0.0000E+00
  0.0000E+00  0.0000E+00  0.5336E+00  0.0000E+00
 Relative number of events:
  0.4976E+00  0.0000E+00  0.0000E+00  0.0000E+00
  0.0000E+00  0.0000E+00  0.5024E+00  0.0000E+00
 Events:
        3981           0           0           0
           0           0        4019           0
 Found         1466  events.
 Wrote            6  events.
 Actual xsec    27.923281749560335     
 Correct abs xsec    27.923281749560335     
 Event xsec    27.923281749560331     
 Events wgts > 1:            0
 % Cross section > 1:    0.0000000000000000        0.0000000000000000     
 Checking number of events   1827.4112508182266                6  chi2:    2.6483317391614243     
 Found         1466  events.
 Wrote            5  events.
 Actual xsec    27.923281749560335     
 Correct abs xsec    27.923281749560335     
 Event xsec    27.923281749560338     
 Events wgts > 1:            0
 % Cross section > 1:    0.0000000000000000        0.0000000000000000     
 Iteration  4   Mean: 0.3783E+02 Abs mean: 0.3783E+02   Fluctuation:  0.326E+01   0.324E+05    56.2%
  4    0.3783E+02 0.3783E+02 +- 0.3262E+01     10.91
 Relative summed weights:
  0.4801E+00  0.0000E+00  0.0000E+00  0.0000E+00
  0.0000E+00  0.0000E+00  0.5199E+00  0.0000E+00
 Relative number of events:
  0.5020E+00  0.0000E+00  0.0000E+00  0.0000E+00
  0.0000E+00  0.0000E+00  0.4980E+00  0.0000E+00
 Events:
        8032           0           0           0
           0           0        7968           0
 Found         2517  events.
 Wrote           20  events.
 Actual xsec    29.130698560140342     
 Correct abs xsec    29.130698560140342     
 Event xsec    29.130698560140328     
 Events wgts > 1:            1
 % Cross section > 1:   0.23902967362542982       0.82054219582806454     
 Checking number of events   1906.4294365698247               20  chi2:    4.5559853975937887     
 Found         2517  events.
 Wrote           26  events.
 Actual xsec    29.130698560140342     
 Correct abs xsec    29.130698560140342     
 Event xsec    29.130698560140342     
 Events wgts > 1:            1
 % Cross section > 1:   0.18421780698229662       0.63238376038933253     
 Iteration  5   Mean: 0.4143E+02 Abs mean: 0.4143E+02   Fluctuation:  0.108E+01   0.690E+04    56.2%
  5    0.4143E+02 0.4143E+02 +- 0.1079E+01      4.66
 Relative summed weights:
  0.5056E+00  0.0000E+00  0.0000E+00  0.0000E+00
  0.0000E+00  0.0000E+00  0.4944E+00  0.0000E+00
 Relative number of events:
  0.5009E+00  0.0000E+00  0.0000E+00  0.0000E+00
  0.0000E+00  0.0000E+00  0.4991E+00  0.0000E+00
 Events:
       16030           0           0           0
           0           0       15970           0
 Found         4523  events.
 Wrote          289  events.
 Actual xsec    40.664712986007096     
 Correct abs xsec    40.664712986007096     
 Event xsec    40.664712986007160     
 Events wgts > 1:           11
 % Cross section > 1:   0.40168047362220038       0.98778632412927569     
 Checking number of events   2661.2614766562483              289  chi2:    3.7751050700431326     
 Found         4523  events.
 Wrote          283  events.
 Actual xsec    40.664712986007096     
 Correct abs xsec    40.664712986007096     
 Event xsec    40.664712986007309     
 Events wgts > 1:           11
 % Cross section > 1:   0.41011078009759167        1.0085175819111534     
 Iteration  6   Mean: 0.4066E+02 Abs mean: 0.4066E+02   Fluctuation:  0.428E+00   0.383E+04    56.1%
  6    0.4066E+02 0.4066E+02 +- 0.4285E+00      2.67
 Relative summed weights:
  0.5061E+00  0.0000E+00  0.0000E+00  0.0000E+00
  0.0000E+00  0.0000E+00  0.4939E+00  0.0000E+00
 Relative number of events:
  0.5007E+00  0.0000E+00  0.0000E+00  0.0000E+00
  0.0000E+00  0.0000E+00  0.4993E+00  0.0000E+00
 Events:
       32042           0           0           0
           0           0       31958           0
 Found         9012  events.
 Wrote         1805  events.
 Actual xsec    40.732633620867205     
 Correct abs xsec    40.732633620867205     
 Event xsec    40.732633620865435     
 Events wgts > 1:           66
 % Cross section > 1:   0.40015694819659947       0.98239890875020086     
 Checking number of events   2665.7064746840333             1805  chi2:   0.61833779395447208     
 Found         9012  events.
 Wrote         1765  events.
 Actual xsec    40.732633620867205     
 Correct abs xsec    40.732633620867205     
 Event xsec    40.732633620867368     
 Events wgts > 1:           66
 % Cross section > 1:   0.40913457119113467        1.0044392783420089     
 Iteration  7   Mean: 0.4061E+02 Abs mean: 0.4061E+02   Fluctuation:  0.199E+00   0.312E+04    56.5%
  7    0.4061E+02 0.4061E+02 +- 0.1994E+00      1.76
 Exceeded boost           5          95   128000.00    
 Relative summed weights:
  0.5040E+00  0.0000E+00  0.0000E+00  0.0000E+00
  0.0000E+00  0.0000E+00  0.4960E+00  0.0000E+00
 Relative number of events:
  0.4999E+00  0.0000E+00  0.0000E+00  0.0000E+00
  0.0000E+00  0.0000E+00  0.5001E+00  0.0000E+00
 Events:
       63985           0           0           0
           0           0       64015           0
 Found        20844  events.
 Wrote         9651  events.
 Actual xsec    40.640125703039281     
 Correct abs xsec    40.640125703039281     
 Event xsec    40.640125703033029     
 Events wgts > 1:          336
 % Cross section > 1:   0.40537412425115066       0.99747261416786670     
 Checking number of events   2659.6523865097029             9651  chi2:   0.28162794696755844     

 -------------------------------------------------------------------------------
 Accumulated results:   Integral =  0.4003E+02
                        Std dev  =  0.1711E+00
                       Cross sec =  0.4246E+02
             Chi**2 per DoF.     =
-------------------------------------------------
---------------------------
 Results Last   3 iters: Integral =   0.4064E+02
                     Abs integral =   0.4064E+02
                          Std dev =   0.1783E+00
                  Chi**2 per DoF. =      0.2816
-------------------------------------------------
---------------------------
 Status  -65.444000000000003                8           9
 We found enough events        9651   2659.6523865097029     

ls status:
events.lhe
ftn25
ftn26
input_sg.txt
moffset.dat
results.dat
run1_app.log
