 Process in group number            0
 A PDF is used, so alpha_s(MZ) is going to be modified
 Old value of alpha_s from param_card:   0.11800000071525575     
  ****************************************
 
       NNPDFDriver version 1.0.3
   Grid: NNPDF23_lo_as_0130_qed_mem0.grid
  ****************************************
 New value of alpha_s from PDF nn23lo1:  0.13000000000000000     
 Warning! ptj set to xqcut=   20.000000000000000       to improve integration efficiency
 Note that this might affect non-radiated jets,
 e.g. from decays. Use cut_decays=F in run_card.
 Warning! mmjj set to xqcut=   20.000000000000000       to improve integration efficiency
 Note that this might affect non-radiated jets,
 e.g. from decays. Use cut_decays=F in run_card.
 Warning! drjl > 0 with xqcut > 0, set to 0
 *****************************************************
 *               MadGraph/MadEvent                   *
 *        --------------------------------           *
 *          http://madgraph.hep.uiuc.edu             *
 *          http://madgraph.phys.ucl.ac.be           *
 *          http://madgraph.roma2.infn.it            *
 *        --------------------------------           *
 *                                                   *
 *          PARAMETER AND COUPLING VALUES            *
 *                                                   *
 *****************************************************

  External Params
  ---------------------------------
  
 aEWM1 =    132.50697326660156     
 mdl_Gf =   1.16639000000000003E-005
 aS =   0.11800000071525575     
 mdl_ymb =    4.6999998092651367     
 mdl_ymt =    173.00000000000000     
 mdl_ymtau =    1.7769999504089355     
 mdl_MZ =    91.188003540039063     
 mdl_MT =    172.00000000000000     
 mdl_MB =    4.6999998092651367     
 mdl_MH =    120.00000000000000     
 mdl_MTA =    1.7769999504089355     
 mdl_WZ =    2.4414036273956299     
 mdl_WW =    2.0475995540618896     
 mdl_WT =    1.4394782781600952     
 mdl_WH =   5.75308827683329582E-003
  Internal Params
  ---------------------------------
  
 mdl_conjg__CKM3x3 =    1.0000000000000000     
 mdl_CKM3x3 =    1.0000000000000000     
 mdl_conjg__CKM1x1 =    1.0000000000000000     
 mdl_complexi =  (  0.0000000000000000     ,  1.0000000000000000     )
 mdl_MZ__exp__2 =    8315.2519896181766     
 mdl_MZ__exp__4 =    69143415.650849044     
 mdl_sqrt__2 =    1.4142135623730951     
 mdl_MH__exp__2 =    14400.000000000000     
 mdl_aEW =   7.54677263654659602E-003
 mdl_MW =    80.419003571204073     
 mdl_sqrt__aEW =   8.68721626100478483E-002
 mdl_ee =   0.30795379830933894     
 mdl_MW__exp__2 =    6467.2161353853335     
 mdl_sw2 =   0.22224652440361004     
 mdl_cw =   0.88190332553879736     
 mdl_sqrt__sw2 =   0.47143029644223128     
 mdl_sw =   0.47143029644223128     
 mdl_g1 =   0.34919224068147731     
 mdl_gw =   0.65323293948944450     
 mdl_vev =    246.21845810181637     
 mdl_vev__exp__2 =    60623.529110035903     
 mdl_lam =   0.11876576810517747     
 mdl_yb =   2.69955531549349870E-002
 mdl_yt =   0.99366614581500623     
 mdl_ytau =   1.02066167158167860E-002
 mdl_muH =    84.852813742385706     
 mdl_I1x33 =  ( 2.69955531549349870E-002,  0.0000000000000000     )
 mdl_I2x33 =  ( 0.99366614581500623     ,  0.0000000000000000     )
 mdl_I3x33 =  ( 0.99366614581500623     ,  0.0000000000000000     )
 mdl_I4x33 =  ( 2.69955531549349870E-002,  0.0000000000000000     )
 mdl_ee__exp__2 =   9.48355418931490085E-002
 mdl_sw__exp__2 =   0.22224652440361006     
 mdl_cw__exp__2 =   0.77775347559638996     
  Internal Params evaluated point by point
  ----------------------------------------
  
 mdl_sqrt__aS =   0.34351128178744839     
 mdl_G__exp__2 =    1.4828317414825511     
  Couplings of sm
  ---------------------------------
  
        GC_10 =  -0.12177E+01   0.00000E+00
        GC_11 =   0.00000E+00   0.12177E+01
       GC_100 =   0.00000E+00   0.46191E+00

 Collider parameters:
 --------------------

 Running at P P   machine @    13000.000000000000       GeV
 PDF set = nn23lo1
 alpha_s(Mz)= 0.1300 running at 2 loops.
 alpha_s(Mz)= 0.1300 running at 2 loops.
 Renormalization scale set on event-by-event basis
 Factorization   scale set on event-by-event basis


 getting user params
Enter number of events and max and min iterations: 
 Number of events and iterations         2000           9           3
Enter desired fractional accuracy: 
 Desired fractional accuracy:   -65.444000000000003     
Enter 0 for fixed, 2 for adjustable grid: 
Suppress amplitude (0 no, 1 yes)? 
 Using suppressed amplitude.
Exact helicity sum (0 yes, n = number/event)? 
 Explicitly summing over helicities
Enter Configuration Number: 
Running Configuration Number:    2
 Not subdividing B.W.
 Attempting mappinvarients           1           8
 Completed mapping           8
 about to integrate           16        2000           9           3          16           1
 Using non-zero grid deformation.
 16 dimensions   2000 events 16 invarients  9 iterations  1 config(s),  (0.99)
 Using h-tuple random number sequence.
 Error opening grid
 Using Uniform Grid!
 Using uniform alpha   1.0000000000000000     
 Grid defined OK
 Set CM energy to      13000.00
 Mapping Graph           2  to config           2
 Setting BW          -1           1   80.419003571204073     
 Setting BW          -2           2   172.00000000000000     
 Setting BW          -3           3   80.419003571204073     
 Setting BW          -4           4   172.00000000000000     
Setting grid   5    0.12786E-05   1
 Transforming s_hat 1/s           15  1.09391608200776463E-003
 Masses: 0.000E+00 0.000E+00 0.470E+01 0.470E+01 0.000E+00 0.000E+00 0.000E+00 0.000E+00
   2   1   2   3   4   5   6   7   8   9  10  11  12  13  14
  15  16
 Got moffset          14
Using random seed offsets     2 :      1
  with seed                    7
 Ranmar initialization seeds       10337       23498
  Particle       3       4       5       6       7       8
      Et >     0.0     0.0    10.0     0.0    20.0    20.0
       E >     0.0     0.0     0.0     0.0     0.0     0.0
     Eta <    -1.0    -1.0     2.5    -1.0     5.0     5.0
   xqcut:      0.0     0.0     0.0     0.0     0.0     0.0
d R # 3  >    -0.0     0.0     0.0     0.0     0.0     0.0
d R # 4  >    -0.0    -0.0     0.0     0.0     0.0     0.0
d R # 5  >    -0.0    -0.0    -0.0     0.0     0.0     0.0
d R # 6  >    -0.0    -0.0    -0.0    -0.0     0.0     0.0
d R # 7  >    -0.0    -0.0    -0.0    -0.0    -0.0     0.0
s min # 3>     0.0     0.0     0.0     0.0     0.0     0.0
s min # 4>     0.0     0.0     0.0     0.0     0.0     0.0
s min # 5>     0.0     0.0     0.0     0.0     0.0     0.0
s min # 6>     0.0     0.0     0.0     0.0     0.0     0.0
s min # 7>     0.0     0.0     0.0     0.0   400.0   400.0
xqcutij # 3>     0.0     0.0     0.0     0.0     0.0     0.0
xqcutij # 4>     0.0     0.0     0.0     0.0     0.0     0.0
xqcutij # 5>     0.0     0.0     0.0     0.0     0.0     0.0
xqcutij # 6>     0.0     0.0     0.0     0.0     0.0     0.0
xqcutij # 7>     0.0     0.0     0.0     0.0     0.0    20.0
 No cut BW           -1           1
 No cut BW           -2           2
 No cut BW           -3           3
 No cut BW           -4           4
 alpha_s for scale    304.81612968517152       is   0.10828575385770990     
 Added good helicity           10  6.78966428504724009E-003  in event            1
 Added good helicity           26   7.2937316851393845       in event            1
 Added good helicity           42  1.00182019367152031E-004  in event            1
 Added good helicity           58  0.10761957267145791       in event            1
 Added good helicity           74  1.98418866081989491E-002  in event            1
 Added good helicity           90   21.314956229261707       in event            1
 Added good helicity          106  2.92768564837752633E-004  in event            1
 Added good helicity          122  0.31450382053095016       in event            1
 Added good helicity          138  1.08175163697312171E-002  in event            1
 Added good helicity          154   11.620613124301695       in event            1
 Added good helicity          170  1.59613287043300551E-004  in event            1
 Added good helicity          186  0.17146304149982977       in event            1
 Added good helicity          202  0.19717532367464422       in event            1
 Added good helicity          218   211.81369879812229       in event            1
 Added good helicity          234  2.90933708439755764E-003  in event            1
 Added good helicity          250   3.1253274365794148       in event            1
 Added good helicity            6  3.28954667144917626E-002  in event            1
 Added good helicity           22   2.1166247401750420       in event            1
 Added good helicity           38  7.79341131950471292E-005  in event            1
 Added good helicity           54  5.01458980728091645E-003  in event            1
 Added good helicity           70  0.97636054564423458       in event            1
 Added good helicity           86   62.822908219477597       in event            1
 Added good helicity          102  2.31313919160462114E-003  in event            1
 Added good helicity          118  0.14883654586551129       in event            1
 Added good helicity          134   2.8499575200146103       in event            1
 Added good helicity          150   183.37756529392450       in event            1
 Added good helicity          166  6.75196111043613583E-003  in event            1
 Added good helicity          182  0.43444794552049798       in event            1
 Added good helicity          198  4.92565877971617855E-002  in event            1
 Added good helicity          214   3.1693641331480906       in event            1
 Added good helicity          230  1.16695972800857060E-004  in event            1
 Added good helicity          246  7.50868152298548707E-003  in event            1
 Iteration  1   Mean: 0.2876E+02 Abs mean: 0.2876E+02   Fluctuation:  0.114E+01   0.588E+03    32.6%
  1    0.2876E+02 0.2876E+02 +- 0.1140E+01      1.77
 Writing out events  4.89929341013571953E-003   1.7731866034266393     
 Relative summed weights:
  0.4646E+00  0.0000E+00  0.0000E+00  0.0000E+00
  0.0000E+00  0.0000E+00  0.5354E+00  0.0000E+00
 Relative number of events:
  0.4725E+00  0.0000E+00  0.0000E+00  0.0000E+00
  0.0000E+00  0.0000E+00  0.5275E+00  0.0000E+00
 Events:
         945           0           0           0
           0           0        1055           0
 Iteration  2   Mean: 0.2756E+02 Abs mean: 0.2756E+02   Fluctuation:  0.552E+00   0.251E+03    47.4%
  2    0.2756E+02 0.2756E+02 +- 0.5517E+00      1.27
 Relative summed weights:
  0.5085E+00  0.0000E+00  0.0000E+00  0.0000E+00
  0.0000E+00  0.0000E+00  0.4915E+00  0.0000E+00
 Relative number of events:
  0.5065E+00  0.0000E+00  0.0000E+00  0.0000E+00
  0.0000E+00  0.0000E+00  0.4935E+00  0.0000E+00
 Events:
        2026           0           0           0
           0           0        1974           0
 Iteration  3   Mean: 0.4878E+02 Abs mean: 0.4878E+02   Fluctuation:  0.126E+02   0.895E+05    53.3%
  3    0.4878E+02 0.4878E+02 +- 0.1263E+02     23.16
 Relative summed weights:
  0.6483E+00  0.0000E+00  0.0000E+00  0.0000E+00
  0.0000E+00  0.0000E+00  0.3517E+00  0.0000E+00
 Relative number of events:
  0.4963E+00  0.0000E+00  0.0000E+00  0.0000E+00
  0.0000E+00  0.0000E+00  0.5038E+00  0.0000E+00
 Events:
        3970           0           0           0
           0           0        4030           0
 Found         1475  events.
 Wrote            3  events.
 Actual xsec    27.903528931785182     
 Correct abs xsec    27.903528931785182     
 Event xsec    27.903528931785182     
 Events wgts > 1:            1
 % Cross section > 1:   3.56486260955080070E-007  1.27756694082160734E-006
 Checking number of events   1826.1185474117494                3  chi2:    1.8394816377905030     
 Found         1475  events.
 Wrote            2  events.
 Actual xsec    27.903528931785182     
 Correct abs xsec    27.903528931785182     
 Event xsec    27.903528931785182     
 Events wgts > 1:            1
 % Cross section > 1:   5.34729389656263265E-007  1.91635040486634579E-006
 Iteration  4   Mean: 0.3769E+02 Abs mean: 0.3769E+02   Fluctuation:  0.290E+01   0.259E+05    56.3%
  4    0.3769E+02 0.3769E+02 +- 0.2901E+01      9.73
 Relative summed weights:
  0.4096E+00  0.0000E+00  0.0000E+00  0.0000E+00
  0.0000E+00  0.0000E+00  0.5904E+00  0.0000E+00
 Relative number of events:
  0.4983E+00  0.0000E+00  0.0000E+00  0.0000E+00
  0.0000E+00  0.0000E+00  0.5018E+00  0.0000E+00
 Events:
        7972           0           0           0
           0           0        8028           0
 Found         1719  events.
 Wrote           21  events.
 Actual xsec    28.317332773231271     
 Correct abs xsec    28.317332773231271     
 Event xsec    28.317332773231279     
 Events wgts > 1:            2
 % Cross section > 1:   6.62335741041524262E-002  0.23389764366071875     
 Checking number of events   1853.1995260113474               21  chi2:    7.4739120082123582     
 Found         1719  events.
 Wrote           23  events.
 Actual xsec    28.317332773231271     
 Correct abs xsec    28.317332773231271     
 Event xsec    28.317332773231282     
 Events wgts > 1:            2
 % Cross section > 1:   6.04864351687126600E-002  0.21360216250977995     
 Iteration  5   Mean: 0.3833E+02 Abs mean: 0.3833E+02   Fluctuation:  0.157E+01   0.236E+05    56.0%
  5    0.3833E+02 0.3833E+02 +- 0.1565E+01      7.31
 Relative summed weights:
  0.4938E+00  0.0000E+00  0.0000E+00  0.0000E+00
  0.0000E+00  0.0000E+00  0.5062E+00  0.0000E+00
 Relative number of events:
  0.4923E+00  0.0000E+00  0.0000E+00  0.0000E+00
  0.0000E+00  0.0000E+00  0.5077E+00  0.0000E+00
 Events:
       15753           0           0           0
           0           0       16247           0
 Found         4276  events.
 Wrote           56  events.
 Actual xsec    38.392753841075752     
 Correct abs xsec    38.392753841075752     
 Event xsec    38.392753841075773     
 Events wgts > 1:            2
 % Cross section > 1:   0.15676675282241670       0.40832380368270055     
 Checking number of events   2512.5753823753616               56  chi2:   0.36809622817803750     
 Found         4276  events.
 Wrote           66  events.
 Actual xsec    38.392753841075752     
 Correct abs xsec    38.392753841075752     
 Event xsec    38.392753841075830     
 Events wgts > 1:            2
 % Cross section > 1:   0.13309655768673512       0.34667103651298153     
 Iteration  6   Mean: 0.4036E+02 Abs mean: 0.4036E+02   Fluctuation:  0.665E+00   0.990E+04    56.9%
  6    0.4036E+02 0.4036E+02 +- 0.6648E+00      4.17
 Relative summed weights:
  0.5068E+00  0.0000E+00  0.0000E+00  0.0000E+00
  0.0000E+00  0.0000E+00  0.4932E+00  0.0000E+00
 Relative number of events:
  0.5011E+00  0.0000E+00  0.0000E+00  0.0000E+00
  0.0000E+00  0.0000E+00  0.4989E+00  0.0000E+00
 Events:
       32068           0           0           0
           0           0       31932           0
 Found         8972  events.
 Wrote          623  events.
 Actual xsec    39.981961570900864     
 Correct abs xsec    39.981961570900864     
 Event xsec    39.981961570900999     
 Events wgts > 1:           18
 % Cross section > 1:   0.37933940969205615       0.94877638511898477     
 Checking number of events   2616.5794930460361              623  chi2:    1.0250470134446243     
 Found         8972  events.
 Wrote          602  events.
 Actual xsec    39.981961570900864     
 Correct abs xsec    39.981961570900864     
 Event xsec    39.981961570900921     
 Events wgts > 1:           18
 % Cross section > 1:   0.39244229375776507       0.98154837416327911     
 Iteration  7   Mean: 0.4053E+02 Abs mean: 0.4053E+02   Fluctuation:  0.262E+00   0.310E+04    57.0%
  7    0.4053E+02 0.4053E+02 +- 0.2623E+00      2.32
 Relative summed weights:
  0.4962E+00  0.0000E+00  0.0000E+00  0.0000E+00
  0.0000E+00  0.0000E+00  0.5038E+00  0.0000E+00
 Relative number of events:
  0.4990E+00  0.0000E+00  0.0000E+00  0.0000E+00
  0.0000E+00  0.0000E+00  0.5010E+00  0.0000E+00
 Events:
       63870           0           0           0
           0           0       64130           0
 Found        19215  events.
 Wrote         4828  events.
 Actual xsec    40.458976239038478     
 Correct abs xsec    40.458976239038478     
 Event xsec    40.458976239037767     
 Events wgts > 1:          163
 % Cross section > 1:   0.40299124136249415       0.99604903243611687     
 Checking number of events   2647.7972409876343             4828  chi2:   0.97023757372430686     

 -------------------------------------------------------------------------------
 Accumulated results:   Integral =  0.3919E+02
                        Std dev  =  0.2209E+00
                       Cross sec =  0.4957E+02
             Chi**2 per DoF.     =
-------------------------------------------------
---------------------------
 Results Last   3 iters: Integral =   0.4046E+02
                     Abs integral =   0.4046E+02
                          Std dev =   0.2411E+00
                  Chi**2 per DoF. =      0.9702
-------------------------------------------------
---------------------------
 Status  -65.444000000000003                8           9
 We found enough events        4828   2647.7972409876343     

ls status:
events.lhe
ftn25
ftn26
input_sg.txt
moffset.dat
results.dat
run1_app.log
