 Process in group number            0
 A PDF is used, so alpha_s(MZ) is going to be modified
 Old value of alpha_s from param_card:   0.11800000071525575     
  ****************************************
 
       NNPDFDriver version 1.0.3
   Grid: NNPDF23_lo_as_0130_qed_mem0.grid
  ****************************************
 New value of alpha_s from PDF nn23lo1:  0.13000000000000000     
 Warning! ptj set to xqcut=   20.000000000000000       to improve integration efficiency
 Note that this might affect non-radiated jets,
 e.g. from decays. Use cut_decays=F in run_card.
 Warning! mmjj set to xqcut=   20.000000000000000       to improve integration efficiency
 Note that this might affect non-radiated jets,
 e.g. from decays. Use cut_decays=F in run_card.
 Warning! drjl > 0 with xqcut > 0, set to 0
 *****************************************************
 *               MadGraph/MadEvent                   *
 *        --------------------------------           *
 *          http://madgraph.hep.uiuc.edu             *
 *          http://madgraph.phys.ucl.ac.be           *
 *          http://madgraph.roma2.infn.it            *
 *        --------------------------------           *
 *                                                   *
 *          PARAMETER AND COUPLING VALUES            *
 *                                                   *
 *****************************************************

  External Params
  ---------------------------------
  
 aEWM1 =    132.50697326660156     
 mdl_Gf =   1.16639000000000003E-005
 aS =   0.11800000071525575     
 mdl_ymb =    4.6999998092651367     
 mdl_ymt =    173.00000000000000     
 mdl_ymtau =    1.7769999504089355     
 mdl_MZ =    91.188003540039063     
 mdl_MT =    172.00000000000000     
 mdl_MB =    4.6999998092651367     
 mdl_MH =    120.00000000000000     
 mdl_MTA =    1.7769999504089355     
 mdl_WZ =    2.4414036273956299     
 mdl_WW =    2.0475995540618896     
 mdl_WT =    1.4394782781600952     
 mdl_WH =   5.75308827683329582E-003
  Internal Params
  ---------------------------------
  
 mdl_conjg__CKM3x3 =    1.0000000000000000     
 mdl_CKM3x3 =    1.0000000000000000     
 mdl_conjg__CKM1x1 =    1.0000000000000000     
 mdl_complexi =  (  0.0000000000000000     ,  1.0000000000000000     )
 mdl_MZ__exp__2 =    8315.2519896181766     
 mdl_MZ__exp__4 =    69143415.650849044     
 mdl_sqrt__2 =    1.4142135623730951     
 mdl_MH__exp__2 =    14400.000000000000     
 mdl_aEW =   7.54677263654659602E-003
 mdl_MW =    80.419003571204073     
 mdl_sqrt__aEW =   8.68721626100478483E-002
 mdl_ee =   0.30795379830933894     
 mdl_MW__exp__2 =    6467.2161353853335     
 mdl_sw2 =   0.22224652440361004     
 mdl_cw =   0.88190332553879736     
 mdl_sqrt__sw2 =   0.47143029644223128     
 mdl_sw =   0.47143029644223128     
 mdl_g1 =   0.34919224068147731     
 mdl_gw =   0.65323293948944450     
 mdl_vev =    246.21845810181637     
 mdl_vev__exp__2 =    60623.529110035903     
 mdl_lam =   0.11876576810517747     
 mdl_yb =   2.69955531549349870E-002
 mdl_yt =   0.99366614581500623     
 mdl_ytau =   1.02066167158167860E-002
 mdl_muH =    84.852813742385706     
 mdl_I1x33 =  ( 2.69955531549349870E-002,  0.0000000000000000     )
 mdl_I2x33 =  ( 0.99366614581500623     ,  0.0000000000000000     )
 mdl_I3x33 =  ( 0.99366614581500623     ,  0.0000000000000000     )
 mdl_I4x33 =  ( 2.69955531549349870E-002,  0.0000000000000000     )
 mdl_ee__exp__2 =   9.48355418931490085E-002
 mdl_sw__exp__2 =   0.22224652440361006     
 mdl_cw__exp__2 =   0.77775347559638996     
  Internal Params evaluated point by point
  ----------------------------------------
  
 mdl_sqrt__aS =   0.34351128178744839     
 mdl_G__exp__2 =    1.4828317414825511     
  Couplings of sm
  ---------------------------------
  
        GC_10 =  -0.12177E+01   0.00000E+00
        GC_11 =   0.00000E+00   0.12177E+01
       GC_100 =   0.00000E+00   0.46191E+00

 Collider parameters:
 --------------------

 Running at P P   machine @    13000.000000000000       GeV
 PDF set = nn23lo1
 alpha_s(Mz)= 0.1300 running at 2 loops.
 alpha_s(Mz)= 0.1300 running at 2 loops.
 Renormalization scale set on event-by-event basis
 Factorization   scale set on event-by-event basis


 getting user params
Enter number of events and max and min iterations: 
 Number of events and iterations         2000           9           3
Enter desired fractional accuracy: 
 Desired fractional accuracy:   -65.444000000000003     
Enter 0 for fixed, 2 for adjustable grid: 
Suppress amplitude (0 no, 1 yes)? 
 Using suppressed amplitude.
Exact helicity sum (0 yes, n = number/event)? 
 Explicitly summing over helicities
Enter Configuration Number: 
Running Configuration Number:    3
 Not subdividing B.W.
 Attempting mappinvarients           1           8
 Completed mapping           8
 about to integrate           16        2000           9           3          16           1
 Using non-zero grid deformation.
 16 dimensions   2000 events 16 invarients  9 iterations  1 config(s),  (0.99)
 Using h-tuple random number sequence.
 Error opening grid
 Using Uniform Grid!
 Using uniform alpha   1.0000000000000000     
 Grid defined OK
 Set CM energy to      13000.00
 Mapping Graph           3  to config           3
 Setting BW          -1           1   80.419003571204073     
 Setting BW          -2           2   172.00000000000000     
 Setting BW          -3           3   80.419003571204073     
 Setting BW          -4           4   172.00000000000000     
Setting grid   5    0.12786E-05   1
 Transforming s_hat 1/s           15  1.09391608200776463E-003
 Masses: 0.000E+00 0.000E+00 0.470E+01 0.470E+01 0.000E+00 0.000E+00 0.000E+00 0.000E+00
   3   1   2   3   4   5   6   7   8   9  10  11  12  13  14
  15  16
 Got moffset           9
Using random seed offsets     3 :      1
  with seed                    7
 Ranmar initialization seeds       10338        7713
  Particle       3       4       5       6       7       8
      Et >     0.0     0.0    10.0     0.0    20.0    20.0
       E >     0.0     0.0     0.0     0.0     0.0     0.0
     Eta <    -1.0    -1.0     2.5    -1.0     5.0     5.0
   xqcut:      0.0     0.0     0.0     0.0     0.0     0.0
d R # 3  >    -0.0     0.0     0.0     0.0     0.0     0.0
d R # 4  >    -0.0    -0.0     0.0     0.0     0.0     0.0
d R # 5  >    -0.0    -0.0    -0.0     0.0     0.0     0.0
d R # 6  >    -0.0    -0.0    -0.0    -0.0     0.0     0.0
d R # 7  >    -0.0    -0.0    -0.0    -0.0    -0.0     0.0
s min # 3>     0.0     0.0     0.0     0.0     0.0     0.0
s min # 4>     0.0     0.0     0.0     0.0     0.0     0.0
s min # 5>     0.0     0.0     0.0     0.0     0.0     0.0
s min # 6>     0.0     0.0     0.0     0.0     0.0     0.0
s min # 7>     0.0     0.0     0.0     0.0   400.0   400.0
xqcutij # 3>     0.0     0.0     0.0     0.0     0.0     0.0
xqcutij # 4>     0.0     0.0     0.0     0.0     0.0     0.0
xqcutij # 5>     0.0     0.0     0.0     0.0     0.0     0.0
xqcutij # 6>     0.0     0.0     0.0     0.0     0.0     0.0
xqcutij # 7>     0.0     0.0     0.0     0.0     0.0    20.0
 No cut BW           -1           1
 No cut BW           -2           2
 No cut BW           -3           3
 No cut BW           -4           4
 alpha_s for scale    228.49481742978139       is   0.11277036623453701     
 Added good helicity           10  7.78887811362026367E-002  in event            1
 Added good helicity           26   32.548480588131234       in event            1
 Added good helicity           42  1.54808482288650462E-004  in event            1
 Added good helicity           58  6.46919980919842402E-002  in event            1
 Added good helicity           74  0.10511488594348589       in event            1
 Added good helicity           90   43.925835977229681       in event            1
 Added good helicity          106  2.08921948982613019E-004  in event            1
 Added good helicity          122  8.73051536010549661E-002  in event            1
 Added good helicity          138  9.91019183760654676E-002  in event            1
 Added good helicity          154   41.413112639025101       in event            1
 Added good helicity          170  1.96970826246009253E-004  in event            1
 Added good helicity          186  8.23109698338382462E-002  in event            1
 Added good helicity          202  0.32782975202498726       in event            1
 Added good helicity          218   136.99482986308527       in event            1
 Added good helicity          234  6.51580697755507038E-004  in event            1
 Added good helicity          250  0.27228519156578079       in event            1
 Added good helicity            6  2.29733422441055664E-002  in event            1
 Added good helicity           22   70.502750027752143       in event            1
 Added good helicity           38  2.71778578155693953E-005  in event            1
 Added good helicity           54  8.34059622453285215E-002  in event            1
 Added good helicity           70  2.45071062796267539E-003  in event            1
 Added good helicity           86   7.5209709130564111       in event            1
 Added good helicity          102  2.89923269701708131E-006  in event            1
 Added good helicity          118  8.89743755776443296E-003  in event            1
 Added good helicity          134  5.65756300786178362E-002  in event            1
 Added good helicity          150   173.62460641175147       in event            1
 Added good helicity          166  6.69299405269358291E-005  in event            1
 Added good helicity          182  0.20540088665390005       in event            1
 Added good helicity          198  1.29228519015846602E-003  in event            1
 Added good helicity          214   3.9658861456992991       in event            1
 Added good helicity          230  1.52879553972188753E-006  in event            1
 Added good helicity          246  4.69171131632827726E-003  in event            1
 Iteration  1   Mean: 0.2767E+02 Abs mean: 0.2767E+02   Fluctuation:  0.125E+01   0.142E+04    32.1%
  1    0.2767E+02 0.2767E+02 +- 0.1252E+01      2.02
 Writing out events  4.79215652329746666E-003   2.0242011282544996     
 Relative summed weights:
  0.4755E+00  0.0000E+00  0.0000E+00  0.0000E+00
  0.0000E+00  0.0000E+00  0.5245E+00  0.0000E+00
 Relative number of events:
  0.5065E+00  0.0000E+00  0.0000E+00  0.0000E+00
  0.0000E+00  0.0000E+00  0.4935E+00  0.0000E+00
 Events:
        1013           0           0           0
           0           0         987           0
 Iteration  2   Mean: 0.3879E+02 Abs mean: 0.3879E+02   Fluctuation:  0.110E+02   0.441E+05    47.7%
  2    0.3879E+02 0.3879E+02 +- 0.1103E+02     17.99
 Relative summed weights:
  0.6440E+00  0.0000E+00  0.0000E+00  0.0000E+00
  0.0000E+00  0.0000E+00  0.3560E+00  0.0000E+00
 Relative number of events:
  0.5050E+00  0.0000E+00  0.0000E+00  0.0000E+00
  0.0000E+00  0.0000E+00  0.4950E+00  0.0000E+00
 Events:
        2020           0           0           0
           0           0        1980           0
 Iteration  3   Mean: 0.4375E+02 Abs mean: 0.4375E+02   Fluctuation:  0.101E+02   0.750E+05    53.7%
  3    0.4375E+02 0.4375E+02 +- 0.1008E+02     20.62
 Relative summed weights:
  0.5905E+00  0.0000E+00  0.0000E+00  0.0000E+00
  0.0000E+00  0.0000E+00  0.4095E+00  0.0000E+00
 Relative number of events:
  0.4991E+00  0.0000E+00  0.0000E+00  0.0000E+00
  0.0000E+00  0.0000E+00  0.5009E+00  0.0000E+00
 Events:
        3993           0           0           0
           0           0        4007           0
 Found         1096  events.
 Wrote            3  events.
 Actual xsec    28.516940433194186     
 Correct abs xsec    28.516940433194186     
 Event xsec    28.516940433194186     
 Events wgts > 1:            1
 % Cross section > 1:   2.29413219088314690E-007  8.04480479333869688E-007
 Checking number of events   1866.2626497099604                3  chi2:    1.8038977165461720     
 Found         1096  events.
 Wrote            3  events.
 Actual xsec    28.516940433194186     
 Correct abs xsec    28.516940433194186     
 Event xsec    28.516940433194186     
 Events wgts > 1:            1
 % Cross section > 1:   2.29413219088314690E-007  8.04480479333869688E-007
 Iteration  4   Mean: 0.4070E+02 Abs mean: 0.4070E+02   Fluctuation:  0.203E+01   0.154E+05    54.5%
  4    0.4070E+02 0.4070E+02 +- 0.2030E+01      6.31
 Relative summed weights:
  0.4985E+00  0.0000E+00  0.0000E+00  0.0000E+00
  0.0000E+00  0.0000E+00  0.5015E+00  0.0000E+00
 Relative number of events:
  0.4978E+00  0.0000E+00  0.0000E+00  0.0000E+00
  0.0000E+00  0.0000E+00  0.5022E+00  0.0000E+00
 Events:
        7965           0           0           0
           0           0        8035           0
 Found         1970  events.
 Wrote           64  events.
 Actual xsec    40.777802088862323     
 Correct abs xsec    40.777802088862323     
 Event xsec    40.777802088862408     
 Events wgts > 1:            2
 % Cross section > 1:   0.35060651186285507       0.85979747289669595     
 Checking number of events   2668.6624799035062               64  chi2:   6.05656673696669465E-002
 Found         1970  events.
 Wrote           67  events.
 Actual xsec    40.777802088862323     
 Correct abs xsec    40.777802088862323     
 Event xsec    40.777802088862408     
 Events wgts > 1:            2
 % Cross section > 1:   0.33503669657274560       0.82161538731940087     
 Iteration  5   Mean: 0.4052E+02 Abs mean: 0.4052E+02   Fluctuation:  0.802E+00   0.639E+04    55.6%
  5    0.4052E+02 0.4052E+02 +- 0.8023E+00      3.54
 Relative summed weights:
  0.5035E+00  0.0000E+00  0.0000E+00  0.0000E+00
  0.0000E+00  0.0000E+00  0.4965E+00  0.0000E+00
 Relative number of events:
  0.4940E+00  0.0000E+00  0.0000E+00  0.0000E+00
  0.0000E+00  0.0000E+00  0.5060E+00  0.0000E+00
 Events:
       15807           0           0           0
           0           0       16193           0
 Found         4504  events.
 Wrote          433  events.
 Actual xsec    40.561113483635090     
 Correct abs xsec    40.561113483635090     
 Event xsec    40.561113483635232     
 Events wgts > 1:           13
 % Cross section > 1:   0.40992661642373784        1.0106394554210811     
 Checking number of events   2654.4815108230150              433  chi2:   5.40619968669756867E-002
 Found         4504  events.
 Wrote          421  events.
 Actual xsec    40.561113483635090     
 Correct abs xsec    40.561113483635090     
 Event xsec    40.561113483635346     
 Events wgts > 1:           13
 % Cross section > 1:   0.42148956777436952        1.0391469355110834     
 Iteration  6   Mean: 0.4085E+02 Abs mean: 0.4085E+02   Fluctuation:  0.366E+00   0.593E+04    56.3%
  6    0.4085E+02 0.4085E+02 +- 0.3659E+00      2.27
 Relative summed weights:
  0.4926E+00  0.0000E+00  0.0000E+00  0.0000E+00
  0.0000E+00  0.0000E+00  0.5074E+00  0.0000E+00
 Relative number of events:
  0.4976E+00  0.0000E+00  0.0000E+00  0.0000E+00
  0.0000E+00  0.0000E+00  0.5024E+00  0.0000E+00
 Events:
       31848           0           0           0
           0           0       32152           0
 Found         9812  events.
 Wrote         2440  events.
 Actual xsec    40.794424781349612     
 Correct abs xsec    40.794424781349612     
 Event xsec    40.794424781351530     
 Events wgts > 1:           55
 % Cross section > 1:   0.40518903719821903       0.99324610990334206     
 Checking number of events   2669.7503353906441             2440  chi2:   7.49049985671777913E-002
 Found         9812  events.
 Wrote         2404  events.
 Actual xsec    40.794424781349612     
 Correct abs xsec    40.794424781349612     
 Event xsec    40.794424781349662     
 Events wgts > 1:           55
 % Cross section > 1:   0.41119559905538744        1.0079700872345116     
 Iteration  7   Mean: 0.4102E+02 Abs mean: 0.4102E+02   Fluctuation:  0.181E+00   0.325E+04    56.1%
  7    0.4102E+02 0.4102E+02 +- 0.1808E+00      1.58
 Relative summed weights:
  0.4967E+00  0.0000E+00  0.0000E+00  0.0000E+00
  0.0000E+00  0.0000E+00  0.5033E+00  0.0000E+00
 Relative number of events:
  0.4986E+00  0.0000E+00  0.0000E+00  0.0000E+00
  0.0000E+00  0.0000E+00  0.5014E+00  0.0000E+00
 Events:
       63823           0           0           0
           0           0       64177           0
 Found        21823  events.
 Wrote        12492  events.
 Actual xsec    40.968371112564171     
 Correct abs xsec    40.968371112564171     
 Event xsec    40.968371112565620     
 Events wgts > 1:          395
 % Cross section > 1:   0.40867120379615240       0.99752856337216378     
 Checking number of events   2681.1340790906497            12492  chi2:   0.24582017386196628     

 -------------------------------------------------------------------------------
 Accumulated results:   Integral =  0.4087E+02
                        Std dev  =  0.1574E+00
                       Cross sec =  0.8654E+01
             Chi**2 per DoF.     =
-------------------------------------------------
---------------------------
 Results Last   3 iters: Integral =   0.4097E+02
                     Abs integral =   0.4097E+02
                          Std dev =   0.1589E+00
                  Chi**2 per DoF. =      0.2458
-------------------------------------------------
---------------------------
 Status  -65.444000000000003                8           9
 We found enough events       12492   2681.1340790906497     

ls status:
events.lhe
ftn25
ftn26
input_sg.txt
moffset.dat
results.dat
run1_app.log
