 *****************************************************
 *                   MadAnalysis                     *
 *               a MadEvent program                  *
 *    for making plots and do simple analysis for    *
 *            LHE and LHCO event files               *
 *        ---------------------------------          *
 *        Version compliant with MG_ME_V4.0          *
 *                                                   *
 *       Authors: R. Frederix and F. Maltoni         *
 *                                                   *
 *         Last Update by R.F., 23-Feb-2006          *
 *****************************************************
  
 input name of event file:
 -------------------------
 File extension unknown
 Can only plot .lhe and .lhco files.
plot_events found
topdrawer found
epstosmth found
plot_card found
cp: `../../../Cards/plot_card.dat' and `./ma_card.dat' are the same file
end plot_events
/usr/local/MG5_aMC_v2_2_3/td/td: error while loading shared libraries: libXt.so.6: cannot open shared object file: No such file or directory
csplit: cannot open `plots.top' for reading: No such file or directory
cat: ma_plot???: No such file or directory
/usr/local/MG5_aMC_v2_2_3/td/td: error while loading shared libraries: libXt.so.6: cannot open shared object file: No such file or directory
EPSTOSMTH 2.8, 2006/05/09 - Copyright 1998-2001 by Sebastian Rahtz et al.
!!! Error: 'ma_plot???.ps' does not exist!
