 Process in group number            0
 A PDF is used, so alpha_s(MZ) is going to be modified
 Old value of alpha_s from param_card:   0.11800000071525575     
  ****************************************
 
       NNPDFDriver version 1.0.3
   Grid: NNPDF23_lo_as_0130_qed_mem0.grid
  ****************************************
 New value of alpha_s from PDF nn23lo1:  0.13000000000000000     
 Warning! ptj set to xqcut=   20.000000000000000       to improve integration efficiency
 Note that this might affect non-radiated jets,
 e.g. from decays. Use cut_decays=F in run_card.
 Warning! mmjj set to xqcut=   20.000000000000000       to improve integration efficiency
 Note that this might affect non-radiated jets,
 e.g. from decays. Use cut_decays=F in run_card.
 Warning! drjl > 0 with xqcut > 0, set to 0
 *****************************************************
 *               MadGraph/MadEvent                   *
 *        --------------------------------           *
 *          http://madgraph.hep.uiuc.edu             *
 *          http://madgraph.phys.ucl.ac.be           *
 *          http://madgraph.roma2.infn.it            *
 *        --------------------------------           *
 *                                                   *
 *          PARAMETER AND COUPLING VALUES            *
 *                                                   *
 *****************************************************

  External Params
  ---------------------------------
  
 aEWM1 =    132.50697326660156     
 mdl_Gf =   1.16639000000000003E-005
 aS =   0.11800000071525575     
 mdl_ymb =    4.6999998092651367     
 mdl_ymt =    173.00000000000000     
 mdl_ymtau =    1.7769999504089355     
 mdl_MZ =    91.188003540039063     
 mdl_MT =    172.00000000000000     
 mdl_MB =    4.6999998092651367     
 mdl_MH =    120.00000000000000     
 mdl_MTA =    1.7769999504089355     
 mdl_WZ =    2.4414036273956299     
 mdl_WW =    2.0475995540618896     
 mdl_WT =    1.4394782781600952     
 mdl_WH =   5.75308827683329582E-003
  Internal Params
  ---------------------------------
  
 mdl_conjg__CKM3x3 =    1.0000000000000000     
 mdl_CKM3x3 =    1.0000000000000000     
 mdl_conjg__CKM1x1 =    1.0000000000000000     
 mdl_complexi =  (  0.0000000000000000     ,  1.0000000000000000     )
 mdl_MZ__exp__2 =    8315.2519896181766     
 mdl_MZ__exp__4 =    69143415.650849044     
 mdl_sqrt__2 =    1.4142135623730951     
 mdl_MH__exp__2 =    14400.000000000000     
 mdl_aEW =   7.54677263654659602E-003
 mdl_MW =    80.419003571204073     
 mdl_sqrt__aEW =   8.68721626100478483E-002
 mdl_ee =   0.30795379830933894     
 mdl_MW__exp__2 =    6467.2161353853335     
 mdl_sw2 =   0.22224652440361004     
 mdl_cw =   0.88190332553879736     
 mdl_sqrt__sw2 =   0.47143029644223128     
 mdl_sw =   0.47143029644223128     
 mdl_g1 =   0.34919224068147731     
 mdl_gw =   0.65323293948944450     
 mdl_vev =    246.21845810181637     
 mdl_vev__exp__2 =    60623.529110035903     
 mdl_lam =   0.11876576810517747     
 mdl_yb =   2.69955531549349870E-002
 mdl_yt =   0.99366614581500623     
 mdl_ytau =   1.02066167158167860E-002
 mdl_muH =    84.852813742385706     
 mdl_I1x33 =  ( 2.69955531549349870E-002,  0.0000000000000000     )
 mdl_I2x33 =  ( 0.99366614581500623     ,  0.0000000000000000     )
 mdl_I3x33 =  ( 0.99366614581500623     ,  0.0000000000000000     )
 mdl_I4x33 =  ( 2.69955531549349870E-002,  0.0000000000000000     )
 mdl_ee__exp__2 =   9.48355418931490085E-002
 mdl_sw__exp__2 =   0.22224652440361006     
 mdl_cw__exp__2 =   0.77775347559638996     
  Internal Params evaluated point by point
  ----------------------------------------
  
 mdl_sqrt__aS =   0.34351128178744839     
 mdl_G__exp__2 =    1.4828317414825511     
  Couplings of sm
  ---------------------------------
  
        GC_10 =  -0.12177E+01   0.00000E+00
        GC_11 =   0.00000E+00   0.12177E+01
       GC_100 =   0.00000E+00   0.46191E+00

 Collider parameters:
 --------------------

 Running at P P   machine @    13000.000000000000       GeV
 PDF set = nn23lo1
 alpha_s(Mz)= 0.1300 running at 2 loops.
 alpha_s(Mz)= 0.1300 running at 2 loops.
 Renormalization scale set on event-by-event basis
 Factorization   scale set on event-by-event basis


 getting user params
Enter number of events and max and min iterations: 
 Number of events and iterations         2000           9           3
Enter desired fractional accuracy: 
 Desired fractional accuracy:   -65.444000000000003     
Enter 0 for fixed, 2 for adjustable grid: 
Suppress amplitude (0 no, 1 yes)? 
 Using suppressed amplitude.
Exact helicity sum (0 yes, n = number/event)? 
 Explicitly summing over helicities
Enter Configuration Number: 
Running Configuration Number:    3
 Not subdividing B.W.
 Attempting mappinvarients           1           8
 Completed mapping           8
 about to integrate           16        2000           9           3          16           1
 Using non-zero grid deformation.
 16 dimensions   2000 events 16 invarients  9 iterations  1 config(s),  (0.99)
 Using h-tuple random number sequence.
 Error opening grid
 Using Uniform Grid!
 Using uniform alpha   1.0000000000000000     
 Grid defined OK
 Set CM energy to      13000.00
 Mapping Graph           3  to config           3
 Setting BW          -1           1   80.419003571204073     
 Setting BW          -2           2   172.00000000000000     
 Setting BW          -3           3   80.419003571204073     
 Setting BW          -4           4   172.00000000000000     
Setting grid   5    0.12786E-05   1
 Transforming s_hat 1/s           15  1.09391608200776463E-003
 Masses: 0.000E+00 0.000E+00 0.470E+01 0.470E+01 0.000E+00 0.000E+00 0.000E+00 0.000E+00
   3   1   2   3   4   5   6   7   8   9  10  11  12  13  14
  15  16
 Got moffset          25
Using random seed offsets     3 :      1
  with seed                    7
 Ranmar initialization seeds       10338       28144
  Particle       3       4       5       6       7       8
      Et >     0.0     0.0    10.0     0.0    20.0    20.0
       E >     0.0     0.0     0.0     0.0     0.0     0.0
     Eta <    -1.0    -1.0     2.5    -1.0     5.0     5.0
   xqcut:      0.0     0.0     0.0     0.0     0.0     0.0
d R # 3  >    -0.0     0.0     0.0     0.0     0.0     0.0
d R # 4  >    -0.0    -0.0     0.0     0.0     0.0     0.0
d R # 5  >    -0.0    -0.0    -0.0     0.0     0.0     0.0
d R # 6  >    -0.0    -0.0    -0.0    -0.0     0.0     0.0
d R # 7  >    -0.0    -0.0    -0.0    -0.0    -0.0     0.0
s min # 3>     0.0     0.0     0.0     0.0     0.0     0.0
s min # 4>     0.0     0.0     0.0     0.0     0.0     0.0
s min # 5>     0.0     0.0     0.0     0.0     0.0     0.0
s min # 6>     0.0     0.0     0.0     0.0     0.0     0.0
s min # 7>     0.0     0.0     0.0     0.0   400.0   400.0
xqcutij # 3>     0.0     0.0     0.0     0.0     0.0     0.0
xqcutij # 4>     0.0     0.0     0.0     0.0     0.0     0.0
xqcutij # 5>     0.0     0.0     0.0     0.0     0.0     0.0
xqcutij # 6>     0.0     0.0     0.0     0.0     0.0     0.0
xqcutij # 7>     0.0     0.0     0.0     0.0     0.0    20.0
 No cut BW           -1           1
 No cut BW           -2           2
 No cut BW           -3           3
 No cut BW           -4           4
 alpha_s for scale    201.03788896013569       is   0.11488662676064416     
 Added good helicity            6  8.37672331880312121E-002  in event            1
 Added good helicity           22   24.469262918901286       in event            1
 Added good helicity           38  1.05992104547611854E-005  in event            1
 Added good helicity           54  3.09613744515290510E-003  in event            1
 Added good helicity           70  0.34218672802504624       in event            1
 Added good helicity           86   99.956232249052860       in event            1
 Added good helicity          102  4.32974685581689447E-005  in event            1
 Added good helicity          118  1.26476320340502043E-002  in event            1
 Added good helicity          134  1.30827997248302436E-002  in event            1
 Added good helicity          150   3.8216191940304016       in event            1
 Added good helicity          166  1.65538889543722604E-006  in event            1
 Added good helicity          182  4.83555974978419601E-004  in event            1
 Added good helicity          198  0.43424439860656638       in event            1
 Added good helicity          214   126.84721646127436       in event            1
 Added good helicity          230  5.49456821535539500E-005  in event            1
 Added good helicity          246  1.60501939923902645E-002  in event            1
 Added good helicity           10  2.89308765097881088E-002  in event            1
 Added good helicity           26   61.311547423210548       in event            1
 Added good helicity           42  4.84627722212226607E-005  in event            1
 Added good helicity           58  0.10270437386494188       in event            1
 Added good helicity           74  8.55830281618867178E-002  in event            1
 Added good helicity           90   181.37120346126406       in event            1
 Added good helicity          106  1.43362085777413534E-004  in event            1
 Added good helicity          122  0.30381904668040238       in event            1
 Added good helicity          138  1.29147463591804774E-003  in event            1
 Added good helicity          154   2.7369481308032060       in event            1
 Added good helicity          170  2.16337866876613328E-006  in event            1
 Added good helicity          186  4.58472434457840149E-003  in event            1
 Added good helicity          202  4.73360032499447157E-003  in event            1
 Added good helicity          218   10.031647700346467       in event            1
 Added good helicity          234  7.92936205230073718E-006  in event            1
 Added good helicity          250  1.68042422544979371E-002  in event            1
 Iteration  1   Mean: 0.2770E+02 Abs mean: 0.2770E+02   Fluctuation:  0.107E+01   0.376E+03    32.5%
  1    0.2770E+02 0.2770E+02 +- 0.1069E+01      1.73
 Writing out events  4.72912663814489299E-003   1.7263958179596171     
 Relative summed weights:
  0.5360E+00  0.0000E+00  0.0000E+00  0.0000E+00
  0.0000E+00  0.0000E+00  0.4640E+00  0.0000E+00
 Relative number of events:
  0.5280E+00  0.0000E+00  0.0000E+00  0.0000E+00
  0.0000E+00  0.0000E+00  0.4720E+00  0.0000E+00
 Events:
        1056           0           0           0
           0           0         944           0
 Iteration  2   Mean: 0.5264E+02 Abs mean: 0.5264E+02   Fluctuation:  0.181E+02   0.643E+05    47.5%
  2    0.5264E+02 0.5264E+02 +- 0.1814E+02     21.80
 Relative summed weights:
  0.7308E+00  0.0000E+00  0.0000E+00  0.0000E+00
  0.0000E+00  0.0000E+00  0.2692E+00  0.0000E+00
 Relative number of events:
  0.5000E+00  0.0000E+00  0.0000E+00  0.0000E+00
  0.0000E+00  0.0000E+00  0.5000E+00  0.0000E+00
 Events:
        2000           0           0           0
           0           0        2000           0
 Iteration  3   Mean: 0.4110E+02 Abs mean: 0.4110E+02   Fluctuation:  0.618E+01   0.412E+05    53.9%
  3    0.4110E+02 0.4110E+02 +- 0.6180E+01     13.45
 Relative summed weights:
  0.3897E+00  0.0000E+00  0.0000E+00  0.0000E+00
  0.0000E+00  0.0000E+00  0.6103E+00  0.0000E+00
 Relative number of events:
  0.4933E+00  0.0000E+00  0.0000E+00  0.0000E+00
  0.0000E+00  0.0000E+00  0.5068E+00  0.0000E+00
 Events:
        3946           0           0           0
           0           0        4054           0
 Found          781  events.
 Wrote            4  events.
 Actual xsec    28.809981892558213     
 Correct abs xsec    28.809981892558213     
 Event xsec    28.809981892558213     
 Events wgts > 1:            1
 % Cross section > 1:   2.08354678221667200E-006  7.23203086342398679E-006
 Checking number of events   1885.4404549765798                4  chi2:    3.3789439421948932     
 Found          781  events.
 Wrote            3  events.
 Actual xsec    28.809981892558213     
 Correct abs xsec    28.809981892558213     
 Event xsec    28.809981892558213     
 Events wgts > 1:            1
 % Cross section > 1:   2.77806230997157400E-006  9.64270758770995222E-006
 Iteration  4   Mean: 0.4449E+02 Abs mean: 0.4449E+02   Fluctuation:  0.292E+01   0.214E+05    56.7%
  4    0.4449E+02 0.4449E+02 +- 0.2919E+01      8.30
 Relative summed weights:
  0.5192E+00  0.0000E+00  0.0000E+00  0.0000E+00
  0.0000E+00  0.0000E+00  0.4808E+00  0.0000E+00
 Relative number of events:
  0.5070E+00  0.0000E+00  0.0000E+00  0.0000E+00
  0.0000E+00  0.0000E+00  0.4930E+00  0.0000E+00
 Events:
        8112           0           0           0
           0           0        7888           0
 Found         2025  events.
 Wrote           44  events.
 Actual xsec    44.208888838527898     
 Correct abs xsec    44.208888838527898     
 Event xsec    44.208888838527912     
 Events wgts > 1:            4
 % Cross section > 1:   0.42661571524505493       0.96499985965098645     
 Checking number of events   2893.2065211486197               44  chi2:   0.23906644112457662     
 Found         2025  events.
 Wrote           40  events.
 Actual xsec    44.208888838527898     
 Correct abs xsec    44.208888838527898     
 Event xsec    44.208888838527898     
 Events wgts > 1:            4
 % Cross section > 1:   0.46882487083500424        1.0604764859559757     
 Iteration  5   Mean: 0.4022E+02 Abs mean: 0.4022E+02   Fluctuation:  0.822E+00   0.556E+04    56.4%
  5    0.4022E+02 0.4022E+02 +- 0.8218E+00      3.66
 Relative summed weights:
  0.4959E+00  0.0000E+00  0.0000E+00  0.0000E+00
  0.0000E+00  0.0000E+00  0.5041E+00  0.0000E+00
 Relative number of events:
  0.4962E+00  0.0000E+00  0.0000E+00  0.0000E+00
  0.0000E+00  0.0000E+00  0.5038E+00  0.0000E+00
 Events:
       15879           0           0           0
           0           0       16121           0
 Found         4070  events.
 Wrote          387  events.
 Actual xsec    40.604647840530433     
 Correct abs xsec    40.604647840530433     
 Event xsec    40.604647840530447     
 Events wgts > 1:           10
 % Cross section > 1:   0.39704350108591774       0.97782771727329154     
 Checking number of events   2657.3305732756739              387  chi2:    1.0020355587643501     
 Found         4070  events.
 Wrote          372  events.
 Actual xsec    40.604647840530433     
 Correct abs xsec    40.604647840530433     
 Event xsec    40.604647840530276     
 Events wgts > 1:           10
 % Cross section > 1:   0.41289052298552198        1.0168553230829591     
 Iteration  6   Mean: 0.4050E+02 Abs mean: 0.4050E+02   Fluctuation:  0.337E+00   0.289E+04    57.1%
  6    0.4050E+02 0.4050E+02 +- 0.3367E+00      2.10
 Relative summed weights:
  0.4999E+00  0.0000E+00  0.0000E+00  0.0000E+00
  0.0000E+00  0.0000E+00  0.5001E+00  0.0000E+00
 Relative number of events:
  0.5012E+00  0.0000E+00  0.0000E+00  0.0000E+00
  0.0000E+00  0.0000E+00  0.4988E+00  0.0000E+00
 Events:
       32075           0           0           0
           0           0       31925           0
 Found         9922  events.
 Wrote         3013  events.
 Actual xsec    40.518805603352916     
 Correct abs xsec    40.518805603352916     
 Event xsec    40.518805603356661     
 Events wgts > 1:           86
 % Cross section > 1:   0.39718312108429860       0.98024390198558842     
 Checking number of events   2651.7127139058284             3013  chi2:   0.99559737541333282     

 -------------------------------------------------------------------------------
 Accumulated results:   Integral =  0.4004E+02
                        Std dev  =  0.3000E+00
                       Cross sec =  0.1389E+02
             Chi**2 per DoF.     =
-------------------------------------------------
---------------------------
 Results Last   3 iters: Integral =   0.4052E+02
                     Abs integral =   0.4052E+02
                          Std dev =   0.3099E+00
                  Chi**2 per DoF. =      0.9956
-------------------------------------------------
---------------------------
 Status  -65.444000000000003                7           9
 We found enough events        3013   2651.7127139058284     

ls status:
events.lhe
ftn25
ftn26
input_sg.txt
moffset.dat
results.dat
run1_app.log
