This is pdfTeX, Version 3.1415926-2.5-1.40.14 (TeX Live 2013/Debian) (format=pdflatex 2015.5.25)  13 JUL 2015 18:05
entering extended mode
 restricted \write18 enabled.
 %&-line parsing enabled.
**Final_report.tex
(./Final_report.tex
LaTeX2e <2011/06/27>
Babel <3.9h> and hyphenation patterns for 78 languages loaded.
(/usr/share/texlive/texmf-dist/tex/latex/base/book.cls
Document Class: book 2007/10/19 v1.4h Standard LaTeX document class
(/usr/share/texlive/texmf-dist/tex/latex/base/bk12.clo
File: bk12.clo 2007/10/19 v1.4h Standard LaTeX file (size option)
)
\c@part=\count79
\c@chapter=\count80
\c@section=\count81
\c@subsection=\count82
\c@subsubsection=\count83
\c@paragraph=\count84
\c@subparagraph=\count85
\c@figure=\count86
\c@table=\count87
\abovecaptionskip=\skip41
\belowcaptionskip=\skip42
\bibindent=\dimen102
)
(/usr/share/texlive/texmf-dist/tex/latex/amsmath/amsmath.sty
Package: amsmath 2013/01/14 v2.14 AMS math features
\@mathmargin=\skip43

For additional information on amsmath, use the `?' option.
(/usr/share/texlive/texmf-dist/tex/latex/amsmath/amstext.sty
Package: amstext 2000/06/29 v2.01

(/usr/share/texlive/texmf-dist/tex/latex/amsmath/amsgen.sty
File: amsgen.sty 1999/11/30 v2.0
\@emptytoks=\toks14
\ex@=\dimen103
))
(/usr/share/texlive/texmf-dist/tex/latex/amsmath/amsbsy.sty
Package: amsbsy 1999/11/29 v1.2d
\pmbraise@=\dimen104
)
(/usr/share/texlive/texmf-dist/tex/latex/amsmath/amsopn.sty
Package: amsopn 1999/12/14 v2.01 operator names
)
\inf@bad=\count88
LaTeX Info: Redefining \frac on input line 210.
\uproot@=\count89
\leftroot@=\count90
LaTeX Info: Redefining \overline on input line 306.
\classnum@=\count91
\DOTSCASE@=\count92
LaTeX Info: Redefining \ldots on input line 378.
LaTeX Info: Redefining \dots on input line 381.
LaTeX Info: Redefining \cdots on input line 466.
\Mathstrutbox@=\box26
\strutbox@=\box27
\big@size=\dimen105
LaTeX Font Info:    Redeclaring font encoding OML on input line 566.
LaTeX Font Info:    Redeclaring font encoding OMS on input line 567.
\macc@depth=\count93
\c@MaxMatrixCols=\count94
\dotsspace@=\muskip10
\c@parentequation=\count95
\dspbrk@lvl=\count96
\tag@help=\toks15
\row@=\count97
\column@=\count98
\maxfields@=\count99
\andhelp@=\toks16
\eqnshift@=\dimen106
\alignsep@=\dimen107
\tagshift@=\dimen108
\tagwidth@=\dimen109
\totwidth@=\dimen110
\lineht@=\dimen111
\@envbody=\toks17
\multlinegap=\skip44
\multlinetaggap=\skip45
\mathdisplay@stack=\toks18
LaTeX Info: Redefining \[ on input line 2665.
LaTeX Info: Redefining \] on input line 2666.
)
(/usr/share/texlive/texmf-dist/tex/latex/amscls/amsthm.sty
Package: amsthm 2004/08/06 v2.20
\thm@style=\toks19
\thm@bodyfont=\toks20
\thm@headfont=\toks21
\thm@notefont=\toks22
\thm@headpunct=\toks23
\thm@preskip=\skip46
\thm@postskip=\skip47
\thm@headsep=\skip48
\dth@everypar=\toks24
)
(/usr/share/texlive/texmf-dist/tex/latex/amsfonts/amssymb.sty
Package: amssymb 2013/01/14 v3.01 AMS font symbols

(/usr/share/texlive/texmf-dist/tex/latex/amsfonts/amsfonts.sty
Package: amsfonts 2013/01/14 v3.01 Basic AMSFonts support
\symAMSa=\mathgroup4
\symAMSb=\mathgroup5
LaTeX Font Info:    Overwriting math alphabet `\mathfrak' in version `bold'
(Font)                  U/euf/m/n --> U/euf/b/n on input line 106.
))
(/usr/share/texlive/texmf-dist/tex/generic/babel/babel.sty
Package: babel 2013/12/03 3.9h The Babel package

(/usr/share/texlive/texmf-dist/tex/generic/babel-english/english.ldf
Language: english 2012/08/20 v3.3p English support from the babel system

(/usr/share/texlive/texmf-dist/tex/generic/babel/babel.def
File: babel.def 2013/12/03 3.9h Babel common definitions
\babel@savecnt=\count100
\U@D=\dimen112
)
\l@canadian = a dialect from \language\l@american 
\l@australian = a dialect from \language\l@british 
\l@newzealand = a dialect from \language\l@british 
))
(/usr/share/texlive/texmf-dist/tex/latex/base/inputenc.sty
Package: inputenc 2008/03/30 v1.1d Input encoding file
\inpenc@prehook=\toks25
\inpenc@posthook=\toks26

(/usr/share/texlive/texmf-dist/tex/latex/base/utf8.def
File: utf8.def 2008/04/05 v1.1m UTF-8 support for inputenc
Now handling font encoding OML ...
... no UTF-8 mapping file for font encoding OML
Now handling font encoding T1 ...
... processing UTF-8 mapping file for font encoding T1

(/usr/share/texlive/texmf-dist/tex/latex/base/t1enc.dfu
File: t1enc.dfu 2008/04/05 v1.1m UTF-8 support for inputenc
   defining Unicode char U+00A1 (decimal 161)
   defining Unicode char U+00A3 (decimal 163)
   defining Unicode char U+00AB (decimal 171)
   defining Unicode char U+00BB (decimal 187)
   defining Unicode char U+00BF (decimal 191)
   defining Unicode char U+00C0 (decimal 192)
   defining Unicode char U+00C1 (decimal 193)
   defining Unicode char U+00C2 (decimal 194)
   defining Unicode char U+00C3 (decimal 195)
   defining Unicode char U+00C4 (decimal 196)
   defining Unicode char U+00C5 (decimal 197)
   defining Unicode char U+00C6 (decimal 198)
   defining Unicode char U+00C7 (decimal 199)
   defining Unicode char U+00C8 (decimal 200)
   defining Unicode char U+00C9 (decimal 201)
   defining Unicode char U+00CA (decimal 202)
   defining Unicode char U+00CB (decimal 203)
   defining Unicode char U+00CC (decimal 204)
   defining Unicode char U+00CD (decimal 205)
   defining Unicode char U+00CE (decimal 206)
   defining Unicode char U+00CF (decimal 207)
   defining Unicode char U+00D0 (decimal 208)
   defining Unicode char U+00D1 (decimal 209)
   defining Unicode char U+00D2 (decimal 210)
   defining Unicode char U+00D3 (decimal 211)
   defining Unicode char U+00D4 (decimal 212)
   defining Unicode char U+00D5 (decimal 213)
   defining Unicode char U+00D6 (decimal 214)
   defining Unicode char U+00D8 (decimal 216)
   defining Unicode char U+00D9 (decimal 217)
   defining Unicode char U+00DA (decimal 218)
   defining Unicode char U+00DB (decimal 219)
   defining Unicode char U+00DC (decimal 220)
   defining Unicode char U+00DD (decimal 221)
   defining Unicode char U+00DE (decimal 222)
   defining Unicode char U+00DF (decimal 223)
   defining Unicode char U+00E0 (decimal 224)
   defining Unicode char U+00E1 (decimal 225)
   defining Unicode char U+00E2 (decimal 226)
   defining Unicode char U+00E3 (decimal 227)
   defining Unicode char U+00E4 (decimal 228)
   defining Unicode char U+00E5 (decimal 229)
   defining Unicode char U+00E6 (decimal 230)
   defining Unicode char U+00E7 (decimal 231)
   defining Unicode char U+00E8 (decimal 232)
   defining Unicode char U+00E9 (decimal 233)
   defining Unicode char U+00EA (decimal 234)
   defining Unicode char U+00EB (decimal 235)
   defining Unicode char U+00EC (decimal 236)
   defining Unicode char U+00ED (decimal 237)
   defining Unicode char U+00EE (decimal 238)
   defining Unicode char U+00EF (decimal 239)
   defining Unicode char U+00F0 (decimal 240)
   defining Unicode char U+00F1 (decimal 241)
   defining Unicode char U+00F2 (decimal 242)
   defining Unicode char U+00F3 (decimal 243)
   defining Unicode char U+00F4 (decimal 244)
   defining Unicode char U+00F5 (decimal 245)
   defining Unicode char U+00F6 (decimal 246)
   defining Unicode char U+00F8 (decimal 248)
   defining Unicode char U+00F9 (decimal 249)
   defining Unicode char U+00FA (decimal 250)
   defining Unicode char U+00FB (decimal 251)
   defining Unicode char U+00FC (decimal 252)
   defining Unicode char U+00FD (decimal 253)
   defining Unicode char U+00FE (decimal 254)
   defining Unicode char U+00FF (decimal 255)
   defining Unicode char U+0102 (decimal 258)
   defining Unicode char U+0103 (decimal 259)
   defining Unicode char U+0104 (decimal 260)
   defining Unicode char U+0105 (decimal 261)
   defining Unicode char U+0106 (decimal 262)
   defining Unicode char U+0107 (decimal 263)
   defining Unicode char U+010C (decimal 268)
   defining Unicode char U+010D (decimal 269)
   defining Unicode char U+010E (decimal 270)
   defining Unicode char U+010F (decimal 271)
   defining Unicode char U+0110 (decimal 272)
   defining Unicode char U+0111 (decimal 273)
   defining Unicode char U+0118 (decimal 280)
   defining Unicode char U+0119 (decimal 281)
   defining Unicode char U+011A (decimal 282)
   defining Unicode char U+011B (decimal 283)
   defining Unicode char U+011E (decimal 286)
   defining Unicode char U+011F (decimal 287)
   defining Unicode char U+0130 (decimal 304)
   defining Unicode char U+0131 (decimal 305)
   defining Unicode char U+0132 (decimal 306)
   defining Unicode char U+0133 (decimal 307)
   defining Unicode char U+0139 (decimal 313)
   defining Unicode char U+013A (decimal 314)
   defining Unicode char U+013D (decimal 317)
   defining Unicode char U+013E (decimal 318)
   defining Unicode char U+0141 (decimal 321)
   defining Unicode char U+0142 (decimal 322)
   defining Unicode char U+0143 (decimal 323)
   defining Unicode char U+0144 (decimal 324)
   defining Unicode char U+0147 (decimal 327)
   defining Unicode char U+0148 (decimal 328)
   defining Unicode char U+014A (decimal 330)
   defining Unicode char U+014B (decimal 331)
   defining Unicode char U+0150 (decimal 336)
   defining Unicode char U+0151 (decimal 337)
   defining Unicode char U+0152 (decimal 338)
   defining Unicode char U+0153 (decimal 339)
   defining Unicode char U+0154 (decimal 340)
   defining Unicode char U+0155 (decimal 341)
   defining Unicode char U+0158 (decimal 344)
   defining Unicode char U+0159 (decimal 345)
   defining Unicode char U+015A (decimal 346)
   defining Unicode char U+015B (decimal 347)
   defining Unicode char U+015E (decimal 350)
   defining Unicode char U+015F (decimal 351)
   defining Unicode char U+0160 (decimal 352)
   defining Unicode char U+0161 (decimal 353)
   defining Unicode char U+0162 (decimal 354)
   defining Unicode char U+0163 (decimal 355)
   defining Unicode char U+0164 (decimal 356)
   defining Unicode char U+0165 (decimal 357)
   defining Unicode char U+016E (decimal 366)
   defining Unicode char U+016F (decimal 367)
   defining Unicode char U+0170 (decimal 368)
   defining Unicode char U+0171 (decimal 369)
   defining Unicode char U+0178 (decimal 376)
   defining Unicode char U+0179 (decimal 377)
   defining Unicode char U+017A (decimal 378)
   defining Unicode char U+017B (decimal 379)
   defining Unicode char U+017C (decimal 380)
   defining Unicode char U+017D (decimal 381)
   defining Unicode char U+017E (decimal 382)
   defining Unicode char U+200C (decimal 8204)
   defining Unicode char U+2013 (decimal 8211)
   defining Unicode char U+2014 (decimal 8212)
   defining Unicode char U+2018 (decimal 8216)
   defining Unicode char U+2019 (decimal 8217)
   defining Unicode char U+201A (decimal 8218)
   defining Unicode char U+201C (decimal 8220)
   defining Unicode char U+201D (decimal 8221)
   defining Unicode char U+201E (decimal 8222)
   defining Unicode char U+2030 (decimal 8240)
   defining Unicode char U+2031 (decimal 8241)
   defining Unicode char U+2039 (decimal 8249)
   defining Unicode char U+203A (decimal 8250)
   defining Unicode char U+2423 (decimal 9251)
)
Now handling font encoding OT1 ...
... processing UTF-8 mapping file for font encoding OT1

(/usr/share/texlive/texmf-dist/tex/latex/base/ot1enc.dfu
File: ot1enc.dfu 2008/04/05 v1.1m UTF-8 support for inputenc
   defining Unicode char U+00A1 (decimal 161)
   defining Unicode char U+00A3 (decimal 163)
   defining Unicode char U+00B8 (decimal 184)
   defining Unicode char U+00BF (decimal 191)
   defining Unicode char U+00C5 (decimal 197)
   defining Unicode char U+00C6 (decimal 198)
   defining Unicode char U+00D8 (decimal 216)
   defining Unicode char U+00DF (decimal 223)
   defining Unicode char U+00E6 (decimal 230)
   defining Unicode char U+00EC (decimal 236)
   defining Unicode char U+00ED (decimal 237)
   defining Unicode char U+00EE (decimal 238)
   defining Unicode char U+00EF (decimal 239)
   defining Unicode char U+00F8 (decimal 248)
   defining Unicode char U+0131 (decimal 305)
   defining Unicode char U+0141 (decimal 321)
   defining Unicode char U+0142 (decimal 322)
   defining Unicode char U+0152 (decimal 338)
   defining Unicode char U+0153 (decimal 339)
   defining Unicode char U+2013 (decimal 8211)
   defining Unicode char U+2014 (decimal 8212)
   defining Unicode char U+2018 (decimal 8216)
   defining Unicode char U+2019 (decimal 8217)
   defining Unicode char U+201C (decimal 8220)
   defining Unicode char U+201D (decimal 8221)
)
Now handling font encoding OMS ...
... processing UTF-8 mapping file for font encoding OMS

(/usr/share/texlive/texmf-dist/tex/latex/base/omsenc.dfu
File: omsenc.dfu 2008/04/05 v1.1m UTF-8 support for inputenc
   defining Unicode char U+00A7 (decimal 167)
   defining Unicode char U+00B6 (decimal 182)
   defining Unicode char U+00B7 (decimal 183)
   defining Unicode char U+2020 (decimal 8224)
   defining Unicode char U+2021 (decimal 8225)
   defining Unicode char U+2022 (decimal 8226)
)
Now handling font encoding OMX ...
... no UTF-8 mapping file for font encoding OMX
Now handling font encoding U ...
... no UTF-8 mapping file for font encoding U
   defining Unicode char U+00A9 (decimal 169)
   defining Unicode char U+00AA (decimal 170)
   defining Unicode char U+00AE (decimal 174)
   defining Unicode char U+00BA (decimal 186)
   defining Unicode char U+02C6 (decimal 710)
   defining Unicode char U+02DC (decimal 732)
   defining Unicode char U+200C (decimal 8204)
   defining Unicode char U+2026 (decimal 8230)
   defining Unicode char U+2122 (decimal 8482)
   defining Unicode char U+2423 (decimal 9251)
))
(/usr/share/texlive/texmf-dist/tex/latex/cancel/cancel.sty
Package: cancel 2013/04/12 v2.2 Cancel math terms
)
(/usr/share/texlive/texmf-dist/tex/latex/graphics/graphicx.sty
Package: graphicx 1999/02/16 v1.0f Enhanced LaTeX Graphics (DPC,SPQR)

(/usr/share/texlive/texmf-dist/tex/latex/graphics/keyval.sty
Package: keyval 1999/03/16 v1.13 key=value parser (DPC)
\KV@toks@=\toks27
)
(/usr/share/texlive/texmf-dist/tex/latex/graphics/graphics.sty
Package: graphics 2009/02/05 v1.0o Standard LaTeX Graphics (DPC,SPQR)

(/usr/share/texlive/texmf-dist/tex/latex/graphics/trig.sty
Package: trig 1999/03/16 v1.09 sin cos tan (DPC)
)
(/usr/share/texlive/texmf-dist/tex/latex/latexconfig/graphics.cfg
File: graphics.cfg 2010/04/23 v1.9 graphics configuration of TeX Live
)
Package graphics Info: Driver file: pdftex.def on input line 91.

(/usr/share/texlive/texmf-dist/tex/latex/pdftex-def/pdftex.def
File: pdftex.def 2011/05/27 v0.06d Graphics/color for pdfTeX

(/usr/share/texlive/texmf-dist/tex/generic/oberdiek/infwarerr.sty
Package: infwarerr 2010/04/08 v1.3 Providing info/warning/error messages (HO)
)
(/usr/share/texlive/texmf-dist/tex/generic/oberdiek/ltxcmds.sty
Package: ltxcmds 2011/11/09 v1.22 LaTeX kernel commands for general use (HO)
)
\Gread@gobject=\count101
))
\Gin@req@height=\dimen113
\Gin@req@width=\dimen114
)
(/usr/share/texlive/texmf-dist/tex/latex/hyperref/hyperref.sty
Package: hyperref 2012/11/06 v6.83m Hypertext links for LaTeX

(/usr/share/texlive/texmf-dist/tex/generic/oberdiek/hobsub-hyperref.sty
Package: hobsub-hyperref 2012/05/28 v1.13 Bundle oberdiek, subset hyperref (HO)


(/usr/share/texlive/texmf-dist/tex/generic/oberdiek/hobsub-generic.sty
Package: hobsub-generic 2012/05/28 v1.13 Bundle oberdiek, subset generic (HO)
Package: hobsub 2012/05/28 v1.13 Construct package bundles (HO)
Package hobsub Info: Skipping package `infwarerr' (already loaded).
Package hobsub Info: Skipping package `ltxcmds' (already loaded).
Package: ifluatex 2010/03/01 v1.3 Provides the ifluatex switch (HO)
Package ifluatex Info: LuaTeX not detected.
Package: ifvtex 2010/03/01 v1.5 Detect VTeX and its facilities (HO)
Package ifvtex Info: VTeX not detected.
Package: intcalc 2007/09/27 v1.1 Expandable calculations with integers (HO)
Package: ifpdf 2011/01/30 v2.3 Provides the ifpdf switch (HO)
Package ifpdf Info: pdfTeX in PDF mode is detected.
Package: etexcmds 2011/02/16 v1.5 Avoid name clashes with e-TeX commands (HO)
Package etexcmds Info: Could not find \expanded.
(etexcmds)             That can mean that you are not using pdfTeX 1.50 or
(etexcmds)             that some package has redefined \expanded.
(etexcmds)             In the latter case, load this package earlier.
Package: kvsetkeys 2012/04/25 v1.16 Key value parser (HO)
Package: kvdefinekeys 2011/04/07 v1.3 Define keys (HO)
Package: pdftexcmds 2011/11/29 v0.20 Utility functions of pdfTeX for LuaTeX (HO
)
Package pdftexcmds Info: LuaTeX not detected.
Package pdftexcmds Info: \pdf@primitive is available.
Package pdftexcmds Info: \pdf@ifprimitive is available.
Package pdftexcmds Info: \pdfdraftmode found.
Package: pdfescape 2011/11/25 v1.13 Implements pdfTeX's escape features (HO)
Package: bigintcalc 2012/04/08 v1.3 Expandable calculations on big integers (HO
)
Package: bitset 2011/01/30 v1.1 Handle bit-vector datatype (HO)
Package: uniquecounter 2011/01/30 v1.2 Provide unlimited unique counter (HO)
)
Package hobsub Info: Skipping package `hobsub' (already loaded).
Package: letltxmacro 2010/09/02 v1.4 Let assignment for LaTeX macros (HO)
Package: hopatch 2012/05/28 v1.2 Wrapper for package hooks (HO)
Package: xcolor-patch 2011/01/30 xcolor patch
Package: atveryend 2011/06/30 v1.8 Hooks at the very end of document (HO)
Package atveryend Info: \enddocument detected (standard20110627).
Package: atbegshi 2011/10/05 v1.16 At begin shipout hook (HO)
Package: refcount 2011/10/16 v3.4 Data extraction from label references (HO)
Package: hycolor 2011/01/30 v1.7 Color options for hyperref/bookmark (HO)
)
(/usr/share/texlive/texmf-dist/tex/generic/ifxetex/ifxetex.sty
Package: ifxetex 2010/09/12 v0.6 Provides ifxetex conditional
)
(/usr/share/texlive/texmf-dist/tex/latex/oberdiek/auxhook.sty
Package: auxhook 2011/03/04 v1.3 Hooks for auxiliary files (HO)
)
(/usr/share/texlive/texmf-dist/tex/latex/oberdiek/kvoptions.sty
Package: kvoptions 2011/06/30 v3.11 Key value format for package options (HO)
)
\@linkdim=\dimen115
\Hy@linkcounter=\count102
\Hy@pagecounter=\count103

(/usr/share/texlive/texmf-dist/tex/latex/hyperref/pd1enc.def
File: pd1enc.def 2012/11/06 v6.83m Hyperref: PDFDocEncoding definition (HO)
Now handling font encoding PD1 ...
... no UTF-8 mapping file for font encoding PD1
)
\Hy@SavedSpaceFactor=\count104

(/usr/share/texlive/texmf-dist/tex/latex/latexconfig/hyperref.cfg
File: hyperref.cfg 2002/06/06 v1.2 hyperref configuration of TeXLive
)
Package hyperref Info: Hyper figures OFF on input line 4443.
Package hyperref Info: Link nesting OFF on input line 4448.
Package hyperref Info: Hyper index ON on input line 4451.
Package hyperref Info: Plain pages OFF on input line 4458.
Package hyperref Info: Backreferencing OFF on input line 4463.
Package hyperref Info: Implicit mode ON; LaTeX internals redefined.
Package hyperref Info: Bookmarks ON on input line 4688.
\c@Hy@tempcnt=\count105

(/usr/share/texlive/texmf-dist/tex/latex/url/url.sty
\Urlmuskip=\muskip11
Package: url 2013/09/16  ver 3.4  Verb mode for urls, etc.
)
LaTeX Info: Redefining \url on input line 5041.
\XeTeXLinkMargin=\dimen116
\Fld@menulength=\count106
\Field@Width=\dimen117
\Fld@charsize=\dimen118
Package hyperref Info: Hyper figures OFF on input line 6295.
Package hyperref Info: Link nesting OFF on input line 6300.
Package hyperref Info: Hyper index ON on input line 6303.
Package hyperref Info: backreferencing OFF on input line 6310.
Package hyperref Info: Link coloring OFF on input line 6315.
Package hyperref Info: Link coloring with OCG OFF on input line 6320.
Package hyperref Info: PDF/A mode OFF on input line 6325.
LaTeX Info: Redefining \ref on input line 6365.
LaTeX Info: Redefining \pageref on input line 6369.
\Hy@abspage=\count107
\c@Item=\count108
\c@Hfootnote=\count109
)

Package hyperref Message: Driver (autodetected): hpdftex.

(/usr/share/texlive/texmf-dist/tex/latex/hyperref/hpdftex.def
File: hpdftex.def 2012/11/06 v6.83m Hyperref driver for pdfTeX
\Fld@listcount=\count110
\c@bookmark@seq@number=\count111

(/usr/share/texlive/texmf-dist/tex/latex/oberdiek/rerunfilecheck.sty
Package: rerunfilecheck 2011/04/15 v1.7 Rerun checks for auxiliary files (HO)
Package uniquecounter Info: New unique counter `rerunfilecheck' on input line 2
82.
)
\Hy@SectionHShift=\skip49
)
(/usr/share/texlive/texmf-dist/tex/latex/caption/caption.sty
Package: caption 2013/05/02 v3.3-89 Customizing captions (AR)

(/usr/share/texlive/texmf-dist/tex/latex/caption/caption3.sty
Package: caption3 2013/05/02 v1.6-88 caption3 kernel (AR)
Package caption3 Info: TeX engine: e-TeX on input line 57.
\captionmargin=\dimen119
\captionmargin@=\dimen120
\captionwidth=\dimen121
\caption@tempdima=\dimen122
\caption@indent=\dimen123
\caption@parindent=\dimen124
\caption@hangindent=\dimen125
)
\c@ContinuedFloat=\count112
Package caption Info: hyperref package is loaded.
)
(/usr/share/texlive/texmf-dist/tex/latex/subfigure/subfigure.sty
Package: subfigure 2002/03/15 v2.1.5 subfigure package
\subfigtopskip=\skip50
\subfigcapskip=\skip51
\subfigcaptopadj=\dimen126
\subfigbottomskip=\skip52
\subfigcapmargin=\dimen127
\subfiglabelskip=\skip53
\c@subfigure=\count113
\c@lofdepth=\count114
\c@subtable=\count115
\c@lotdepth=\count116

****************************************
* Local config file subfigure.cfg used *
****************************************
(/usr/share/texlive/texmf-dist/tex/latex/subfigure/subfigure.cfg)
\subfig@top=\skip54
\subfig@bottom=\skip55
)
(/usr/share/texlive/texmf-dist/tex/latex/tools/array.sty
Package: array 2008/09/09 v2.4c Tabular extension package (FMi)
\col@sep=\dimen128
\extrarowheight=\dimen129
\NC@list=\toks28
\extratabsurround=\skip56
\backup@length=\skip57
)
(/usr/share/texlive/texmf-dist/tex/latex/tools/multicol.sty
Package: multicol 2011/06/27 v1.7a multicolumn formatting (FMi)
\c@tracingmulticols=\count117
\mult@box=\box28
\multicol@leftmargin=\dimen130
\c@unbalance=\count118
\c@collectmore=\count119
\doublecol@number=\count120
\multicoltolerance=\count121
\multicolpretolerance=\count122
\full@width=\dimen131
\page@free=\dimen132
\premulticols=\dimen133
\postmulticols=\dimen134
\multicolsep=\skip58
\multicolbaselineskip=\skip59
\partial@page=\box29
\last@line=\box30
\mult@rightbox=\box31
\mult@grightbox=\box32
\mult@gfirstbox=\box33
\mult@firstbox=\box34
\@tempa=\box35
\@tempa=\box36
\@tempa=\box37
\@tempa=\box38
\@tempa=\box39
\@tempa=\box40
\@tempa=\box41
\@tempa=\box42
\@tempa=\box43
\@tempa=\box44
\@tempa=\box45
\@tempa=\box46
\@tempa=\box47
\@tempa=\box48
\@tempa=\box49
\@tempa=\box50
\@tempa=\box51
\c@columnbadness=\count123
\c@finalcolumnbadness=\count124
\last@try=\dimen135
\multicolovershoot=\dimen136
\multicolundershoot=\dimen137
\mult@nat@firstbox=\box52
\colbreak@box=\box53
\multicol@sort@counter=\count125
)
(/usr/share/texlive/texmf-dist/tex/latex/multirow/multirow.sty
\bigstrutjot=\dimen138
)
(/usr/share/texlive/texmf-dist/tex/latex/epigraph/epigraph.sty
Package: epigraph 2009/09/02 v1.5c typesetting epigraphs
\beforeepigraphskip=\skip60
\afterepigraphskip=\skip61
\epigraphwidth=\skip62
\epigraphrule=\skip63
)
(/usr/share/texlive/texmf-dist/tex/latex/graphics/color.sty
Package: color 2005/11/14 v1.0j Standard LaTeX Color (DPC)

(/usr/share/texlive/texmf-dist/tex/latex/latexconfig/color.cfg
File: color.cfg 2007/01/18 v1.5 color configuration of teTeX/TeXLive
)
Package color Info: Driver file: pdftex.def on input line 130.
)
(/usr/share/texlive/texmf-dist/tex/latex/listings/listings.sty
\lst@mode=\count126
\lst@gtempboxa=\box54
\lst@token=\toks29
\lst@length=\count127
\lst@currlwidth=\dimen139
\lst@column=\count128
\lst@pos=\count129
\lst@lostspace=\dimen140
\lst@width=\dimen141
\lst@newlines=\count130
\lst@lineno=\count131
\lst@maxwidth=\dimen142

(/usr/share/texlive/texmf-dist/tex/latex/listings/lstmisc.sty
File: lstmisc.sty 2013/08/26 1.5b (Carsten Heinz)
\c@lstnumber=\count132
\lst@skipnumbers=\count133
\lst@framebox=\box55
)
(/usr/share/texlive/texmf-dist/tex/latex/listings/listings.cfg
File: listings.cfg 2013/08/26 1.5b listings configuration
))
Package: listings 2013/08/26 1.5b (Carsten Heinz)

(/usr/share/texlive/texmf-dist/tex/latex/appendix/appendix.sty
Package: appendix 2009/09/02 v1.2b extra appendix facilities
\c@@pps=\count134
\c@@ppsavesec=\count135
\c@@ppsaveapp=\count136
)
(./Final_report.aux)
\openout1 = `Final_report.aux'.

LaTeX Font Info:    Checking defaults for OML/cmm/m/it on input line 56.
LaTeX Font Info:    ... okay on input line 56.
LaTeX Font Info:    Checking defaults for T1/cmr/m/n on input line 56.
LaTeX Font Info:    ... okay on input line 56.
LaTeX Font Info:    Checking defaults for OT1/cmr/m/n on input line 56.
LaTeX Font Info:    ... okay on input line 56.
LaTeX Font Info:    Checking defaults for OMS/cmsy/m/n on input line 56.
LaTeX Font Info:    ... okay on input line 56.
LaTeX Font Info:    Checking defaults for OMX/cmex/m/n on input line 56.
LaTeX Font Info:    ... okay on input line 56.
LaTeX Font Info:    Checking defaults for U/cmr/m/n on input line 56.
LaTeX Font Info:    ... okay on input line 56.
LaTeX Font Info:    Checking defaults for PD1/pdf/m/n on input line 56.
LaTeX Font Info:    ... okay on input line 56.

(/usr/share/texlive/texmf-dist/tex/context/base/supp-pdf.mkii
[Loading MPS to PDF converter (version 2006.09.02).]
\scratchcounter=\count137
\scratchdimen=\dimen143
\scratchbox=\box56
\nofMPsegments=\count138
\nofMParguments=\count139
\everyMPshowfont=\toks30
\MPscratchCnt=\count140
\MPscratchDim=\dimen144
\MPnumerator=\count141
\makeMPintoPDFobject=\count142
\everyMPtoPDFconversion=\toks31
) (/usr/share/texlive/texmf-dist/tex/latex/oberdiek/epstopdf-base.sty
Package: epstopdf-base 2010/02/09 v2.5 Base part for package epstopdf

(/usr/share/texlive/texmf-dist/tex/latex/oberdiek/grfext.sty
Package: grfext 2010/08/19 v1.1 Manage graphics extensions (HO)
)
Package grfext Info: Graphics extension search list:
(grfext)             [.png,.pdf,.jpg,.mps,.jpeg,.jbig2,.jb2,.PNG,.PDF,.JPG,.JPE
G,.JBIG2,.JB2,.eps]
(grfext)             \AppendGraphicsExtensions on input line 452.

(/usr/share/texlive/texmf-dist/tex/latex/latexconfig/epstopdf-sys.cfg
File: epstopdf-sys.cfg 2010/07/13 v1.3 Configuration of (r)epstopdf for TeX Liv
e
))
\AtBeginShipoutBox=\box57
Package hyperref Info: Link coloring OFF on input line 56.

(/usr/share/texlive/texmf-dist/tex/latex/hyperref/nameref.sty
Package: nameref 2012/10/27 v2.43 Cross-referencing by name of section

(/usr/share/texlive/texmf-dist/tex/generic/oberdiek/gettitlestring.sty
Package: gettitlestring 2010/12/03 v1.4 Cleanup title references (HO)
)
\c@section@level=\count143
)
LaTeX Info: Redefining \ref on input line 56.
LaTeX Info: Redefining \pageref on input line 56.
LaTeX Info: Redefining \nameref on input line 56.

(./Final_report.out) (./Final_report.out)
\@outlinefile=\write3
\openout3 = `Final_report.out'.

Package caption Info: Begin \AtBeginDocument code.
Package caption Info: listings package is loaded.
Package caption Info: subfigure package is loaded.
Package caption Info: End \AtBeginDocument code.
\c@lstlisting=\count144
LaTeX Font Info:    Try loading font information for U+msa on input line 59.

(/usr/share/texlive/texmf-dist/tex/latex/amsfonts/umsa.fd
File: umsa.fd 2013/01/14 v3.01 AMS symbols A
)
LaTeX Font Info:    Try loading font information for U+msb on input line 59.

(/usr/share/texlive/texmf-dist/tex/latex/amsfonts/umsb.fd
File: umsb.fd 2013/01/14 v3.01 AMS symbols B
) [1



{/var/lib/texmf/fonts/map/pdftex/updmap/pdftex.map}] (./Final_report.tocpdfTeX 
warning (ext4): destination with the same identifier (name{page.i}) has been al
ready used, duplicate ignored
<to be read again> 
                   \relax 
l.17 ...3.2.3}The Algorithm}{23}{subsection.3.2.3}
                                                   [1

] [2])
\tf@toc=\write4
\openout4 = `Final_report.toc'.

 [3]
Chapter 1.
[1


] [2]
Chapter 2.
[3

] [4] [5]
Overfull \hbox (16.5245pt too wide) in paragraph at lines 204--210
\OT1/cmr/m/n/12 where 2 cor-re-sponds to the num-ber of cores used in the sim-u
-la-tion, \OT1/cmtt/m/n/12 run[]card.dat
 []

[6] <Imags_Doc/Black_box_pythia.png, id=269, 575.14874pt x 151.56625pt>
File: Imags_Doc/Black_box_pythia.png Graphic file (type png)

<use Imags_Doc/Black_box_pythia.png>
Package pdftex.def Info: Imags_Doc/Black_box_pythia.png used on input line 240.

(pdftex.def)             Requested size: 272.99881pt x 71.94383pt.

(/usr/share/texlive/texmf-dist/tex/latex/listings/lstlang1.sty
File: lstlang1.sty 2013/08/26 1.5b listings language file
)
(/usr/share/texlive/texmf-dist/tex/latex/listings/lstlang2.sty
File: lstlang2.sty 2013/08/26 1.5b listings language file
)
(/usr/share/texlive/texmf-dist/tex/latex/listings/lstmisc.sty
File: lstmisc.sty 2013/08/26 1.5b (Carsten Heinz)
) [7 <./Imags_Doc/Black_box_pythia.png>]
Package hyperref Info: bookmark level for unknown lstlisting defaults to 0 on i
nput line 267.
 (./Codes/Make_first_part) (./Codes/Make_second_part)
[8] (./Codes/input_pythia.cmnd) [9] [10] [11]
Overfull \hbox (5.288pt too wide) in paragraph at lines 388--389
[]\OT1/cmtt/m/n/12 ./DelphesSTDHEP cards/delphes[]card[]CMS.tcl output[]delphes
.root
 []

[12] [13]
LaTeX Font Info:    Try loading font information for OMS+cmr on input line 456.

 (/usr/share/texlive/texmf-dist/tex/latex/base/omscmr.fd
File: omscmr.fd 1999/05/25 v2.5h Standard LaTeX font definitions
)
LaTeX Font Info:    Font shape `OMS/cmr/m/n' in size <12> not available
(Font)              Font shape `OMS/cmsy/m/n' tried instead on input line 456.

Overfull \hbox (13.20085pt too wide) in paragraph at lines 456--463
\OT1/cmr/m/n/12 the head di-rec-tory where all sim-u-la-tions will be saved, an
d \OT1/cmtt/m/n/12 NAMESUBFOLDER
 []


Overfull \hbox (5.65776pt too wide) in paragraph at lines 469--476
[]\OT1/cmr/m/n/12 Because Mad-Graph can de-velop some par-al-lel cal-cu-la-tion
s, \OT1/cmtt/m/n/12 CORESNUMBER
 []


Overfull \hbox (16.5325pt too wide) in paragraph at lines 489--493
\OT1/cmr/m/n/12 provided at the folder \OT1/cmtt/m/n/12 Codes/Simulation/MG[]py
thia8[]delphes[]parallel
 []

[14]
Overfull \hbox (12.3834pt too wide) in paragraph at lines 502--503
[]\OT1/cmr/m/n/12 Makes the con-ver-sion \OT1/cmtt/m/n/12 output[]pythia.hep ->
 output[]pythia.root 
 []


Overfull \hbox (10.84306pt too wide) in paragraph at lines 523--529
\OT1/cmr/m/n/12 down-loaded folder \OT1/cmtt/m/n/12 RunCard[]Template \OT1/cmr/
m/n/12 as the di-rec-tory of \OT1/cmtt/m/n/12 RUNCARDFOLDER\OT1/cmr/m/n/12 ,
 []

[15]
Overfull \hbox (10.54149pt too wide) in paragraph at lines 540--542
[]\OT1/cmr/m/n/12 Open \OT1/cmtt/m/n/12 run[]card.dat \OT1/cmr/m/n/12 and ver-i
fy that the en-ergy per beam is $6500\OML/cmm/m/it/12 GeV$
 []

[16]
Chapter 3.
[17

]
Underfull \hbox (badness 10000) in paragraph at lines 616--616
[]|\OT1/cmr/m/n/12 Simulation
 []


Underfull \hbox (badness 10000) in paragraph at lines 618--618
[]|\OT1/cmr/m/n/12 Simulation
 []


Underfull \hbox (badness 10000) in paragraph at lines 621--621
[]|\OT1/cmr/m/n/12 Matching
 []


Underfull \hbox (badness 10000) in paragraph at lines 623--623
[]|\OT1/cmr/m/n/12 Matching
 []


Overfull \hbox (0.77548pt too wide) in paragraph at lines 623--624
[]|\OT1/cmr/m/n/12 sTops[]matchs[]WI[]\OT1/cmr/m/it/12 Matching| 
 []


Underfull \hbox (badness 10000) in paragraph at lines 625--625
[]|\OT1/cmr/m/n/12 Matching
 []


Overfull \hbox (4.25497pt too wide) in paragraph at lines 628--628
[]|\OT1/cmr/m/n/12 Histograms'
 []


Overfull \hbox (4.25497pt too wide) in paragraph at lines 630--630
[]|\OT1/cmr/m/n/12 Histograms'
 []


Overfull \hbox (4.25497pt too wide) in paragraph at lines 632--632
[]|\OT1/cmr/m/n/12 Histograms'
 []


Underfull \hbox (badness 10000) in paragraph at lines 632--632
[]|\OT1/cmr/m/n/12 Information of the N-
 []


Underfull \hbox (badness 10000) in paragraph at lines 632--632
\OT1/cmr/m/n/12 dimensional his-tograms.
 []


Overfull \hbox (9.3188pt too wide) in paragraph at lines 633--636
[]|[]| 
 []


Underfull \hbox (badness 10000) in paragraph at lines 637--637
[]|\OT1/cmr/m/n/12 Tagging
 []


Underfull \hbox (badness 10000) in paragraph at lines 639--639
[]|\OT1/cmr/m/n/12 Tagging
 []


Underfull \hbox (badness 10000) in paragraph at lines 641--641
[]|\OT1/cmr/m/n/12 Tagging
 []


Underfull \hbox (badness 2600) in paragraph at lines 641--641
[]|\OT1/cmr/m/n/12 Efficiency of the tag-ging
 []


Underfull \hbox (badness 10000) in paragraph at lines 643--644
[]|\OT1/cmr/m/n/12 sTops[]WI[]MET[]pt[]050[]
 []


Overfull \hbox (12.0pt too wide) in paragraph at lines 642--645
[]|[]| 
 []

[18] [19] <./Imags_Doc/Prob_ISR_Non.png, id=421, 847.165pt x 459.7175pt>
File: ./Imags_Doc/Prob_ISR_Non.png Graphic file (type png)

<use ./Imags_Doc/Prob_ISR_Non.png>
Package pdftex.def Info: ./Imags_Doc/Prob_ISR_Non.png used on input line 686.
(pdftex.def)             Requested size: 195.0pt x 105.81697pt.
 [20 <./Imags_Doc/Prob_ISR_Non.png>] [21]
<./Imags_Doc/Histo_shape.png, id=443, 671.50874pt x 406.51875pt>
File: ./Imags_Doc/Histo_shape.png Graphic file (type png)

<use ./Imags_Doc/Histo_shape.png>
Package pdftex.def Info: ./Imags_Doc/Histo_shape.png used on input line 767.
(pdftex.def)             Requested size: 195.0pt x 118.04869pt.


LaTeX Warning: `h' float specifier changed to `ht'.

[22] <./Imags_Doc/Tagging_algorithm.png, id=460, 607.26875pt x 466.74374pt>
File: ./Imags_Doc/Tagging_algorithm.png Graphic file (type png)

<use ./Imags_Doc/Tagging_algorithm.png>
Package pdftex.def Info: ./Imags_Doc/Tagging_algorithm.png used on input line 8
03.
(pdftex.def)             Requested size: 312.00119pt x 239.8024pt.


LaTeX Warning: `h' float specifier changed to `ht'.

[23 <./Imags_Doc/Histo_shape.png>] [24 <./Imags_Doc/Tagging_algorithm.png>]
[25] <./Imags_Doc/Matching_algorithm.jpg, id=483, 535.2798pt x 714.0276pt>
File: ./Imags_Doc/Matching_algorithm.jpg Graphic file (type jpg)

<use ./Imags_Doc/Matching_algorithm.jpg>
Package pdftex.def Info: ./Imags_Doc/Matching_algorithm.jpg used on input line 
890.
(pdftex.def)             Requested size: 272.99881pt x 364.17105pt.


LaTeX Warning: `!h' float specifier changed to `!ht'.

[26] [27 <./Imags_Doc/Matching_algorithm.jpg>] [28]
<./Imags_Doc/Creating_histo.png, id=516, 820.06375pt x 99.37125pt>
File: ./Imags_Doc/Creating_histo.png Graphic file (type png)

<use ./Imags_Doc/Creating_histo.png>
Package pdftex.def Info: ./Imags_Doc/Creating_histo.png used on input line 986.

(pdftex.def)             Requested size: 390.0pt x 47.25945pt.
 [29 <./Imags_Doc/Creating_histo.png>]
[30]
Chapter 4.
[31

]
Overfull \hbox (16.04988pt too wide) in paragraph at lines 1074--1075
[]\OT1/cmtt/m/n/12 wget []$https : / / github . com / andresfgarcia150 / ISR _ 
tagging _ project /
 []

[32]
Overfull \hbox (18.48093pt too wide) in paragraph at lines 1129--1133
\OT1/cmr/m/n/12 flags are shown (\OT1/cmtt/m/n/12 -pthread -std=c++11 -Wno-depr
ecated-declarations
 []

<Imags_Doc/root_cflags.png, id=557, 761.84625pt x 37.13875pt>
File: Imags_Doc/root_cflags.png Graphic file (type png)

<use Imags_Doc/root_cflags.png>
Package pdftex.def Info: Imags_Doc/root_cflags.png used on input line 1136.
(pdftex.def)             Requested size: 350.99762pt x 17.11009pt.
 [33]
<Imags_Doc/root_libs.png, id=569, 749.80125pt x 72.27pt>
File: Imags_Doc/root_libs.png Graphic file (type png)

<use Imags_Doc/root_libs.png>
Package pdftex.def Info: Imags_Doc/root_libs.png used on input line 1151.
(pdftex.def)             Requested size: 350.99762pt x 33.83125pt.

Overfull \hbox (46.9249pt too wide) in paragraph at lines 1164--1165
[]\OT1/cmtt/m/n/12 wget []$http : / / eclipse . c3sl . ufpr . br / technology /
 epp / downloads / release /
 []

<./Imags_Doc/Eclipse_setting_project.png, id=573, 702.625pt x 652.4375pt>
File: ./Imags_Doc/Eclipse_setting_project.png Graphic file (type png)

<use ./Imags_Doc/Eclipse_setting_project.png>
Package pdftex.def Info: ./Imags_Doc/Eclipse_setting_project.png used on input 
line 1184.
(pdftex.def)             Requested size: 210.59738pt x 195.55356pt.
 [34 <./Imags_Doc/root_cflags.png> <./Imags_Doc/root_libs.png>]
<./Imags_Doc/Eclipse_setting_2.png, id=589, 702.625pt x 652.4375pt>
File: ./Imags_Doc/Eclipse_setting_2.png Graphic file (type png)

<use ./Imags_Doc/Eclipse_setting_2.png>
Package pdftex.def Info: ./Imags_Doc/Eclipse_setting_2.png used on input line 1
194.
(pdftex.def)             Requested size: 210.59738pt x 195.55356pt.
 [35 <./Imags_Doc/Eclipse_setting_project.png> <./Imags_Doc/Eclipse_setting_2.p
ng>]
<./Imags_Doc/Eclipse_setting_3.png, id=601, 702.625pt x 652.4375pt>
File: ./Imags_Doc/Eclipse_setting_3.png Graphic file (type png)

<use ./Imags_Doc/Eclipse_setting_3.png>
Package pdftex.def Info: ./Imags_Doc/Eclipse_setting_3.png used on input line 1
204.
(pdftex.def)             Requested size: 210.59738pt x 195.55356pt.

<Imags_Doc/Prop_project_eclipse.png, id=603, 854.19125pt x 493.845pt>
File: Imags_Doc/Prop_project_eclipse.png Graphic file (type png)

<use Imags_Doc/Prop_project_eclipse.png>
Package pdftex.def Info: Imags_Doc/Prop_project_eclipse.png used on input line 
1219.
(pdftex.def)             Requested size: 272.99881pt x 157.83015pt.


LaTeX Warning: `!h' float specifier changed to `!ht'.


Overfull \hbox (11.45209pt too wide) in paragraph at lines 1228--1230
[]\OT1/cmr/m/n/12 ROOT: Use the the di-rec-tory re-ported in the com-mand \OT1/
cmtt/m/n/12 root-config
 []

[36 <./Imags_Doc/Eclipse_setting_3.png>]
<./Imags_Doc/Flags_eclipse.png, id=621, 845.1575pt x 407.5225pt>
File: ./Imags_Doc/Flags_eclipse.png Graphic file (type png)

<use ./Imags_Doc/Flags_eclipse.png>
Package pdftex.def Info: ./Imags_Doc/Flags_eclipse.png used on input line 1244.

(pdftex.def)             Requested size: 272.99881pt x 131.63486pt.

<Imags_Doc/Prop_project_eclipse_2.png, id=623, 849.1725pt x 651.43375pt>
File: Imags_Doc/Prop_project_eclipse_2.png Graphic file (type png)

<use Imags_Doc/Prop_project_eclipse_2.png>
Package pdftex.def Info: Imags_Doc/Prop_project_eclipse_2.png used on input lin
e 1255.
(pdftex.def)             Requested size: 272.99881pt x 209.42723pt.


LaTeX Warning: `h' float specifier changed to `ht'.


Underfull \hbox (badness 10000) in paragraph at lines 1263--1279

 []

[37 <./Imags_Doc/Prop_project_eclipse.png> <./Imags_Doc/Flags_eclipse.png>]
[38 <./Imags_Doc/Prop_project_eclipse_2.png>]
<./Imags_Doc/Misce_linker_flags.png, id=645, 950.55125pt x 823.075pt>
File: ./Imags_Doc/Misce_linker_flags.png Graphic file (type png)

<use ./Imags_Doc/Misce_linker_flags.png>
Package pdftex.def Info: ./Imags_Doc/Misce_linker_flags.png used on input line 
1301.
(pdftex.def)             Requested size: 272.99881pt x 236.38731pt.

Overfull \hbox (9.93657pt too wide) in paragraph at lines 1309--1313
\OT1/cmr/m/n/12 from ter-mi-nal, go-ing to the folder \OT1/cmtt/m/n/12 Debug \O
T1/cmr/m/n/12 and typ-ing \OT1/cmtt/m/n/12 ./Hello[]world[]text\OT1/cmr/m/n/12 
. 
 []

[39 <./Imags_Doc/Misce_linker_flags.png>] [40] [41


] [42]
Appendix A.
(/usr/share/texlive/texmf-dist/tex/latex/listings/lstlang1.sty
File: lstlang1.sty 2013/08/26 1.5b listings language file
)
(/usr/share/texlive/texmf-dist/tex/latex/listings/lstlang1.sty
File: lstlang1.sty 2013/08/26 1.5b listings language file
)
(/usr/share/texlive/texmf-dist/tex/latex/listings/lstmisc.sty
File: lstmisc.sty 2013/08/26 1.5b (Carsten Heinz)
)
(./Codes/hadronization02.cc [43

] [44] [45] [46]) [47] [48]
Overfull \hbox (0.18587pt too wide) in paragraph at lines 1330--1330
[]\OT1/cmr/bx/n/17.28 Integration scripts: Mad-Graph + Pythia
 []

LaTeX Font Info:    Font shape `OT1/cmtt/bx/n' in size <14.4> not available
(Font)              Font shape `OT1/cmtt/m/n' tried instead on input line 1331.

(/usr/share/texlive/texmf-dist/tex/latex/listings/lstlang1.sty
File: lstlang1.sty 2013/08/26 1.5b listings language file
)
(/usr/share/texlive/texmf-dist/tex/latex/listings/lstlang1.sty
File: lstlang1.sty 2013/08/26 1.5b listings language file
)
(./Codes/config_Integration.ini [49] [50]) (./Codes/script_Integration.sh
[51] [52] [53]) [54]
Appendix B.
(./Codes/ISR_tagging.cpp [55

] [56] [57] [58] [59] [60] [61] [62] [63] [64]
[65] [66] [67] [68] [69] [70] [71] [72] [73] [74] [75] [76] [77]) [78]
(./Codes/ISR_matching.cpp [79] [80] [81] [82] [83] [84] [85] [86] [87] [88]
[89]) (./Codes/ISR_jet_analysis.cpp [90] [91] [92] [93] [94] [95] [96] [97]
[98] [99] [100] [101] [102] [103] [104] [105] [106] [107] [108] [109] [110]
[111] [112] [113] [114] [115] [116] [117]) (./Codes/Creating_histo.cpp [118]
[119] [120] [121] [122] [123] [124] [125] [126] [127] [128] [129] [130]
[131]) (./Final_report.bbl [132]
Underfull \hbox (badness 1231) in paragraph at lines 11--15
\OT1/cmr/m/n/12 Nishita De-sai, et al.  An In-tro-duc-tion to PYTHIA 8.2.  \OT1
/cmr/m/it/12 Com-
 []


Underfull \hbox (badness 10000) in paragraph at lines 40--44
[]\OT1/cmr/m/n/12 Simon De Viss-cher and Jo-han Al-wall.  In-tro-duc-tion to
 []


Underfull \hbox (badness 10000) in paragraph at lines 40--44
\OT1/cmr/m/n/12 jet-parton match-ing in mg/me, 03 2011.  Avail-able at
 []


Underfull \hbox (badness 10000) in paragraph at lines 46--50
[]\OT1/cmr/m/n/12 Karl Kaess.  Con-fig-ur-ing eclipse for root.  Avail-able at
 []

)
Package atveryend Info: Empty hook `BeforeClearDocument' on input line 1356.
 [133

]
Package atveryend Info: Empty hook `AfterLastShipout' on input line 1356.
 (./Final_report.aux)
Package atveryend Info: Executing hook `AtVeryEndDocument' on input line 1356.
Package atveryend Info: Executing hook `AtEndAfterFileList' on input line 1356.

Package rerunfilecheck Info: File `Final_report.out' has not changed.
(rerunfilecheck)             Checksum: 0F67014AA8DD9C79A62FD71DAEB43687;2457.
Package atveryend Info: Empty hook `AtVeryVeryEnd' on input line 1356.
 ) 
Here is how much of TeX's memory you used:
 14368 strings out of 493304
 210843 string characters out of 6139871
 391930 words of memory out of 5000000
 14554 multiletter control sequences out of 15000+600000
 17574 words of font info for 68 fonts, out of 8000000 for 9000
 957 hyphenation exceptions out of 8191
 36i,21n,61p,273b,2084s stack positions out of 5000i,500n,10000p,200000b,80000s
</usr/share/texlive/texmf-dist/fonts/type1/public/amsfonts/cm/cmbx12.pfb></us
r/share/texlive/texmf-dist/fonts/type1/public/amsfonts/cm/cmex10.pfb></usr/shar
e/texlive/texmf-dist/fonts/type1/public/amsfonts/cm/cmmi12.pfb></usr/share/texl
ive/texmf-dist/fonts/type1/public/amsfonts/cm/cmmi6.pfb></usr/share/texlive/tex
mf-dist/fonts/type1/public/amsfonts/cm/cmmi8.pfb></usr/share/texlive/texmf-dist
/fonts/type1/public/amsfonts/cm/cmr10.pfb></usr/share/texlive/texmf-dist/fonts/
type1/public/amsfonts/cm/cmr12.pfb></usr/share/texlive/texmf-dist/fonts/type1/p
ublic/amsfonts/cm/cmr7.pfb></usr/share/texlive/texmf-dist/fonts/type1/public/am
sfonts/cm/cmr8.pfb></usr/share/texlive/texmf-dist/fonts/type1/public/amsfonts/c
m/cmsl12.pfb></usr/share/texlive/texmf-dist/fonts/type1/public/amsfonts/cm/cmsy
10.pfb></usr/share/texlive/texmf-dist/fonts/type1/public/amsfonts/cm/cmti10.pfb
></usr/share/texlive/texmf-dist/fonts/type1/public/amsfonts/cm/cmti12.pfb></usr
/share/texlive/texmf-dist/fonts/type1/public/amsfonts/cm/cmtt10.pfb></usr/share
/texlive/texmf-dist/fonts/type1/public/amsfonts/cm/cmtt12.pfb>
Output written on Final_report.pdf (137 pages, 1193910 bytes).
PDF statistics:
 4482 PDF objects out of 5155 (max. 8388607)
 4263 compressed objects within 43 object streams
 3057 named destinations out of 3580 (max. 500000)
 364 words of extra memory for PDF output out of 10000 (max. 10000000)

