\BOOKMARK [0][-]{chapter.1}{Introduction}{}% 1
\BOOKMARK [0][-]{chapter.2}{Simulation chain}{}% 2
\BOOKMARK [1][-]{section.2.1}{Usage of MadGraph 5.2}{chapter.2}% 3
\BOOKMARK [1][-]{section.2.2}{Usage of Pythia 8.2}{chapter.2}% 4
\BOOKMARK [2][-]{subsection.2.2.1}{Code Usage}{section.2.2}% 5
\BOOKMARK [2][-]{subsection.2.2.2}{The code}{section.2.2}% 6
\BOOKMARK [2][-]{subsection.2.2.3}{Pythia ntuple generation}{section.2.2}% 7
\BOOKMARK [1][-]{section.2.3}{Usage of Delphes 3.2}{chapter.2}% 8
\BOOKMARK [1][-]{section.2.4}{Integration of MadGraph 5.2 + Pythia 8.2 + Delphes 3.2}{chapter.2}% 9
\BOOKMARK [1][-]{section.2.5}{Example of the integration scripts}{chapter.2}% 10
\BOOKMARK [0][-]{chapter.3}{Analysis programs}{}% 11
\BOOKMARK [1][-]{section.3.1}{Preparation of the codes}{chapter.3}% 12
\BOOKMARK [1][-]{section.3.2}{The ISR jet tagging method}{chapter.3}% 13
\BOOKMARK [2][-]{subsection.3.2.1}{The method}{section.3.2}% 14
\BOOKMARK [2][-]{subsection.3.2.2}{From probability density functions to normalized histograms}{section.3.2}% 15
\BOOKMARK [2][-]{subsection.3.2.3}{The Algorithm}{section.3.2}% 16
\BOOKMARK [2][-]{subsection.3.2.4}{The code}{section.3.2}% 17
\BOOKMARK [1][-]{section.3.3}{Matching algorithm}{chapter.3}% 18
\BOOKMARK [1][-]{section.3.4}{ISR jet analysis code}{chapter.3}% 19
\BOOKMARK [1][-]{section.3.5}{Histograms code}{chapter.3}% 20
\BOOKMARK [1][-]{section.3.6}{Example of the usage of the codes}{chapter.3}% 21
\BOOKMARK [0][-]{chapter.4}{Software tools}{}% 22
\BOOKMARK [1][-]{section.4.1}{C++ and ROOT Makefile}{chapter.4}% 23
\BOOKMARK [1][-]{section.4.2}{Using Eclipse}{chapter.4}% 24
\BOOKMARK [0][-]{section*.14}{Appendices}{}% 25
\BOOKMARK [0][-]{Appendix.1.A}{Simulation codes}{}% 26
\BOOKMARK [1][-]{section.1.A.1}{Pythia code}{Appendix.1.A}% 27
\BOOKMARK [1][-]{section.1.A.2}{Integration scripts}{Appendix.1.A}% 28
\BOOKMARK [2][-]{subsection.1.A.2.1}{Configuration script: config\137Integration.ini}{section.1.A.2}% 29
\BOOKMARK [2][-]{subsection.1.A.2.2}{Execution script: script\137Integration.sh}{section.1.A.2}% 30
\BOOKMARK [0][-]{Appendix.1.B}{Analysis codes}{}% 31
\BOOKMARK [1][-]{section.1.B.1}{Tagging algorithm}{Appendix.1.B}% 32
\BOOKMARK [1][-]{section.1.B.2}{Matching algorithm}{Appendix.1.B}% 33
\BOOKMARK [1][-]{section.1.B.3}{ISR jet analysis}{Appendix.1.B}% 34
\BOOKMARK [1][-]{section.1.B.4}{Creating histograms}{Appendix.1.B}% 35
\BOOKMARK [0][-]{chapter*.15}{Bibliography}{}% 36
