 Process in group number            0
 A PDF is used, so alpha_s(MZ) is going to be modified
 Old value of alpha_s from param_card:   0.11800000071525575     
  ****************************************
 
       NNPDFDriver version 1.0.3
   Grid: NNPDF23_lo_as_0130_qed_mem0.grid
  ****************************************
 New value of alpha_s from PDF nn23lo1:  0.13000000000000000     
 Warning! ptj set to xqcut=   20.000000000000000       to improve integration efficiency
 Note that this might affect non-radiated jets,
 e.g. from decays. Use cut_decays=F in run_card.
 Warning! mmjj set to xqcut=   20.000000000000000       to improve integration efficiency
 Note that this might affect non-radiated jets,
 e.g. from decays. Use cut_decays=F in run_card.
 Warning! drjl > 0 with xqcut > 0, set to 0
 *****************************************************
 *               MadGraph/MadEvent                   *
 *        --------------------------------           *
 *          http://madgraph.hep.uiuc.edu             *
 *          http://madgraph.phys.ucl.ac.be           *
 *          http://madgraph.roma2.infn.it            *
 *        --------------------------------           *
 *                                                   *
 *          PARAMETER AND COUPLING VALUES            *
 *                                                   *
 *****************************************************

  External Params
  ---------------------------------
  
 aEWM1 =    132.50697326660156     
 mdl_Gf =   1.16639000000000003E-005
 aS =   0.11800000071525575     
 mdl_ymb =    4.6999998092651367     
 mdl_ymt =    173.00000000000000     
 mdl_ymtau =    1.7769999504089355     
 mdl_MZ =    91.188003540039063     
 mdl_MT =    172.00000000000000     
 mdl_MB =    4.6999998092651367     
 mdl_MH =    120.00000000000000     
 mdl_MTA =    1.7769999504089355     
 mdl_WZ =    2.4414036273956299     
 mdl_WW =    2.0475995540618896     
 mdl_WT =    1.4394782781600952     
 mdl_WH =   5.75308827683329582E-003
  Internal Params
  ---------------------------------
  
 mdl_conjg__CKM3x3 =    1.0000000000000000     
 mdl_CKM3x3 =    1.0000000000000000     
 mdl_conjg__CKM1x1 =    1.0000000000000000     
 mdl_complexi =  (  0.0000000000000000     ,  1.0000000000000000     )
 mdl_MZ__exp__2 =    8315.2519896181766     
 mdl_MZ__exp__4 =    69143415.650849044     
 mdl_sqrt__2 =    1.4142135623730951     
 mdl_MH__exp__2 =    14400.000000000000     
 mdl_aEW =   7.54677263654659602E-003
 mdl_MW =    80.419003571204073     
 mdl_sqrt__aEW =   8.68721626100478483E-002
 mdl_ee =   0.30795379830933894     
 mdl_MW__exp__2 =    6467.2161353853335     
 mdl_sw2 =   0.22224652440361004     
 mdl_cw =   0.88190332553879736     
 mdl_sqrt__sw2 =   0.47143029644223128     
 mdl_sw =   0.47143029644223128     
 mdl_g1 =   0.34919224068147731     
 mdl_gw =   0.65323293948944450     
 mdl_vev =    246.21845810181637     
 mdl_vev__exp__2 =    60623.529110035903     
 mdl_lam =   0.11876576810517747     
 mdl_yb =   2.69955531549349870E-002
 mdl_yt =   0.99366614581500623     
 mdl_ytau =   1.02066167158167860E-002
 mdl_muH =    84.852813742385706     
 mdl_I1x33 =  ( 2.69955531549349870E-002,  0.0000000000000000     )
 mdl_I2x33 =  ( 0.99366614581500623     ,  0.0000000000000000     )
 mdl_I3x33 =  ( 0.99366614581500623     ,  0.0000000000000000     )
 mdl_I4x33 =  ( 2.69955531549349870E-002,  0.0000000000000000     )
 mdl_ee__exp__2 =   9.48355418931490085E-002
 mdl_sw__exp__2 =   0.22224652440361006     
 mdl_cw__exp__2 =   0.77775347559638996     
  Internal Params evaluated point by point
  ----------------------------------------
  
 mdl_sqrt__aS =   0.34351128178744839     
 mdl_G__exp__2 =    1.4828317414825511     
  Couplings of sm
  ---------------------------------
  
        GC_10 =  -0.12177E+01   0.00000E+00
        GC_11 =   0.00000E+00   0.12177E+01
       GC_100 =   0.00000E+00   0.46191E+00

 Collider parameters:
 --------------------

 Running at P P   machine @    13000.000000000000       GeV
 PDF set = nn23lo1
 alpha_s(Mz)= 0.1300 running at 2 loops.
 alpha_s(Mz)= 0.1300 running at 2 loops.
 Renormalization scale set on event-by-event basis
 Factorization   scale set on event-by-event basis


 getting user params
Enter number of events and max and min iterations: 
 Number of events and iterations         2000           9           3
Enter desired fractional accuracy: 
 Desired fractional accuracy:   -65.444000000000003     
Enter 0 for fixed, 2 for adjustable grid: 
Suppress amplitude (0 no, 1 yes)? 
 Using suppressed amplitude.
Exact helicity sum (0 yes, n = number/event)? 
 Explicitly summing over helicities
Enter Configuration Number: 
Running Configuration Number:    3
 Not subdividing B.W.
 Attempting mappinvarients           1           8
 Completed mapping           8
 about to integrate           16        2000           9           3          16           1
 Using non-zero grid deformation.
 16 dimensions   2000 events 16 invarients  9 iterations  1 config(s),  (0.99)
 Using h-tuple random number sequence.
 Error opening grid
 Using Uniform Grid!
 Using uniform alpha   1.0000000000000000     
 Grid defined OK
 Set CM energy to      13000.00
 Mapping Graph           3  to config           3
 Setting BW          -1           1   80.419003571204073     
 Setting BW          -2           2   172.00000000000000     
 Setting BW          -3           3   80.419003571204073     
 Setting BW          -4           4   172.00000000000000     
Setting grid   5    0.12786E-05   1
 Transforming s_hat 1/s           15  1.09391608200776463E-003
 Masses: 0.000E+00 0.000E+00 0.470E+01 0.470E+01 0.000E+00 0.000E+00 0.000E+00 0.000E+00
   3   1   2   3   4   5   6   7   8   9  10  11  12  13  14
  15  16
 Got moffset          16
Using random seed offsets     3 :      1
  with seed                    7
 Ranmar initialization seeds       10338       29812
  Particle       3       4       5       6       7       8
      Et >     0.0     0.0    10.0     0.0    20.0    20.0
       E >     0.0     0.0     0.0     0.0     0.0     0.0
     Eta <    -1.0    -1.0     2.5    -1.0     5.0     5.0
   xqcut:      0.0     0.0     0.0     0.0     0.0     0.0
d R # 3  >    -0.0     0.0     0.0     0.0     0.0     0.0
d R # 4  >    -0.0    -0.0     0.0     0.0     0.0     0.0
d R # 5  >    -0.0    -0.0    -0.0     0.0     0.0     0.0
d R # 6  >    -0.0    -0.0    -0.0    -0.0     0.0     0.0
d R # 7  >    -0.0    -0.0    -0.0    -0.0    -0.0     0.0
s min # 3>     0.0     0.0     0.0     0.0     0.0     0.0
s min # 4>     0.0     0.0     0.0     0.0     0.0     0.0
s min # 5>     0.0     0.0     0.0     0.0     0.0     0.0
s min # 6>     0.0     0.0     0.0     0.0     0.0     0.0
s min # 7>     0.0     0.0     0.0     0.0   400.0   400.0
xqcutij # 3>     0.0     0.0     0.0     0.0     0.0     0.0
xqcutij # 4>     0.0     0.0     0.0     0.0     0.0     0.0
xqcutij # 5>     0.0     0.0     0.0     0.0     0.0     0.0
xqcutij # 6>     0.0     0.0     0.0     0.0     0.0     0.0
xqcutij # 7>     0.0     0.0     0.0     0.0     0.0    20.0
 No cut BW           -1           1
 No cut BW           -2           2
 No cut BW           -3           3
 No cut BW           -4           4
 alpha_s for scale    215.57921949498382       is   0.11372224636832062     
 Added good helicity           10  0.10124838688718564       in event            1
 Added good helicity           26   31.784940725831596       in event            1
 Added good helicity           42  2.18932596087337466E-005  in event            1
 Added good helicity           58  6.87295847719740591E-003  in event            1
 Added good helicity           74  0.11725484740039308       in event            1
 Added good helicity           90   36.809854349488049       in event            1
 Added good helicity          106  2.53543872988277995E-005  in event            1
 Added good helicity          122  7.95951147677014664E-003  in event            1
 Added good helicity          138  0.19998045273135481       in event            1
 Added good helicity          154   62.779931925962956       in event            1
 Added good helicity          170  4.32424071427233884E-005  in event            1
 Added good helicity          186  1.35751036646658413E-002  in event            1
 Added good helicity          202  0.39421874940918283       in event            1
 Added good helicity          218   123.75722683803268       in event            1
 Added good helicity          234  8.52431696819253812E-005  in event            1
 Added good helicity          250  2.67604174142641801E-002  in event            1
 Added good helicity            6  0.22244108890955225       in event            1
 Added good helicity           22   163.79417837172224       in event            1
 Added good helicity           38  3.55793824318092653E-004  in event            1
 Added good helicity           54  0.26198827478142378       in event            1
 Added good helicity           70  5.18700503866525086E-004  in event            1
 Added good helicity           86  0.38194437578194873       in event            1
 Added good helicity          118  6.10918831599059262E-004  in event            1
 Added good helicity          134  7.36564189790928636E-002  in event            1
 Added good helicity          150   54.236798999799234       in event            1
 Added good helicity          166  1.17813211230966182E-004  in event            1
 Added good helicity          182  8.67515899580799249E-002  in event            1
 Added good helicity          198  5.00192800320948053E-002  in event            1
 Added good helicity          214   36.831625468860217       in event            1
 Added good helicity          230  8.00056815919155344E-005  in event            1
 Added good helicity          246  5.89120694636857609E-002  in event            1
 Added good helicity          102  1.89720825275546407E-004  in event            2
 Iteration  1   Mean: 0.2831E+02 Abs mean: 0.2831E+02   Fluctuation:  0.110E+01   0.860E+03    32.0%
  1    0.2831E+02 0.2831E+02 +- 0.1100E+01      1.74
 Writing out events  4.90739790761111384E-003   1.7377872238853265     
 Relative summed weights:
  0.4692E+00  0.0000E+00  0.0000E+00  0.0000E+00
  0.0000E+00  0.0000E+00  0.5308E+00  0.0000E+00
 Relative number of events:
  0.4895E+00  0.0000E+00  0.0000E+00  0.0000E+00
  0.0000E+00  0.0000E+00  0.5105E+00  0.0000E+00
 Events:
         979           0           0           0
           0           0        1021           0
 Iteration  2   Mean: 0.7778E+02 Abs mean: 0.7778E+02   Fluctuation:  0.338E+02   0.125E+06    47.2%
  2    0.7778E+02 0.7778E+02 +- 0.3381E+02     27.49
 Relative summed weights:
  0.2917E+00  0.0000E+00  0.0000E+00  0.0000E+00
  0.0000E+00  0.0000E+00  0.7083E+00  0.0000E+00
 Relative number of events:
  0.4935E+00  0.0000E+00  0.0000E+00  0.0000E+00
  0.0000E+00  0.0000E+00  0.5065E+00  0.0000E+00
 Events:
        1974           0           0           0
           0           0        2026           0
 Iteration  3   Mean: 0.3026E+02 Abs mean: 0.3026E+02   Fluctuation:  0.203E+01   0.136E+05    53.0%
  3    0.3026E+02 0.3026E+02 +- 0.2029E+01      6.00
 Relative summed weights:
  0.4700E+00  0.0000E+00  0.0000E+00  0.0000E+00
  0.0000E+00  0.0000E+00  0.5300E+00  0.0000E+00
 Relative number of events:
  0.4996E+00  0.0000E+00  0.0000E+00  0.0000E+00
  0.0000E+00  0.0000E+00  0.5004E+00  0.0000E+00
 Events:
        3997           0           0           0
           0           0        4003           0
 Found          512  events.
 Wrote           12  events.
 Actual xsec    29.089911434105534     
 Correct abs xsec    29.089911434105534     
 Event xsec    29.089911434105549     
 Events wgts > 1:            0
 % Cross section > 1:    0.0000000000000000        0.0000000000000000     
 Checking number of events   1903.7601638936026               12  chi2:    1.4568450156735684     
 Found          512  events.
 Wrote           21  events.
 Actual xsec    29.089911434105534     
 Correct abs xsec    29.089911434105534     
 Event xsec    29.089911434105534     
 Events wgts > 1:            0
 % Cross section > 1:    0.0000000000000000        0.0000000000000000     
 Iteration  4   Mean: 0.3901E+02 Abs mean: 0.3901E+02   Fluctuation:  0.202E+01   0.155E+05    54.9%
  4    0.3901E+02 0.3901E+02 +- 0.2018E+01      6.54
 Relative summed weights:
  0.5322E+00  0.0000E+00  0.0000E+00  0.0000E+00
  0.0000E+00  0.0000E+00  0.4678E+00  0.0000E+00
 Relative number of events:
  0.5046E+00  0.0000E+00  0.0000E+00  0.0000E+00
  0.0000E+00  0.0000E+00  0.4954E+00  0.0000E+00
 Events:
        8074           0           0           0
           0           0        7926           0
 Found         2674  events.
 Wrote           50  events.
 Actual xsec    36.115346261047776     
 Correct abs xsec    36.115346261047776     
 Event xsec    36.115346261047769     
 Events wgts > 1:            3
 % Cross section > 1:   0.26129712305580255       0.72350717937771714     
 Checking number of events   2363.5327207080109               50  chi2:    5.9474464086778625     
 Found         2674  events.
 Wrote           45  events.
 Actual xsec    36.115346261047776     
 Correct abs xsec    36.115346261047776     
 Event xsec    36.115346261047833     
 Events wgts > 1:            3
 % Cross section > 1:   0.29009692871684511       0.80325113490529887     
 Iteration  5   Mean: 0.4068E+02 Abs mean: 0.4068E+02   Fluctuation:  0.787E+00   0.516E+04    55.4%
  5    0.4068E+02 0.4068E+02 +- 0.7868E+00      3.46
 Relative summed weights:
  0.4943E+00  0.0000E+00  0.0000E+00  0.0000E+00
  0.0000E+00  0.0000E+00  0.5057E+00  0.0000E+00
 Relative number of events:
  0.4961E+00  0.0000E+00  0.0000E+00  0.0000E+00
  0.0000E+00  0.0000E+00  0.5039E+00  0.0000E+00
 Events:
       15874           0           0           0
           0           0       16126           0
 Found         4673  events.
 Wrote          504  events.
 Actual xsec    39.783217484062718     
 Correct abs xsec    39.783217484062718     
 Event xsec    39.783217484063222     
 Events wgts > 1:           20
 % Cross section > 1:   0.39760247907125856       0.99942263149161903     
 Checking number of events   2603.5728850270007              504  chi2:    11.735355530465004     
 Found         4673  events.
 Wrote          519  events.
 Actual xsec    39.783217484062718     
 Correct abs xsec    39.783217484062718     
 Event xsec    39.783217484062980     
 Events wgts > 1:           20
 % Cross section > 1:   0.38622263853328725       0.97081800557736864     
 Iteration  6   Mean: 0.4051E+02 Abs mean: 0.4051E+02   Fluctuation:  0.337E+00   0.498E+04    56.1%
  6    0.4051E+02 0.4051E+02 +- 0.3374E+00      2.11
 Relative summed weights:
  0.5001E+00  0.0000E+00  0.0000E+00  0.0000E+00
  0.0000E+00  0.0000E+00  0.4999E+00  0.0000E+00
 Relative number of events:
  0.5004E+00  0.0000E+00  0.0000E+00  0.0000E+00
  0.0000E+00  0.0000E+00  0.4996E+00  0.0000E+00
 Events:
       32027           0           0           0
           0           0       31973           0
 Found        10146  events.
 Wrote         2921  events.
 Actual xsec    40.504508163830678     
 Correct abs xsec    40.504508163830678     
 Event xsec    40.504508163830067     
 Events wgts > 1:           70
 % Cross section > 1:   0.40121975566742557       0.99055580194826054     
 Checking number of events   2650.7770322737351             2921  chi2:   0.30087519218551628     

 -------------------------------------------------------------------------------
 Accumulated results:   Integral =  0.3995E+02
                        Std dev  =  0.2949E+00
                       Cross sec =  0.1560E+02
             Chi**2 per DoF.     =
-------------------------------------------------
---------------------------
 Results Last   3 iters: Integral =   0.4050E+02
                     Abs integral =   0.4050E+02
                          Std dev =   0.3065E+00
                  Chi**2 per DoF. =      0.3009
-------------------------------------------------
---------------------------
 Status  -65.444000000000003                7           9
 We found enough events        2921   2650.7770322737351     

ls status:
events.lhe
ftn25
ftn26
input_sg.txt
moffset.dat
results.dat
run1_app.log
