 Process in group number            0
 A PDF is used, so alpha_s(MZ) is going to be modified
 Old value of alpha_s from param_card:   0.11800000071525575     
  ****************************************
 
       NNPDFDriver version 1.0.3
   Grid: NNPDF23_lo_as_0130_qed_mem0.grid
  ****************************************
 New value of alpha_s from PDF nn23lo1:  0.13000000000000000     
 Warning! ptj set to xqcut=   20.000000000000000       to improve integration efficiency
 Note that this might affect non-radiated jets,
 e.g. from decays. Use cut_decays=F in run_card.
 Warning! mmjj set to xqcut=   20.000000000000000       to improve integration efficiency
 Note that this might affect non-radiated jets,
 e.g. from decays. Use cut_decays=F in run_card.
 Warning! drjl > 0 with xqcut > 0, set to 0
 *****************************************************
 *               MadGraph/MadEvent                   *
 *        --------------------------------           *
 *          http://madgraph.hep.uiuc.edu             *
 *          http://madgraph.phys.ucl.ac.be           *
 *          http://madgraph.roma2.infn.it            *
 *        --------------------------------           *
 *                                                   *
 *          PARAMETER AND COUPLING VALUES            *
 *                                                   *
 *****************************************************

  External Params
  ---------------------------------
  
 aEWM1 =    132.50697326660156     
 mdl_Gf =   1.16639000000000003E-005
 aS =   0.11800000071525575     
 mdl_ymb =    4.6999998092651367     
 mdl_ymt =    173.00000000000000     
 mdl_ymtau =    1.7769999504089355     
 mdl_MZ =    91.188003540039063     
 mdl_MT =    172.00000000000000     
 mdl_MB =    4.6999998092651367     
 mdl_MH =    120.00000000000000     
 mdl_MTA =    1.7769999504089355     
 mdl_WZ =    2.4414036273956299     
 mdl_WW =    2.0475995540618896     
 mdl_WT =    1.4394782781600952     
 mdl_WH =   5.75308827683329582E-003
  Internal Params
  ---------------------------------
  
 mdl_conjg__CKM3x3 =    1.0000000000000000     
 mdl_CKM3x3 =    1.0000000000000000     
 mdl_conjg__CKM1x1 =    1.0000000000000000     
 mdl_complexi =  (  0.0000000000000000     ,  1.0000000000000000     )
 mdl_MZ__exp__2 =    8315.2519896181766     
 mdl_MZ__exp__4 =    69143415.650849044     
 mdl_sqrt__2 =    1.4142135623730951     
 mdl_MH__exp__2 =    14400.000000000000     
 mdl_aEW =   7.54677263654659602E-003
 mdl_MW =    80.419003571204073     
 mdl_sqrt__aEW =   8.68721626100478483E-002
 mdl_ee =   0.30795379830933894     
 mdl_MW__exp__2 =    6467.2161353853335     
 mdl_sw2 =   0.22224652440361004     
 mdl_cw =   0.88190332553879736     
 mdl_sqrt__sw2 =   0.47143029644223128     
 mdl_sw =   0.47143029644223128     
 mdl_g1 =   0.34919224068147731     
 mdl_gw =   0.65323293948944450     
 mdl_vev =    246.21845810181637     
 mdl_vev__exp__2 =    60623.529110035903     
 mdl_lam =   0.11876576810517747     
 mdl_yb =   2.69955531549349870E-002
 mdl_yt =   0.99366614581500623     
 mdl_ytau =   1.02066167158167860E-002
 mdl_muH =    84.852813742385706     
 mdl_I1x33 =  ( 2.69955531549349870E-002,  0.0000000000000000     )
 mdl_I2x33 =  ( 0.99366614581500623     ,  0.0000000000000000     )
 mdl_I3x33 =  ( 0.99366614581500623     ,  0.0000000000000000     )
 mdl_I4x33 =  ( 2.69955531549349870E-002,  0.0000000000000000     )
 mdl_ee__exp__2 =   9.48355418931490085E-002
 mdl_sw__exp__2 =   0.22224652440361006     
 mdl_cw__exp__2 =   0.77775347559638996     
  Internal Params evaluated point by point
  ----------------------------------------
  
 mdl_sqrt__aS =   0.34351128178744839     
 mdl_G__exp__2 =    1.4828317414825511     
  Couplings of sm
  ---------------------------------
  
        GC_10 =  -0.12177E+01   0.00000E+00
        GC_11 =   0.00000E+00   0.12177E+01
       GC_100 =   0.00000E+00   0.46191E+00

 Collider parameters:
 --------------------

 Running at P P   machine @    13000.000000000000       GeV
 PDF set = nn23lo1
 alpha_s(Mz)= 0.1300 running at 2 loops.
 alpha_s(Mz)= 0.1300 running at 2 loops.
 Renormalization scale set on event-by-event basis
 Factorization   scale set on event-by-event basis


 getting user params
Enter number of events and max and min iterations: 
 Number of events and iterations         2000           9           3
Enter desired fractional accuracy: 
 Desired fractional accuracy:   -65.444000000000003     
Enter 0 for fixed, 2 for adjustable grid: 
Suppress amplitude (0 no, 1 yes)? 
 Using suppressed amplitude.
Exact helicity sum (0 yes, n = number/event)? 
 Explicitly summing over helicities
Enter Configuration Number: 
Running Configuration Number:    3
 Not subdividing B.W.
 Attempting mappinvarients           1           8
 Completed mapping           8
 about to integrate           16        2000           9           3          16           1
 Using non-zero grid deformation.
 16 dimensions   2000 events 16 invarients  9 iterations  1 config(s),  (0.99)
 Using h-tuple random number sequence.
 Error opening grid
 Using Uniform Grid!
 Using uniform alpha   1.0000000000000000     
 Grid defined OK
 Set CM energy to      13000.00
 Mapping Graph           3  to config           3
 Setting BW          -1           1   80.419003571204073     
 Setting BW          -2           2   172.00000000000000     
 Setting BW          -3           3   80.419003571204073     
 Setting BW          -4           4   172.00000000000000     
Setting grid   5    0.12786E-05   1
 Transforming s_hat 1/s           15  1.09391608200776463E-003
 Masses: 0.000E+00 0.000E+00 0.470E+01 0.470E+01 0.000E+00 0.000E+00 0.000E+00 0.000E+00
   3   1   2   3   4   5   6   7   8   9  10  11  12  13  14
  15  16
 Got moffset          13
Using random seed offsets     3 :      1
  with seed                    7
 Ranmar initialization seeds       10338       20341
  Particle       3       4       5       6       7       8
      Et >     0.0     0.0    10.0     0.0    20.0    20.0
       E >     0.0     0.0     0.0     0.0     0.0     0.0
     Eta <    -1.0    -1.0     2.5    -1.0     5.0     5.0
   xqcut:      0.0     0.0     0.0     0.0     0.0     0.0
d R # 3  >    -0.0     0.0     0.0     0.0     0.0     0.0
d R # 4  >    -0.0    -0.0     0.0     0.0     0.0     0.0
d R # 5  >    -0.0    -0.0    -0.0     0.0     0.0     0.0
d R # 6  >    -0.0    -0.0    -0.0    -0.0     0.0     0.0
d R # 7  >    -0.0    -0.0    -0.0    -0.0    -0.0     0.0
s min # 3>     0.0     0.0     0.0     0.0     0.0     0.0
s min # 4>     0.0     0.0     0.0     0.0     0.0     0.0
s min # 5>     0.0     0.0     0.0     0.0     0.0     0.0
s min # 6>     0.0     0.0     0.0     0.0     0.0     0.0
s min # 7>     0.0     0.0     0.0     0.0   400.0   400.0
xqcutij # 3>     0.0     0.0     0.0     0.0     0.0     0.0
xqcutij # 4>     0.0     0.0     0.0     0.0     0.0     0.0
xqcutij # 5>     0.0     0.0     0.0     0.0     0.0     0.0
xqcutij # 6>     0.0     0.0     0.0     0.0     0.0     0.0
xqcutij # 7>     0.0     0.0     0.0     0.0     0.0    20.0
 No cut BW           -1           1
 No cut BW           -2           2
 No cut BW           -3           3
 No cut BW           -4           4
 alpha_s for scale    248.53401030450257       is   0.11142347889944887     
 Added good helicity            6  5.68956743770567507E-004  in event            1
 Added good helicity           22   1.2804219424712255       in event            1
 Added good helicity           54  8.74168021714233747E-004  in event            1
 Added good helicity           70  2.31491031843708865E-003  in event            1
 Added good helicity           86   5.2096437893267380       in event            1
 Added good helicity          102  1.58043259521811767E-006  in event            1
 Added good helicity          118  3.55672130732323337E-003  in event            1
 Added good helicity          134  5.51101474042429290E-002  in event            1
 Added good helicity          150   124.02391352561492       in event            1
 Added good helicity          166  3.76247289544006031E-005  in event            1
 Added good helicity          182  8.46734467254575823E-002  in event            1
 Added good helicity          198  5.56317375659006602E-002  in event            1
 Added good helicity          214   125.19773824124744       in event            1
 Added good helicity          230  3.79808283187101162E-005  in event            1
 Added good helicity          246  8.54748388255674729E-002  in event            1
 Added good helicity           10  0.21528457762166461       in event            1
 Added good helicity           26   50.902971415351061       in event            1
 Added good helicity           42  3.66837006122735739E-005  in event            1
 Added good helicity           58  8.67367920314950427E-003  in event            1
 Added good helicity           74  0.29492241546465137       in event            1
 Added good helicity           90   69.732943483419731       in event            1
 Added good helicity          106  5.02536954215390610E-005  in event            1
 Added good helicity          122  1.18822372220913613E-002  in event            1
 Added good helicity          138  0.15417401170820474       in event            1
 Added good helicity          154   36.453680972746980       in event            1
 Added good helicity          170  2.62706848311079404E-005  in event            1
 Added good helicity          186  6.21157322922425651E-003  in event            1
 Added good helicity          202  0.41357952756965993       in event            1
 Added good helicity          218   97.788829568877688       in event            1
 Added good helicity          234  7.04724311250625693E-005  in event            1
 Added good helicity          250  1.66628570739215005E-002  in event            1
 Added good helicity           38  1.97929427713633860E-004  in event            2
 Iteration  1   Mean: 0.2845E+02 Abs mean: 0.2845E+02   Fluctuation:  0.108E+01   0.263E+03    32.4%
  1    0.2845E+02 0.2845E+02 +- 0.1083E+01      1.70
 Writing out events  4.87529462440007121E-003   1.7022068285100065     
 Relative summed weights:
  0.4935E+00  0.0000E+00  0.0000E+00  0.0000E+00
  0.0000E+00  0.0000E+00  0.5065E+00  0.0000E+00
 Relative number of events:
  0.4745E+00  0.0000E+00  0.0000E+00  0.0000E+00
  0.0000E+00  0.0000E+00  0.5255E+00  0.0000E+00
 Events:
         949           0           0           0
           0           0        1051           0
 Iteration  2   Mean: 0.3274E+02 Abs mean: 0.3274E+02   Fluctuation:  0.455E+01   0.181E+05    47.1%
  2    0.3274E+02 0.3274E+02 +- 0.4551E+01      8.79
 Relative summed weights:
  0.4314E+00  0.0000E+00  0.0000E+00  0.0000E+00
  0.0000E+00  0.0000E+00  0.5686E+00  0.0000E+00
 Relative number of events:
  0.5095E+00  0.0000E+00  0.0000E+00  0.0000E+00
  0.0000E+00  0.0000E+00  0.4905E+00  0.0000E+00
 Events:
        2038           0           0           0
           0           0        1962           0
 Iteration  3   Mean: 0.4444E+02 Abs mean: 0.4444E+02   Fluctuation:  0.698E+01   0.447E+05    52.9%
  3    0.4444E+02 0.4444E+02 +- 0.6979E+01     14.05
 Relative summed weights:
  0.6375E+00  0.0000E+00  0.0000E+00  0.0000E+00
  0.0000E+00  0.0000E+00  0.3625E+00  0.0000E+00
 Relative number of events:
  0.5001E+00  0.0000E+00  0.0000E+00  0.0000E+00
  0.0000E+00  0.0000E+00  0.4999E+00  0.0000E+00
 Events:
        4001           0           0           0
           0           0        3999           0
 Found         1309  events.
 Wrote            3  events.
 Actual xsec    29.562513982964994     
 Correct abs xsec    29.562513982964994     
 Event xsec    29.562513982964994     
 Events wgts > 1:            1
 % Cross section > 1:   1.85113478323728486E-007  6.26176374683146566E-007
 Checking number of events   1934.6891651011611                3  chi2:    3.0426314302850765     
 Found         1309  events.
 Wrote            3  events.
 Actual xsec    29.562513982964994     
 Correct abs xsec    29.562513982964994     
 Event xsec    29.562513982964994     
 Events wgts > 1:            1
 % Cross section > 1:   1.85113478323728486E-007  6.26176374683146566E-007
 Iteration  4   Mean: 0.4057E+02 Abs mean: 0.4057E+02   Fluctuation:  0.138E+01   0.942E+04    55.2%
  4    0.4057E+02 0.4057E+02 +- 0.1377E+01      4.29
 Relative summed weights:
  0.5173E+00  0.0000E+00  0.0000E+00  0.0000E+00
  0.0000E+00  0.0000E+00  0.4827E+00  0.0000E+00
 Relative number of events:
  0.5008E+00  0.0000E+00  0.0000E+00  0.0000E+00
  0.0000E+00  0.0000E+00  0.4992E+00  0.0000E+00
 Events:
        8013           0           0           0
           0           0        7987           0
 Found         2048  events.
 Wrote          125  events.
 Actual xsec    40.308295935754622     
 Correct abs xsec    40.308295935754622     
 Event xsec    40.308295935754607     
 Events wgts > 1:            2
 % Cross section > 1:   0.37212166725310808       0.92318878437881469     
 Checking number of events   2637.9361192195256              125  chi2:    1.5741942538084948     
 Found         2048  events.
 Wrote          112  events.
 Actual xsec    40.308295935754622     
 Correct abs xsec    40.308295935754622     
 Event xsec    40.308295935754643     
 Events wgts > 1:            2
 % Cross section > 1:   0.41486980354633052        1.0292417327876389     
 Iteration  5   Mean: 0.4086E+02 Abs mean: 0.4086E+02   Fluctuation:  0.549E+00   0.336E+04    55.5%
  5    0.4086E+02 0.4086E+02 +- 0.5486E+00      2.40
 Relative summed weights:
  0.5049E+00  0.0000E+00  0.0000E+00  0.0000E+00
  0.0000E+00  0.0000E+00  0.4951E+00  0.0000E+00
 Relative number of events:
  0.5051E+00  0.0000E+00  0.0000E+00  0.0000E+00
  0.0000E+00  0.0000E+00  0.4949E+00  0.0000E+00
 Events:
       16163           0           0           0
           0           0       15837           0
 Found         4915  events.
 Wrote         1101  events.
 Actual xsec    40.839795197809380     
 Correct abs xsec    40.839795197809380     
 Event xsec    40.839795197809671     
 Events wgts > 1:           28
 % Cross section > 1:   0.41214871277379728        1.0091840832637224     
 Checking number of events   2672.7195569254372             1101  chi2:   0.15289988654424289     
 Found         4915  events.
 Wrote         1110  events.
 Actual xsec    40.839795197809380     
 Correct abs xsec    40.839795197809380     
 Event xsec    40.839795197809906     
 Events wgts > 1:           28
 % Cross section > 1:   0.40884042012248928        1.0010834240040800     
 Iteration  6   Mean: 0.4074E+02 Abs mean: 0.4074E+02   Fluctuation:  0.262E+00   0.149E+04    55.8%
  6    0.4074E+02 0.4074E+02 +- 0.2621E+00      1.63
 Relative summed weights:
  0.5049E+00  0.0000E+00  0.0000E+00  0.0000E+00
  0.0000E+00  0.0000E+00  0.4951E+00  0.0000E+00
 Relative number of events:
  0.5006E+00  0.0000E+00  0.0000E+00  0.0000E+00
  0.0000E+00  0.0000E+00  0.4994E+00  0.0000E+00
 Events:
       32040           0           0           0
           0           0       31960           0
 Found        10832  events.
 Wrote         5815  events.
 Actual xsec    40.756268339615133     
 Correct abs xsec    40.756268339615133     
 Event xsec    40.756268339616632     
 Events wgts > 1:          198
 % Cross section > 1:   0.40584152461901235       0.99577694708747178     
 Checking number of events   2667.2532252177730             5815  chi2:   2.79442496341479295E-002

 -------------------------------------------------------------------------------
 Accumulated results:   Integral =  0.4048E+02
                        Std dev  =  0.2286E+00
                       Cross sec =  0.1295E+02
             Chi**2 per DoF.     =
-------------------------------------------------
---------------------------
 Results Last   3 iters: Integral =   0.4076E+02
                     Abs integral =   0.4076E+02
                          Std dev =   0.2331E+00
                  Chi**2 per DoF. =      0.0279
-------------------------------------------------
---------------------------
 Status  -65.444000000000003                7           9
 We found enough events        5815   2667.2532252177730     

ls status:
events.lhe
ftn25
ftn26
input_sg.txt
moffset.dat
results.dat
run1_app.log
