 Process in group number            0
 A PDF is used, so alpha_s(MZ) is going to be modified
 Old value of alpha_s from param_card:   0.11800000071525575     
  ****************************************
 
       NNPDFDriver version 1.0.3
   Grid: NNPDF23_lo_as_0130_qed_mem0.grid
  ****************************************
 New value of alpha_s from PDF nn23lo1:  0.13000000000000000     
 Warning! ptj set to xqcut=   20.000000000000000       to improve integration efficiency
 Note that this might affect non-radiated jets,
 e.g. from decays. Use cut_decays=F in run_card.
 Warning! mmjj set to xqcut=   20.000000000000000       to improve integration efficiency
 Note that this might affect non-radiated jets,
 e.g. from decays. Use cut_decays=F in run_card.
 Warning! drjl > 0 with xqcut > 0, set to 0
 *****************************************************
 *               MadGraph/MadEvent                   *
 *        --------------------------------           *
 *          http://madgraph.hep.uiuc.edu             *
 *          http://madgraph.phys.ucl.ac.be           *
 *          http://madgraph.roma2.infn.it            *
 *        --------------------------------           *
 *                                                   *
 *          PARAMETER AND COUPLING VALUES            *
 *                                                   *
 *****************************************************

  External Params
  ---------------------------------
  
 aEWM1 =    132.50697326660156     
 mdl_Gf =   1.16639000000000003E-005
 aS =   0.11800000071525575     
 mdl_ymb =    4.6999998092651367     
 mdl_ymt =    173.00000000000000     
 mdl_ymtau =    1.7769999504089355     
 mdl_MZ =    91.188003540039063     
 mdl_MT =    172.00000000000000     
 mdl_MB =    4.6999998092651367     
 mdl_MH =    120.00000000000000     
 mdl_MTA =    1.7769999504089355     
 mdl_WZ =    2.4414036273956299     
 mdl_WW =    2.0475995540618896     
 mdl_WT =    1.4394782781600952     
 mdl_WH =   5.75308827683329582E-003
  Internal Params
  ---------------------------------
  
 mdl_conjg__CKM3x3 =    1.0000000000000000     
 mdl_CKM3x3 =    1.0000000000000000     
 mdl_conjg__CKM1x1 =    1.0000000000000000     
 mdl_complexi =  (  0.0000000000000000     ,  1.0000000000000000     )
 mdl_MZ__exp__2 =    8315.2519896181766     
 mdl_MZ__exp__4 =    69143415.650849044     
 mdl_sqrt__2 =    1.4142135623730951     
 mdl_MH__exp__2 =    14400.000000000000     
 mdl_aEW =   7.54677263654659602E-003
 mdl_MW =    80.419003571204073     
 mdl_sqrt__aEW =   8.68721626100478483E-002
 mdl_ee =   0.30795379830933894     
 mdl_MW__exp__2 =    6467.2161353853335     
 mdl_sw2 =   0.22224652440361004     
 mdl_cw =   0.88190332553879736     
 mdl_sqrt__sw2 =   0.47143029644223128     
 mdl_sw =   0.47143029644223128     
 mdl_g1 =   0.34919224068147731     
 mdl_gw =   0.65323293948944450     
 mdl_vev =    246.21845810181637     
 mdl_vev__exp__2 =    60623.529110035903     
 mdl_lam =   0.11876576810517747     
 mdl_yb =   2.69955531549349870E-002
 mdl_yt =   0.99366614581500623     
 mdl_ytau =   1.02066167158167860E-002
 mdl_muH =    84.852813742385706     
 mdl_I1x33 =  ( 2.69955531549349870E-002,  0.0000000000000000     )
 mdl_I2x33 =  ( 0.99366614581500623     ,  0.0000000000000000     )
 mdl_I3x33 =  ( 0.99366614581500623     ,  0.0000000000000000     )
 mdl_I4x33 =  ( 2.69955531549349870E-002,  0.0000000000000000     )
 mdl_ee__exp__2 =   9.48355418931490085E-002
 mdl_sw__exp__2 =   0.22224652440361006     
 mdl_cw__exp__2 =   0.77775347559638996     
  Internal Params evaluated point by point
  ----------------------------------------
  
 mdl_sqrt__aS =   0.34351128178744839     
 mdl_G__exp__2 =    1.4828317414825511     
  Couplings of sm
  ---------------------------------
  
        GC_10 =  -0.12177E+01   0.00000E+00
        GC_11 =   0.00000E+00   0.12177E+01
       GC_100 =   0.00000E+00   0.46191E+00

 Collider parameters:
 --------------------

 Running at P P   machine @    13000.000000000000       GeV
 PDF set = nn23lo1
 alpha_s(Mz)= 0.1300 running at 2 loops.
 alpha_s(Mz)= 0.1300 running at 2 loops.
 Renormalization scale set on event-by-event basis
 Factorization   scale set on event-by-event basis


 getting user params
Enter number of events and max and min iterations: 
 Number of events and iterations         1000           5           3
Enter desired fractional accuracy: 
 Desired fractional accuracy:   0.10000000000000001     
Enter 0 for fixed, 2 for adjustable grid: 
Suppress amplitude (0 no, 1 yes)? 
 Using suppressed amplitude.
Exact helicity sum (0 yes, n = number/event)? 
 Explicitly summing over helicities
Enter Configuration Number: 
Running Configuration Number:    2
 Not subdividing B.W.
 Attempting mappinvarients           1           8
 Completed mapping           8
 about to integrate           16        1000           5           3          16           1
 Using non-zero grid deformation.
 16 dimensions   1000 events 16 invarients  5 iterations  1 config(s),  (0.99)
 Using h-tuple random number sequence.
 Error opening grid
 Using Uniform Grid!
 Using uniform alpha   1.0000000000000000     
 Grid defined OK
 Set CM energy to      13000.00
 Mapping Graph           2  to config           2
 Setting BW          -1           1   80.419003571204073     
 Setting BW          -2           2   172.00000000000000     
 Setting BW          -3           3   80.419003571204073     
 Setting BW          -4           4   172.00000000000000     
Setting grid   5    0.12786E-05   1
 Transforming s_hat 1/s           15  1.09391608200776463E-003
 Masses: 0.000E+00 0.000E+00 0.470E+01 0.470E+01 0.000E+00 0.000E+00 0.000E+00 0.000E+00
   2   1   2   3   4   5   6   7   8   9  10  11  12  13  14
  15  16
Using random seed offsets     2 :      1
  with seed                    4
 Ranmar initialization seeds        6680        9378
  Particle       3       4       5       6       7       8
      Et >     0.0     0.0    10.0     0.0    20.0    20.0
       E >     0.0     0.0     0.0     0.0     0.0     0.0
     Eta <    -1.0    -1.0     2.5    -1.0     5.0     5.0
   xqcut:      0.0     0.0     0.0     0.0     0.0     0.0
d R # 3  >    -0.0     0.0     0.0     0.0     0.0     0.0
d R # 4  >    -0.0    -0.0     0.0     0.0     0.0     0.0
d R # 5  >    -0.0    -0.0    -0.0     0.0     0.0     0.0
d R # 6  >    -0.0    -0.0    -0.0    -0.0     0.0     0.0
d R # 7  >    -0.0    -0.0    -0.0    -0.0    -0.0     0.0
s min # 3>     0.0     0.0     0.0     0.0     0.0     0.0
s min # 4>     0.0     0.0     0.0     0.0     0.0     0.0
s min # 5>     0.0     0.0     0.0     0.0     0.0     0.0
s min # 6>     0.0     0.0     0.0     0.0     0.0     0.0
s min # 7>     0.0     0.0     0.0     0.0   400.0   400.0
xqcutij # 3>     0.0     0.0     0.0     0.0     0.0     0.0
xqcutij # 4>     0.0     0.0     0.0     0.0     0.0     0.0
xqcutij # 5>     0.0     0.0     0.0     0.0     0.0     0.0
xqcutij # 6>     0.0     0.0     0.0     0.0     0.0     0.0
xqcutij # 7>     0.0     0.0     0.0     0.0     0.0    20.0
 No cut BW           -1           1
 No cut BW           -2           2
 No cut BW           -3           3
 No cut BW           -4           4
 alpha_s for scale    170.91816647292029       is   0.11768937027589524     
 Added good helicity            6  5.03298142105617404E-003  in event            1
 Added good helicity           22   84.893113268896201       in event            1
 Added good helicity           38  1.68660840104449976E-005  in event            1
 Added good helicity           54  0.28448632341681873       in event            1
 Added good helicity           70  9.11557703307816466E-006  in event            1
 Added good helicity           86  0.15375572624666295       in event            1
 Added good helicity          118  5.15252646297073807E-004  in event            1
 Added good helicity          134  1.56637088991190554E-005  in event            1
 Added good helicity          150  0.26420542865919894       in event            1
 Added good helicity          182  8.85381960111938275E-004  in event            1
 Added good helicity          198  1.00678928417506936E-002  in event            1
 Added good helicity          214   169.81878053793670       in event            1
 Added good helicity          230  3.37386356656749447E-005  in event            1
 Added good helicity          246  0.56908173893141778       in event            1
 Added good helicity          102  1.02805712787866913E-004  in event            2
 Added good helicity          166  3.44295869021399976E-005  in event            2
 Added good helicity           10  0.15407035532443999       in event            1
 Added good helicity           26   30.264985887582394       in event            1
 Added good helicity           42  2.38003194274728162E-003  in event            1
 Added good helicity           58  0.46752428789794226       in event            1
 Added good helicity           74  0.73275611799141016       in event            1
 Added good helicity           90   143.93978337591173       in event            1
 Added good helicity          106  1.13193934251049639E-002  in event            1
 Added good helicity          122   2.2235379515117595       in event            1
 Added good helicity          138  0.37835164472572497       in event            1
 Added good helicity          154   74.321936650659879       in event            1
 Added good helicity          170  5.84466101958391361E-003  in event            1
 Added good helicity          186   1.1481026502659781       in event            1
 Added good helicity          202  1.17185545717538742E-002  in event            1
 Added good helicity          218   2.3019476263954415       in event            1
 Added good helicity          234  1.81024663342080328E-004  in event            1
 Added good helicity          250  3.55597861108025923E-002  in event            1
 Iteration  1   Mean: 0.2672E+02 Abs mean: 0.2672E+02   Fluctuation:  0.149E+01   0.286E+03    32.7%
  1    0.2672E+02 0.2672E+02 +- 0.1490E+01      1.76
 Writing out events  1.63439568882166146E-002   1.7630010896893640     
 Relative summed weights:
  0.4842E+00  0.0000E+00  0.0000E+00  0.0000E+00
  0.0000E+00  0.0000E+00  0.5158E+00  0.0000E+00
 Relative number of events:
  0.4870E+00  0.0000E+00  0.0000E+00  0.0000E+00
  0.0000E+00  0.0000E+00  0.5130E+00  0.0000E+00
 Events:
         487           0           0           0
           0           0         513           0
 Iteration  2   Mean: 0.2752E+02 Abs mean: 0.2752E+02   Fluctuation:  0.782E+00   0.182E+03    47.2%
  2    0.2752E+02 0.2752E+02 +- 0.7820E+00      1.27
 Relative summed weights:
  0.4972E+00  0.0000E+00  0.0000E+00  0.0000E+00
  0.0000E+00  0.0000E+00  0.5028E+00  0.0000E+00
 Relative number of events:
  0.5015E+00  0.0000E+00  0.0000E+00  0.0000E+00
  0.0000E+00  0.0000E+00  0.4985E+00  0.0000E+00
 Events:
        1003           0           0           0
           0           0         997           0
 Iteration  3   Mean: 0.2727E+02 Abs mean: 0.2727E+02   Fluctuation:  0.512E+00   0.526E+03    53.8%
  3    0.2727E+02 0.2727E+02 +- 0.5119E+00      1.19
 Relative summed weights:
  0.5061E+00  0.0000E+00  0.0000E+00  0.0000E+00
  0.0000E+00  0.0000E+00  0.4939E+00  0.0000E+00
 Relative number of events:
  0.5078E+00  0.0000E+00  0.0000E+00  0.0000E+00
  0.0000E+00  0.0000E+00  0.4923E+00  0.0000E+00
 Events:
        2031           0           0           0
           0           0        1969           0
 Accuracy:    0.005   0.100   0.015   0.116
 Finished due to accuracy   5.12702527272415002E-003  0.10000000000000001     

 -------------------------------------------------------------------------------
 Accumulated results:   Integral =  0.2730E+02
                        Std dev  =  0.4117E+00
                       Cross sec =  0.2730E+02
             Chi**2 per DoF.     =      0.1156
 -------------------------------------------------------------------------------
 Found          722  events.
 Wrote          720  events.
 Actual xsec    27.298571610377071     
 Correct abs xsec    27.298571610377071     
 Event xsec    27.298571610376836     
 Events wgts > 1:            3
 % Cross section > 1:   0.13103517863866096       0.48000745426860131     
-------------------------------------------------
---------------------------
 Results Last   3 iters: Integral =   0.2730E+02
                     Abs integral =   0.2730E+02
                          Std dev =   0.4117E+00
                  Chi**2 per DoF. =      0.1180
-------------------------------------------------
---------------------------
 Status  0.10000000000000001                4           5

ls status:
events.lhe
input_app.txt
results.dat
run1_app.log
